# JRE version: Java(TM) SE Runtime Environment (8.0_101-b13) (build 1.8.0_101-b13)
# Java VM: Java HotSpot(TM) 64-Bit Server VM (25.101-b13 mixed mode bsd-amd64 compressed oops)
Heap:
 PSYoungGen      total 110080K, used 79907K [0x0000000795580000, 0x000000079ed00000, 0x00000007c0000000)
  eden space 94720K, 68% used [0x0000000795580000,0x0000000799490d98,0x000000079b200000)
  from space 15360K, 99% used [0x000000079b200000,0x000000079c0f8010,0x000000079c100000)
  to   space 17408K, 0% used [0x000000079dc00000,0x000000079dc00000,0x000000079ed00000)
 ParOldGen       total 106496K, used 26883K [0x0000000740000000, 0x0000000746800000, 0x0000000795580000)
  object space 106496K, 25% used [0x0000000740000000,0x0000000741a40e28,0x0000000746800000)
 Metaspace       used 39925K, capacity 41218K, committed 41560K, reserved 1085440K
  class space    used 5631K, capacity 6178K, committed 6272K, reserved 1048576K
GC Heap History (10 events):
Event: 8.416 GC heap before
{Heap before GC invocations=9 (full 1):
 PSYoungGen      total 69632K, used 66046K [0x0000000795580000, 0x000000079b300000, 0x00000007c0000000)
  eden space 59392K, 100% used [0x0000000795580000,0x0000000798f80000,0x0000000798f80000)
  from space 10240K, 64% used [0x0000000798f80000,0x00000007995ff838,0x0000000799980000)
  to   space 9728K, 0% used [0x000000079a980000,0x000000079a980000,0x000000079b300000)
 ParOldGen       total 61440K, used 8979K [0x0000000740000000, 0x0000000743c00000, 0x0000000795580000)
  object space 61440K, 14% used [0x0000000740000000,0x00000007408c4ee0,0x0000000743c00000)
 Metaspace       used 30099K, capacity 30984K, committed 31232K, reserved 1075200K
  class space    used 4139K, capacity 4503K, committed 4608K, reserved 1048576K
Event: 8.452 GC heap after
Heap after GC invocations=9 (full 1):
 PSYoungGen      total 83968K, used 9709K [0x0000000795580000, 0x000000079c780000, 0x00000007c0000000)
  eden space 74240K, 0% used [0x0000000795580000,0x0000000795580000,0x0000000799e00000)
  from space 9728K, 99% used [0x000000079a980000,0x000000079b2fb528,0x000000079b300000)
  to   space 11776K, 0% used [0x0000000799e00000,0x0000000799e00000,0x000000079a980000)
 ParOldGen       total 61440K, used 11357K [0x0000000740000000, 0x0000000743c00000, 0x0000000795580000)
  object space 61440K, 18% used [0x0000000740000000,0x0000000740b17460,0x0000000743c00000)
 Metaspace       used 30099K, capacity 30984K, committed 31232K, reserved 1075200K
  class space    used 4139K, capacity 4503K, committed 4608K, reserved 1048576K
}
Event: 9.308 GC heap before
{Heap before GC invocations=10 (full 1):
 PSYoungGen      total 83968K, used 77372K [0x0000000795580000, 0x000000079c780000, 0x00000007c0000000)
  eden space 74240K, 91% used [0x0000000795580000,0x0000000799793be8,0x0000000799e00000)
  from space 9728K, 99% used [0x000000079a980000,0x000000079b2fb528,0x000000079b300000)
  to   space 11776K, 0% used [0x0000000799e00000,0x0000000799e00000,0x000000079a980000)
 ParOldGen       total 61440K, used 11357K [0x0000000740000000, 0x0000000743c00000, 0x0000000795580000)
  object space 61440K, 18% used [0x0000000740000000,0x0000000740b17460,0x0000000743c00000)
 Metaspace       used 34333K, capacity 35272K, committed 35416K, reserved 1079296K
  class space    used 4782K, capacity 5166K, committed 5248K, reserved 1048576K
Event: 9.333 GC heap after
Heap after GC invocations=10 (full 1):
 PSYoungGen      total 86016K, used 11744K [0x0000000795580000, 0x000000079d700000, 0x00000007c0000000)
  eden space 74240K, 0% used [0x0000000795580000,0x0000000795580000,0x0000000799e00000)
  from space 11776K, 99% used [0x0000000799e00000,0x000000079a978020,0x000000079a980000)
  to   space 15872K, 0% used [0x000000079c780000,0x000000079c780000,0x000000079d700000)
 ParOldGen       total 61440K, used 17925K [0x0000000740000000, 0x0000000743c00000, 0x0000000795580000)
  object space 61440K, 29% used [0x0000000740000000,0x0000000741181430,0x0000000743c00000)
 Metaspace       used 34333K, capacity 35272K, committed 35416K, reserved 1079296K
  class space    used 4782K, capacity 5166K, committed 5248K, reserved 1048576K
}
Event: 9.333 GC heap before
{Heap before GC invocations=11 (full 2):
 PSYoungGen      total 86016K, used 11744K [0x0000000795580000, 0x000000079d700000, 0x00000007c0000000)
  eden space 74240K, 0% used [0x0000000795580000,0x0000000795580000,0x0000000799e00000)
  from space 11776K, 99% used [0x0000000799e00000,0x000000079a978020,0x000000079a980000)
  to   space 15872K, 0% used [0x000000079c780000,0x000000079c780000,0x000000079d700000)
 ParOldGen       total 61440K, used 17925K [0x0000000740000000, 0x0000000743c00000, 0x0000000795580000)
  object space 61440K, 29% used [0x0000000740000000,0x0000000741181430,0x0000000743c00000)
 Metaspace       used 34333K, capacity 35272K, committed 35416K, reserved 1079296K
  class space    used 4782K, capacity 5166K, committed 5248K, reserved 1048576K
Event: 9.504 GC heap after
Heap after GC invocations=11 (full 2):
 PSYoungGen      total 86016K, used 0K [0x0000000795580000, 0x000000079d700000, 0x00000007c0000000)
  eden space 74240K, 0% used [0x0000000795580000,0x0000000795580000,0x0000000799e00000)
  from space 11776K, 0% used [0x0000000799e00000,0x0000000799e00000,0x000000079a980000)
  to   space 15872K, 0% used [0x000000079c780000,0x000000079c780000,0x000000079d700000)
 ParOldGen       total 106496K, used 25959K [0x0000000740000000, 0x0000000746800000, 0x0000000795580000)
  object space 106496K, 24% used [0x0000000740000000,0x0000000741959ce0,0x0000000746800000)
 Metaspace       used 34333K, capacity 35272K, committed 35416K, reserved 1079296K
  class space    used 4782K, capacity 5166K, committed 5248K, reserved 1048576K
}
Event: 10.684 GC heap before
{Heap before GC invocations=12 (full 2):
 PSYoungGen      total 86016K, used 74240K [0x0000000795580000, 0x000000079d700000, 0x00000007c0000000)
  eden space 74240K, 100% used [0x0000000795580000,0x0000000799e00000,0x0000000799e00000)
  from space 11776K, 0% used [0x0000000799e00000,0x0000000799e00000,0x000000079a980000)
  to   space 15872K, 0% used [0x000000079c780000,0x000000079c780000,0x000000079d700000)
 ParOldGen       total 106496K, used 25959K [0x0000000740000000, 0x0000000746800000, 0x0000000795580000)
  object space 106496K, 24% used [0x0000000740000000,0x0000000741959ce0,0x0000000746800000)
 Metaspace       used 35729K, capacity 36688K, committed 36824K, reserved 1081344K
  class space    used 4959K, capacity 5352K, committed 5376K, reserved 1048576K
Event: 10.705 GC heap after
Heap after GC invocations=12 (full 2):
 PSYoungGen      total 103424K, used 7128K [0x0000000795580000, 0x000000079d000000, 0x00000007c0000000)
  eden space 94720K, 0% used [0x0000000795580000,0x0000000795580000,0x000000079b200000)
  from space 8704K, 81% used [0x000000079c780000,0x000000079ce763f0,0x000000079d000000)
  to   space 15360K, 0% used [0x000000079b200000,0x000000079b200000,0x000000079c100000)
 ParOldGen       total 106496K, used 25967K [0x0000000740000000, 0x0000000746800000, 0x0000000795580000)
  object space 106496K, 24% used [0x0000000740000000,0x000000074195bce0,0x0000000746800000)
 Metaspace       used 35729K, capacity 36688K, committed 36824K, reserved 1081344K
  class space    used 4959K, capacity 5352K, committed 5376K, reserved 1048576K
}
Event: 12.138 GC heap before
{Heap before GC invocations=13 (full 2):
 PSYoungGen      total 103424K, used 101848K [0x0000000795580000, 0x000000079d000000, 0x00000007c0000000)
  eden space 94720K, 100% used [0x0000000795580000,0x000000079b200000,0x000000079b200000)
  from space 8704K, 81% used [0x000000079c780000,0x000000079ce763f0,0x000000079d000000)
  to   space 15360K, 0% used [0x000000079b200000,0x000000079b200000,0x000000079c100000)
 ParOldGen       total 106496K, used 25967K [0x0000000740000000, 0x0000000746800000, 0x0000000795580000)
  object space 106496K, 24% used [0x0000000740000000,0x000000074195bce0,0x0000000746800000)
 Metaspace       used 37918K, capacity 39062K, committed 39128K, reserved 1083392K
  class space    used 5333K, capacity 5829K, committed 5888K, reserved 1048576K
Event: 12.165 GC heap after
Heap after GC invocations=13 (full 2):
 PSYoungGen      total 110080K, used 15328K [0x0000000795580000, 0x000000079ed00000, 0x00000007c0000000)
  eden space 94720K, 0% used [0x0000000795580000,0x0000000795580000,0x000000079b200000)
  from space 15360K, 99% used [0x000000079b200000,0x000000079c0f8010,0x000000079c100000)
  to   space 17408K, 0% used [0x000000079dc00000,0x000000079dc00000,0x000000079ed00000)
 ParOldGen       total 106496K, used 26883K [0x0000000740000000, 0x0000000746800000, 0x0000000795580000)
  object space 106496K, 25% used [0x0000000740000000,0x0000000741a40e28,0x0000000746800000)
 Metaspace       used 37918K, capacity 39062K, committed 39128K, reserved 1083392K
  class space    used 5333K, capacity 5829K, committed 5888K, reserved 1048576K
}

