# JRE version: Java(TM) SE Runtime Environment (8.0_101-b13) (build 1.8.0_101-b13)
# Java VM: Java HotSpot(TM) 64-Bit Server VM (25.101-b13 mixed mode bsd-amd64 compressed oops)
Heap:
 PSYoungGen      total 165888K, used 100970K [0x0000000795580000, 0x00000007a2900000, 0x00000007c0000000)
  eden space 149504K, 57% used [0x0000000795580000,0x000000079a8dfae0,0x000000079e780000)
  from space 16384K, 95% used [0x000000079e780000,0x000000079f6bad80,0x000000079f780000)
  to   space 18432K, 0% used [0x00000007a1700000,0x00000007a1700000,0x00000007a2900000)
 ParOldGen       total 111616K, used 24605K [0x0000000740000000, 0x0000000746d00000, 0x0000000795580000)
  object space 111616K, 22% used [0x0000000740000000,0x0000000741807480,0x0000000746d00000)
 Metaspace       used 39842K, capacity 41130K, committed 41176K, reserved 1085440K
  class space    used 5596K, capacity 6142K, committed 6144K, reserved 1048576K
GC Heap History (10 events):
Event: 4.694 GC heap before
{Heap before GC invocations=7 (full 1):
 PSYoungGen      total 71680K, used 66560K [0x0000000795580000, 0x000000079ea80000, 0x00000007c0000000)
  eden space 66560K, 100% used [0x0000000795580000,0x0000000799680000,0x0000000799680000)
  from space 5120K, 0% used [0x0000000799680000,0x0000000799680000,0x0000000799b80000)
  to   space 9728K, 0% used [0x000000079e100000,0x000000079e100000,0x000000079ea80000)
 ParOldGen       total 61952K, used 8852K [0x0000000740000000, 0x0000000743c80000, 0x0000000795580000)
  object space 61952K, 14% used [0x0000000740000000,0x00000007408a52d0,0x0000000743c80000)
 Metaspace       used 25337K, capacity 25952K, committed 26240K, reserved 1071104K
  class space    used 3431K, capacity 3641K, committed 3712K, reserved 1048576K
Event: 4.703 GC heap after
Heap after GC invocations=7 (full 1):
 PSYoungGen      total 106496K, used 5974K [0x0000000795580000, 0x000000079e700000, 0x00000007c0000000)
  eden space 100352K, 0% used [0x0000000795580000,0x0000000795580000,0x000000079b780000)
  from space 6144K, 97% used [0x000000079e100000,0x000000079e6d5a90,0x000000079e700000)
  to   space 9728K, 0% used [0x000000079d400000,0x000000079d400000,0x000000079dd80000)
 ParOldGen       total 61952K, used 8924K [0x0000000740000000, 0x0000000743c80000, 0x0000000795580000)
  object space 61952K, 14% used [0x0000000740000000,0x00000007408b72e0,0x0000000743c80000)
 Metaspace       used 25337K, capacity 25952K, committed 26240K, reserved 1071104K
  class space    used 3431K, capacity 3641K, committed 3712K, reserved 1048576K
}
Event: 6.523 GC heap before
{Heap before GC invocations=8 (full 1):
 PSYoungGen      total 106496K, used 106326K [0x0000000795580000, 0x000000079e700000, 0x00000007c0000000)
  eden space 100352K, 100% used [0x0000000795580000,0x000000079b780000,0x000000079b780000)
  from space 6144K, 97% used [0x000000079e100000,0x000000079e6d5a90,0x000000079e700000)
  to   space 9728K, 0% used [0x000000079d400000,0x000000079d400000,0x000000079dd80000)
 ParOldGen       total 61952K, used 8924K [0x0000000740000000, 0x0000000743c80000, 0x0000000795580000)
  object space 61952K, 14% used [0x0000000740000000,0x00000007408b72e0,0x0000000743c80000)
 Metaspace       used 32048K, capacity 33006K, committed 33280K, reserved 1077248K
  class space    used 4455K, capacity 4835K, committed 4864K, reserved 1048576K
Event: 6.560 GC heap after
Heap after GC invocations=8 (full 1):
 PSYoungGen      total 139264K, used 9712K [0x0000000795580000, 0x00000007a0500000, 0x00000007c0000000)
  eden space 129536K, 0% used [0x0000000795580000,0x0000000795580000,0x000000079d400000)
  from space 9728K, 99% used [0x000000079d400000,0x000000079dd7c010,0x000000079dd80000)
  to   space 13824K, 0% used [0x000000079f780000,0x000000079f780000,0x00000007a0500000)
 ParOldGen       total 61952K, used 15786K [0x0000000740000000, 0x0000000743c80000, 0x0000000795580000)
  object space 61952K, 25% used [0x0000000740000000,0x0000000740f6ab48,0x0000000743c80000)
 Metaspace       used 32048K, capacity 33006K, committed 33280K, reserved 1077248K
  class space    used 4455K, capacity 4835K, committed 4864K, reserved 1048576K
}
Event: 8.036 GC heap before
{Heap before GC invocations=9 (full 1):
 PSYoungGen      total 139264K, used 55833K [0x0000000795580000, 0x00000007a0500000, 0x00000007c0000000)
  eden space 129536K, 35% used [0x0000000795580000,0x000000079828a6b8,0x000000079d400000)
  from space 9728K, 99% used [0x000000079d400000,0x000000079dd7c010,0x000000079dd80000)
  to   space 13824K, 0% used [0x000000079f780000,0x000000079f780000,0x00000007a0500000)
 ParOldGen       total 61952K, used 15786K [0x0000000740000000, 0x0000000743c80000, 0x0000000795580000)
  object space 61952K, 25% used [0x0000000740000000,0x0000000740f6ab48,0x0000000743c80000)
 Metaspace       used 34355K, capacity 35304K, committed 35416K, reserved 1079296K
  class space    used 4787K, capacity 5198K, committed 5248K, reserved 1048576K
Event: 8.081 GC heap after
Heap after GC invocations=9 (full 1):
 PSYoungGen      total 163328K, used 13808K [0x0000000795580000, 0x00000007a3a00000, 0x00000007c0000000)
  eden space 149504K, 0% used [0x0000000795580000,0x0000000795580000,0x000000079e780000)
  from space 13824K, 99% used [0x000000079f780000,0x00000007a04fc010,0x00000007a0500000)
  to   space 16384K, 0% used [0x000000079e780000,0x000000079e780000,0x000000079f780000)
 ParOldGen       total 61952K, used 17030K [0x0000000740000000, 0x0000000743c80000, 0x0000000795580000)
  object space 61952K, 27% used [0x0000000740000000,0x00000007410a1a50,0x0000000743c80000)
 Metaspace       used 34355K, capacity 35304K, committed 35416K, reserved 1079296K
  class space    used 4787K, capacity 5198K, committed 5248K, reserved 1048576K
}
Event: 8.081 GC heap before
{Heap before GC invocations=10 (full 2):
 PSYoungGen      total 163328K, used 13808K [0x0000000795580000, 0x00000007a3a00000, 0x00000007c0000000)
  eden space 149504K, 0% used [0x0000000795580000,0x0000000795580000,0x000000079e780000)
  from space 13824K, 99% used [0x000000079f780000,0x00000007a04fc010,0x00000007a0500000)
  to   space 16384K, 0% used [0x000000079e780000,0x000000079e780000,0x000000079f780000)
 ParOldGen       total 61952K, used 17030K [0x0000000740000000, 0x0000000743c80000, 0x0000000795580000)
  object space 61952K, 27% used [0x0000000740000000,0x00000007410a1a50,0x0000000743c80000)
 Metaspace       used 34355K, capacity 35304K, committed 35416K, reserved 1079296K
  class space    used 4787K, capacity 5198K, committed 5248K, reserved 1048576K
Event: 8.362 GC heap after
Heap after GC invocations=10 (full 2):
 PSYoungGen      total 163328K, used 0K [0x0000000795580000, 0x00000007a3a00000, 0x00000007c0000000)
  eden space 149504K, 0% used [0x0000000795580000,0x0000000795580000,0x000000079e780000)
  from space 13824K, 0% used [0x000000079f780000,0x000000079f780000,0x00000007a0500000)
  to   space 16384K, 0% used [0x000000079e780000,0x000000079e780000,0x000000079f780000)
 ParOldGen       total 111616K, used 24597K [0x0000000740000000, 0x0000000746d00000, 0x0000000795580000)
  object space 111616K, 22% used [0x0000000740000000,0x0000000741805480,0x0000000746d00000)
 Metaspace       used 34355K, capacity 35304K, committed 35416K, reserved 1079296K
  class space    used 4787K, capacity 5198K, committed 5248K, reserved 1048576K
}
Event: 11.100 GC heap before
{Heap before GC invocations=11 (full 2):
 PSYoungGen      total 163328K, used 149504K [0x0000000795580000, 0x00000007a3a00000, 0x00000007c0000000)
  eden space 149504K, 100% used [0x0000000795580000,0x000000079e780000,0x000000079e780000)
  from space 13824K, 0% used [0x000000079f780000,0x000000079f780000,0x00000007a0500000)
  to   space 16384K, 0% used [0x000000079e780000,0x000000079e780000,0x000000079f780000)
 ParOldGen       total 111616K, used 24597K [0x0000000740000000, 0x0000000746d00000, 0x0000000795580000)
  object space 111616K, 22% used [0x0000000740000000,0x0000000741805480,0x0000000746d00000)
 Metaspace       used 37193K, capacity 38240K, committed 38488K, reserved 1081344K
  class space    used 5199K, capacity 5661K, committed 5760K, reserved 1048576K
Event: 11.138 GC heap after
Heap after GC invocations=11 (full 2):
 PSYoungGen      total 165888K, used 15595K [0x0000000795580000, 0x00000007a2900000, 0x00000007c0000000)
  eden space 149504K, 0% used [0x0000000795580000,0x0000000795580000,0x000000079e780000)
  from space 16384K, 95% used [0x000000079e780000,0x000000079f6bad80,0x000000079f780000)
  to   space 18432K, 0% used [0x00000007a1700000,0x00000007a1700000,0x00000007a2900000)
 ParOldGen       total 111616K, used 24605K [0x0000000740000000, 0x0000000746d00000, 0x0000000795580000)
  object space 111616K, 22% used [0x0000000740000000,0x0000000741807480,0x0000000746d00000)
 Metaspace       used 37193K, capacity 38240K, committed 38488K, reserved 1081344K
  class space    used 5199K, capacity 5661K, committed 5760K, reserved 1048576K
}

