# JRE version: Java(TM) SE Runtime Environment (8.0_101-b13) (build 1.8.0_101-b13)
# Java VM: Java HotSpot(TM) 64-Bit Server VM (25.101-b13 mixed mode bsd-amd64 compressed oops)
Heap:
 PSYoungGen      total 161280K, used 128909K [0x0000000795580000, 0x00000007a3780000, 0x00000007c0000000)
  eden space 146944K, 87% used [0x0000000795580000,0x000000079d3637d0,0x000000079e500000)
  from space 14336K, 0% used [0x000000079f500000,0x000000079f500000,0x00000007a0300000)
  to   space 16384K, 0% used [0x000000079e500000,0x000000079e500000,0x000000079f500000)
 ParOldGen       total 108544K, used 24505K [0x0000000740000000, 0x0000000746a00000, 0x0000000795580000)
  object space 108544K, 22% used [0x0000000740000000,0x00000007417ee448,0x0000000746a00000)
 Metaspace       used 36534K, capacity 37546K, committed 37848K, reserved 1081344K
  class space    used 5097K, capacity 5509K, committed 5632K, reserved 1048576K
GC Heap History (10 events):
Event: 2.175 GC heap before
{Heap before GC invocations=6 (full 1):
 PSYoungGen      total 71680K, used 5104K [0x0000000795580000, 0x000000079ea80000, 0x00000007c0000000)
  eden space 66560K, 0% used [0x0000000795580000,0x0000000795580000,0x0000000799680000)
  from space 5120K, 99% used [0x0000000799680000,0x0000000799b7c050,0x0000000799b80000)
  to   space 9728K, 0% used [0x000000079e100000,0x000000079e100000,0x000000079ea80000)
 ParOldGen       total 87552K, used 9495K [0x0000000740000000, 0x0000000745580000, 0x0000000795580000)
  object space 87552K, 10% used [0x0000000740000000,0x0000000740945ce8,0x0000000745580000)
 Metaspace       used 20782K, capacity 21118K, committed 21248K, reserved 1067008K
  class space    used 2824K, capacity 2978K, committed 3072K, reserved 1048576K
Event: 2.224 GC heap after
Heap after GC invocations=6 (full 1):
 PSYoungGen      total 71680K, used 0K [0x0000000795580000, 0x000000079ea80000, 0x00000007c0000000)
  eden space 66560K, 0% used [0x0000000795580000,0x0000000795580000,0x0000000799680000)
  from space 5120K, 0% used [0x0000000799680000,0x0000000799680000,0x0000000799b80000)
  to   space 9728K, 0% used [0x000000079e100000,0x000000079e100000,0x000000079ea80000)
 ParOldGen       total 62464K, used 8892K [0x0000000740000000, 0x0000000743d00000, 0x0000000795580000)
  object space 62464K, 14% used [0x0000000740000000,0x00000007408af290,0x0000000743d00000)
 Metaspace       used 20782K, capacity 21118K, committed 21248K, reserved 1067008K
  class space    used 2824K, capacity 2978K, committed 3072K, reserved 1048576K
}
Event: 3.086 GC heap before
{Heap before GC invocations=7 (full 1):
 PSYoungGen      total 71680K, used 66560K [0x0000000795580000, 0x000000079ea80000, 0x00000007c0000000)
  eden space 66560K, 100% used [0x0000000795580000,0x0000000799680000,0x0000000799680000)
  from space 5120K, 0% used [0x0000000799680000,0x0000000799680000,0x0000000799b80000)
  to   space 9728K, 0% used [0x000000079e100000,0x000000079e100000,0x000000079ea80000)
 ParOldGen       total 62464K, used 8892K [0x0000000740000000, 0x0000000743d00000, 0x0000000795580000)
  object space 62464K, 14% used [0x0000000740000000,0x00000007408af290,0x0000000743d00000)
 Metaspace       used 25364K, capacity 25984K, committed 26240K, reserved 1071104K
  class space    used 3432K, capacity 3673K, committed 3712K, reserved 1048576K
Event: 3.096 GC heap after
Heap after GC invocations=7 (full 1):
 PSYoungGen      total 105984K, used 6086K [0x0000000795580000, 0x000000079e700000, 0x00000007c0000000)
  eden space 99840K, 0% used [0x0000000795580000,0x0000000795580000,0x000000079b700000)
  from space 6144K, 99% used [0x000000079e100000,0x000000079e6f1a80,0x000000079e700000)
  to   space 9728K, 0% used [0x000000079d400000,0x000000079d400000,0x000000079dd80000)
 ParOldGen       total 62464K, used 8892K [0x0000000740000000, 0x0000000743d00000, 0x0000000795580000)
  object space 62464K, 14% used [0x0000000740000000,0x00000007408af290,0x0000000743d00000)
 Metaspace       used 25364K, capacity 25984K, committed 26240K, reserved 1071104K
  class space    used 3432K, capacity 3673K, committed 3712K, reserved 1048576K
}
Event: 4.352 GC heap before
{Heap before GC invocations=8 (full 1):
 PSYoungGen      total 105984K, used 105926K [0x0000000795580000, 0x000000079e700000, 0x00000007c0000000)
  eden space 99840K, 100% used [0x0000000795580000,0x000000079b700000,0x000000079b700000)
  from space 6144K, 99% used [0x000000079e100000,0x000000079e6f1a80,0x000000079e700000)
  to   space 9728K, 0% used [0x000000079d400000,0x000000079d400000,0x000000079dd80000)
 ParOldGen       total 62464K, used 8892K [0x0000000740000000, 0x0000000743d00000, 0x0000000795580000)
  object space 62464K, 14% used [0x0000000740000000,0x00000007408af290,0x0000000743d00000)
 Metaspace       used 32109K, capacity 33038K, committed 33280K, reserved 1077248K
  class space    used 4459K, capacity 4803K, committed 4864K, reserved 1048576K
Event: 4.375 GC heap after
Heap after GC invocations=8 (full 1):
 PSYoungGen      total 139264K, used 9700K [0x0000000795580000, 0x00000007a0300000, 0x00000007c0000000)
  eden space 129536K, 0% used [0x0000000795580000,0x0000000795580000,0x000000079d400000)
  from space 9728K, 99% used [0x000000079d400000,0x000000079dd79020,0x000000079dd80000)
  to   space 14336K, 0% used [0x000000079f500000,0x000000079f500000,0x00000007a0300000)
 ParOldGen       total 62464K, used 15942K [0x0000000740000000, 0x0000000743d00000, 0x0000000795580000)
  object space 62464K, 25% used [0x0000000740000000,0x0000000740f918f0,0x0000000743d00000)
 Metaspace       used 32109K, capacity 33038K, committed 33280K, reserved 1077248K
  class space    used 4459K, capacity 4803K, committed 4864K, reserved 1048576K
}
Event: 4.912 GC heap before
{Heap before GC invocations=9 (full 1):
 PSYoungGen      total 139264K, used 53693K [0x0000000795580000, 0x00000007a0300000, 0x00000007c0000000)
  eden space 129536K, 33% used [0x0000000795580000,0x0000000798076790,0x000000079d400000)
  from space 9728K, 99% used [0x000000079d400000,0x000000079dd79020,0x000000079dd80000)
  to   space 14336K, 0% used [0x000000079f500000,0x000000079f500000,0x00000007a0300000)
 ParOldGen       total 62464K, used 15942K [0x0000000740000000, 0x0000000743d00000, 0x0000000795580000)
  object space 62464K, 25% used [0x0000000740000000,0x0000000740f918f0,0x0000000743d00000)
 Metaspace       used 34285K, capacity 35272K, committed 35416K, reserved 1079296K
  class space    used 4769K, capacity 5166K, committed 5248K, reserved 1048576K
Event: 4.933 GC heap after
Heap after GC invocations=9 (full 1):
 PSYoungGen      total 161280K, used 14310K [0x0000000795580000, 0x00000007a3780000, 0x00000007c0000000)
  eden space 146944K, 0% used [0x0000000795580000,0x0000000795580000,0x000000079e500000)
  from space 14336K, 99% used [0x000000079f500000,0x00000007a02f9978,0x00000007a0300000)
  to   space 16384K, 0% used [0x000000079e500000,0x000000079e500000,0x000000079f500000)
 ParOldGen       total 62464K, used 16454K [0x0000000740000000, 0x0000000743d00000, 0x0000000795580000)
  object space 62464K, 26% used [0x0000000740000000,0x0000000741011ae8,0x0000000743d00000)
 Metaspace       used 34285K, capacity 35272K, committed 35416K, reserved 1079296K
  class space    used 4769K, capacity 5166K, committed 5248K, reserved 1048576K
}
Event: 4.933 GC heap before
{Heap before GC invocations=10 (full 2):
 PSYoungGen      total 161280K, used 14310K [0x0000000795580000, 0x00000007a3780000, 0x00000007c0000000)
  eden space 146944K, 0% used [0x0000000795580000,0x0000000795580000,0x000000079e500000)
  from space 14336K, 99% used [0x000000079f500000,0x00000007a02f9978,0x00000007a0300000)
  to   space 16384K, 0% used [0x000000079e500000,0x000000079e500000,0x000000079f500000)
 ParOldGen       total 62464K, used 16454K [0x0000000740000000, 0x0000000743d00000, 0x0000000795580000)
  object space 62464K, 26% used [0x0000000740000000,0x0000000741011ae8,0x0000000743d00000)
 Metaspace       used 34285K, capacity 35272K, committed 35416K, reserved 1079296K
  class space    used 4769K, capacity 5166K, committed 5248K, reserved 1048576K
Event: 5.055 GC heap after
Heap after GC invocations=10 (full 2):
 PSYoungGen      total 161280K, used 0K [0x0000000795580000, 0x00000007a3780000, 0x00000007c0000000)
  eden space 146944K, 0% used [0x0000000795580000,0x0000000795580000,0x000000079e500000)
  from space 14336K, 0% used [0x000000079f500000,0x000000079f500000,0x00000007a0300000)
  to   space 16384K, 0% used [0x000000079e500000,0x000000079e500000,0x000000079f500000)
 ParOldGen       total 108544K, used 24505K [0x0000000740000000, 0x0000000746a00000, 0x0000000795580000)
  object space 108544K, 22% used [0x0000000740000000,0x00000007417ee448,0x0000000746a00000)
 Metaspace       used 34285K, capacity 35272K, committed 35416K, reserved 1079296K
  class space    used 4769K, capacity 5166K, committed 5248K, reserved 1048576K
}

