# JRE version: Java(TM) SE Runtime Environment (8.0_101-b13) (build 1.8.0_101-b13)
# Java VM: Java HotSpot(TM) 64-Bit Server VM (25.101-b13 mixed mode bsd-amd64 compressed oops)
Heap:
 PSYoungGen      total 181248K, used 92922K [0x0000000795580000, 0x00000007a4580000, 0x00000007c0000000)
  eden space 164864K, 46% used [0x0000000795580000,0x000000079a046560,0x000000079f680000)
  from space 16384K, 99% used [0x000000079f680000,0x00000007a0678548,0x00000007a0680000)
  to   space 18944K, 0% used [0x00000007a3300000,0x00000007a3300000,0x00000007a4580000)
 ParOldGen       total 101888K, used 25245K [0x0000000740000000, 0x0000000746380000, 0x0000000795580000)
  object space 101888K, 24% used [0x0000000740000000,0x00000007418a74a0,0x0000000746380000)
 Metaspace       used 40006K, capacity 41314K, committed 41560K, reserved 1085440K
  class space    used 5639K, capacity 6210K, committed 6272K, reserved 1048576K
GC Heap History (10 events):
Event: 3.967 GC heap before
{Heap before GC invocations=7 (full 1):
 PSYoungGen      total 71680K, used 66560K [0x0000000795580000, 0x000000079ea80000, 0x00000007c0000000)
  eden space 66560K, 100% used [0x0000000795580000,0x0000000799680000,0x0000000799680000)
  from space 5120K, 0% used [0x0000000799680000,0x0000000799680000,0x0000000799b80000)
  to   space 9728K, 0% used [0x000000079e100000,0x000000079e100000,0x000000079ea80000)
 ParOldGen       total 58880K, used 8895K [0x0000000740000000, 0x0000000743980000, 0x0000000795580000)
  object space 58880K, 15% used [0x0000000740000000,0x00000007408aff80,0x0000000743980000)
 Metaspace       used 25326K, capacity 25984K, committed 26240K, reserved 1071104K
  class space    used 3435K, capacity 3673K, committed 3712K, reserved 1048576K
Event: 3.978 GC heap after
Heap after GC invocations=7 (full 1):
 PSYoungGen      total 112128K, used 6022K [0x0000000795580000, 0x000000079e700000, 0x00000007c0000000)
  eden space 105984K, 0% used [0x0000000795580000,0x0000000795580000,0x000000079bd00000)
  from space 6144K, 98% used [0x000000079e100000,0x000000079e6e1a70,0x000000079e700000)
  to   space 9728K, 0% used [0x000000079d400000,0x000000079d400000,0x000000079dd80000)
 ParOldGen       total 58880K, used 8967K [0x0000000740000000, 0x0000000743980000, 0x0000000795580000)
  object space 58880K, 15% used [0x0000000740000000,0x00000007408c1f90,0x0000000743980000)
 Metaspace       used 25326K, capacity 25984K, committed 26240K, reserved 1071104K
  class space    used 3435K, capacity 3673K, committed 3712K, reserved 1048576K
}
Event: 5.532 GC heap before
{Heap before GC invocations=8 (full 1):
 PSYoungGen      total 112128K, used 112006K [0x0000000795580000, 0x000000079e700000, 0x00000007c0000000)
  eden space 105984K, 100% used [0x0000000795580000,0x000000079bd00000,0x000000079bd00000)
  from space 6144K, 98% used [0x000000079e100000,0x000000079e6e1a70,0x000000079e700000)
  to   space 9728K, 0% used [0x000000079d400000,0x000000079d400000,0x000000079dd80000)
 ParOldGen       total 58880K, used 8967K [0x0000000740000000, 0x0000000743980000, 0x0000000795580000)
  object space 58880K, 15% used [0x0000000740000000,0x00000007408c1f90,0x0000000743980000)
 Metaspace       used 32242K, capacity 33234K, committed 33408K, reserved 1077248K
  class space    used 4493K, capacity 4889K, committed 4992K, reserved 1048576K
Event: 5.560 GC heap after
Heap after GC invocations=8 (full 1):
 PSYoungGen      total 139264K, used 9700K [0x0000000795580000, 0x00000007a1480000, 0x00000007c0000000)
  eden space 129536K, 0% used [0x0000000795580000,0x0000000795580000,0x000000079d400000)
  from space 9728K, 99% used [0x000000079d400000,0x000000079dd79020,0x000000079dd80000)
  to   space 14336K, 0% used [0x00000007a0680000,0x00000007a0680000,0x00000007a1480000)
 ParOldGen       total 58880K, used 16883K [0x0000000740000000, 0x0000000743980000, 0x0000000795580000)
  object space 58880K, 28% used [0x0000000740000000,0x000000074107cca8,0x0000000743980000)
 Metaspace       used 32242K, capacity 33234K, committed 33408K, reserved 1077248K
  class space    used 4493K, capacity 4889K, committed 4992K, reserved 1048576K
}
Event: 6.077 GC heap before
{Heap before GC invocations=9 (full 1):
 PSYoungGen      total 139264K, used 48402K [0x0000000795580000, 0x00000007a1480000, 0x00000007c0000000)
  eden space 129536K, 29% used [0x0000000795580000,0x0000000797b4b970,0x000000079d400000)
  from space 9728K, 99% used [0x000000079d400000,0x000000079dd79020,0x000000079dd80000)
  to   space 14336K, 0% used [0x00000007a0680000,0x00000007a0680000,0x00000007a1480000)
 ParOldGen       total 58880K, used 16883K [0x0000000740000000, 0x0000000743980000, 0x0000000795580000)
  object space 58880K, 28% used [0x0000000740000000,0x000000074107cca8,0x0000000743980000)
 Metaspace       used 34270K, capacity 35304K, committed 35416K, reserved 1079296K
  class space    used 4770K, capacity 5198K, committed 5248K, reserved 1048576K
Event: 6.101 GC heap after
Heap after GC invocations=9 (full 1):
 PSYoungGen      total 179200K, used 13893K [0x0000000795580000, 0x00000007a4380000, 0x00000007c0000000)
  eden space 164864K, 0% used [0x0000000795580000,0x0000000795580000,0x000000079f680000)
  from space 14336K, 96% used [0x00000007a0680000,0x00000007a14116b0,0x00000007a1480000)
  to   space 16384K, 0% used [0x000000079f680000,0x000000079f680000,0x00000007a0680000)
 ParOldGen       total 58880K, used 16891K [0x0000000740000000, 0x0000000743980000, 0x0000000795580000)
  object space 58880K, 28% used [0x0000000740000000,0x000000074107eca8,0x0000000743980000)
 Metaspace       used 34270K, capacity 35304K, committed 35416K, reserved 1079296K
  class space    used 4770K, capacity 5198K, committed 5248K, reserved 1048576K
}
Event: 6.101 GC heap before
{Heap before GC invocations=10 (full 2):
 PSYoungGen      total 179200K, used 13893K [0x0000000795580000, 0x00000007a4380000, 0x00000007c0000000)
  eden space 164864K, 0% used [0x0000000795580000,0x0000000795580000,0x000000079f680000)
  from space 14336K, 96% used [0x00000007a0680000,0x00000007a14116b0,0x00000007a1480000)
  to   space 16384K, 0% used [0x000000079f680000,0x000000079f680000,0x00000007a0680000)
 ParOldGen       total 58880K, used 16891K [0x0000000740000000, 0x0000000743980000, 0x0000000795580000)
  object space 58880K, 28% used [0x0000000740000000,0x000000074107eca8,0x0000000743980000)
 Metaspace       used 34270K, capacity 35304K, committed 35416K, reserved 1079296K
  class space    used 4770K, capacity 5198K, committed 5248K, reserved 1048576K
Event: 6.260 GC heap after
Heap after GC invocations=10 (full 2):
 PSYoungGen      total 179200K, used 0K [0x0000000795580000, 0x00000007a4380000, 0x00000007c0000000)
  eden space 164864K, 0% used [0x0000000795580000,0x0000000795580000,0x000000079f680000)
  from space 14336K, 0% used [0x00000007a0680000,0x00000007a0680000,0x00000007a1480000)
  to   space 16384K, 0% used [0x000000079f680000,0x000000079f680000,0x00000007a0680000)
 ParOldGen       total 101888K, used 24467K [0x0000000740000000, 0x0000000746380000, 0x0000000795580000)
  object space 101888K, 24% used [0x0000000740000000,0x00000007417e4d18,0x0000000746380000)
 Metaspace       used 34270K, capacity 35304K, committed 35416K, reserved 1079296K
  class space    used 4770K, capacity 5198K, committed 5248K, reserved 1048576K
}
Event: 8.161 GC heap before
{Heap before GC invocations=11 (full 2):
 PSYoungGen      total 179200K, used 164864K [0x0000000795580000, 0x00000007a4380000, 0x00000007c0000000)
  eden space 164864K, 100% used [0x0000000795580000,0x000000079f680000,0x000000079f680000)
  from space 14336K, 0% used [0x00000007a0680000,0x00000007a0680000,0x00000007a1480000)
  to   space 16384K, 0% used [0x000000079f680000,0x000000079f680000,0x00000007a0680000)
 ParOldGen       total 101888K, used 24467K [0x0000000740000000, 0x0000000746380000, 0x0000000795580000)
  object space 101888K, 24% used [0x0000000740000000,0x00000007417e4d18,0x0000000746380000)
 Metaspace       used 37909K, capacity 39050K, committed 39128K, reserved 1083392K
  class space    used 5333K, capacity 5827K, committed 5888K, reserved 1048576K
Event: 8.193 GC heap after
Heap after GC invocations=11 (full 2):
 PSYoungGen      total 181248K, used 16353K [0x0000000795580000, 0x00000007a4580000, 0x00000007c0000000)
  eden space 164864K, 0% used [0x0000000795580000,0x0000000795580000,0x000000079f680000)
  from space 16384K, 99% used [0x000000079f680000,0x00000007a0678548,0x00000007a0680000)
  to   space 18944K, 0% used [0x00000007a3300000,0x00000007a3300000,0x00000007a4580000)
 ParOldGen       total 101888K, used 25245K [0x0000000740000000, 0x0000000746380000, 0x0000000795580000)
  object space 101888K, 24% used [0x0000000740000000,0x00000007418a74a0,0x0000000746380000)
 Metaspace       used 37909K, capacity 39050K, committed 39128K, reserved 1083392K
  class space    used 5333K, capacity 5827K, committed 5888K, reserved 1048576K
}

