# JRE version: Java(TM) SE Runtime Environment (8.0_101-b13) (build 1.8.0_101-b13)
# Java VM: Java HotSpot(TM) 64-Bit Server VM (25.101-b13 mixed mode bsd-amd64 compressed oops)
Heap:
 PSYoungGen      total 94208K, used 55738K [0x0000000795580000, 0x000000079d880000, 0x00000007c0000000)
  eden space 77824K, 61% used [0x0000000795580000,0x00000007984707f8,0x000000079a180000)
  from space 16384K, 46% used [0x000000079a180000,0x000000079a8fe3f0,0x000000079b180000)
  to   space 15872K, 0% used [0x000000079c900000,0x000000079c900000,0x000000079d880000)
 ParOldGen       total 106496K, used 23780K [0x0000000740000000, 0x0000000746800000, 0x0000000795580000)
  object space 106496K, 22% used [0x0000000740000000,0x0000000741739320,0x0000000746800000)
 Metaspace       used 36574K, capacity 37546K, committed 37848K, reserved 1081344K
  class space    used 5106K, capacity 5508K, committed 5632K, reserved 1048576K
GC Heap History (10 events):
Event: 9.945 GC heap before
{Heap before GC invocations=9 (full 1):
 PSYoungGen      total 69632K, used 65270K [0x0000000795580000, 0x000000079a700000, 0x00000007c0000000)
  eden space 59392K, 100% used [0x0000000795580000,0x0000000798f80000,0x0000000798f80000)
  from space 10240K, 57% used [0x0000000798f80000,0x000000079953d898,0x0000000799980000)
  to   space 9728K, 0% used [0x0000000799d80000,0x0000000799d80000,0x000000079a700000)
 ParOldGen       total 66560K, used 8969K [0x0000000740000000, 0x0000000744100000, 0x0000000795580000)
  object space 66560K, 13% used [0x0000000740000000,0x00000007408c27b8,0x0000000744100000)
 Metaspace       used 29745K, capacity 30548K, committed 30848K, reserved 1075200K
  class space    used 4084K, capacity 4383K, committed 4480K, reserved 1048576K
Event: 9.960 GC heap after
Heap after GC invocations=9 (full 1):
 PSYoungGen      total 71680K, used 9702K [0x0000000795580000, 0x000000079bc80000, 0x00000007c0000000)
  eden space 61952K, 0% used [0x0000000795580000,0x0000000795580000,0x0000000799200000)
  from space 9728K, 99% used [0x0000000799d80000,0x000000079a6f99c0,0x000000079a700000)
  to   space 11776K, 0% used [0x0000000799200000,0x0000000799200000,0x0000000799d80000)
 ParOldGen       total 66560K, used 10733K [0x0000000740000000, 0x0000000744100000, 0x0000000795580000)
  object space 66560K, 16% used [0x0000000740000000,0x0000000740a7b678,0x0000000744100000)
 Metaspace       used 29745K, capacity 30548K, committed 30848K, reserved 1075200K
  class space    used 4084K, capacity 4383K, committed 4480K, reserved 1048576K
}
Event: 11.599 GC heap before
{Heap before GC invocations=10 (full 1):
 PSYoungGen      total 71680K, used 71654K [0x0000000795580000, 0x000000079bc80000, 0x00000007c0000000)
  eden space 61952K, 100% used [0x0000000795580000,0x0000000799200000,0x0000000799200000)
  from space 9728K, 99% used [0x0000000799d80000,0x000000079a6f99c0,0x000000079a700000)
  to   space 11776K, 0% used [0x0000000799200000,0x0000000799200000,0x0000000799d80000)
 ParOldGen       total 66560K, used 10733K [0x0000000740000000, 0x0000000744100000, 0x0000000795580000)
  object space 66560K, 16% used [0x0000000740000000,0x0000000740a7b678,0x0000000744100000)
 Metaspace       used 33211K, capacity 34180K, committed 34304K, reserved 1079296K
  class space    used 4643K, capacity 5054K, committed 5120K, reserved 1048576K
Event: 11.633 GC heap after
Heap after GC invocations=10 (full 1):
 PSYoungGen      total 73728K, used 11764K [0x0000000795580000, 0x000000079c080000, 0x00000007c0000000)
  eden space 61952K, 0% used [0x0000000795580000,0x0000000795580000,0x0000000799200000)
  from space 11776K, 99% used [0x0000000799200000,0x0000000799d7d010,0x0000000799d80000)
  to   space 15360K, 0% used [0x000000079b180000,0x000000079b180000,0x000000079c080000)
 ParOldGen       total 66560K, used 16234K [0x0000000740000000, 0x0000000744100000, 0x0000000795580000)
  object space 66560K, 24% used [0x0000000740000000,0x0000000740fdab40,0x0000000744100000)
 Metaspace       used 33211K, capacity 34180K, committed 34304K, reserved 1079296K
  class space    used 4643K, capacity 5054K, committed 5120K, reserved 1048576K
}
Event: 12.082 GC heap before
{Heap before GC invocations=11 (full 1):
 PSYoungGen      total 73728K, used 21635K [0x0000000795580000, 0x000000079c080000, 0x00000007c0000000)
  eden space 61952K, 15% used [0x0000000795580000,0x0000000795f23e80,0x0000000799200000)
  from space 11776K, 99% used [0x0000000799200000,0x0000000799d7d010,0x0000000799d80000)
  to   space 15360K, 0% used [0x000000079b180000,0x000000079b180000,0x000000079c080000)
 ParOldGen       total 66560K, used 16234K [0x0000000740000000, 0x0000000744100000, 0x0000000795580000)
  object space 66560K, 24% used [0x0000000740000000,0x0000000740fdab40,0x0000000744100000)
 Metaspace       used 34255K, capacity 35298K, committed 35416K, reserved 1079296K
  class space    used 4776K, capacity 5196K, committed 5248K, reserved 1048576K
Event: 12.122 GC heap after
Heap after GC invocations=11 (full 1):
 PSYoungGen      total 93184K, used 12944K [0x0000000795580000, 0x000000079ca80000, 0x00000007c0000000)
  eden space 77824K, 0% used [0x0000000795580000,0x0000000795580000,0x000000079a180000)
  from space 15360K, 84% used [0x000000079b180000,0x000000079be241e0,0x000000079c080000)
  to   space 16384K, 0% used [0x000000079a180000,0x000000079a180000,0x000000079b180000)
 ParOldGen       total 66560K, used 16242K [0x0000000740000000, 0x0000000744100000, 0x0000000795580000)
  object space 66560K, 24% used [0x0000000740000000,0x0000000740fdcb40,0x0000000744100000)
 Metaspace       used 34255K, capacity 35298K, committed 35416K, reserved 1079296K
  class space    used 4776K, capacity 5196K, committed 5248K, reserved 1048576K
}
Event: 12.122 GC heap before
{Heap before GC invocations=12 (full 2):
 PSYoungGen      total 93184K, used 12944K [0x0000000795580000, 0x000000079ca80000, 0x00000007c0000000)
  eden space 77824K, 0% used [0x0000000795580000,0x0000000795580000,0x000000079a180000)
  from space 15360K, 84% used [0x000000079b180000,0x000000079be241e0,0x000000079c080000)
  to   space 16384K, 0% used [0x000000079a180000,0x000000079a180000,0x000000079b180000)
 ParOldGen       total 66560K, used 16242K [0x0000000740000000, 0x0000000744100000, 0x0000000795580000)
  object space 66560K, 24% used [0x0000000740000000,0x0000000740fdcb40,0x0000000744100000)
 Metaspace       used 34255K, capacity 35298K, committed 35416K, reserved 1079296K
  class space    used 4776K, capacity 5196K, committed 5248K, reserved 1048576K
Event: 12.339 GC heap after
Heap after GC invocations=12 (full 2):
 PSYoungGen      total 93184K, used 0K [0x0000000795580000, 0x000000079ca80000, 0x00000007c0000000)
  eden space 77824K, 0% used [0x0000000795580000,0x0000000795580000,0x000000079a180000)
  from space 15360K, 0% used [0x000000079b180000,0x000000079b180000,0x000000079c080000)
  to   space 16384K, 0% used [0x000000079a180000,0x000000079a180000,0x000000079b180000)
 ParOldGen       total 106496K, used 23772K [0x0000000740000000, 0x0000000746800000, 0x0000000795580000)
  object space 106496K, 22% used [0x0000000740000000,0x0000000741737320,0x0000000746800000)
 Metaspace       used 34255K, capacity 35298K, committed 35416K, reserved 1079296K
  class space    used 4776K, capacity 5196K, committed 5248K, reserved 1048576K
}
Event: 14.702 GC heap before
{Heap before GC invocations=13 (full 2):
 PSYoungGen      total 93184K, used 77824K [0x0000000795580000, 0x000000079ca80000, 0x00000007c0000000)
  eden space 77824K, 100% used [0x0000000795580000,0x000000079a180000,0x000000079a180000)
  from space 15360K, 0% used [0x000000079b180000,0x000000079b180000,0x000000079c080000)
  to   space 16384K, 0% used [0x000000079a180000,0x000000079a180000,0x000000079b180000)
 ParOldGen       total 106496K, used 23772K [0x0000000740000000, 0x0000000746800000, 0x0000000795580000)
  object space 106496K, 22% used [0x0000000740000000,0x0000000741737320,0x0000000746800000)
 Metaspace       used 35686K, capacity 36650K, committed 36952K, reserved 1081344K
  class space    used 4967K, capacity 5382K, committed 5504K, reserved 1048576K
Event: 14.722 GC heap after
Heap after GC invocations=13 (full 2):
 PSYoungGen      total 94208K, used 7672K [0x0000000795580000, 0x000000079d880000, 0x00000007c0000000)
  eden space 77824K, 0% used [0x0000000795580000,0x0000000795580000,0x000000079a180000)
  from space 16384K, 46% used [0x000000079a180000,0x000000079a8fe3f0,0x000000079b180000)
  to   space 15872K, 0% used [0x000000079c900000,0x000000079c900000,0x000000079d880000)
 ParOldGen       total 106496K, used 23780K [0x0000000740000000, 0x0000000746800000, 0x0000000795580000)
  object space 106496K, 22% used [0x0000000740000000,0x0000000741739320,0x0000000746800000)
 Metaspace       used 35686K, capacity 36650K, committed 36952K, reserved 1081344K
  class space    used 4967K, capacity 5382K, committed 5504K, reserved 1048576K
}

