# JRE version: Java(TM) SE Runtime Environment (8.0_101-b13) (build 1.8.0_101-b13)
# Java VM: Java HotSpot(TM) 64-Bit Server VM (25.101-b13 mixed mode bsd-amd64 compressed oops)
Heap:
 PSYoungGen      total 216064K, used 52463K [0x0000000795580000, 0x00000007a9180000, 0x00000007c0000000)
  eden space 198144K, 17% used [0x0000000795580000,0x000000079774f960,0x00000007a1700000)
  from space 17920K, 99% used [0x00000007a1700000,0x00000007a286c510,0x00000007a2880000)
  to   space 20992K, 0% used [0x00000007a7d00000,0x00000007a7d00000,0x00000007a9180000)
 ParOldGen       total 113152K, used 27280K [0x0000000740000000, 0x0000000746e80000, 0x0000000795580000)
  object space 113152K, 24% used [0x0000000740000000,0x0000000741aa4118,0x0000000746e80000)
 Metaspace       used 39499K, capacity 40744K, committed 40920K, reserved 1083392K
  class space    used 5544K, capacity 6077K, committed 6144K, reserved 1048576K
GC Heap History (10 events):
Event: 2.577 GC heap before
{Heap before GC invocations=5 (full 1):
 PSYoungGen      total 138240K, used 5088K [0x0000000795580000, 0x000000079e180000, 0x00000007c0000000)
  eden space 133120K, 0% used [0x0000000795580000,0x0000000795580000,0x000000079d780000)
  from space 5120K, 99% used [0x000000079dc80000,0x000000079e178060,0x000000079e180000)
  to   space 5120K, 0% used [0x000000079d780000,0x000000079d780000,0x000000079dc80000)
 ParOldGen       total 87552K, used 9367K [0x0000000740000000, 0x0000000745580000, 0x0000000795580000)
  object space 87552K, 10% used [0x0000000740000000,0x0000000740925d78,0x0000000745580000)
 Metaspace       used 20774K, capacity 21118K, committed 21248K, reserved 1067008K
  class space    used 2825K, capacity 2978K, committed 3072K, reserved 1048576K
Event: 2.626 GC heap after
Heap after GC invocations=5 (full 1):
 PSYoungGen      total 138240K, used 0K [0x0000000795580000, 0x000000079e180000, 0x00000007c0000000)
  eden space 133120K, 0% used [0x0000000795580000,0x0000000795580000,0x000000079d780000)
  from space 5120K, 0% used [0x000000079dc80000,0x000000079dc80000,0x000000079e180000)
  to   space 5120K, 0% used [0x000000079d780000,0x000000079d780000,0x000000079dc80000)
 ParOldGen       total 63488K, used 8909K [0x0000000740000000, 0x0000000743e00000, 0x0000000795580000)
  object space 63488K, 14% used [0x0000000740000000,0x00000007408b34e8,0x0000000743e00000)
 Metaspace       used 20774K, capacity 21118K, committed 21248K, reserved 1067008K
  class space    used 2825K, capacity 2978K, committed 3072K, reserved 1048576K
}
Event: 4.725 GC heap before
{Heap before GC invocations=6 (full 1):
 PSYoungGen      total 138240K, used 133120K [0x0000000795580000, 0x000000079e180000, 0x00000007c0000000)
  eden space 133120K, 100% used [0x0000000795580000,0x000000079d780000,0x000000079d780000)
  from space 5120K, 0% used [0x000000079dc80000,0x000000079dc80000,0x000000079e180000)
  to   space 5120K, 0% used [0x000000079d780000,0x000000079d780000,0x000000079dc80000)
 ParOldGen       total 63488K, used 8909K [0x0000000740000000, 0x0000000743e00000, 0x0000000795580000)
  object space 63488K, 14% used [0x0000000740000000,0x00000007408b34e8,0x0000000743e00000)
 Metaspace       used 29560K, capacity 30386K, committed 30464K, reserved 1075200K
  class space    used 4054K, capacity 4349K, committed 4352K, reserved 1048576K
Event: 4.746 GC heap after
Heap after GC invocations=6 (full 1):
 PSYoungGen      total 138240K, used 5120K [0x0000000795580000, 0x00000007a3780000, 0x00000007c0000000)
  eden space 133120K, 0% used [0x0000000795580000,0x0000000795580000,0x000000079d780000)
  from space 5120K, 100% used [0x000000079d780000,0x000000079dc80000,0x000000079dc80000)
  to   space 15360K, 0% used [0x00000007a2880000,0x00000007a2880000,0x00000007a3780000)
 ParOldGen       total 63488K, used 18375K [0x0000000740000000, 0x0000000743e00000, 0x0000000795580000)
  object space 63488K, 28% used [0x0000000740000000,0x00000007411f1c00,0x0000000743e00000)
 Metaspace       used 29560K, capacity 30386K, committed 30464K, reserved 1075200K
  class space    used 4054K, capacity 4349K, committed 4352K, reserved 1048576K
}
Event: 5.682 GC heap before
{Heap before GC invocations=7 (full 1):
 PSYoungGen      total 138240K, used 84546K [0x0000000795580000, 0x00000007a3780000, 0x00000007c0000000)
  eden space 133120K, 59% used [0x0000000795580000,0x000000079a310830,0x000000079d780000)
  from space 5120K, 100% used [0x000000079d780000,0x000000079dc80000,0x000000079dc80000)
  to   space 15360K, 0% used [0x00000007a2880000,0x00000007a2880000,0x00000007a3780000)
 ParOldGen       total 63488K, used 18375K [0x0000000740000000, 0x0000000743e00000, 0x0000000795580000)
  object space 63488K, 28% used [0x0000000740000000,0x00000007411f1c00,0x0000000743e00000)
 Metaspace       used 34251K, capacity 35272K, committed 35416K, reserved 1079296K
  class space    used 4767K, capacity 5166K, committed 5248K, reserved 1048576K
Event: 5.708 GC heap after
Heap after GC invocations=7 (full 1):
 PSYoungGen      total 213504K, used 15348K [0x0000000795580000, 0x00000007a4000000, 0x00000007c0000000)
  eden space 198144K, 0% used [0x0000000795580000,0x0000000795580000,0x00000007a1700000)
  from space 15360K, 99% used [0x00000007a2880000,0x00000007a377d000,0x00000007a3780000)
  to   space 17920K, 0% used [0x00000007a1700000,0x00000007a1700000,0x00000007a2880000)
 ParOldGen       total 63488K, used 18549K [0x0000000740000000, 0x0000000743e00000, 0x0000000795580000)
  object space 63488K, 29% used [0x0000000740000000,0x000000074121d560,0x0000000743e00000)
 Metaspace       used 34251K, capacity 35272K, committed 35416K, reserved 1079296K
  class space    used 4767K, capacity 5166K, committed 5248K, reserved 1048576K
}
Event: 5.708 GC heap before
{Heap before GC invocations=8 (full 2):
 PSYoungGen      total 213504K, used 15348K [0x0000000795580000, 0x00000007a4000000, 0x00000007c0000000)
  eden space 198144K, 0% used [0x0000000795580000,0x0000000795580000,0x00000007a1700000)
  from space 15360K, 99% used [0x00000007a2880000,0x00000007a377d000,0x00000007a3780000)
  to   space 17920K, 0% used [0x00000007a1700000,0x00000007a1700000,0x00000007a2880000)
 ParOldGen       total 63488K, used 18549K [0x0000000740000000, 0x0000000743e00000, 0x0000000795580000)
  object space 63488K, 29% used [0x0000000740000000,0x000000074121d560,0x0000000743e00000)
 Metaspace       used 34251K, capacity 35272K, committed 35416K, reserved 1079296K
  class space    used 4767K, capacity 5166K, committed 5248K, reserved 1048576K
Event: 5.813 GC heap after
Heap after GC invocations=8 (full 2):
 PSYoungGen      total 213504K, used 0K [0x0000000795580000, 0x00000007a4000000, 0x00000007c0000000)
  eden space 198144K, 0% used [0x0000000795580000,0x0000000795580000,0x00000007a1700000)
  from space 15360K, 0% used [0x00000007a2880000,0x00000007a2880000,0x00000007a3780000)
  to   space 17920K, 0% used [0x00000007a1700000,0x00000007a1700000,0x00000007a2880000)
 ParOldGen       total 113152K, used 27272K [0x0000000740000000, 0x0000000746e80000, 0x0000000795580000)
  object space 113152K, 24% used [0x0000000740000000,0x0000000741aa2118,0x0000000746e80000)
 Metaspace       used 34251K, capacity 35272K, committed 35416K, reserved 1079296K
  class space    used 4767K, capacity 5166K, committed 5248K, reserved 1048576K
}
Event: 7.925 GC heap before
{Heap before GC invocations=9 (full 2):
 PSYoungGen      total 213504K, used 198144K [0x0000000795580000, 0x00000007a4000000, 0x00000007c0000000)
  eden space 198144K, 100% used [0x0000000795580000,0x00000007a1700000,0x00000007a1700000)
  from space 15360K, 0% used [0x00000007a2880000,0x00000007a2880000,0x00000007a3780000)
  to   space 17920K, 0% used [0x00000007a1700000,0x00000007a1700000,0x00000007a2880000)
 ParOldGen       total 113152K, used 27272K [0x0000000740000000, 0x0000000746e80000, 0x0000000795580000)
  object space 113152K, 24% used [0x0000000740000000,0x0000000741aa2118,0x0000000746e80000)
 Metaspace       used 39130K, capacity 40330K, committed 40664K, reserved 1083392K
  class space    used 5503K, capacity 6028K, committed 6144K, reserved 1048576K
Event: 7.952 GC heap after
Heap after GC invocations=9 (full 2):
 PSYoungGen      total 216064K, used 17841K [0x0000000795580000, 0x00000007a9180000, 0x00000007c0000000)
  eden space 198144K, 0% used [0x0000000795580000,0x0000000795580000,0x00000007a1700000)
  from space 17920K, 99% used [0x00000007a1700000,0x00000007a286c510,0x00000007a2880000)
  to   space 20992K, 0% used [0x00000007a7d00000,0x00000007a7d00000,0x00000007a9180000)
 ParOldGen       total 113152K, used 27280K [0x0000000740000000, 0x0000000746e80000, 0x0000000795580000)
  object space 113152K, 24% used [0x0000000740000000,0x0000000741aa4118,0x0000000746e80000)
 Metaspace       used 39130K, capacity 40330K, committed 40664K, reserved 1083392K
  class space    used 5503K, capacity 6028K, committed 6144K, reserved 1048576K
}

