# JRE version: Java(TM) SE Runtime Environment (8.0_101-b13) (build 1.8.0_101-b13)
# Java VM: Java HotSpot(TM) 64-Bit Server VM (25.101-b13 mixed mode bsd-amd64 compressed oops)
Heap:
 PSYoungGen      total 166912K, used 118019K [0x0000000795580000, 0x00000007a3a80000, 0x00000007c0000000)
  eden space 152576K, 77% used [0x0000000795580000,0x000000079c8c0dc0,0x000000079ea80000)
  from space 14336K, 0% used [0x000000079fa80000,0x000000079fa80000,0x00000007a0880000)
  to   space 16384K, 0% used [0x000000079ea80000,0x000000079ea80000,0x000000079fa80000)
 ParOldGen       total 105984K, used 24544K [0x0000000740000000, 0x0000000746780000, 0x0000000795580000)
  object space 105984K, 23% used [0x0000000740000000,0x00000007417f8138,0x0000000746780000)
 Metaspace       used 36409K, capacity 37416K, committed 37464K, reserved 1081344K
  class space    used 5074K, capacity 5465K, committed 5504K, reserved 1048576K
GC Heap History (10 events):
Event: 2.961 GC heap before
{Heap before GC invocations=6 (full 1):
 PSYoungGen      total 71680K, used 5104K [0x0000000795580000, 0x000000079ea80000, 0x00000007c0000000)
  eden space 66560K, 0% used [0x0000000795580000,0x0000000795580000,0x0000000799680000)
  from space 5120K, 99% used [0x0000000799680000,0x0000000799b7c050,0x0000000799b80000)
  to   space 9728K, 0% used [0x000000079e100000,0x000000079e100000,0x000000079ea80000)
 ParOldGen       total 87552K, used 9413K [0x0000000740000000, 0x0000000745580000, 0x0000000795580000)
  object space 87552K, 10% used [0x0000000740000000,0x00000007409317b0,0x0000000745580000)
 Metaspace       used 20779K, capacity 21118K, committed 21248K, reserved 1067008K
  class space    used 2828K, capacity 2978K, committed 3072K, reserved 1048576K
Event: 3.016 GC heap after
Heap after GC invocations=6 (full 1):
 PSYoungGen      total 71680K, used 0K [0x0000000795580000, 0x000000079ea80000, 0x00000007c0000000)
  eden space 66560K, 0% used [0x0000000795580000,0x0000000795580000,0x0000000799680000)
  from space 5120K, 0% used [0x0000000799680000,0x0000000799680000,0x0000000799b80000)
  to   space 9728K, 0% used [0x000000079e100000,0x000000079e100000,0x000000079ea80000)
 ParOldGen       total 60416K, used 8896K [0x0000000740000000, 0x0000000743b00000, 0x0000000795580000)
  object space 60416K, 14% used [0x0000000740000000,0x00000007408b00a0,0x0000000743b00000)
 Metaspace       used 20779K, capacity 21118K, committed 21248K, reserved 1067008K
  class space    used 2828K, capacity 2978K, committed 3072K, reserved 1048576K
}
Event: 4.541 GC heap before
{Heap before GC invocations=7 (full 1):
 PSYoungGen      total 71680K, used 66560K [0x0000000795580000, 0x000000079ea80000, 0x00000007c0000000)
  eden space 66560K, 100% used [0x0000000795580000,0x0000000799680000,0x0000000799680000)
  from space 5120K, 0% used [0x0000000799680000,0x0000000799680000,0x0000000799b80000)
  to   space 9728K, 0% used [0x000000079e100000,0x000000079e100000,0x000000079ea80000)
 ParOldGen       total 60416K, used 8896K [0x0000000740000000, 0x0000000743b00000, 0x0000000795580000)
  object space 60416K, 14% used [0x0000000740000000,0x00000007408b00a0,0x0000000743b00000)
 Metaspace       used 25356K, capacity 26048K, committed 26240K, reserved 1071104K
  class space    used 3435K, capacity 3673K, committed 3712K, reserved 1048576K
Event: 4.550 GC heap after
Heap after GC invocations=7 (full 1):
 PSYoungGen      total 108544K, used 6015K [0x0000000795580000, 0x000000079e700000, 0x00000007c0000000)
  eden space 102400K, 0% used [0x0000000795580000,0x0000000795580000,0x000000079b980000)
  from space 6144K, 97% used [0x000000079e100000,0x000000079e6dfed8,0x000000079e700000)
  to   space 9728K, 0% used [0x000000079d400000,0x000000079d400000,0x000000079dd80000)
 ParOldGen       total 60416K, used 8968K [0x0000000740000000, 0x0000000743b00000, 0x0000000795580000)
  object space 60416K, 14% used [0x0000000740000000,0x00000007408c20b0,0x0000000743b00000)
 Metaspace       used 25356K, capacity 26048K, committed 26240K, reserved 1071104K
  class space    used 3435K, capacity 3673K, committed 3712K, reserved 1048576K
}
Event: 6.306 GC heap before
{Heap before GC invocations=8 (full 1):
 PSYoungGen      total 108544K, used 108415K [0x0000000795580000, 0x000000079e700000, 0x00000007c0000000)
  eden space 102400K, 100% used [0x0000000795580000,0x000000079b980000,0x000000079b980000)
  from space 6144K, 97% used [0x000000079e100000,0x000000079e6dfed8,0x000000079e700000)
  to   space 9728K, 0% used [0x000000079d400000,0x000000079d400000,0x000000079dd80000)
 ParOldGen       total 60416K, used 8968K [0x0000000740000000, 0x0000000743b00000, 0x0000000795580000)
  object space 60416K, 14% used [0x0000000740000000,0x00000007408c20b0,0x0000000743b00000)
 Metaspace       used 32198K, capacity 33126K, committed 33408K, reserved 1077248K
  class space    used 4482K, capacity 4874K, committed 4992K, reserved 1048576K
Event: 6.329 GC heap after
Heap after GC invocations=8 (full 1):
 PSYoungGen      total 139264K, used 9700K [0x0000000795580000, 0x00000007a0880000, 0x00000007c0000000)
  eden space 129536K, 0% used [0x0000000795580000,0x0000000795580000,0x000000079d400000)
  from space 9728K, 99% used [0x000000079d400000,0x000000079dd79020,0x000000079dd80000)
  to   space 14336K, 0% used [0x000000079fa80000,0x000000079fa80000,0x00000007a0880000)
 ParOldGen       total 60416K, used 16412K [0x0000000740000000, 0x0000000743b00000, 0x0000000795580000)
  object space 60416K, 27% used [0x0000000740000000,0x0000000741007388,0x0000000743b00000)
 Metaspace       used 32198K, capacity 33126K, committed 33408K, reserved 1077248K
  class space    used 4482K, capacity 4874K, committed 4992K, reserved 1048576K
}
Event: 7.094 GC heap before
{Heap before GC invocations=9 (full 1):
 PSYoungGen      total 139264K, used 53454K [0x0000000795580000, 0x00000007a0880000, 0x00000007c0000000)
  eden space 129536K, 33% used [0x0000000795580000,0x000000079803aad0,0x000000079d400000)
  from space 9728K, 99% used [0x000000079d400000,0x000000079dd79020,0x000000079dd80000)
  to   space 14336K, 0% used [0x000000079fa80000,0x000000079fa80000,0x00000007a0880000)
 ParOldGen       total 60416K, used 16412K [0x0000000740000000, 0x0000000743b00000, 0x0000000795580000)
  object space 60416K, 27% used [0x0000000740000000,0x0000000741007388,0x0000000743b00000)
 Metaspace       used 34365K, capacity 35304K, committed 35416K, reserved 1079296K
  class space    used 4789K, capacity 5198K, committed 5248K, reserved 1048576K
Event: 7.121 GC heap after
Heap after GC invocations=9 (full 1):
 PSYoungGen      total 166912K, used 14307K [0x0000000795580000, 0x00000007a3a80000, 0x00000007c0000000)
  eden space 152576K, 0% used [0x0000000795580000,0x0000000795580000,0x000000079ea80000)
  from space 14336K, 99% used [0x000000079fa80000,0x00000007a0878e70,0x00000007a0880000)
  to   space 16384K, 0% used [0x000000079ea80000,0x000000079ea80000,0x000000079fa80000)
 ParOldGen       total 60416K, used 16557K [0x0000000740000000, 0x0000000743b00000, 0x0000000795580000)
  object space 60416K, 27% used [0x0000000740000000,0x000000074102b660,0x0000000743b00000)
 Metaspace       used 34365K, capacity 35304K, committed 35416K, reserved 1079296K
  class space    used 4789K, capacity 5198K, committed 5248K, reserved 1048576K
}
Event: 7.121 GC heap before
{Heap before GC invocations=10 (full 2):
 PSYoungGen      total 166912K, used 14307K [0x0000000795580000, 0x00000007a3a80000, 0x00000007c0000000)
  eden space 152576K, 0% used [0x0000000795580000,0x0000000795580000,0x000000079ea80000)
  from space 14336K, 99% used [0x000000079fa80000,0x00000007a0878e70,0x00000007a0880000)
  to   space 16384K, 0% used [0x000000079ea80000,0x000000079ea80000,0x000000079fa80000)
 ParOldGen       total 60416K, used 16557K [0x0000000740000000, 0x0000000743b00000, 0x0000000795580000)
  object space 60416K, 27% used [0x0000000740000000,0x000000074102b660,0x0000000743b00000)
 Metaspace       used 34365K, capacity 35304K, committed 35416K, reserved 1079296K
  class space    used 4789K, capacity 5198K, committed 5248K, reserved 1048576K
Event: 7.304 GC heap after
Heap after GC invocations=10 (full 2):
 PSYoungGen      total 166912K, used 0K [0x0000000795580000, 0x00000007a3a80000, 0x00000007c0000000)
  eden space 152576K, 0% used [0x0000000795580000,0x0000000795580000,0x000000079ea80000)
  from space 14336K, 0% used [0x000000079fa80000,0x000000079fa80000,0x00000007a0880000)
  to   space 16384K, 0% used [0x000000079ea80000,0x000000079ea80000,0x000000079fa80000)
 ParOldGen       total 105984K, used 24544K [0x0000000740000000, 0x0000000746780000, 0x0000000795580000)
  object space 105984K, 23% used [0x0000000740000000,0x00000007417f8138,0x0000000746780000)
 Metaspace       used 34365K, capacity 35304K, committed 35416K, reserved 1079296K
  class space    used 4789K, capacity 5198K, committed 5248K, reserved 1048576K
}

