# JRE version: Java(TM) SE Runtime Environment (8.0_101-b13) (build 1.8.0_101-b13)
# Java VM: Java HotSpot(TM) 64-Bit Server VM (25.101-b13 mixed mode bsd-amd64 compressed oops)
Heap:
 PSYoungGen      total 169472K, used 91400K [0x0000000795580000, 0x00000007a3400000, 0x00000007c0000000)
  eden space 153088K, 49% used [0x0000000795580000,0x0000000799f1acb0,0x000000079eb00000)
  from space 16384K, 97% used [0x000000079eb00000,0x000000079faa7688,0x000000079fb00000)
  to   space 18432K, 0% used [0x00000007a2200000,0x00000007a2200000,0x00000007a3400000)
 ParOldGen       total 106496K, used 24566K [0x0000000740000000, 0x0000000746800000, 0x0000000795580000)
  object space 106496K, 23% used [0x0000000740000000,0x00000007417fdb78,0x0000000746800000)
 Metaspace       used 39488K, capacity 40744K, committed 40920K, reserved 1083392K
  class space    used 5555K, capacity 6077K, committed 6144K, reserved 1048576K
GC Heap History (10 events):
Event: 3.070 GC heap before
{Heap before GC invocations=7 (full 1):
 PSYoungGen      total 71680K, used 66560K [0x0000000795580000, 0x000000079ea80000, 0x00000007c0000000)
  eden space 66560K, 100% used [0x0000000795580000,0x0000000799680000,0x0000000799680000)
  from space 5120K, 0% used [0x0000000799680000,0x0000000799680000,0x0000000799b80000)
  to   space 9728K, 0% used [0x000000079e100000,0x000000079e100000,0x000000079ea80000)
 ParOldGen       total 60928K, used 8893K [0x0000000740000000, 0x0000000743b80000, 0x0000000795580000)
  object space 60928K, 14% used [0x0000000740000000,0x00000007408af7b8,0x0000000743b80000)
 Metaspace       used 25320K, capacity 25952K, committed 26240K, reserved 1071104K
  class space    used 3431K, capacity 3641K, committed 3712K, reserved 1048576K
Event: 3.079 GC heap after
Heap after GC invocations=7 (full 1):
 PSYoungGen      total 108544K, used 5986K [0x0000000795580000, 0x000000079e700000, 0x00000007c0000000)
  eden space 102400K, 0% used [0x0000000795580000,0x0000000795580000,0x000000079b980000)
  from space 6144K, 97% used [0x000000079e100000,0x000000079e6d8a08,0x000000079e700000)
  to   space 9728K, 0% used [0x000000079d400000,0x000000079d400000,0x000000079dd80000)
 ParOldGen       total 60928K, used 8965K [0x0000000740000000, 0x0000000743b80000, 0x0000000795580000)
  object space 60928K, 14% used [0x0000000740000000,0x00000007408c17c8,0x0000000743b80000)
 Metaspace       used 25320K, capacity 25952K, committed 26240K, reserved 1071104K
  class space    used 3431K, capacity 3641K, committed 3712K, reserved 1048576K
}
Event: 4.191 GC heap before
{Heap before GC invocations=8 (full 1):
 PSYoungGen      total 108544K, used 108386K [0x0000000795580000, 0x000000079e700000, 0x00000007c0000000)
  eden space 102400K, 100% used [0x0000000795580000,0x000000079b980000,0x000000079b980000)
  from space 6144K, 97% used [0x000000079e100000,0x000000079e6d8a08,0x000000079e700000)
  to   space 9728K, 0% used [0x000000079d400000,0x000000079d400000,0x000000079dd80000)
 ParOldGen       total 60928K, used 8965K [0x0000000740000000, 0x0000000743b80000, 0x0000000795580000)
  object space 60928K, 14% used [0x0000000740000000,0x00000007408c17c8,0x0000000743b80000)
 Metaspace       used 32161K, capacity 33126K, committed 33408K, reserved 1077248K
  class space    used 4480K, capacity 4874K, committed 4992K, reserved 1048576K
Event: 4.210 GC heap after
Heap after GC invocations=8 (full 1):
 PSYoungGen      total 139264K, used 9716K [0x0000000795580000, 0x00000007a0900000, 0x00000007c0000000)
  eden space 129536K, 0% used [0x0000000795580000,0x0000000795580000,0x000000079d400000)
  from space 9728K, 99% used [0x000000079d400000,0x000000079dd7d010,0x000000079dd80000)
  to   space 14336K, 0% used [0x000000079fb00000,0x000000079fb00000,0x00000007a0900000)
 ParOldGen       total 60928K, used 16428K [0x0000000740000000, 0x0000000743b80000, 0x0000000795580000)
  object space 60928K, 26% used [0x0000000740000000,0x000000074100b300,0x0000000743b80000)
 Metaspace       used 32161K, capacity 33126K, committed 33408K, reserved 1077248K
  class space    used 4480K, capacity 4874K, committed 4992K, reserved 1048576K
}
Event: 4.634 GC heap before
{Heap before GC invocations=9 (full 1):
 PSYoungGen      total 139264K, used 53426K [0x0000000795580000, 0x00000007a0900000, 0x00000007c0000000)
  eden space 129536K, 33% used [0x0000000795580000,0x000000079802f858,0x000000079d400000)
  from space 9728K, 99% used [0x000000079d400000,0x000000079dd7d010,0x000000079dd80000)
  to   space 14336K, 0% used [0x000000079fb00000,0x000000079fb00000,0x00000007a0900000)
 ParOldGen       total 60928K, used 16428K [0x0000000740000000, 0x0000000743b80000, 0x0000000795580000)
  object space 60928K, 26% used [0x0000000740000000,0x000000074100b300,0x0000000743b80000)
 Metaspace       used 34351K, capacity 35304K, committed 35416K, reserved 1079296K
  class space    used 4791K, capacity 5198K, committed 5248K, reserved 1048576K
Event: 4.656 GC heap after
Heap after GC invocations=9 (full 1):
 PSYoungGen      total 167424K, used 14315K [0x0000000795580000, 0x00000007a3d00000, 0x00000007c0000000)
  eden space 153088K, 0% used [0x0000000795580000,0x0000000795580000,0x000000079eb00000)
  from space 14336K, 99% used [0x000000079fb00000,0x00000007a08fae18,0x00000007a0900000)
  to   space 16384K, 0% used [0x000000079eb00000,0x000000079eb00000,0x000000079fb00000)
 ParOldGen       total 60928K, used 16581K [0x0000000740000000, 0x0000000743b80000, 0x0000000795580000)
  object space 60928K, 27% used [0x0000000740000000,0x0000000741031658,0x0000000743b80000)
 Metaspace       used 34351K, capacity 35304K, committed 35416K, reserved 1079296K
  class space    used 4791K, capacity 5198K, committed 5248K, reserved 1048576K
}
Event: 4.656 GC heap before
{Heap before GC invocations=10 (full 2):
 PSYoungGen      total 167424K, used 14315K [0x0000000795580000, 0x00000007a3d00000, 0x00000007c0000000)
  eden space 153088K, 0% used [0x0000000795580000,0x0000000795580000,0x000000079eb00000)
  from space 14336K, 99% used [0x000000079fb00000,0x00000007a08fae18,0x00000007a0900000)
  to   space 16384K, 0% used [0x000000079eb00000,0x000000079eb00000,0x000000079fb00000)
 ParOldGen       total 60928K, used 16581K [0x0000000740000000, 0x0000000743b80000, 0x0000000795580000)
  object space 60928K, 27% used [0x0000000740000000,0x0000000741031658,0x0000000743b80000)
 Metaspace       used 34351K, capacity 35304K, committed 35416K, reserved 1079296K
  class space    used 4791K, capacity 5198K, committed 5248K, reserved 1048576K
Event: 4.790 GC heap after
Heap after GC invocations=10 (full 2):
 PSYoungGen      total 167424K, used 0K [0x0000000795580000, 0x00000007a3d00000, 0x00000007c0000000)
  eden space 153088K, 0% used [0x0000000795580000,0x0000000795580000,0x000000079eb00000)
  from space 14336K, 0% used [0x000000079fb00000,0x000000079fb00000,0x00000007a0900000)
  to   space 16384K, 0% used [0x000000079eb00000,0x000000079eb00000,0x000000079fb00000)
 ParOldGen       total 106496K, used 24558K [0x0000000740000000, 0x0000000746800000, 0x0000000795580000)
  object space 106496K, 23% used [0x0000000740000000,0x00000007417fbb78,0x0000000746800000)
 Metaspace       used 34351K, capacity 35304K, committed 35416K, reserved 1079296K
  class space    used 4791K, capacity 5198K, committed 5248K, reserved 1048576K
}
Event: 6.252 GC heap before
{Heap before GC invocations=11 (full 2):
 PSYoungGen      total 167424K, used 153088K [0x0000000795580000, 0x00000007a3d00000, 0x00000007c0000000)
  eden space 153088K, 100% used [0x0000000795580000,0x000000079eb00000,0x000000079eb00000)
  from space 14336K, 0% used [0x000000079fb00000,0x000000079fb00000,0x00000007a0900000)
  to   space 16384K, 0% used [0x000000079eb00000,0x000000079eb00000,0x000000079fb00000)
 ParOldGen       total 106496K, used 24558K [0x0000000740000000, 0x0000000746800000, 0x0000000795580000)
  object space 106496K, 23% used [0x0000000740000000,0x00000007417fbb78,0x0000000746800000)
 Metaspace       used 37469K, capacity 38618K, committed 38744K, reserved 1083392K
  class space    used 5251K, capacity 5702K, committed 5760K, reserved 1048576K
Event: 6.278 GC heap after
Heap after GC invocations=11 (full 2):
 PSYoungGen      total 169472K, used 16029K [0x0000000795580000, 0x00000007a3400000, 0x00000007c0000000)
  eden space 153088K, 0% used [0x0000000795580000,0x0000000795580000,0x000000079eb00000)
  from space 16384K, 97% used [0x000000079eb00000,0x000000079faa7688,0x000000079fb00000)
  to   space 18432K, 0% used [0x00000007a2200000,0x00000007a2200000,0x00000007a3400000)
 ParOldGen       total 106496K, used 24566K [0x0000000740000000, 0x0000000746800000, 0x0000000795580000)
  object space 106496K, 23% used [0x0000000740000000,0x00000007417fdb78,0x0000000746800000)
 Metaspace       used 37469K, capacity 38618K, committed 38744K, reserved 1083392K
  class space    used 5251K, capacity 5702K, committed 5760K, reserved 1048576K
}

