# JRE version: Java(TM) SE Runtime Environment (8.0_101-b13) (build 1.8.0_101-b13)
# Java VM: Java HotSpot(TM) 64-Bit Server VM (25.101-b13 mixed mode bsd-amd64 compressed oops)
Heap:
 PSYoungGen      total 165888K, used 102373K [0x0000000795580000, 0x00000007a3180000, 0x00000007c0000000)
  eden space 149504K, 58% used [0x0000000795580000,0x000000079aa53370,0x000000079e780000)
  from space 16384K, 94% used [0x000000079e780000,0x000000079f6a6400,0x000000079f780000)
  to   space 18432K, 0% used [0x00000007a1f80000,0x00000007a1f80000,0x00000007a3180000)
 ParOldGen       total 107008K, used 24576K [0x0000000740000000, 0x0000000746880000, 0x0000000795580000)
  object space 107008K, 22% used [0x0000000740000000,0x0000000741800330,0x0000000746880000)
 Metaspace       used 39760K, capacity 40970K, committed 41176K, reserved 1085440K
  class space    used 5594K, capacity 6110K, committed 6144K, reserved 1048576K
GC Heap History (10 events):
Event: 3.253 GC heap before
{Heap before GC invocations=7 (full 1):
 PSYoungGen      total 71680K, used 66560K [0x0000000795580000, 0x000000079ea80000, 0x00000007c0000000)
  eden space 66560K, 100% used [0x0000000795580000,0x0000000799680000,0x0000000799680000)
  from space 5120K, 0% used [0x0000000799680000,0x0000000799680000,0x0000000799b80000)
  to   space 9728K, 0% used [0x000000079e100000,0x000000079e100000,0x000000079ea80000)
 ParOldGen       total 61952K, used 8893K [0x0000000740000000, 0x0000000743c80000, 0x0000000795580000)
  object space 61952K, 14% used [0x0000000740000000,0x00000007408af7c0,0x0000000743c80000)
 Metaspace       used 25324K, capacity 25984K, committed 26240K, reserved 1071104K
  class space    used 3433K, capacity 3673K, committed 3712K, reserved 1048576K
Event: 3.264 GC heap after
Heap after GC invocations=7 (full 1):
 PSYoungGen      total 107008K, used 6022K [0x0000000795580000, 0x000000079e700000, 0x00000007c0000000)
  eden space 100864K, 0% used [0x0000000795580000,0x0000000795580000,0x000000079b800000)
  from space 6144K, 98% used [0x000000079e100000,0x000000079e6e1a80,0x000000079e700000)
  to   space 9728K, 0% used [0x000000079d400000,0x000000079d400000,0x000000079dd80000)
 ParOldGen       total 61952K, used 8893K [0x0000000740000000, 0x0000000743c80000, 0x0000000795580000)
  object space 61952K, 14% used [0x0000000740000000,0x00000007408af7c0,0x0000000743c80000)
 Metaspace       used 25324K, capacity 25984K, committed 26240K, reserved 1071104K
  class space    used 3433K, capacity 3673K, committed 3712K, reserved 1048576K
}
Event: 4.496 GC heap before
{Heap before GC invocations=8 (full 1):
 PSYoungGen      total 107008K, used 106886K [0x0000000795580000, 0x000000079e700000, 0x00000007c0000000)
  eden space 100864K, 100% used [0x0000000795580000,0x000000079b800000,0x000000079b800000)
  from space 6144K, 98% used [0x000000079e100000,0x000000079e6e1a80,0x000000079e700000)
  to   space 9728K, 0% used [0x000000079d400000,0x000000079d400000,0x000000079dd80000)
 ParOldGen       total 61952K, used 8893K [0x0000000740000000, 0x0000000743c80000, 0x0000000795580000)
  object space 61952K, 14% used [0x0000000740000000,0x00000007408af7c0,0x0000000743c80000)
 Metaspace       used 32088K, capacity 32974K, committed 33280K, reserved 1077248K
  class space    used 4463K, capacity 4803K, committed 4864K, reserved 1048576K
Event: 4.520 GC heap after
Heap after GC invocations=8 (full 1):
 PSYoungGen      total 139264K, used 9716K [0x0000000795580000, 0x00000007a0580000, 0x00000007c0000000)
  eden space 129536K, 0% used [0x0000000795580000,0x0000000795580000,0x000000079d400000)
  from space 9728K, 99% used [0x000000079d400000,0x000000079dd7d010,0x000000079dd80000)
  to   space 14336K, 0% used [0x000000079f780000,0x000000079f780000,0x00000007a0580000)
 ParOldGen       total 61952K, used 16080K [0x0000000740000000, 0x0000000743c80000, 0x0000000795580000)
  object space 61952K, 25% used [0x0000000740000000,0x0000000740fb43a8,0x0000000743c80000)
 Metaspace       used 32088K, capacity 32974K, committed 33280K, reserved 1077248K
  class space    used 4463K, capacity 4803K, committed 4864K, reserved 1048576K
}
Event: 5.032 GC heap before
{Heap before GC invocations=9 (full 1):
 PSYoungGen      total 139264K, used 55834K [0x0000000795580000, 0x00000007a0580000, 0x00000007c0000000)
  eden space 129536K, 35% used [0x0000000795580000,0x00000007982899d0,0x000000079d400000)
  from space 9728K, 99% used [0x000000079d400000,0x000000079dd7d010,0x000000079dd80000)
  to   space 14336K, 0% used [0x000000079f780000,0x000000079f780000,0x00000007a0580000)
 ParOldGen       total 61952K, used 16080K [0x0000000740000000, 0x0000000743c80000, 0x0000000795580000)
  object space 61952K, 25% used [0x0000000740000000,0x0000000740fb43a8,0x0000000743c80000)
 Metaspace       used 34336K, capacity 35272K, committed 35416K, reserved 1079296K
  class space    used 4786K, capacity 5166K, committed 5248K, reserved 1048576K
Event: 5.053 GC heap after
Heap after GC invocations=9 (full 1):
 PSYoungGen      total 163840K, used 14326K [0x0000000795580000, 0x00000007a3980000, 0x00000007c0000000)
  eden space 149504K, 0% used [0x0000000795580000,0x0000000795580000,0x000000079e780000)
  from space 14336K, 99% used [0x000000079f780000,0x00000007a057d968,0x00000007a0580000)
  to   space 16384K, 0% used [0x000000079e780000,0x000000079e780000,0x000000079f780000)
 ParOldGen       total 61952K, used 16670K [0x0000000740000000, 0x0000000743c80000, 0x0000000795580000)
  object space 61952K, 26% used [0x0000000740000000,0x0000000741047a38,0x0000000743c80000)
 Metaspace       used 34336K, capacity 35272K, committed 35416K, reserved 1079296K
  class space    used 4786K, capacity 5166K, committed 5248K, reserved 1048576K
}
Event: 5.053 GC heap before
{Heap before GC invocations=10 (full 2):
 PSYoungGen      total 163840K, used 14326K [0x0000000795580000, 0x00000007a3980000, 0x00000007c0000000)
  eden space 149504K, 0% used [0x0000000795580000,0x0000000795580000,0x000000079e780000)
  from space 14336K, 99% used [0x000000079f780000,0x00000007a057d968,0x00000007a0580000)
  to   space 16384K, 0% used [0x000000079e780000,0x000000079e780000,0x000000079f780000)
 ParOldGen       total 61952K, used 16670K [0x0000000740000000, 0x0000000743c80000, 0x0000000795580000)
  object space 61952K, 26% used [0x0000000740000000,0x0000000741047a38,0x0000000743c80000)
 Metaspace       used 34336K, capacity 35272K, committed 35416K, reserved 1079296K
  class space    used 4786K, capacity 5166K, committed 5248K, reserved 1048576K
Event: 5.176 GC heap after
Heap after GC invocations=10 (full 2):
 PSYoungGen      total 163840K, used 0K [0x0000000795580000, 0x00000007a3980000, 0x00000007c0000000)
  eden space 149504K, 0% used [0x0000000795580000,0x0000000795580000,0x000000079e780000)
  from space 14336K, 0% used [0x000000079f780000,0x000000079f780000,0x00000007a0580000)
  to   space 16384K, 0% used [0x000000079e780000,0x000000079e780000,0x000000079f780000)
 ParOldGen       total 107008K, used 24568K [0x0000000740000000, 0x0000000746880000, 0x0000000795580000)
  object space 107008K, 22% used [0x0000000740000000,0x00000007417fe330,0x0000000746880000)
 Metaspace       used 34336K, capacity 35272K, committed 35416K, reserved 1079296K
  class space    used 4786K, capacity 5166K, committed 5248K, reserved 1048576K
}
Event: 6.738 GC heap before
{Heap before GC invocations=11 (full 2):
 PSYoungGen      total 163840K, used 149504K [0x0000000795580000, 0x00000007a3980000, 0x00000007c0000000)
  eden space 149504K, 100% used [0x0000000795580000,0x000000079e780000,0x000000079e780000)
  from space 14336K, 0% used [0x000000079f780000,0x000000079f780000,0x00000007a0580000)
  to   space 16384K, 0% used [0x000000079e780000,0x000000079e780000,0x000000079f780000)
 ParOldGen       total 107008K, used 24568K [0x0000000740000000, 0x0000000746880000, 0x0000000795580000)
  object space 107008K, 22% used [0x0000000740000000,0x00000007417fe330,0x0000000746880000)
 Metaspace       used 37113K, capacity 38208K, committed 38488K, reserved 1081344K
  class space    used 5201K, capacity 5693K, committed 5760K, reserved 1048576K
Event: 6.770 GC heap after
Heap after GC invocations=11 (full 2):
 PSYoungGen      total 165888K, used 15513K [0x0000000795580000, 0x00000007a3180000, 0x00000007c0000000)
  eden space 149504K, 0% used [0x0000000795580000,0x0000000795580000,0x000000079e780000)
  from space 16384K, 94% used [0x000000079e780000,0x000000079f6a6400,0x000000079f780000)
  to   space 18432K, 0% used [0x00000007a1f80000,0x00000007a1f80000,0x00000007a3180000)
 ParOldGen       total 107008K, used 24576K [0x0000000740000000, 0x0000000746880000, 0x0000000795580000)
  object space 107008K, 22% used [0x0000000740000000,0x0000000741800330,0x0000000746880000)
 Metaspace       used 37113K, capacity 38208K, committed 38488K, reserved 1081344K
  class space    used 5201K, capacity 5693K, committed 5760K, reserved 1048576K
}

