# JRE version: Java(TM) SE Runtime Environment (8.0_101-b13) (build 1.8.0_101-b13)
# Java VM: Java HotSpot(TM) 64-Bit Server VM (25.101-b13 mixed mode bsd-amd64 compressed oops)
Heap:
 PSYoungGen      total 158720K, used 114469K [0x0000000795580000, 0x00000007a2200000, 0x00000007c0000000)
  eden space 142336K, 70% used [0x0000000795580000,0x000000079b70b1d0,0x000000079e080000)
  from space 16384K, 89% used [0x000000079e080000,0x000000079eebe400,0x000000079f080000)
  to   space 17920K, 0% used [0x00000007a1080000,0x00000007a1080000,0x00000007a2200000)
 ParOldGen       total 111616K, used 24600K [0x0000000740000000, 0x0000000746d00000, 0x0000000795580000)
  object space 111616K, 22% used [0x0000000740000000,0x0000000741806058,0x0000000746d00000)
 Metaspace       used 39951K, capacity 41250K, committed 41560K, reserved 1085440K
  class space    used 5641K, capacity 6210K, committed 6272K, reserved 1048576K
GC Heap History (10 events):
Event: 3.085 GC heap before
{Heap before GC invocations=7 (full 1):
 PSYoungGen      total 71680K, used 66560K [0x0000000795580000, 0x000000079ea80000, 0x00000007c0000000)
  eden space 66560K, 100% used [0x0000000795580000,0x0000000799680000,0x0000000799680000)
  from space 5120K, 0% used [0x0000000799680000,0x0000000799680000,0x0000000799b80000)
  to   space 9728K, 0% used [0x000000079e100000,0x000000079e100000,0x000000079ea80000)
 ParOldGen       total 62976K, used 8892K [0x0000000740000000, 0x0000000743d80000, 0x0000000795580000)
  object space 62976K, 14% used [0x0000000740000000,0x00000007408af1b0,0x0000000743d80000)
 Metaspace       used 25349K, capacity 25952K, committed 26240K, reserved 1071104K
  class space    used 3433K, capacity 3641K, committed 3712K, reserved 1048576K
Event: 3.095 GC heap after
Heap after GC invocations=7 (full 1):
 PSYoungGen      total 104448K, used 6038K [0x0000000795580000, 0x000000079e700000, 0x00000007c0000000)
  eden space 98304K, 0% used [0x0000000795580000,0x0000000795580000,0x000000079b580000)
  from space 6144K, 98% used [0x000000079e100000,0x000000079e6e5a80,0x000000079e700000)
  to   space 9728K, 0% used [0x000000079d400000,0x000000079d400000,0x000000079dd80000)
 ParOldGen       total 62976K, used 8964K [0x0000000740000000, 0x0000000743d80000, 0x0000000795580000)
  object space 62976K, 14% used [0x0000000740000000,0x00000007408c11c0,0x0000000743d80000)
 Metaspace       used 25349K, capacity 25952K, committed 26240K, reserved 1071104K
  class space    used 3433K, capacity 3641K, committed 3712K, reserved 1048576K
}
Event: 4.268 GC heap before
{Heap before GC invocations=8 (full 1):
 PSYoungGen      total 104448K, used 104342K [0x0000000795580000, 0x000000079e700000, 0x00000007c0000000)
  eden space 98304K, 100% used [0x0000000795580000,0x000000079b580000,0x000000079b580000)
  from space 6144K, 98% used [0x000000079e100000,0x000000079e6e5a80,0x000000079e700000)
  to   space 9728K, 0% used [0x000000079d400000,0x000000079d400000,0x000000079dd80000)
 ParOldGen       total 62976K, used 8964K [0x0000000740000000, 0x0000000743d80000, 0x0000000795580000)
  object space 62976K, 14% used [0x0000000740000000,0x00000007408c11c0,0x0000000743d80000)
 Metaspace       used 32046K, capacity 33006K, committed 33280K, reserved 1077248K
  class space    used 4459K, capacity 4835K, committed 4864K, reserved 1048576K
Event: 4.293 GC heap after
Heap after GC invocations=8 (full 1):
 PSYoungGen      total 139264K, used 9716K [0x0000000795580000, 0x000000079fe00000, 0x00000007c0000000)
  eden space 129536K, 0% used [0x0000000795580000,0x0000000795580000,0x000000079d400000)
  from space 9728K, 99% used [0x000000079d400000,0x000000079dd7d010,0x000000079dd80000)
  to   space 13824K, 0% used [0x000000079f080000,0x000000079f080000,0x000000079fe00000)
 ParOldGen       total 62976K, used 15681K [0x0000000740000000, 0x0000000743d80000, 0x0000000795580000)
  object space 62976K, 24% used [0x0000000740000000,0x0000000740f504d0,0x0000000743d80000)
 Metaspace       used 32046K, capacity 33006K, committed 33280K, reserved 1077248K
  class space    used 4459K, capacity 4835K, committed 4864K, reserved 1048576K
}
Event: 4.996 GC heap before
{Heap before GC invocations=9 (full 1):
 PSYoungGen      total 139264K, used 56000K [0x0000000795580000, 0x000000079fe00000, 0x00000007c0000000)
  eden space 129536K, 35% used [0x0000000795580000,0x00000007982b3068,0x000000079d400000)
  from space 9728K, 99% used [0x000000079d400000,0x000000079dd7d010,0x000000079dd80000)
  to   space 13824K, 0% used [0x000000079f080000,0x000000079f080000,0x000000079fe00000)
 ParOldGen       total 62976K, used 15681K [0x0000000740000000, 0x0000000743d80000, 0x0000000795580000)
  object space 62976K, 24% used [0x0000000740000000,0x0000000740f504d0,0x0000000743d80000)
 Metaspace       used 34363K, capacity 35304K, committed 35416K, reserved 1079296K
  class space    used 4789K, capacity 5198K, committed 5248K, reserved 1048576K
Event: 5.020 GC heap after
Heap after GC invocations=9 (full 1):
 PSYoungGen      total 156160K, used 13808K [0x0000000795580000, 0x00000007a3480000, 0x00000007c0000000)
  eden space 142336K, 0% used [0x0000000795580000,0x0000000795580000,0x000000079e080000)
  from space 13824K, 99% used [0x000000079f080000,0x000000079fdfc010,0x000000079fe00000)
  to   space 16384K, 0% used [0x000000079e080000,0x000000079e080000,0x000000079f080000)
 ParOldGen       total 62976K, used 17001K [0x0000000740000000, 0x0000000743d80000, 0x0000000795580000)
  object space 62976K, 26% used [0x0000000740000000,0x000000074109a668,0x0000000743d80000)
 Metaspace       used 34363K, capacity 35304K, committed 35416K, reserved 1079296K
  class space    used 4789K, capacity 5198K, committed 5248K, reserved 1048576K
}
Event: 5.020 GC heap before
{Heap before GC invocations=10 (full 2):
 PSYoungGen      total 156160K, used 13808K [0x0000000795580000, 0x00000007a3480000, 0x00000007c0000000)
  eden space 142336K, 0% used [0x0000000795580000,0x0000000795580000,0x000000079e080000)
  from space 13824K, 99% used [0x000000079f080000,0x000000079fdfc010,0x000000079fe00000)
  to   space 16384K, 0% used [0x000000079e080000,0x000000079e080000,0x000000079f080000)
 ParOldGen       total 62976K, used 17001K [0x0000000740000000, 0x0000000743d80000, 0x0000000795580000)
  object space 62976K, 26% used [0x0000000740000000,0x000000074109a668,0x0000000743d80000)
 Metaspace       used 34363K, capacity 35304K, committed 35416K, reserved 1079296K
  class space    used 4789K, capacity 5198K, committed 5248K, reserved 1048576K
Event: 5.171 GC heap after
Heap after GC invocations=10 (full 2):
 PSYoungGen      total 156160K, used 0K [0x0000000795580000, 0x00000007a3480000, 0x00000007c0000000)
  eden space 142336K, 0% used [0x0000000795580000,0x0000000795580000,0x000000079e080000)
  from space 13824K, 0% used [0x000000079f080000,0x000000079f080000,0x000000079fe00000)
  to   space 16384K, 0% used [0x000000079e080000,0x000000079e080000,0x000000079f080000)
 ParOldGen       total 111616K, used 24592K [0x0000000740000000, 0x0000000746d00000, 0x0000000795580000)
  object space 111616K, 22% used [0x0000000740000000,0x0000000741804058,0x0000000746d00000)
 Metaspace       used 34363K, capacity 35304K, committed 35416K, reserved 1079296K
  class space    used 4789K, capacity 5198K, committed 5248K, reserved 1048576K
}
Event: 6.655 GC heap before
{Heap before GC invocations=11 (full 2):
 PSYoungGen      total 156160K, used 142336K [0x0000000795580000, 0x00000007a3480000, 0x00000007c0000000)
  eden space 142336K, 100% used [0x0000000795580000,0x000000079e080000,0x000000079e080000)
  from space 13824K, 0% used [0x000000079f080000,0x000000079f080000,0x000000079fe00000)
  to   space 16384K, 0% used [0x000000079e080000,0x000000079e080000,0x000000079f080000)
 ParOldGen       total 111616K, used 24592K [0x0000000740000000, 0x0000000746d00000, 0x0000000795580000)
  object space 111616K, 22% used [0x0000000740000000,0x0000000741804058,0x0000000746d00000)
 Metaspace       used 36913K, capacity 37912K, committed 38104K, reserved 1081344K
  class space    used 5157K, capacity 5546K, committed 5632K, reserved 1048576K
Event: 6.675 GC heap after
Heap after GC invocations=11 (full 2):
 PSYoungGen      total 158720K, used 14585K [0x0000000795580000, 0x00000007a2200000, 0x00000007c0000000)
  eden space 142336K, 0% used [0x0000000795580000,0x0000000795580000,0x000000079e080000)
  from space 16384K, 89% used [0x000000079e080000,0x000000079eebe400,0x000000079f080000)
  to   space 17920K, 0% used [0x00000007a1080000,0x00000007a1080000,0x00000007a2200000)
 ParOldGen       total 111616K, used 24600K [0x0000000740000000, 0x0000000746d00000, 0x0000000795580000)
  object space 111616K, 22% used [0x0000000740000000,0x0000000741806058,0x0000000746d00000)
 Metaspace       used 36913K, capacity 37912K, committed 38104K, reserved 1081344K
  class space    used 5157K, capacity 5546K, committed 5632K, reserved 1048576K
}

