# JRE version: Java(TM) SE Runtime Environment (8.0_101-b13) (build 1.8.0_101-b13)
# Java VM: Java HotSpot(TM) 64-Bit Server VM (25.101-b13 mixed mode bsd-amd64 compressed oops)
Heap:
 PSYoungGen      total 172032K, used 21957K [0x0000000795580000, 0x00000007a3f80000, 0x00000007c0000000)
  eden space 157696K, 13% used [0x0000000795580000,0x0000000796af16c0,0x000000079ef80000)
  from space 14336K, 0% used [0x000000079ff80000,0x000000079ff80000,0x00000007a0d80000)
  to   space 16384K, 0% used [0x000000079ef80000,0x000000079ef80000,0x000000079ff80000)
 ParOldGen       total 104448K, used 24552K [0x0000000740000000, 0x0000000746600000, 0x0000000795580000)
  object space 104448K, 23% used [0x0000000740000000,0x00000007417fa260,0x0000000746600000)
 Metaspace       used 34941K, capacity 35910K, committed 36056K, reserved 1079296K
  class space    used 4842K, capacity 5267K, committed 5376K, reserved 1048576K
GC Heap History (10 events):
Event: 5.040 GC heap before
{Heap before GC invocations=6 (full 1):
 PSYoungGen      total 71680K, used 5088K [0x0000000795580000, 0x000000079ea80000, 0x00000007c0000000)
  eden space 66560K, 0% used [0x0000000795580000,0x0000000795580000,0x0000000799680000)
  from space 5120K, 99% used [0x0000000799680000,0x0000000799b78060,0x0000000799b80000)
  to   space 9728K, 0% used [0x000000079e100000,0x000000079e100000,0x000000079ea80000)
 ParOldGen       total 87552K, used 9406K [0x0000000740000000, 0x0000000745580000, 0x0000000795580000)
  object space 87552K, 10% used [0x0000000740000000,0x000000074092f990,0x0000000745580000)
 Metaspace       used 20796K, capacity 21118K, committed 21248K, reserved 1067008K
  class space    used 2824K, capacity 2978K, committed 3072K, reserved 1048576K
Event: 5.111 GC heap after
Heap after GC invocations=6 (full 1):
 PSYoungGen      total 71680K, used 0K [0x0000000795580000, 0x000000079ea80000, 0x00000007c0000000)
  eden space 66560K, 0% used [0x0000000795580000,0x0000000795580000,0x0000000799680000)
  from space 5120K, 0% used [0x0000000799680000,0x0000000799680000,0x0000000799b80000)
  to   space 9728K, 0% used [0x000000079e100000,0x000000079e100000,0x000000079ea80000)
 ParOldGen       total 60928K, used 8855K [0x0000000740000000, 0x0000000743b80000, 0x0000000795580000)
  object space 60928K, 14% used [0x0000000740000000,0x00000007408a5e08,0x0000000743b80000)
 Metaspace       used 20796K, capacity 21118K, committed 21248K, reserved 1067008K
  class space    used 2824K, capacity 2978K, committed 3072K, reserved 1048576K
}
Event: 7.408 GC heap before
{Heap before GC invocations=7 (full 1):
 PSYoungGen      total 71680K, used 66560K [0x0000000795580000, 0x000000079ea80000, 0x00000007c0000000)
  eden space 66560K, 100% used [0x0000000795580000,0x0000000799680000,0x0000000799680000)
  from space 5120K, 0% used [0x0000000799680000,0x0000000799680000,0x0000000799b80000)
  to   space 9728K, 0% used [0x000000079e100000,0x000000079e100000,0x000000079ea80000)
 ParOldGen       total 60928K, used 8855K [0x0000000740000000, 0x0000000743b80000, 0x0000000795580000)
  object space 60928K, 14% used [0x0000000740000000,0x00000007408a5e08,0x0000000743b80000)
 Metaspace       used 25350K, capacity 25984K, committed 26240K, reserved 1071104K
  class space    used 3437K, capacity 3673K, committed 3712K, reserved 1048576K
Event: 7.438 GC heap after
Heap after GC invocations=7 (full 1):
 PSYoungGen      total 110080K, used 6024K [0x0000000795580000, 0x000000079e700000, 0x00000007c0000000)
  eden space 103936K, 0% used [0x0000000795580000,0x0000000795580000,0x000000079bb00000)
  from space 6144K, 98% used [0x000000079e100000,0x000000079e6e2298,0x000000079e700000)
  to   space 9216K, 0% used [0x000000079d500000,0x000000079d500000,0x000000079de00000)
 ParOldGen       total 60928K, used 8863K [0x0000000740000000, 0x0000000743b80000, 0x0000000795580000)
  object space 60928K, 14% used [0x0000000740000000,0x00000007408a7e08,0x0000000743b80000)
 Metaspace       used 25350K, capacity 25984K, committed 26240K, reserved 1071104K
  class space    used 3437K, capacity 3673K, committed 3712K, reserved 1048576K
}
Event: 10.318 GC heap before
{Heap before GC invocations=8 (full 1):
 PSYoungGen      total 110080K, used 109960K [0x0000000795580000, 0x000000079e700000, 0x00000007c0000000)
  eden space 103936K, 100% used [0x0000000795580000,0x000000079bb00000,0x000000079bb00000)
  from space 6144K, 98% used [0x000000079e100000,0x000000079e6e2298,0x000000079e700000)
  to   space 9216K, 0% used [0x000000079d500000,0x000000079d500000,0x000000079de00000)
 ParOldGen       total 60928K, used 8863K [0x0000000740000000, 0x0000000743b80000, 0x0000000795580000)
  object space 60928K, 14% used [0x0000000740000000,0x00000007408a7e08,0x0000000743b80000)
 Metaspace       used 32184K, capacity 33126K, committed 33408K, reserved 1077248K
  class space    used 4477K, capacity 4874K, committed 4992K, reserved 1048576K
Event: 10.351 GC heap after
Heap after GC invocations=8 (full 1):
 PSYoungGen      total 139776K, used 9216K [0x0000000795580000, 0x00000007a0d80000, 0x00000007c0000000)
  eden space 130560K, 0% used [0x0000000795580000,0x0000000795580000,0x000000079d500000)
  from space 9216K, 100% used [0x000000079d500000,0x000000079de00000,0x000000079de00000)
  to   space 14336K, 0% used [0x000000079ff80000,0x000000079ff80000,0x00000007a0d80000)
 ParOldGen       total 60928K, used 16904K [0x0000000740000000, 0x0000000743b80000, 0x0000000795580000)
  object space 60928K, 27% used [0x0000000740000000,0x0000000741082220,0x0000000743b80000)
 Metaspace       used 32184K, capacity 33126K, committed 33408K, reserved 1077248K
  class space    used 4477K, capacity 4874K, committed 4992K, reserved 1048576K
}
Event: 11.721 GC heap before
{Heap before GC invocations=9 (full 1):
 PSYoungGen      total 139776K, used 53142K [0x0000000795580000, 0x00000007a0d80000, 0x00000007c0000000)
  eden space 130560K, 33% used [0x0000000795580000,0x0000000798065b58,0x000000079d500000)
  from space 9216K, 100% used [0x000000079d500000,0x000000079de00000,0x000000079de00000)
  to   space 14336K, 0% used [0x000000079ff80000,0x000000079ff80000,0x00000007a0d80000)
 ParOldGen       total 60928K, used 16904K [0x0000000740000000, 0x0000000743b80000, 0x0000000795580000)
  object space 60928K, 27% used [0x0000000740000000,0x0000000741082220,0x0000000743b80000)
 Metaspace       used 34364K, capacity 35304K, committed 35416K, reserved 1079296K
  class space    used 4785K, capacity 5198K, committed 5248K, reserved 1048576K
Event: 11.762 GC heap after
Heap after GC invocations=9 (full 1):
 PSYoungGen      total 172032K, used 13974K [0x0000000795580000, 0x00000007a3f80000, 0x00000007c0000000)
  eden space 157696K, 0% used [0x0000000795580000,0x0000000795580000,0x000000079ef80000)
  from space 14336K, 97% used [0x000000079ff80000,0x00000007a0d25a90,0x00000007a0d80000)
  to   space 16384K, 0% used [0x000000079ef80000,0x000000079ef80000,0x000000079ff80000)
 ParOldGen       total 60928K, used 16912K [0x0000000740000000, 0x0000000743b80000, 0x0000000795580000)
  object space 60928K, 27% used [0x0000000740000000,0x0000000741084220,0x0000000743b80000)
 Metaspace       used 34364K, capacity 35304K, committed 35416K, reserved 1079296K
  class space    used 4785K, capacity 5198K, committed 5248K, reserved 1048576K
}
Event: 11.762 GC heap before
{Heap before GC invocations=10 (full 2):
 PSYoungGen      total 172032K, used 13974K [0x0000000795580000, 0x00000007a3f80000, 0x00000007c0000000)
  eden space 157696K, 0% used [0x0000000795580000,0x0000000795580000,0x000000079ef80000)
  from space 14336K, 97% used [0x000000079ff80000,0x00000007a0d25a90,0x00000007a0d80000)
  to   space 16384K, 0% used [0x000000079ef80000,0x000000079ef80000,0x000000079ff80000)
 ParOldGen       total 60928K, used 16912K [0x0000000740000000, 0x0000000743b80000, 0x0000000795580000)
  object space 60928K, 27% used [0x0000000740000000,0x0000000741084220,0x0000000743b80000)
 Metaspace       used 34364K, capacity 35304K, committed 35416K, reserved 1079296K
  class space    used 4785K, capacity 5198K, committed 5248K, reserved 1048576K
Event: 11.959 GC heap after
Heap after GC invocations=10 (full 2):
 PSYoungGen      total 172032K, used 0K [0x0000000795580000, 0x00000007a3f80000, 0x00000007c0000000)
  eden space 157696K, 0% used [0x0000000795580000,0x0000000795580000,0x000000079ef80000)
  from space 14336K, 0% used [0x000000079ff80000,0x000000079ff80000,0x00000007a0d80000)
  to   space 16384K, 0% used [0x000000079ef80000,0x000000079ef80000,0x000000079ff80000)
 ParOldGen       total 104448K, used 24552K [0x0000000740000000, 0x0000000746600000, 0x0000000795580000)
  object space 104448K, 23% used [0x0000000740000000,0x00000007417fa260,0x0000000746600000)
 Metaspace       used 34364K, capacity 35304K, committed 35416K, reserved 1079296K
  class space    used 4785K, capacity 5198K, committed 5248K, reserved 1048576K
}

