# JRE version: Java(TM) SE Runtime Environment (8.0_101-b13) (build 1.8.0_101-b13)
# Java VM: Java HotSpot(TM) 64-Bit Server VM (25.101-b13 mixed mode bsd-amd64 compressed oops)
Heap:
 PSYoungGen      total 213504K, used 67539K [0x0000000795580000, 0x00000007a9280000, 0x00000007c0000000)
  eden space 195584K, 25% used [0x0000000795580000,0x0000000798615880,0x00000007a1480000)
  from space 17920K, 99% used [0x00000007a1480000,0x00000007a25df570,0x00000007a2600000)
  to   space 20992K, 0% used [0x00000007a7e00000,0x00000007a7e00000,0x00000007a9280000)
 ParOldGen       total 114176K, used 27330K [0x0000000740000000, 0x0000000746f80000, 0x0000000795580000)
  object space 114176K, 23% used [0x0000000740000000,0x0000000741ab0af0,0x0000000746f80000)
 Metaspace       used 39996K, capacity 41378K, committed 41560K, reserved 1085440K
  class space    used 5638K, capacity 6210K, committed 6272K, reserved 1048576K
GC Heap History (10 events):
Event: 3.023 GC heap before
{Heap before GC invocations=5 (full 1):
 PSYoungGen      total 138240K, used 5104K [0x0000000795580000, 0x000000079e180000, 0x00000007c0000000)
  eden space 133120K, 0% used [0x0000000795580000,0x0000000795580000,0x000000079d780000)
  from space 5120K, 99% used [0x000000079dc80000,0x000000079e17c030,0x000000079e180000)
  to   space 5120K, 0% used [0x000000079d780000,0x000000079d780000,0x000000079dc80000)
 ParOldGen       total 87552K, used 9445K [0x0000000740000000, 0x0000000745580000, 0x0000000795580000)
  object space 87552K, 10% used [0x0000000740000000,0x0000000740939730,0x0000000745580000)
 Metaspace       used 20805K, capacity 21118K, committed 21248K, reserved 1067008K
  class space    used 2826K, capacity 2978K, committed 3072K, reserved 1048576K
Event: 3.082 GC heap after
Heap after GC invocations=5 (full 1):
 PSYoungGen      total 138240K, used 0K [0x0000000795580000, 0x000000079e180000, 0x00000007c0000000)
  eden space 133120K, 0% used [0x0000000795580000,0x0000000795580000,0x000000079d780000)
  from space 5120K, 0% used [0x000000079dc80000,0x000000079dc80000,0x000000079e180000)
  to   space 5120K, 0% used [0x000000079d780000,0x000000079d780000,0x000000079dc80000)
 ParOldGen       total 64000K, used 8903K [0x0000000740000000, 0x0000000743e80000, 0x0000000795580000)
  object space 64000K, 13% used [0x0000000740000000,0x00000007408b1ef8,0x0000000743e80000)
 Metaspace       used 20805K, capacity 21118K, committed 21248K, reserved 1067008K
  class space    used 2826K, capacity 2978K, committed 3072K, reserved 1048576K
}
Event: 5.328 GC heap before
{Heap before GC invocations=6 (full 1):
 PSYoungGen      total 138240K, used 133120K [0x0000000795580000, 0x000000079e180000, 0x00000007c0000000)
  eden space 133120K, 100% used [0x0000000795580000,0x000000079d780000,0x000000079d780000)
  from space 5120K, 0% used [0x000000079dc80000,0x000000079dc80000,0x000000079e180000)
  to   space 5120K, 0% used [0x000000079d780000,0x000000079d780000,0x000000079dc80000)
 ParOldGen       total 64000K, used 8903K [0x0000000740000000, 0x0000000743e80000, 0x0000000795580000)
  object space 64000K, 13% used [0x0000000740000000,0x00000007408b1ef8,0x0000000743e80000)
 Metaspace       used 29504K, capacity 30380K, committed 30464K, reserved 1075200K
  class space    used 4038K, capacity 4347K, committed 4352K, reserved 1048576K
Event: 5.347 GC heap after
Heap after GC invocations=6 (full 1):
 PSYoungGen      total 138240K, used 5120K [0x0000000795580000, 0x00000007a3480000, 0x00000007c0000000)
  eden space 133120K, 0% used [0x0000000795580000,0x0000000795580000,0x000000079d780000)
  from space 5120K, 100% used [0x000000079d780000,0x000000079dc80000,0x000000079dc80000)
  to   space 14848K, 0% used [0x00000007a2600000,0x00000007a2600000,0x00000007a3480000)
 ParOldGen       total 64000K, used 18040K [0x0000000740000000, 0x0000000743e80000, 0x0000000795580000)
  object space 64000K, 28% used [0x0000000740000000,0x000000074119e1e8,0x0000000743e80000)
 Metaspace       used 29504K, capacity 30380K, committed 30464K, reserved 1075200K
  class space    used 4038K, capacity 4347K, committed 4352K, reserved 1048576K
}
Event: 6.507 GC heap before
{Heap before GC invocations=7 (full 1):
 PSYoungGen      total 138240K, used 87308K [0x0000000795580000, 0x00000007a3480000, 0x00000007c0000000)
  eden space 133120K, 61% used [0x0000000795580000,0x000000079a5c31a0,0x000000079d780000)
  from space 5120K, 100% used [0x000000079d780000,0x000000079dc80000,0x000000079dc80000)
  to   space 14848K, 0% used [0x00000007a2600000,0x00000007a2600000,0x00000007a3480000)
 ParOldGen       total 64000K, used 18040K [0x0000000740000000, 0x0000000743e80000, 0x0000000795580000)
  object space 64000K, 28% used [0x0000000740000000,0x000000074119e1e8,0x0000000743e80000)
 Metaspace       used 34283K, capacity 35304K, committed 35416K, reserved 1079296K
  class space    used 4771K, capacity 5198K, committed 5248K, reserved 1048576K
Event: 6.530 GC heap after
Heap after GC invocations=7 (full 1):
 PSYoungGen      total 210432K, used 14842K [0x0000000795580000, 0x00000007a3b00000, 0x00000007c0000000)
  eden space 195584K, 0% used [0x0000000795580000,0x0000000795580000,0x00000007a1480000)
  from space 14848K, 99% used [0x00000007a2600000,0x00000007a347e9d8,0x00000007a3480000)
  to   space 17920K, 0% used [0x00000007a1480000,0x00000007a1480000,0x00000007a2600000)
 ParOldGen       total 64000K, used 19102K [0x0000000740000000, 0x0000000743e80000, 0x0000000795580000)
  object space 64000K, 29% used [0x0000000740000000,0x00000007412a78d8,0x0000000743e80000)
 Metaspace       used 34283K, capacity 35304K, committed 35416K, reserved 1079296K
  class space    used 4771K, capacity 5198K, committed 5248K, reserved 1048576K
}
Event: 6.530 GC heap before
{Heap before GC invocations=8 (full 2):
 PSYoungGen      total 210432K, used 14842K [0x0000000795580000, 0x00000007a3b00000, 0x00000007c0000000)
  eden space 195584K, 0% used [0x0000000795580000,0x0000000795580000,0x00000007a1480000)
  from space 14848K, 99% used [0x00000007a2600000,0x00000007a347e9d8,0x00000007a3480000)
  to   space 17920K, 0% used [0x00000007a1480000,0x00000007a1480000,0x00000007a2600000)
 ParOldGen       total 64000K, used 19102K [0x0000000740000000, 0x0000000743e80000, 0x0000000795580000)
  object space 64000K, 29% used [0x0000000740000000,0x00000007412a78d8,0x0000000743e80000)
 Metaspace       used 34283K, capacity 35304K, committed 35416K, reserved 1079296K
  class space    used 4771K, capacity 5198K, committed 5248K, reserved 1048576K
Event: 6.633 GC heap after
Heap after GC invocations=8 (full 2):
 PSYoungGen      total 210432K, used 0K [0x0000000795580000, 0x00000007a3b00000, 0x00000007c0000000)
  eden space 195584K, 0% used [0x0000000795580000,0x0000000795580000,0x00000007a1480000)
  from space 14848K, 0% used [0x00000007a2600000,0x00000007a2600000,0x00000007a3480000)
  to   space 17920K, 0% used [0x00000007a1480000,0x00000007a1480000,0x00000007a2600000)
 ParOldGen       total 114176K, used 27330K [0x0000000740000000, 0x0000000746f80000, 0x0000000795580000)
  object space 114176K, 23% used [0x0000000740000000,0x0000000741ab0af0,0x0000000746f80000)
 Metaspace       used 34283K, capacity 35304K, committed 35416K, reserved 1079296K
  class space    used 4771K, capacity 5198K, committed 5248K, reserved 1048576K
}
Event: 8.681 GC heap before
{Heap before GC invocations=9 (full 2):
 PSYoungGen      total 210432K, used 195584K [0x0000000795580000, 0x00000007a3b00000, 0x00000007c0000000)
  eden space 195584K, 100% used [0x0000000795580000,0x00000007a1480000,0x00000007a1480000)
  from space 14848K, 0% used [0x00000007a2600000,0x00000007a2600000,0x00000007a3480000)
  to   space 17920K, 0% used [0x00000007a1480000,0x00000007a1480000,0x00000007a2600000)
 ParOldGen       total 114176K, used 27330K [0x0000000740000000, 0x0000000746f80000, 0x0000000795580000)
  object space 114176K, 23% used [0x0000000740000000,0x0000000741ab0af0,0x0000000746f80000)
 Metaspace       used 39051K, capacity 40252K, committed 40536K, reserved 1083392K
  class space    used 5488K, capacity 5980K, committed 6016K, reserved 1048576K
Event: 8.728 GC heap after
Heap after GC invocations=9 (full 2):
 PSYoungGen      total 213504K, used 17789K [0x0000000795580000, 0x00000007a9280000, 0x00000007c0000000)
  eden space 195584K, 0% used [0x0000000795580000,0x0000000795580000,0x00000007a1480000)
  from space 17920K, 99% used [0x00000007a1480000,0x00000007a25df570,0x00000007a2600000)
  to   space 20992K, 0% used [0x00000007a7e00000,0x00000007a7e00000,0x00000007a9280000)
 ParOldGen       total 114176K, used 27330K [0x0000000740000000, 0x0000000746f80000, 0x0000000795580000)
  object space 114176K, 23% used [0x0000000740000000,0x0000000741ab0af0,0x0000000746f80000)
 Metaspace       used 39051K, capacity 40252K, committed 40536K, reserved 1083392K
  class space    used 5488K, capacity 5980K, committed 6016K, reserved 1048576K
}

