# JRE version: Java(TM) SE Runtime Environment (8.0_101-b13) (build 1.8.0_101-b13)
# Java VM: Java HotSpot(TM) 64-Bit Server VM (25.101-b13 mixed mode bsd-amd64 compressed oops)
Heap:
 PSYoungGen      total 166400K, used 114423K [0x0000000795580000, 0x00000007a3d00000, 0x00000007c0000000)
  eden space 152064K, 75% used [0x0000000795580000,0x000000079c53dc88,0x000000079ea00000)
  from space 14336K, 0% used [0x000000079fa00000,0x000000079fa00000,0x00000007a0800000)
  to   space 16384K, 0% used [0x000000079ea00000,0x000000079ea00000,0x000000079fa00000)
 ParOldGen       total 103936K, used 24508K [0x0000000740000000, 0x0000000746580000, 0x0000000795580000)
  object space 103936K, 23% used [0x0000000740000000,0x00000007417ef208,0x0000000746580000)
 Metaspace       used 36368K, capacity 37294K, committed 37464K, reserved 1081344K
  class space    used 5058K, capacity 5424K, committed 5504K, reserved 1048576K
GC Heap History (10 events):
Event: 3.257 GC heap before
{Heap before GC invocations=6 (full 1):
 PSYoungGen      total 71680K, used 5104K [0x0000000795580000, 0x000000079ea80000, 0x00000007c0000000)
  eden space 66560K, 0% used [0x0000000795580000,0x0000000795580000,0x0000000799680000)
  from space 5120K, 99% used [0x0000000799680000,0x0000000799b7c070,0x0000000799b80000)
  to   space 9728K, 0% used [0x000000079e100000,0x000000079e100000,0x000000079ea80000)
 ParOldGen       total 87552K, used 9328K [0x0000000740000000, 0x0000000745580000, 0x0000000795580000)
  object space 87552K, 10% used [0x0000000740000000,0x000000074091c140,0x0000000745580000)
 Metaspace       used 20792K, capacity 21118K, committed 21248K, reserved 1067008K
  class space    used 2820K, capacity 2978K, committed 3072K, reserved 1048576K
Event: 3.311 GC heap after
Heap after GC invocations=6 (full 1):
 PSYoungGen      total 71680K, used 0K [0x0000000795580000, 0x000000079ea80000, 0x00000007c0000000)
  eden space 66560K, 0% used [0x0000000795580000,0x0000000795580000,0x0000000799680000)
  from space 5120K, 0% used [0x0000000799680000,0x0000000799680000,0x0000000799b80000)
  to   space 9728K, 0% used [0x000000079e100000,0x000000079e100000,0x000000079ea80000)
 ParOldGen       total 62976K, used 10613K [0x0000000740000000, 0x0000000743d80000, 0x0000000795580000)
  object space 62976K, 16% used [0x0000000740000000,0x0000000740a5d7c0,0x0000000743d80000)
 Metaspace       used 20792K, capacity 21118K, committed 21248K, reserved 1067008K
  class space    used 2820K, capacity 2978K, committed 3072K, reserved 1048576K
}
Event: 4.643 GC heap before
{Heap before GC invocations=7 (full 1):
 PSYoungGen      total 71680K, used 66560K [0x0000000795580000, 0x000000079ea80000, 0x00000007c0000000)
  eden space 66560K, 100% used [0x0000000795580000,0x0000000799680000,0x0000000799680000)
  from space 5120K, 0% used [0x0000000799680000,0x0000000799680000,0x0000000799b80000)
  to   space 9728K, 0% used [0x000000079e100000,0x000000079e100000,0x000000079ea80000)
 ParOldGen       total 62976K, used 10613K [0x0000000740000000, 0x0000000743d80000, 0x0000000795580000)
  object space 62976K, 16% used [0x0000000740000000,0x0000000740a5d7c0,0x0000000743d80000)
 Metaspace       used 25359K, capacity 26016K, committed 26240K, reserved 1071104K
  class space    used 3428K, capacity 3641K, committed 3712K, reserved 1048576K
Event: 4.651 GC heap after
Heap after GC invocations=7 (full 1):
 PSYoungGen      total 108032K, used 5923K [0x0000000795580000, 0x000000079e700000, 0x00000007c0000000)
  eden space 101888K, 0% used [0x0000000795580000,0x0000000795580000,0x000000079b900000)
  from space 6144K, 96% used [0x000000079e100000,0x000000079e6c8f48,0x000000079e700000)
  to   space 9728K, 0% used [0x000000079d400000,0x000000079d400000,0x000000079dd80000)
 ParOldGen       total 62976K, used 10685K [0x0000000740000000, 0x0000000743d80000, 0x0000000795580000)
  object space 62976K, 16% used [0x0000000740000000,0x0000000740a6f7d0,0x0000000743d80000)
 Metaspace       used 25359K, capacity 26016K, committed 26240K, reserved 1071104K
  class space    used 3428K, capacity 3641K, committed 3712K, reserved 1048576K
}
Event: 6.789 GC heap before
{Heap before GC invocations=8 (full 1):
 PSYoungGen      total 108032K, used 107811K [0x0000000795580000, 0x000000079e700000, 0x00000007c0000000)
  eden space 101888K, 100% used [0x0000000795580000,0x000000079b900000,0x000000079b900000)
  from space 6144K, 96% used [0x000000079e100000,0x000000079e6c8f48,0x000000079e700000)
  to   space 9728K, 0% used [0x000000079d400000,0x000000079d400000,0x000000079dd80000)
 ParOldGen       total 62976K, used 10685K [0x0000000740000000, 0x0000000743d80000, 0x0000000795580000)
  object space 62976K, 16% used [0x0000000740000000,0x0000000740a6f7d0,0x0000000743d80000)
 Metaspace       used 32135K, capacity 32974K, committed 33280K, reserved 1077248K
  class space    used 4463K, capacity 4803K, committed 4864K, reserved 1048576K
Event: 6.819 GC heap after
Heap after GC invocations=8 (full 1):
 PSYoungGen      total 139264K, used 9712K [0x0000000795580000, 0x00000007a0800000, 0x00000007c0000000)
  eden space 129536K, 0% used [0x0000000795580000,0x0000000795580000,0x000000079d400000)
  from space 9728K, 99% used [0x000000079d400000,0x000000079dd7c010,0x000000079dd80000)
  to   space 14336K, 0% used [0x000000079fa00000,0x000000079fa00000,0x00000007a0800000)
 ParOldGen       total 62976K, used 17764K [0x0000000740000000, 0x0000000743d80000, 0x0000000795580000)
  object space 62976K, 28% used [0x0000000740000000,0x0000000741159190,0x0000000743d80000)
 Metaspace       used 32135K, capacity 32974K, committed 33280K, reserved 1077248K
  class space    used 4463K, capacity 4803K, committed 4864K, reserved 1048576K
}
Event: 7.442 GC heap before
{Heap before GC invocations=9 (full 1):
 PSYoungGen      total 139264K, used 53410K [0x0000000795580000, 0x00000007a0800000, 0x00000007c0000000)
  eden space 129536K, 33% used [0x0000000795580000,0x000000079802c8f8,0x000000079d400000)
  from space 9728K, 99% used [0x000000079d400000,0x000000079dd7c010,0x000000079dd80000)
  to   space 14336K, 0% used [0x000000079fa00000,0x000000079fa00000,0x00000007a0800000)
 ParOldGen       total 62976K, used 17764K [0x0000000740000000, 0x0000000743d80000, 0x0000000795580000)
  object space 62976K, 28% used [0x0000000740000000,0x0000000741159190,0x0000000743d80000)
 Metaspace       used 34290K, capacity 35272K, committed 35416K, reserved 1079296K
  class space    used 4769K, capacity 5166K, committed 5248K, reserved 1048576K
Event: 7.466 GC heap after
Heap after GC invocations=9 (full 1):
 PSYoungGen      total 166400K, used 14327K [0x0000000795580000, 0x00000007a3d00000, 0x00000007c0000000)
  eden space 152064K, 0% used [0x0000000795580000,0x0000000795580000,0x000000079ea00000)
  from space 14336K, 99% used [0x000000079fa00000,0x00000007a07fdc30,0x00000007a0800000)
  to   space 16384K, 0% used [0x000000079ea00000,0x000000079ea00000,0x000000079fa00000)
 ParOldGen       total 62976K, used 18149K [0x0000000740000000, 0x0000000743d80000, 0x0000000795580000)
  object space 62976K, 28% used [0x0000000740000000,0x00000007411b96d0,0x0000000743d80000)
 Metaspace       used 34290K, capacity 35272K, committed 35416K, reserved 1079296K
  class space    used 4769K, capacity 5166K, committed 5248K, reserved 1048576K
}
Event: 7.466 GC heap before
{Heap before GC invocations=10 (full 2):
 PSYoungGen      total 166400K, used 14327K [0x0000000795580000, 0x00000007a3d00000, 0x00000007c0000000)
  eden space 152064K, 0% used [0x0000000795580000,0x0000000795580000,0x000000079ea00000)
  from space 14336K, 99% used [0x000000079fa00000,0x00000007a07fdc30,0x00000007a0800000)
  to   space 16384K, 0% used [0x000000079ea00000,0x000000079ea00000,0x000000079fa00000)
 ParOldGen       total 62976K, used 18149K [0x0000000740000000, 0x0000000743d80000, 0x0000000795580000)
  object space 62976K, 28% used [0x0000000740000000,0x00000007411b96d0,0x0000000743d80000)
 Metaspace       used 34290K, capacity 35272K, committed 35416K, reserved 1079296K
  class space    used 4769K, capacity 5166K, committed 5248K, reserved 1048576K
Event: 7.604 GC heap after
Heap after GC invocations=10 (full 2):
 PSYoungGen      total 166400K, used 0K [0x0000000795580000, 0x00000007a3d00000, 0x00000007c0000000)
  eden space 152064K, 0% used [0x0000000795580000,0x0000000795580000,0x000000079ea00000)
  from space 14336K, 0% used [0x000000079fa00000,0x000000079fa00000,0x00000007a0800000)
  to   space 16384K, 0% used [0x000000079ea00000,0x000000079ea00000,0x000000079fa00000)
 ParOldGen       total 103936K, used 24508K [0x0000000740000000, 0x0000000746580000, 0x0000000795580000)
  object space 103936K, 23% used [0x0000000740000000,0x00000007417ef208,0x0000000746580000)
 Metaspace       used 34290K, capacity 35272K, committed 35416K, reserved 1079296K
  class space    used 4769K, capacity 5166K, committed 5248K, reserved 1048576K
}

