# JRE version: Java(TM) SE Runtime Environment (8.0_101-b13) (build 1.8.0_101-b13)
# Java VM: Java HotSpot(TM) 64-Bit Server VM (25.101-b13 mixed mode bsd-amd64 compressed oops)
Heap:
 PSYoungGen      total 173056K, used 25812K [0x0000000795580000, 0x00000007a3300000, 0x00000007c0000000)
  eden space 156672K, 6% used [0x0000000795580000,0x0000000795ebbfe0,0x000000079ee80000)
  from space 16384K, 99% used [0x000000079ee80000,0x000000079fe79298,0x000000079fe80000)
  to   space 18944K, 0% used [0x00000007a2080000,0x00000007a2080000,0x00000007a3300000)
 ParOldGen       total 109568K, used 25073K [0x0000000740000000, 0x0000000746b00000, 0x0000000795580000)
  object space 109568K, 22% used [0x0000000740000000,0x000000074187c408,0x0000000746b00000)
 Metaspace       used 37904K, capacity 38998K, committed 39128K, reserved 1083392K
  class space    used 5340K, capacity 5829K, committed 5888K, reserved 1048576K
GC Heap History (10 events):
Event: 6.203 GC heap before
{Heap before GC invocations=7 (full 1):
 PSYoungGen      total 71680K, used 66560K [0x0000000795580000, 0x000000079ea80000, 0x00000007c0000000)
  eden space 66560K, 100% used [0x0000000795580000,0x0000000799680000,0x0000000799680000)
  from space 5120K, 0% used [0x0000000799680000,0x0000000799680000,0x0000000799b80000)
  to   space 9728K, 0% used [0x000000079e100000,0x000000079e100000,0x000000079ea80000)
 ParOldGen       total 60928K, used 8896K [0x0000000740000000, 0x0000000743b80000, 0x0000000795580000)
  object space 60928K, 14% used [0x0000000740000000,0x00000007408b0248,0x0000000743b80000)
 Metaspace       used 25346K, capacity 26048K, committed 26240K, reserved 1071104K
  class space    used 3434K, capacity 3673K, committed 3712K, reserved 1048576K
Event: 6.217 GC heap after
Heap after GC invocations=7 (full 1):
 PSYoungGen      total 109568K, used 6006K [0x0000000795580000, 0x000000079e700000, 0x00000007c0000000)
  eden space 103424K, 0% used [0x0000000795580000,0x0000000795580000,0x000000079ba80000)
  from space 6144K, 97% used [0x000000079e100000,0x000000079e6dda80,0x000000079e700000)
  to   space 9728K, 0% used [0x000000079d400000,0x000000079d400000,0x000000079dd80000)
 ParOldGen       total 60928K, used 8968K [0x0000000740000000, 0x0000000743b80000, 0x0000000795580000)
  object space 60928K, 14% used [0x0000000740000000,0x00000007408c2258,0x0000000743b80000)
 Metaspace       used 25346K, capacity 26048K, committed 26240K, reserved 1071104K
  class space    used 3434K, capacity 3673K, committed 3712K, reserved 1048576K
}
Event: 8.492 GC heap before
{Heap before GC invocations=8 (full 1):
 PSYoungGen      total 109568K, used 109430K [0x0000000795580000, 0x000000079e700000, 0x00000007c0000000)
  eden space 103424K, 100% used [0x0000000795580000,0x000000079ba80000,0x000000079ba80000)
  from space 6144K, 97% used [0x000000079e100000,0x000000079e6dda80,0x000000079e700000)
  to   space 9728K, 0% used [0x000000079d400000,0x000000079d400000,0x000000079dd80000)
 ParOldGen       total 60928K, used 8968K [0x0000000740000000, 0x0000000743b80000, 0x0000000795580000)
  object space 60928K, 14% used [0x0000000740000000,0x00000007408c2258,0x0000000743b80000)
 Metaspace       used 32160K, capacity 33132K, committed 33408K, reserved 1077248K
  class space    used 4480K, capacity 4876K, committed 4992K, reserved 1048576K
Event: 8.520 GC heap after
Heap after GC invocations=8 (full 1):
 PSYoungGen      total 139264K, used 9716K [0x0000000795580000, 0x00000007a0c80000, 0x00000007c0000000)
  eden space 129536K, 0% used [0x0000000795580000,0x0000000795580000,0x000000079d400000)
  from space 9728K, 99% used [0x000000079d400000,0x000000079dd7d010,0x000000079dd80000)
  to   space 14336K, 0% used [0x000000079fe80000,0x000000079fe80000,0x00000007a0c80000)
 ParOldGen       total 60928K, used 16579K [0x0000000740000000, 0x0000000743b80000, 0x0000000795580000)
  object space 60928K, 27% used [0x0000000740000000,0x0000000741030cc8,0x0000000743b80000)
 Metaspace       used 32160K, capacity 33132K, committed 33408K, reserved 1077248K
  class space    used 4480K, capacity 4876K, committed 4992K, reserved 1048576K
}
Event: 9.760 GC heap before
{Heap before GC invocations=9 (full 1):
 PSYoungGen      total 139264K, used 50895K [0x0000000795580000, 0x00000007a0c80000, 0x00000007c0000000)
  eden space 129536K, 31% used [0x0000000795580000,0x0000000797db6fb0,0x000000079d400000)
  from space 9728K, 99% used [0x000000079d400000,0x000000079dd7d010,0x000000079dd80000)
  to   space 14336K, 0% used [0x000000079fe80000,0x000000079fe80000,0x00000007a0c80000)
 ParOldGen       total 60928K, used 16579K [0x0000000740000000, 0x0000000743b80000, 0x0000000795580000)
  object space 60928K, 27% used [0x0000000740000000,0x0000000741030cc8,0x0000000743b80000)
 Metaspace       used 34250K, capacity 35272K, committed 35416K, reserved 1079296K
  class space    used 4771K, capacity 5166K, committed 5248K, reserved 1048576K
Event: 9.796 GC heap after
Heap after GC invocations=9 (full 1):
 PSYoungGen      total 171008K, used 14231K [0x0000000795580000, 0x00000007a3e00000, 0x00000007c0000000)
  eden space 156672K, 0% used [0x0000000795580000,0x0000000795580000,0x000000079ee80000)
  from space 14336K, 99% used [0x000000079fe80000,0x00000007a0c65e08,0x00000007a0c80000)
  to   space 16384K, 0% used [0x000000079ee80000,0x000000079ee80000,0x000000079fe80000)
 ParOldGen       total 60928K, used 16587K [0x0000000740000000, 0x0000000743b80000, 0x0000000795580000)
  object space 60928K, 27% used [0x0000000740000000,0x0000000741032cc8,0x0000000743b80000)
 Metaspace       used 34250K, capacity 35272K, committed 35416K, reserved 1079296K
  class space    used 4771K, capacity 5166K, committed 5248K, reserved 1048576K
}
Event: 9.796 GC heap before
{Heap before GC invocations=10 (full 2):
 PSYoungGen      total 171008K, used 14231K [0x0000000795580000, 0x00000007a3e00000, 0x00000007c0000000)
  eden space 156672K, 0% used [0x0000000795580000,0x0000000795580000,0x000000079ee80000)
  from space 14336K, 99% used [0x000000079fe80000,0x00000007a0c65e08,0x00000007a0c80000)
  to   space 16384K, 0% used [0x000000079ee80000,0x000000079ee80000,0x000000079fe80000)
 ParOldGen       total 60928K, used 16587K [0x0000000740000000, 0x0000000743b80000, 0x0000000795580000)
  object space 60928K, 27% used [0x0000000740000000,0x0000000741032cc8,0x0000000743b80000)
 Metaspace       used 34250K, capacity 35272K, committed 35416K, reserved 1079296K
  class space    used 4771K, capacity 5166K, committed 5248K, reserved 1048576K
Event: 10.058 GC heap after
Heap after GC invocations=10 (full 2):
 PSYoungGen      total 171008K, used 0K [0x0000000795580000, 0x00000007a3e00000, 0x00000007c0000000)
  eden space 156672K, 0% used [0x0000000795580000,0x0000000795580000,0x000000079ee80000)
  from space 14336K, 0% used [0x000000079fe80000,0x000000079fe80000,0x00000007a0c80000)
  to   space 16384K, 0% used [0x000000079ee80000,0x000000079ee80000,0x000000079fe80000)
 ParOldGen       total 109568K, used 24489K [0x0000000740000000, 0x0000000746b00000, 0x0000000795580000)
  object space 109568K, 22% used [0x0000000740000000,0x00000007417ea678,0x0000000746b00000)
 Metaspace       used 34250K, capacity 35272K, committed 35416K, reserved 1079296K
  class space    used 4771K, capacity 5166K, committed 5248K, reserved 1048576K
}
Event: 13.708 GC heap before
{Heap before GC invocations=11 (full 2):
 PSYoungGen      total 171008K, used 156672K [0x0000000795580000, 0x00000007a3e00000, 0x00000007c0000000)
  eden space 156672K, 100% used [0x0000000795580000,0x000000079ee80000,0x000000079ee80000)
  from space 14336K, 0% used [0x000000079fe80000,0x000000079fe80000,0x00000007a0c80000)
  to   space 16384K, 0% used [0x000000079ee80000,0x000000079ee80000,0x000000079fe80000)
 ParOldGen       total 109568K, used 24489K [0x0000000740000000, 0x0000000746b00000, 0x0000000795580000)
  object space 109568K, 22% used [0x0000000740000000,0x00000007417ea678,0x0000000746b00000)
 Metaspace       used 37776K, capacity 38890K, committed 39128K, reserved 1083392K
  class space    used 5323K, capacity 5795K, committed 5888K, reserved 1048576K
Event: 13.740 GC heap after
Heap after GC invocations=11 (full 2):
 PSYoungGen      total 173056K, used 16356K [0x0000000795580000, 0x00000007a3300000, 0x00000007c0000000)
  eden space 156672K, 0% used [0x0000000795580000,0x0000000795580000,0x000000079ee80000)
  from space 16384K, 99% used [0x000000079ee80000,0x000000079fe79298,0x000000079fe80000)
  to   space 18944K, 0% used [0x00000007a2080000,0x00000007a2080000,0x00000007a3300000)
 ParOldGen       total 109568K, used 25073K [0x0000000740000000, 0x0000000746b00000, 0x0000000795580000)
  object space 109568K, 22% used [0x0000000740000000,0x000000074187c408,0x0000000746b00000)
 Metaspace       used 37776K, capacity 38890K, committed 39128K, reserved 1083392K
  class space    used 5323K, capacity 5795K, committed 5888K, reserved 1048576K
}

