# JRE version: Java(TM) SE Runtime Environment (8.0_101-b13) (build 1.8.0_101-b13)
# Java VM: Java HotSpot(TM) 64-Bit Server VM (25.101-b13 mixed mode bsd-amd64 compressed oops)
Heap:
 PSYoungGen      total 104448K, used 83166K [0x0000000795580000, 0x000000079e300000, 0x00000007c0000000)
  eden space 89088K, 76% used [0x0000000795580000,0x00000007997bfb30,0x000000079ac80000)
  from space 15360K, 99% used [0x000000079ac80000,0x000000079bb78010,0x000000079bb80000)
  to   space 17408K, 0% used [0x000000079d200000,0x000000079d200000,0x000000079e300000)
 ParOldGen       total 112128K, used 26875K [0x0000000740000000, 0x0000000746d80000, 0x0000000795580000)
  object space 112128K, 23% used [0x0000000740000000,0x0000000741a3ecc8,0x0000000746d80000)
 Metaspace       used 39990K, capacity 41346K, committed 41560K, reserved 1085440K
  class space    used 5634K, capacity 6178K, committed 6272K, reserved 1048576K
GC Heap History (10 events):
Event: 5.576 GC heap before
{Heap before GC invocations=9 (full 1):
 PSYoungGen      total 69632K, used 65999K [0x0000000795580000, 0x000000079b180000, 0x00000007c0000000)
  eden space 59392K, 100% used [0x0000000795580000,0x0000000798f80000,0x0000000798f80000)
  from space 10240K, 64% used [0x0000000798f80000,0x00000007995f3c10,0x0000000799980000)
  to   space 9728K, 0% used [0x000000079a800000,0x000000079a800000,0x000000079b180000)
 ParOldGen       total 62464K, used 8973K [0x0000000740000000, 0x0000000743d00000, 0x0000000795580000)
  object space 62464K, 14% used [0x0000000740000000,0x00000007408c3738,0x0000000743d00000)
 Metaspace       used 30214K, capacity 31208K, committed 31488K, reserved 1077248K
  class space    used 4153K, capacity 4535K, committed 4608K, reserved 1048576K
Event: 5.594 GC heap after
Heap after GC invocations=9 (full 1):
 PSYoungGen      total 82432K, used 9705K [0x0000000795580000, 0x000000079c400000, 0x00000007c0000000)
  eden space 72704K, 0% used [0x0000000795580000,0x0000000795580000,0x0000000799c80000)
  from space 9728K, 99% used [0x000000079a800000,0x000000079b17a580,0x000000079b180000)
  to   space 11776K, 0% used [0x0000000799c80000,0x0000000799c80000,0x000000079a800000)
 ParOldGen       total 62464K, used 11425K [0x0000000740000000, 0x0000000743d00000, 0x0000000795580000)
  object space 62464K, 18% used [0x0000000740000000,0x0000000740b28668,0x0000000743d00000)
 Metaspace       used 30214K, capacity 31208K, committed 31488K, reserved 1077248K
  class space    used 4153K, capacity 4535K, committed 4608K, reserved 1048576K
}
Event: 6.505 GC heap before
{Heap before GC invocations=10 (full 1):
 PSYoungGen      total 82432K, used 77478K [0x0000000795580000, 0x000000079c400000, 0x00000007c0000000)
  eden space 72704K, 93% used [0x0000000795580000,0x00000007997af3a0,0x0000000799c80000)
  from space 9728K, 99% used [0x000000079a800000,0x000000079b17a580,0x000000079b180000)
  to   space 11776K, 0% used [0x0000000799c80000,0x0000000799c80000,0x000000079a800000)
 ParOldGen       total 62464K, used 11425K [0x0000000740000000, 0x0000000743d00000, 0x0000000795580000)
  object space 62464K, 18% used [0x0000000740000000,0x0000000740b28668,0x0000000743d00000)
 Metaspace       used 34351K, capacity 35272K, committed 35416K, reserved 1079296K
  class space    used 4782K, capacity 5166K, committed 5248K, reserved 1048576K
Event: 6.528 GC heap after
Heap after GC invocations=10 (full 1):
 PSYoungGen      total 84480K, used 11760K [0x0000000795580000, 0x000000079d280000, 0x00000007c0000000)
  eden space 72704K, 0% used [0x0000000795580000,0x0000000795580000,0x0000000799c80000)
  from space 11776K, 99% used [0x0000000799c80000,0x000000079a7fc010,0x000000079a800000)
  to   space 15872K, 0% used [0x000000079c300000,0x000000079c300000,0x000000079d280000)
 ParOldGen       total 62464K, used 17937K [0x0000000740000000, 0x0000000743d00000, 0x0000000795580000)
  object space 62464K, 28% used [0x0000000740000000,0x0000000741184550,0x0000000743d00000)
 Metaspace       used 34351K, capacity 35272K, committed 35416K, reserved 1079296K
  class space    used 4782K, capacity 5166K, committed 5248K, reserved 1048576K
}
Event: 6.528 GC heap before
{Heap before GC invocations=11 (full 2):
 PSYoungGen      total 84480K, used 11760K [0x0000000795580000, 0x000000079d280000, 0x00000007c0000000)
  eden space 72704K, 0% used [0x0000000795580000,0x0000000795580000,0x0000000799c80000)
  from space 11776K, 99% used [0x0000000799c80000,0x000000079a7fc010,0x000000079a800000)
  to   space 15872K, 0% used [0x000000079c300000,0x000000079c300000,0x000000079d280000)
 ParOldGen       total 62464K, used 17937K [0x0000000740000000, 0x0000000743d00000, 0x0000000795580000)
  object space 62464K, 28% used [0x0000000740000000,0x0000000741184550,0x0000000743d00000)
 Metaspace       used 34351K, capacity 35272K, committed 35416K, reserved 1079296K
  class space    used 4782K, capacity 5166K, committed 5248K, reserved 1048576K
Event: 6.672 GC heap after
Heap after GC invocations=11 (full 2):
 PSYoungGen      total 84480K, used 0K [0x0000000795580000, 0x000000079d280000, 0x00000007c0000000)
  eden space 72704K, 0% used [0x0000000795580000,0x0000000795580000,0x0000000799c80000)
  from space 11776K, 0% used [0x0000000799c80000,0x0000000799c80000,0x000000079a800000)
  to   space 15872K, 0% used [0x000000079c300000,0x000000079c300000,0x000000079d280000)
 ParOldGen       total 112128K, used 25907K [0x0000000740000000, 0x0000000746d80000, 0x0000000795580000)
  object space 112128K, 23% used [0x0000000740000000,0x000000074194cfc0,0x0000000746d80000)
 Metaspace       used 34351K, capacity 35272K, committed 35416K, reserved 1079296K
  class space    used 4782K, capacity 5166K, committed 5248K, reserved 1048576K
}
Event: 7.563 GC heap before
{Heap before GC invocations=12 (full 2):
 PSYoungGen      total 84480K, used 72704K [0x0000000795580000, 0x000000079d280000, 0x00000007c0000000)
  eden space 72704K, 100% used [0x0000000795580000,0x0000000799c80000,0x0000000799c80000)
  from space 11776K, 0% used [0x0000000799c80000,0x0000000799c80000,0x000000079a800000)
  to   space 15872K, 0% used [0x000000079c300000,0x000000079c300000,0x000000079d280000)
 ParOldGen       total 112128K, used 25907K [0x0000000740000000, 0x0000000746d80000, 0x0000000795580000)
  object space 112128K, 23% used [0x0000000740000000,0x000000074194cfc0,0x0000000746d80000)
 Metaspace       used 35733K, capacity 36688K, committed 36824K, reserved 1081344K
  class space    used 4957K, capacity 5352K, committed 5376K, reserved 1048576K
Event: 7.577 GC heap after
Heap after GC invocations=12 (full 2):
 PSYoungGen      total 96768K, used 7192K [0x0000000795580000, 0x000000079ca80000, 0x00000007c0000000)
  eden space 89088K, 0% used [0x0000000795580000,0x0000000795580000,0x000000079ac80000)
  from space 7680K, 93% used [0x000000079c300000,0x000000079ca063f0,0x000000079ca80000)
  to   space 15360K, 0% used [0x000000079ac80000,0x000000079ac80000,0x000000079bb80000)
 ParOldGen       total 112128K, used 25915K [0x0000000740000000, 0x0000000746d80000, 0x0000000795580000)
  object space 112128K, 23% used [0x0000000740000000,0x000000074194efc0,0x0000000746d80000)
 Metaspace       used 35733K, capacity 36688K, committed 36824K, reserved 1081344K
  class space    used 4957K, capacity 5352K, committed 5376K, reserved 1048576K
}
Event: 8.698 GC heap before
{Heap before GC invocations=13 (full 2):
 PSYoungGen      total 96768K, used 96280K [0x0000000795580000, 0x000000079ca80000, 0x00000007c0000000)
  eden space 89088K, 100% used [0x0000000795580000,0x000000079ac80000,0x000000079ac80000)
  from space 7680K, 93% used [0x000000079c300000,0x000000079ca063f0,0x000000079ca80000)
  to   space 15360K, 0% used [0x000000079ac80000,0x000000079ac80000,0x000000079bb80000)
 ParOldGen       total 112128K, used 25915K [0x0000000740000000, 0x0000000746d80000, 0x0000000795580000)
  object space 112128K, 23% used [0x0000000740000000,0x000000074194efc0,0x0000000746d80000)
 Metaspace       used 37821K, capacity 38954K, committed 39128K, reserved 1083392K
  class space    used 5316K, capacity 5795K, committed 5888K, reserved 1048576K
Event: 8.726 GC heap after
Heap after GC invocations=13 (full 2):
 PSYoungGen      total 104448K, used 15328K [0x0000000795580000, 0x000000079e300000, 0x00000007c0000000)
  eden space 89088K, 0% used [0x0000000795580000,0x0000000795580000,0x000000079ac80000)
  from space 15360K, 99% used [0x000000079ac80000,0x000000079bb78010,0x000000079bb80000)
  to   space 17408K, 0% used [0x000000079d200000,0x000000079d200000,0x000000079e300000)
 ParOldGen       total 112128K, used 26875K [0x0000000740000000, 0x0000000746d80000, 0x0000000795580000)
  object space 112128K, 23% used [0x0000000740000000,0x0000000741a3ecc8,0x0000000746d80000)
 Metaspace       used 37821K, capacity 38954K, committed 39128K, reserved 1083392K
  class space    used 5316K, capacity 5795K, committed 5888K, reserved 1048576K
}

