# JRE version: Java(TM) SE Runtime Environment (8.0_101-b13) (build 1.8.0_101-b13)
# Java VM: Java HotSpot(TM) 64-Bit Server VM (25.101-b13 mixed mode bsd-amd64 compressed oops)
Heap:
 PSYoungGen      total 208896K, used 19259K [0x0000000795580000, 0x00000007a3800000, 0x00000007c0000000)
  eden space 193536K, 9% used [0x0000000795580000,0x000000079684ee60,0x00000007a1280000)
  from space 15360K, 0% used [0x00000007a2400000,0x00000007a2400000,0x00000007a3300000)
  to   space 17920K, 0% used [0x00000007a1280000,0x00000007a1280000,0x00000007a2400000)
 ParOldGen       total 114688K, used 27347K [0x0000000740000000, 0x0000000747000000, 0x0000000795580000)
  object space 114688K, 23% used [0x0000000740000000,0x0000000741ab4ea0,0x0000000747000000)
 Metaspace       used 34860K, capacity 35808K, committed 35928K, reserved 1079296K
  class space    used 4836K, capacity 5234K, committed 5248K, reserved 1048576K
GC Heap History (10 events):
Event: 2.284 GC heap before
{Heap before GC invocations=4 (full 0):
 PSYoungGen      total 71680K, used 26445K [0x0000000795580000, 0x000000079e180000, 0x00000007c0000000)
  eden space 66560K, 32% used [0x0000000795580000,0x0000000796a573e8,0x0000000799680000)
  from space 5120K, 99% used [0x0000000799680000,0x0000000799b7c030,0x0000000799b80000)
  to   space 5120K, 0% used [0x000000079dc80000,0x000000079dc80000,0x000000079e180000)
 ParOldGen       total 87552K, used 7233K [0x0000000740000000, 0x0000000745580000, 0x0000000795580000)
  object space 87552K, 8% used [0x0000000740000000,0x0000000740710560,0x0000000745580000)
 Metaspace       used 20796K, capacity 21118K, committed 21248K, reserved 1067008K
  class space    used 2825K, capacity 2978K, committed 3072K, reserved 1048576K
Event: 2.295 GC heap after
Heap after GC invocations=4 (full 0):
 PSYoungGen      total 138240K, used 5104K [0x0000000795580000, 0x000000079e180000, 0x00000007c0000000)
  eden space 133120K, 0% used [0x0000000795580000,0x0000000795580000,0x000000079d780000)
  from space 5120K, 99% used [0x000000079dc80000,0x000000079e17c030,0x000000079e180000)
  to   space 5120K, 0% used [0x000000079d780000,0x000000079d780000,0x000000079dc80000)
 ParOldGen       total 87552K, used 9431K [0x0000000740000000, 0x0000000745580000, 0x0000000795580000)
  object space 87552K, 10% used [0x0000000740000000,0x0000000740935e28,0x0000000745580000)
 Metaspace       used 20796K, capacity 21118K, committed 21248K, reserved 1067008K
  class space    used 2825K, capacity 2978K, committed 3072K, reserved 1048576K
}
Event: 2.295 GC heap before
{Heap before GC invocations=5 (full 1):
 PSYoungGen      total 138240K, used 5104K [0x0000000795580000, 0x000000079e180000, 0x00000007c0000000)
  eden space 133120K, 0% used [0x0000000795580000,0x0000000795580000,0x000000079d780000)
  from space 5120K, 99% used [0x000000079dc80000,0x000000079e17c030,0x000000079e180000)
  to   space 5120K, 0% used [0x000000079d780000,0x000000079d780000,0x000000079dc80000)
 ParOldGen       total 87552K, used 9431K [0x0000000740000000, 0x0000000745580000, 0x0000000795580000)
  object space 87552K, 10% used [0x0000000740000000,0x0000000740935e28,0x0000000745580000)
 Metaspace       used 20796K, capacity 21118K, committed 21248K, reserved 1067008K
  class space    used 2825K, capacity 2978K, committed 3072K, reserved 1048576K
Event: 2.349 GC heap after
Heap after GC invocations=5 (full 1):
 PSYoungGen      total 138240K, used 0K [0x0000000795580000, 0x000000079e180000, 0x00000007c0000000)
  eden space 133120K, 0% used [0x0000000795580000,0x0000000795580000,0x000000079d780000)
  from space 5120K, 0% used [0x000000079dc80000,0x000000079dc80000,0x000000079e180000)
  to   space 5120K, 0% used [0x000000079d780000,0x000000079d780000,0x000000079dc80000)
 ParOldGen       total 64512K, used 8912K [0x0000000740000000, 0x0000000743f00000, 0x0000000795580000)
  object space 64512K, 13% used [0x0000000740000000,0x00000007408b4120,0x0000000743f00000)
 Metaspace       used 20796K, capacity 21118K, committed 21248K, reserved 1067008K
  class space    used 2825K, capacity 2978K, committed 3072K, reserved 1048576K
}
Event: 4.328 GC heap before
{Heap before GC invocations=6 (full 1):
 PSYoungGen      total 138240K, used 133120K [0x0000000795580000, 0x000000079e180000, 0x00000007c0000000)
  eden space 133120K, 100% used [0x0000000795580000,0x000000079d780000,0x000000079d780000)
  from space 5120K, 0% used [0x000000079dc80000,0x000000079dc80000,0x000000079e180000)
  to   space 5120K, 0% used [0x000000079d780000,0x000000079d780000,0x000000079dc80000)
 ParOldGen       total 64512K, used 8912K [0x0000000740000000, 0x0000000743f00000, 0x0000000795580000)
  object space 64512K, 13% used [0x0000000740000000,0x00000007408b4120,0x0000000743f00000)
 Metaspace       used 29567K, capacity 30386K, committed 30464K, reserved 1075200K
  class space    used 4054K, capacity 4349K, committed 4352K, reserved 1048576K
Event: 4.346 GC heap after
Heap after GC invocations=6 (full 1):
 PSYoungGen      total 138240K, used 5120K [0x0000000795580000, 0x00000007a3300000, 0x00000007c0000000)
  eden space 133120K, 0% used [0x0000000795580000,0x0000000795580000,0x000000079d780000)
  from space 5120K, 100% used [0x000000079d780000,0x000000079dc80000,0x000000079dc80000)
  to   space 15360K, 0% used [0x00000007a2400000,0x00000007a2400000,0x00000007a3300000)
 ParOldGen       total 64512K, used 18462K [0x0000000740000000, 0x0000000743f00000, 0x0000000795580000)
  object space 64512K, 28% used [0x0000000740000000,0x0000000741207998,0x0000000743f00000)
 Metaspace       used 29567K, capacity 30386K, committed 30464K, reserved 1075200K
  class space    used 4054K, capacity 4349K, committed 4352K, reserved 1048576K
}
Event: 5.342 GC heap before
{Heap before GC invocations=7 (full 1):
 PSYoungGen      total 138240K, used 84080K [0x0000000795580000, 0x00000007a3300000, 0x00000007c0000000)
  eden space 133120K, 59% used [0x0000000795580000,0x000000079a29c188,0x000000079d780000)
  from space 5120K, 100% used [0x000000079d780000,0x000000079dc80000,0x000000079dc80000)
  to   space 15360K, 0% used [0x00000007a2400000,0x00000007a2400000,0x00000007a3300000)
 ParOldGen       total 64512K, used 18462K [0x0000000740000000, 0x0000000743f00000, 0x0000000795580000)
  object space 64512K, 28% used [0x0000000740000000,0x0000000741207998,0x0000000743f00000)
 Metaspace       used 34334K, capacity 35272K, committed 35416K, reserved 1079296K
  class space    used 4780K, capacity 5166K, committed 5248K, reserved 1048576K
Event: 5.364 GC heap after
Heap after GC invocations=7 (full 1):
 PSYoungGen      total 208896K, used 15359K [0x0000000795580000, 0x00000007a3800000, 0x00000007c0000000)
  eden space 193536K, 0% used [0x0000000795580000,0x0000000795580000,0x00000007a1280000)
  from space 15360K, 99% used [0x00000007a2400000,0x00000007a32ffd30,0x00000007a3300000)
  to   space 17920K, 0% used [0x00000007a1280000,0x00000007a1280000,0x00000007a2400000)
 ParOldGen       total 64512K, used 18611K [0x0000000740000000, 0x0000000743f00000, 0x0000000795580000)
  object space 64512K, 28% used [0x0000000740000000,0x000000074122cf68,0x0000000743f00000)
 Metaspace       used 34334K, capacity 35272K, committed 35416K, reserved 1079296K
  class space    used 4780K, capacity 5166K, committed 5248K, reserved 1048576K
}
Event: 5.364 GC heap before
{Heap before GC invocations=8 (full 2):
 PSYoungGen      total 208896K, used 15359K [0x0000000795580000, 0x00000007a3800000, 0x00000007c0000000)
  eden space 193536K, 0% used [0x0000000795580000,0x0000000795580000,0x00000007a1280000)
  from space 15360K, 99% used [0x00000007a2400000,0x00000007a32ffd30,0x00000007a3300000)
  to   space 17920K, 0% used [0x00000007a1280000,0x00000007a1280000,0x00000007a2400000)
 ParOldGen       total 64512K, used 18611K [0x0000000740000000, 0x0000000743f00000, 0x0000000795580000)
  object space 64512K, 28% used [0x0000000740000000,0x000000074122cf68,0x0000000743f00000)
 Metaspace       used 34334K, capacity 35272K, committed 35416K, reserved 1079296K
  class space    used 4780K, capacity 5166K, committed 5248K, reserved 1048576K
Event: 5.450 GC heap after
Heap after GC invocations=8 (full 2):
 PSYoungGen      total 208896K, used 0K [0x0000000795580000, 0x00000007a3800000, 0x00000007c0000000)
  eden space 193536K, 0% used [0x0000000795580000,0x0000000795580000,0x00000007a1280000)
  from space 15360K, 0% used [0x00000007a2400000,0x00000007a2400000,0x00000007a3300000)
  to   space 17920K, 0% used [0x00000007a1280000,0x00000007a1280000,0x00000007a2400000)
 ParOldGen       total 114688K, used 27347K [0x0000000740000000, 0x0000000747000000, 0x0000000795580000)
  object space 114688K, 23% used [0x0000000740000000,0x0000000741ab4ea0,0x0000000747000000)
 Metaspace       used 34334K, capacity 35272K, committed 35416K, reserved 1079296K
  class space    used 4780K, capacity 5166K, committed 5248K, reserved 1048576K
}

