# JRE version: Java(TM) SE Runtime Environment (8.0_101-b13) (build 1.8.0_101-b13)
# Java VM: Java HotSpot(TM) 64-Bit Server VM (25.101-b13 mixed mode bsd-amd64 compressed oops)
Heap:
 PSYoungGen      total 215040K, used 60049K [0x0000000795580000, 0x00000007a8600000, 0x00000007c0000000)
  eden space 197120K, 21% used [0x0000000795580000,0x0000000797ed1100,0x00000007a1600000)
  from space 17920K, 99% used [0x00000007a1600000,0x00000007a2753418,0x00000007a2780000)
  to   space 20992K, 0% used [0x00000007a7180000,0x00000007a7180000,0x00000007a8600000)
 ParOldGen       total 116736K, used 26332K [0x0000000740000000, 0x0000000747200000, 0x0000000795580000)
  object space 116736K, 22% used [0x0000000740000000,0x00000007419b7180,0x0000000747200000)
 Metaspace       used 39984K, capacity 41282K, committed 41560K, reserved 1085440K
  class space    used 5634K, capacity 6178K, committed 6272K, reserved 1048576K
GC Heap History (10 events):
Event: 2.328 GC heap before
{Heap before GC invocations=5 (full 1):
 PSYoungGen      total 138240K, used 5088K [0x0000000795580000, 0x000000079e180000, 0x00000007c0000000)
  eden space 133120K, 0% used [0x0000000795580000,0x0000000795580000,0x000000079d780000)
  from space 5120K, 99% used [0x000000079dc80000,0x000000079e178040,0x000000079e180000)
  to   space 5120K, 0% used [0x000000079d780000,0x000000079d780000,0x000000079dc80000)
 ParOldGen       total 87552K, used 9382K [0x0000000740000000, 0x0000000745580000, 0x0000000795580000)
  object space 87552K, 10% used [0x0000000740000000,0x0000000740929a90,0x0000000745580000)
 Metaspace       used 20781K, capacity 21118K, committed 21248K, reserved 1067008K
  class space    used 2825K, capacity 2978K, committed 3072K, reserved 1048576K
Event: 2.386 GC heap after
Heap after GC invocations=5 (full 1):
 PSYoungGen      total 138240K, used 0K [0x0000000795580000, 0x000000079e180000, 0x00000007c0000000)
  eden space 133120K, 0% used [0x0000000795580000,0x0000000795580000,0x000000079d780000)
  from space 5120K, 0% used [0x000000079dc80000,0x000000079dc80000,0x000000079e180000)
  to   space 5120K, 0% used [0x000000079d780000,0x000000079d780000,0x000000079dc80000)
 ParOldGen       total 65024K, used 8909K [0x0000000740000000, 0x0000000743f80000, 0x0000000795580000)
  object space 65024K, 13% used [0x0000000740000000,0x00000007408b3598,0x0000000743f80000)
 Metaspace       used 20781K, capacity 21118K, committed 21248K, reserved 1067008K
  class space    used 2825K, capacity 2978K, committed 3072K, reserved 1048576K
}
Event: 4.171 GC heap before
{Heap before GC invocations=6 (full 1):
 PSYoungGen      total 138240K, used 133120K [0x0000000795580000, 0x000000079e180000, 0x00000007c0000000)
  eden space 133120K, 100% used [0x0000000795580000,0x000000079d780000,0x000000079d780000)
  from space 5120K, 0% used [0x000000079dc80000,0x000000079dc80000,0x000000079e180000)
  to   space 5120K, 0% used [0x000000079d780000,0x000000079d780000,0x000000079dc80000)
 ParOldGen       total 65024K, used 8909K [0x0000000740000000, 0x0000000743f80000, 0x0000000795580000)
  object space 65024K, 13% used [0x0000000740000000,0x00000007408b3598,0x0000000743f80000)
 Metaspace       used 29482K, capacity 30284K, committed 30464K, reserved 1075200K
  class space    used 4036K, capacity 4315K, committed 4352K, reserved 1048576K
Event: 4.220 GC heap after
Heap after GC invocations=6 (full 1):
 PSYoungGen      total 138240K, used 5108K [0x0000000795580000, 0x00000007a3600000, 0x00000007c0000000)
  eden space 133120K, 0% used [0x0000000795580000,0x0000000795580000,0x000000079d780000)
  from space 5120K, 99% used [0x000000079d780000,0x000000079dc7d010,0x000000079dc80000)
  to   space 14848K, 0% used [0x00000007a2780000,0x00000007a2780000,0x00000007a3600000)
 ParOldGen       total 65024K, used 18073K [0x0000000740000000, 0x0000000743f80000, 0x0000000795580000)
  object space 65024K, 27% used [0x0000000740000000,0x00000007411a6560,0x0000000743f80000)
 Metaspace       used 29482K, capacity 30284K, committed 30464K, reserved 1075200K
  class space    used 4036K, capacity 4315K, committed 4352K, reserved 1048576K
}
Event: 5.635 GC heap before
{Heap before GC invocations=7 (full 1):
 PSYoungGen      total 138240K, used 87014K [0x0000000795580000, 0x00000007a3600000, 0x00000007c0000000)
  eden space 133120K, 61% used [0x0000000795580000,0x000000079a57ca60,0x000000079d780000)
  from space 5120K, 99% used [0x000000079d780000,0x000000079dc7d010,0x000000079dc80000)
  to   space 14848K, 0% used [0x00000007a2780000,0x00000007a2780000,0x00000007a3600000)
 ParOldGen       total 65024K, used 18073K [0x0000000740000000, 0x0000000743f80000, 0x0000000795580000)
  object space 65024K, 27% used [0x0000000740000000,0x00000007411a6560,0x0000000743f80000)
 Metaspace       used 34332K, capacity 35272K, committed 35416K, reserved 1079296K
  class space    used 4784K, capacity 5166K, committed 5248K, reserved 1048576K
Event: 5.670 GC heap after
Heap after GC invocations=7 (full 1):
 PSYoungGen      total 211968K, used 14818K [0x0000000795580000, 0x00000007a3b80000, 0x00000007c0000000)
  eden space 197120K, 0% used [0x0000000795580000,0x0000000795580000,0x00000007a1600000)
  from space 14848K, 99% used [0x00000007a2780000,0x00000007a35f8a70,0x00000007a3600000)
  to   space 17920K, 0% used [0x00000007a1600000,0x00000007a1600000,0x00000007a2780000)
 ParOldGen       total 65024K, used 19151K [0x0000000740000000, 0x0000000743f80000, 0x0000000795580000)
  object space 65024K, 29% used [0x0000000740000000,0x00000007412b3db0,0x0000000743f80000)
 Metaspace       used 34332K, capacity 35272K, committed 35416K, reserved 1079296K
  class space    used 4784K, capacity 5166K, committed 5248K, reserved 1048576K
}
Event: 5.670 GC heap before
{Heap before GC invocations=8 (full 2):
 PSYoungGen      total 211968K, used 14818K [0x0000000795580000, 0x00000007a3b80000, 0x00000007c0000000)
  eden space 197120K, 0% used [0x0000000795580000,0x0000000795580000,0x00000007a1600000)
  from space 14848K, 99% used [0x00000007a2780000,0x00000007a35f8a70,0x00000007a3600000)
  to   space 17920K, 0% used [0x00000007a1600000,0x00000007a1600000,0x00000007a2780000)
 ParOldGen       total 65024K, used 19151K [0x0000000740000000, 0x0000000743f80000, 0x0000000795580000)
  object space 65024K, 29% used [0x0000000740000000,0x00000007412b3db0,0x0000000743f80000)
 Metaspace       used 34332K, capacity 35272K, committed 35416K, reserved 1079296K
  class space    used 4784K, capacity 5166K, committed 5248K, reserved 1048576K
Event: 5.843 GC heap after
Heap after GC invocations=8 (full 2):
 PSYoungGen      total 211968K, used 0K [0x0000000795580000, 0x00000007a3b80000, 0x00000007c0000000)
  eden space 197120K, 0% used [0x0000000795580000,0x0000000795580000,0x00000007a1600000)
  from space 14848K, 0% used [0x00000007a2780000,0x00000007a2780000,0x00000007a3600000)
  to   space 17920K, 0% used [0x00000007a1600000,0x00000007a1600000,0x00000007a2780000)
 ParOldGen       total 116736K, used 26324K [0x0000000740000000, 0x0000000747200000, 0x0000000795580000)
  object space 116736K, 22% used [0x0000000740000000,0x00000007419b5180,0x0000000747200000)
 Metaspace       used 34332K, capacity 35272K, committed 35416K, reserved 1079296K
  class space    used 4784K, capacity 5166K, committed 5248K, reserved 1048576K
}
Event: 7.833 GC heap before
{Heap before GC invocations=9 (full 2):
 PSYoungGen      total 211968K, used 197120K [0x0000000795580000, 0x00000007a3b80000, 0x00000007c0000000)
  eden space 197120K, 100% used [0x0000000795580000,0x00000007a1600000,0x00000007a1600000)
  from space 14848K, 0% used [0x00000007a2780000,0x00000007a2780000,0x00000007a3600000)
  to   space 17920K, 0% used [0x00000007a1600000,0x00000007a1600000,0x00000007a2780000)
 ParOldGen       total 116736K, used 26324K [0x0000000740000000, 0x0000000747200000, 0x0000000795580000)
  object space 116736K, 22% used [0x0000000740000000,0x00000007419b5180,0x0000000747200000)
 Metaspace       used 39142K, capacity 40394K, committed 40664K, reserved 1083392K
  class space    used 5507K, capacity 6028K, committed 6144K, reserved 1048576K
Event: 7.862 GC heap after
Heap after GC invocations=9 (full 2):
 PSYoungGen      total 215040K, used 17741K [0x0000000795580000, 0x00000007a8600000, 0x00000007c0000000)
  eden space 197120K, 0% used [0x0000000795580000,0x0000000795580000,0x00000007a1600000)
  from space 17920K, 99% used [0x00000007a1600000,0x00000007a2753418,0x00000007a2780000)
  to   space 20992K, 0% used [0x00000007a7180000,0x00000007a7180000,0x00000007a8600000)
 ParOldGen       total 116736K, used 26332K [0x0000000740000000, 0x0000000747200000, 0x0000000795580000)
  object space 116736K, 22% used [0x0000000740000000,0x00000007419b7180,0x0000000747200000)
 Metaspace       used 39142K, capacity 40394K, committed 40664K, reserved 1083392K
  class space    used 5507K, capacity 6028K, committed 6144K, reserved 1048576K
}

