# JRE version: Java(TM) SE Runtime Environment (8.0_101-b13) (build 1.8.0_101-b13)
# Java VM: Java HotSpot(TM) 64-Bit Server VM (25.101-b13 mixed mode bsd-amd64 compressed oops)
Heap:
 PSYoungGen      total 205824K, used 78201K [0x0000000795580000, 0x00000007a7800000, 0x00000007c0000000)
  eden space 187904K, 32% used [0x0000000795580000,0x00000007990cf108,0x00000007a0d00000)
  from space 17920K, 97% used [0x00000007a0d00000,0x00000007a1e0f570,0x00000007a1e80000)
  to   space 20480K, 0% used [0x00000007a6400000,0x00000007a6400000,0x00000007a7800000)
 ParOldGen       total 119296K, used 26255K [0x0000000740000000, 0x0000000747480000, 0x0000000795580000)
  object space 119296K, 22% used [0x0000000740000000,0x00000007419a3d58,0x0000000747480000)
 Metaspace       used 39948K, capacity 41282K, committed 41560K, reserved 1085440K
  class space    used 5632K, capacity 6178K, committed 6272K, reserved 1048576K
GC Heap History (10 events):
Event: 2.476 GC heap before
{Heap before GC invocations=5 (full 1):
 PSYoungGen      total 138240K, used 5088K [0x0000000795580000, 0x000000079e180000, 0x00000007c0000000)
  eden space 133120K, 0% used [0x0000000795580000,0x0000000795580000,0x000000079d780000)
  from space 5120K, 99% used [0x000000079dc80000,0x000000079e178040,0x000000079e180000)
  to   space 5120K, 0% used [0x000000079d780000,0x000000079d780000,0x000000079dc80000)
 ParOldGen       total 87552K, used 9452K [0x0000000740000000, 0x0000000745580000, 0x0000000795580000)
  object space 87552K, 10% used [0x0000000740000000,0x000000074093b228,0x0000000745580000)
 Metaspace       used 20787K, capacity 21118K, committed 21248K, reserved 1067008K
  class space    used 2825K, capacity 2978K, committed 3072K, reserved 1048576K
Event: 2.544 GC heap after
Heap after GC invocations=5 (full 1):
 PSYoungGen      total 138240K, used 0K [0x0000000795580000, 0x000000079e180000, 0x00000007c0000000)
  eden space 133120K, 0% used [0x0000000795580000,0x0000000795580000,0x000000079d780000)
  from space 5120K, 0% used [0x000000079dc80000,0x000000079dc80000,0x000000079e180000)
  to   space 5120K, 0% used [0x000000079d780000,0x000000079d780000,0x000000079dc80000)
 ParOldGen       total 70656K, used 13377K [0x0000000740000000, 0x0000000744500000, 0x0000000795580000)
  object space 70656K, 18% used [0x0000000740000000,0x0000000740d10438,0x0000000744500000)
 Metaspace       used 20787K, capacity 21118K, committed 21248K, reserved 1067008K
  class space    used 2825K, capacity 2978K, committed 3072K, reserved 1048576K
}
Event: 4.768 GC heap before
{Heap before GC invocations=6 (full 1):
 PSYoungGen      total 138240K, used 133120K [0x0000000795580000, 0x000000079e180000, 0x00000007c0000000)
  eden space 133120K, 100% used [0x0000000795580000,0x000000079d780000,0x000000079d780000)
  from space 5120K, 0% used [0x000000079dc80000,0x000000079dc80000,0x000000079e180000)
  to   space 5120K, 0% used [0x000000079d780000,0x000000079d780000,0x000000079dc80000)
 ParOldGen       total 70656K, used 13377K [0x0000000740000000, 0x0000000744500000, 0x0000000795580000)
  object space 70656K, 18% used [0x0000000740000000,0x0000000740d10438,0x0000000744500000)
 Metaspace       used 29548K, capacity 30386K, committed 30464K, reserved 1075200K
  class space    used 4056K, capacity 4349K, committed 4352K, reserved 1048576K
Event: 4.790 GC heap after
Heap after GC invocations=6 (full 1):
 PSYoungGen      total 138240K, used 5120K [0x0000000795580000, 0x00000007a2d80000, 0x00000007c0000000)
  eden space 133120K, 0% used [0x0000000795580000,0x0000000795580000,0x000000079d780000)
  from space 5120K, 100% used [0x000000079d780000,0x000000079dc80000,0x000000079dc80000)
  to   space 15360K, 0% used [0x00000007a1e80000,0x00000007a1e80000,0x00000007a2d80000)
 ParOldGen       total 70656K, used 22858K [0x0000000740000000, 0x0000000744500000, 0x0000000795580000)
  object space 70656K, 32% used [0x0000000740000000,0x0000000741652a28,0x0000000744500000)
 Metaspace       used 29548K, capacity 30386K, committed 30464K, reserved 1075200K
  class space    used 4056K, capacity 4349K, committed 4352K, reserved 1048576K
}
Event: 5.708 GC heap before
{Heap before GC invocations=7 (full 1):
 PSYoungGen      total 138240K, used 86951K [0x0000000795580000, 0x00000007a2d80000, 0x00000007c0000000)
  eden space 133120K, 61% used [0x0000000795580000,0x000000079a569ff8,0x000000079d780000)
  from space 5120K, 100% used [0x000000079d780000,0x000000079dc80000,0x000000079dc80000)
  to   space 15360K, 0% used [0x00000007a1e80000,0x00000007a1e80000,0x00000007a2d80000)
 ParOldGen       total 70656K, used 22858K [0x0000000740000000, 0x0000000744500000, 0x0000000795580000)
  object space 70656K, 32% used [0x0000000740000000,0x0000000741652a28,0x0000000744500000)
 Metaspace       used 34327K, capacity 35272K, committed 35416K, reserved 1079296K
  class space    used 4783K, capacity 5166K, committed 5248K, reserved 1048576K
Event: 5.731 GC heap after
Heap after GC invocations=7 (full 1):
 PSYoungGen      total 203264K, used 15343K [0x0000000795580000, 0x00000007a3400000, 0x00000007c0000000)
  eden space 187904K, 0% used [0x0000000795580000,0x0000000795580000,0x00000007a0d00000)
  from space 15360K, 99% used [0x00000007a1e80000,0x00000007a2d7bd20,0x00000007a2d80000)
  to   space 17920K, 0% used [0x00000007a0d00000,0x00000007a0d00000,0x00000007a1e80000)
 ParOldGen       total 70656K, used 23116K [0x0000000740000000, 0x0000000744500000, 0x0000000795580000)
  object space 70656K, 32% used [0x0000000740000000,0x00000007416932d8,0x0000000744500000)
 Metaspace       used 34327K, capacity 35272K, committed 35416K, reserved 1079296K
  class space    used 4783K, capacity 5166K, committed 5248K, reserved 1048576K
}
Event: 5.731 GC heap before
{Heap before GC invocations=8 (full 2):
 PSYoungGen      total 203264K, used 15343K [0x0000000795580000, 0x00000007a3400000, 0x00000007c0000000)
  eden space 187904K, 0% used [0x0000000795580000,0x0000000795580000,0x00000007a0d00000)
  from space 15360K, 99% used [0x00000007a1e80000,0x00000007a2d7bd20,0x00000007a2d80000)
  to   space 17920K, 0% used [0x00000007a0d00000,0x00000007a0d00000,0x00000007a1e80000)
 ParOldGen       total 70656K, used 23116K [0x0000000740000000, 0x0000000744500000, 0x0000000795580000)
  object space 70656K, 32% used [0x0000000740000000,0x00000007416932d8,0x0000000744500000)
 Metaspace       used 34327K, capacity 35272K, committed 35416K, reserved 1079296K
  class space    used 4783K, capacity 5166K, committed 5248K, reserved 1048576K
Event: 5.868 GC heap after
Heap after GC invocations=8 (full 2):
 PSYoungGen      total 203264K, used 0K [0x0000000795580000, 0x00000007a3400000, 0x00000007c0000000)
  eden space 187904K, 0% used [0x0000000795580000,0x0000000795580000,0x00000007a0d00000)
  from space 15360K, 0% used [0x00000007a1e80000,0x00000007a1e80000,0x00000007a2d80000)
  to   space 17920K, 0% used [0x00000007a0d00000,0x00000007a0d00000,0x00000007a1e80000)
 ParOldGen       total 119296K, used 26247K [0x0000000740000000, 0x0000000747480000, 0x0000000795580000)
  object space 119296K, 22% used [0x0000000740000000,0x00000007419a1d58,0x0000000747480000)
 Metaspace       used 34327K, capacity 35272K, committed 35416K, reserved 1079296K
  class space    used 4783K, capacity 5166K, committed 5248K, reserved 1048576K
}
Event: 8.050 GC heap before
{Heap before GC invocations=9 (full 2):
 PSYoungGen      total 203264K, used 187904K [0x0000000795580000, 0x00000007a3400000, 0x00000007c0000000)
  eden space 187904K, 100% used [0x0000000795580000,0x00000007a0d00000,0x00000007a0d00000)
  from space 15360K, 0% used [0x00000007a1e80000,0x00000007a1e80000,0x00000007a2d80000)
  to   space 17920K, 0% used [0x00000007a0d00000,0x00000007a0d00000,0x00000007a1e80000)
 ParOldGen       total 119296K, used 26247K [0x0000000740000000, 0x0000000747480000, 0x0000000795580000)
  object space 119296K, 22% used [0x0000000740000000,0x00000007419a1d58,0x0000000747480000)
 Metaspace       used 38999K, capacity 40188K, committed 40280K, reserved 1083392K
  class space    used 5482K, capacity 5980K, committed 6016K, reserved 1048576K
Event: 8.084 GC heap after
Heap after GC invocations=9 (full 2):
 PSYoungGen      total 205824K, used 17469K [0x0000000795580000, 0x00000007a7800000, 0x00000007c0000000)
  eden space 187904K, 0% used [0x0000000795580000,0x0000000795580000,0x00000007a0d00000)
  from space 17920K, 97% used [0x00000007a0d00000,0x00000007a1e0f570,0x00000007a1e80000)
  to   space 20480K, 0% used [0x00000007a6400000,0x00000007a6400000,0x00000007a7800000)
 ParOldGen       total 119296K, used 26255K [0x0000000740000000, 0x0000000747480000, 0x0000000795580000)
  object space 119296K, 22% used [0x0000000740000000,0x00000007419a3d58,0x0000000747480000)
 Metaspace       used 38999K, capacity 40188K, committed 40280K, reserved 1083392K
  class space    used 5482K, capacity 5980K, committed 6016K, reserved 1048576K
}

