# JRE version: Java(TM) SE Runtime Environment (8.0_101-b13) (build 1.8.0_101-b13)
# Java VM: Java HotSpot(TM) 64-Bit Server VM (25.101-b13 mixed mode bsd-amd64 compressed oops)
Heap:
 PSYoungGen      total 58368K, used 18427K [0x0000000795580000, 0x000000079ab80000, 0x00000007c0000000)
  eden space 48640K, 17% used [0x0000000795580000,0x0000000795e02f20,0x0000000798500000)
  from space 9728K, 99% used [0x0000000798500000,0x0000000798e7c010,0x0000000798e80000)
  to   space 11776K, 0% used [0x000000079a000000,0x000000079a000000,0x000000079ab80000)
 ParOldGen       total 65536K, used 11045K [0x0000000740000000, 0x0000000744000000, 0x0000000795580000)
  object space 65536K, 16% used [0x0000000740000000,0x0000000740ac95c0,0x0000000744000000)
 Metaspace       used 31681K, capacity 32632K, committed 32768K, reserved 1077248K
  class space    used 4402K, capacity 4759K, committed 4864K, reserved 1048576K
GC Heap History (10 events):
Event: 11.816 GC heap before
{Heap before GC invocations=6 (full 1):
 PSYoungGen      total 37888K, used 5088K [0x0000000795580000, 0x0000000798780000, 0x00000007c0000000)
  eden space 32768K, 0% used [0x0000000795580000,0x0000000795580000,0x0000000797580000)
  from space 5120K, 99% used [0x0000000797600000,0x0000000797af8040,0x0000000797b00000)
  to   space 9216K, 0% used [0x0000000797e80000,0x0000000797e80000,0x0000000798780000)
 ParOldGen       total 87552K, used 9028K [0x0000000740000000, 0x0000000745580000, 0x0000000795580000)
  object space 87552K, 10% used [0x0000000740000000,0x00000007408d10a8,0x0000000745580000)
 Metaspace       used 20800K, capacity 21102K, committed 21248K, reserved 1067008K
  class space    used 2820K, capacity 2978K, committed 3072K, reserved 1048576K
Event: 11.932 GC heap after
Heap after GC invocations=6 (full 1):
 PSYoungGen      total 37888K, used 0K [0x0000000795580000, 0x0000000798780000, 0x00000007c0000000)
  eden space 32768K, 0% used [0x0000000795580000,0x0000000795580000,0x0000000797580000)
  from space 5120K, 0% used [0x0000000797600000,0x0000000797600000,0x0000000797b00000)
  to   space 9216K, 0% used [0x0000000797e80000,0x0000000797e80000,0x0000000798780000)
 ParOldGen       total 65536K, used 9357K [0x0000000740000000, 0x0000000744000000, 0x0000000795580000)
  object space 65536K, 14% used [0x0000000740000000,0x00000007409234e0,0x0000000744000000)
 Metaspace       used 20800K, capacity 21102K, committed 21248K, reserved 1067008K
  class space    used 2820K, capacity 2978K, committed 3072K, reserved 1048576K
}
Event: 13.555 GC heap before
{Heap before GC invocations=7 (full 1):
 PSYoungGen      total 37888K, used 32768K [0x0000000795580000, 0x0000000798780000, 0x00000007c0000000)
  eden space 32768K, 100% used [0x0000000795580000,0x0000000797580000,0x0000000797580000)
  from space 5120K, 0% used [0x0000000797600000,0x0000000797600000,0x0000000797b00000)
  to   space 9216K, 0% used [0x0000000797e80000,0x0000000797e80000,0x0000000798780000)
 ParOldGen       total 65536K, used 9357K [0x0000000740000000, 0x0000000744000000, 0x0000000795580000)
  object space 65536K, 14% used [0x0000000740000000,0x00000007409234e0,0x0000000744000000)
 Metaspace       used 22757K, capacity 23198K, committed 23296K, reserved 1069056K
  class space    used 3118K, capacity 3309K, committed 3328K, reserved 1048576K
Event: 13.581 GC heap after
Heap after GC invocations=7 (full 1):
 PSYoungGen      total 41472K, used 3495K [0x0000000795580000, 0x0000000799880000, 0x00000007c0000000)
  eden space 32256K, 0% used [0x0000000795580000,0x0000000795580000,0x0000000797500000)
  from space 9216K, 37% used [0x0000000797e80000,0x00000007981e9f60,0x0000000798780000)
  to   space 9728K, 0% used [0x0000000797500000,0x0000000797500000,0x0000000797e80000)
 ParOldGen       total 65536K, used 9365K [0x0000000740000000, 0x0000000744000000, 0x0000000795580000)
  object space 65536K, 14% used [0x0000000740000000,0x00000007409254e0,0x0000000744000000)
 Metaspace       used 22757K, capacity 23198K, committed 23296K, reserved 1069056K
  class space    used 3118K, capacity 3309K, committed 3328K, reserved 1048576K
}
Event: 16.154 GC heap before
{Heap before GC invocations=8 (full 1):
 PSYoungGen      total 41472K, used 35751K [0x0000000795580000, 0x0000000799880000, 0x00000007c0000000)
  eden space 32256K, 100% used [0x0000000795580000,0x0000000797500000,0x0000000797500000)
  from space 9216K, 37% used [0x0000000797e80000,0x00000007981e9f60,0x0000000798780000)
  to   space 9728K, 0% used [0x0000000797500000,0x0000000797500000,0x0000000797e80000)
 ParOldGen       total 65536K, used 9365K [0x0000000740000000, 0x0000000744000000, 0x0000000795580000)
  object space 65536K, 14% used [0x0000000740000000,0x00000007409254e0,0x0000000744000000)
 Metaspace       used 25353K, capacity 25968K, committed 26240K, reserved 1071104K
  class space    used 3431K, capacity 3673K, committed 3712K, reserved 1048576K
Event: 16.182 GC heap after
Heap after GC invocations=8 (full 1):
 PSYoungGen      total 41984K, used 4297K [0x0000000795580000, 0x0000000799800000, 0x00000007c0000000)
  eden space 32256K, 0% used [0x0000000795580000,0x0000000795580000,0x0000000797500000)
  from space 9728K, 44% used [0x0000000797500000,0x0000000797932458,0x0000000797e80000)
  to   space 9728K, 0% used [0x0000000798e80000,0x0000000798e80000,0x0000000799800000)
 ParOldGen       total 65536K, used 9373K [0x0000000740000000, 0x0000000744000000, 0x0000000795580000)
  object space 65536K, 14% used [0x0000000740000000,0x00000007409274e0,0x0000000744000000)
 Metaspace       used 25353K, capacity 25968K, committed 26240K, reserved 1071104K
  class space    used 3431K, capacity 3673K, committed 3712K, reserved 1048576K
}
Event: 18.184 GC heap before
{Heap before GC invocations=9 (full 1):
 PSYoungGen      total 41984K, used 36553K [0x0000000795580000, 0x0000000799800000, 0x00000007c0000000)
  eden space 32256K, 100% used [0x0000000795580000,0x0000000797500000,0x0000000797500000)
  from space 9728K, 44% used [0x0000000797500000,0x0000000797932458,0x0000000797e80000)
  to   space 9728K, 0% used [0x0000000798e80000,0x0000000798e80000,0x0000000799800000)
 ParOldGen       total 65536K, used 9373K [0x0000000740000000, 0x0000000744000000, 0x0000000795580000)
  object space 65536K, 14% used [0x0000000740000000,0x00000007409274e0,0x0000000744000000)
 Metaspace       used 27657K, capacity 28422K, committed 28672K, reserved 1073152K
  class space    used 3738K, capacity 4043K, committed 4096K, reserved 1048576K
Event: 18.209 GC heap after
Heap after GC invocations=9 (full 1):
 PSYoungGen      total 58368K, used 7064K [0x0000000795580000, 0x0000000799880000, 0x00000007c0000000)
  eden space 48640K, 0% used [0x0000000795580000,0x0000000795580000,0x0000000798500000)
  from space 9728K, 72% used [0x0000000798e80000,0x0000000799566370,0x0000000799800000)
  to   space 9728K, 0% used [0x0000000798500000,0x0000000798500000,0x0000000798e80000)
 ParOldGen       total 65536K, used 9445K [0x0000000740000000, 0x0000000744000000, 0x0000000795580000)
  object space 65536K, 14% used [0x0000000740000000,0x00000007409394f0,0x0000000744000000)
 Metaspace       used 27657K, capacity 28422K, committed 28672K, reserved 1073152K
  class space    used 3738K, capacity 4043K, committed 4096K, reserved 1048576K
}
Event: 20.990 GC heap before
{Heap before GC invocations=10 (full 1):
 PSYoungGen      total 58368K, used 55704K [0x0000000795580000, 0x0000000799880000, 0x00000007c0000000)
  eden space 48640K, 100% used [0x0000000795580000,0x0000000798500000,0x0000000798500000)
  from space 9728K, 72% used [0x0000000798e80000,0x0000000799566370,0x0000000799800000)
  to   space 9728K, 0% used [0x0000000798500000,0x0000000798500000,0x0000000798e80000)
 ParOldGen       total 65536K, used 9445K [0x0000000740000000, 0x0000000744000000, 0x0000000795580000)
  object space 65536K, 14% used [0x0000000740000000,0x00000007409394f0,0x0000000744000000)
 Metaspace       used 30059K, capacity 31032K, committed 31232K, reserved 1075200K
  class space    used 4138K, capacity 4503K, committed 4608K, reserved 1048576K
Event: 21.032 GC heap after
Heap after GC invocations=10 (full 1):
 PSYoungGen      total 58368K, used 9712K [0x0000000795580000, 0x000000079ab80000, 0x00000007c0000000)
  eden space 48640K, 0% used [0x0000000795580000,0x0000000795580000,0x0000000798500000)
  from space 9728K, 99% used [0x0000000798500000,0x0000000798e7c010,0x0000000798e80000)
  to   space 11776K, 0% used [0x000000079a000000,0x000000079a000000,0x000000079ab80000)
 ParOldGen       total 65536K, used 11045K [0x0000000740000000, 0x0000000744000000, 0x0000000795580000)
  object space 65536K, 16% used [0x0000000740000000,0x0000000740ac95c0,0x0000000744000000)
 Metaspace       used 30059K, capacity 31032K, committed 31232K, reserved 1075200K
  class space    used 4138K, capacity 4503K, committed 4608K, reserved 1048576K
}

