# JRE version: Java(TM) SE Runtime Environment (8.0_101-b13) (build 1.8.0_101-b13)
# Java VM: Java HotSpot(TM) 64-Bit Server VM (25.101-b13 mixed mode bsd-amd64 compressed oops)
Heap:
 PSYoungGen      total 149504K, used 108399K [0x0000000795580000, 0x00000007a1580000, 0x00000007c0000000)
  eden space 133632K, 70% used [0x0000000795580000,0x000000079b213d38,0x000000079d800000)
  from space 15872K, 85% used [0x000000079d800000,0x000000079e548010,0x000000079e780000)
  to   space 17408K, 0% used [0x00000007a0480000,0x00000007a0480000,0x00000007a1580000)
 ParOldGen       total 114688K, used 24631K [0x0000000740000000, 0x0000000747000000, 0x0000000795580000)
  object space 114688K, 21% used [0x0000000740000000,0x000000074180dca8,0x0000000747000000)
 Metaspace       used 39484K, capacity 40744K, committed 40920K, reserved 1083392K
  class space    used 5549K, capacity 6077K, committed 6144K, reserved 1048576K
GC Heap History (10 events):
Event: 4.799 GC heap before
{Heap before GC invocations=7 (full 1):
 PSYoungGen      total 71680K, used 66560K [0x0000000795580000, 0x000000079e980000, 0x00000007c0000000)
  eden space 66560K, 100% used [0x0000000795580000,0x0000000799680000,0x0000000799680000)
  from space 5120K, 0% used [0x0000000799680000,0x0000000799680000,0x0000000799b80000)
  to   space 9216K, 0% used [0x000000079e080000,0x000000079e080000,0x000000079e980000)
 ParOldGen       total 64512K, used 8569K [0x0000000740000000, 0x0000000743f00000, 0x0000000795580000)
  object space 64512K, 13% used [0x0000000740000000,0x000000074085e518,0x0000000743f00000)
 Metaspace       used 25363K, capacity 26048K, committed 26240K, reserved 1071104K
  class space    used 3434K, capacity 3673K, committed 3712K, reserved 1048576K
Event: 4.815 GC heap after
Heap after GC invocations=7 (full 1):
 PSYoungGen      total 101888K, used 6182K [0x0000000795580000, 0x000000079e700000, 0x00000007c0000000)
  eden space 95232K, 0% used [0x0000000795580000,0x0000000795580000,0x000000079b280000)
  from space 6656K, 92% used [0x000000079e080000,0x000000079e689a70,0x000000079e700000)
  to   space 9216K, 0% used [0x000000079d500000,0x000000079d500000,0x000000079de00000)
 ParOldGen       total 64512K, used 8641K [0x0000000740000000, 0x0000000743f00000, 0x0000000795580000)
  object space 64512K, 13% used [0x0000000740000000,0x0000000740870528,0x0000000743f00000)
 Metaspace       used 25363K, capacity 26048K, committed 26240K, reserved 1071104K
  class space    used 3434K, capacity 3673K, committed 3712K, reserved 1048576K
}
Event: 6.466 GC heap before
{Heap before GC invocations=8 (full 1):
 PSYoungGen      total 101888K, used 101414K [0x0000000795580000, 0x000000079e700000, 0x00000007c0000000)
  eden space 95232K, 100% used [0x0000000795580000,0x000000079b280000,0x000000079b280000)
  from space 6656K, 92% used [0x000000079e080000,0x000000079e689a70,0x000000079e700000)
  to   space 9216K, 0% used [0x000000079d500000,0x000000079d500000,0x000000079de00000)
 ParOldGen       total 64512K, used 8641K [0x0000000740000000, 0x0000000743f00000, 0x0000000795580000)
  object space 64512K, 13% used [0x0000000740000000,0x0000000740870528,0x0000000743f00000)
 Metaspace       used 31957K, capacity 32904K, committed 33024K, reserved 1077248K
  class space    used 4438K, capacity 4823K, committed 4864K, reserved 1048576K
Event: 6.495 GC heap after
Heap after GC invocations=8 (full 1):
 PSYoungGen      total 139776K, used 9204K [0x0000000795580000, 0x000000079f480000, 0x00000007c0000000)
  eden space 130560K, 0% used [0x0000000795580000,0x0000000795580000,0x000000079d500000)
  from space 9216K, 99% used [0x000000079d500000,0x000000079ddfd010,0x000000079de00000)
  to   space 13312K, 0% used [0x000000079e780000,0x000000079e780000,0x000000079f480000)
 ParOldGen       total 64512K, used 15362K [0x0000000740000000, 0x0000000743f00000, 0x0000000795580000)
  object space 64512K, 23% used [0x0000000740000000,0x0000000740f00bd8,0x0000000743f00000)
 Metaspace       used 31957K, capacity 32904K, committed 33024K, reserved 1077248K
  class space    used 4438K, capacity 4823K, committed 4864K, reserved 1048576K
}
Event: 7.319 GC heap before
{Heap before GC invocations=9 (full 1):
 PSYoungGen      total 139776K, used 64010K [0x0000000795580000, 0x000000079f480000, 0x00000007c0000000)
  eden space 130560K, 41% used [0x0000000795580000,0x0000000798b059c8,0x000000079d500000)
  from space 9216K, 99% used [0x000000079d500000,0x000000079ddfd010,0x000000079de00000)
  to   space 13312K, 0% used [0x000000079e780000,0x000000079e780000,0x000000079f480000)
 ParOldGen       total 64512K, used 15362K [0x0000000740000000, 0x0000000743f00000, 0x0000000795580000)
  object space 64512K, 23% used [0x0000000740000000,0x0000000740f00bd8,0x0000000743f00000)
 Metaspace       used 34340K, capacity 35304K, committed 35416K, reserved 1079296K
  class space    used 4784K, capacity 5198K, committed 5248K, reserved 1048576K
Event: 7.344 GC heap after
Heap after GC invocations=9 (full 1):
 PSYoungGen      total 146944K, used 13296K [0x0000000795580000, 0x00000007a2f80000, 0x00000007c0000000)
  eden space 133632K, 0% used [0x0000000795580000,0x0000000795580000,0x000000079d800000)
  from space 13312K, 99% used [0x000000079e780000,0x000000079f47c010,0x000000079f480000)
  to   space 15872K, 0% used [0x000000079d800000,0x000000079d800000,0x000000079e780000)
 ParOldGen       total 64512K, used 17516K [0x0000000740000000, 0x0000000743f00000, 0x0000000795580000)
  object space 64512K, 27% used [0x0000000740000000,0x000000074111b130,0x0000000743f00000)
 Metaspace       used 34340K, capacity 35304K, committed 35416K, reserved 1079296K
  class space    used 4784K, capacity 5198K, committed 5248K, reserved 1048576K
}
Event: 7.344 GC heap before
{Heap before GC invocations=10 (full 2):
 PSYoungGen      total 146944K, used 13296K [0x0000000795580000, 0x00000007a2f80000, 0x00000007c0000000)
  eden space 133632K, 0% used [0x0000000795580000,0x0000000795580000,0x000000079d800000)
  from space 13312K, 99% used [0x000000079e780000,0x000000079f47c010,0x000000079f480000)
  to   space 15872K, 0% used [0x000000079d800000,0x000000079d800000,0x000000079e780000)
 ParOldGen       total 64512K, used 17516K [0x0000000740000000, 0x0000000743f00000, 0x0000000795580000)
  object space 64512K, 27% used [0x0000000740000000,0x000000074111b130,0x0000000743f00000)
 Metaspace       used 34340K, capacity 35304K, committed 35416K, reserved 1079296K
  class space    used 4784K, capacity 5198K, committed 5248K, reserved 1048576K
Event: 7.516 GC heap after
Heap after GC invocations=10 (full 2):
 PSYoungGen      total 146944K, used 0K [0x0000000795580000, 0x00000007a2f80000, 0x00000007c0000000)
  eden space 133632K, 0% used [0x0000000795580000,0x0000000795580000,0x000000079d800000)
  from space 13312K, 0% used [0x000000079e780000,0x000000079e780000,0x000000079f480000)
  to   space 15872K, 0% used [0x000000079d800000,0x000000079d800000,0x000000079e780000)
 ParOldGen       total 114688K, used 24623K [0x0000000740000000, 0x0000000747000000, 0x0000000795580000)
  object space 114688K, 21% used [0x0000000740000000,0x000000074180bca8,0x0000000747000000)
 Metaspace       used 34340K, capacity 35304K, committed 35416K, reserved 1079296K
  class space    used 4784K, capacity 5198K, committed 5248K, reserved 1048576K
}
Event: 9.610 GC heap before
{Heap before GC invocations=11 (full 2):
 PSYoungGen      total 146944K, used 133632K [0x0000000795580000, 0x00000007a2f80000, 0x00000007c0000000)
  eden space 133632K, 100% used [0x0000000795580000,0x000000079d800000,0x000000079d800000)
  from space 13312K, 0% used [0x000000079e780000,0x000000079e780000,0x000000079f480000)
  to   space 15872K, 0% used [0x000000079d800000,0x000000079d800000,0x000000079e780000)
 ParOldGen       total 114688K, used 24623K [0x0000000740000000, 0x0000000747000000, 0x0000000795580000)
  object space 114688K, 21% used [0x0000000740000000,0x000000074180bca8,0x0000000747000000)
 Metaspace       used 36735K, capacity 37776K, committed 38104K, reserved 1081344K
  class space    used 5110K, capacity 5542K, committed 5632K, reserved 1048576K
Event: 9.631 GC heap after
Heap after GC invocations=11 (full 2):
 PSYoungGen      total 149504K, used 13600K [0x0000000795580000, 0x00000007a1580000, 0x00000007c0000000)
  eden space 133632K, 0% used [0x0000000795580000,0x0000000795580000,0x000000079d800000)
  from space 15872K, 85% used [0x000000079d800000,0x000000079e548010,0x000000079e780000)
  to   space 17408K, 0% used [0x00000007a0480000,0x00000007a0480000,0x00000007a1580000)
 ParOldGen       total 114688K, used 24631K [0x0000000740000000, 0x0000000747000000, 0x0000000795580000)
  object space 114688K, 21% used [0x0000000740000000,0x000000074180dca8,0x0000000747000000)
 Metaspace       used 36735K, capacity 37776K, committed 38104K, reserved 1081344K
  class space    used 5110K, capacity 5542K, committed 5632K, reserved 1048576K
}

