# JRE version: Java(TM) SE Runtime Environment (8.0_101-b13) (build 1.8.0_101-b13)
# Java VM: Java HotSpot(TM) 64-Bit Server VM (25.101-b13 mixed mode bsd-amd64 compressed oops)
Heap:
 PSYoungGen      total 211456K, used 72580K [0x0000000795580000, 0x00000007a8f00000, 0x00000007c0000000)
  eden space 193536K, 28% used [0x0000000795580000,0x0000000798b31da0,0x00000007a1280000)
  from space 17920K, 98% used [0x00000007a1280000,0x00000007a23af570,0x00000007a2400000)
  to   space 20992K, 0% used [0x00000007a7a80000,0x00000007a7a80000,0x00000007a8f00000)
 ParOldGen       total 115200K, used 27427K [0x0000000740000000, 0x0000000747080000, 0x0000000795580000)
  object space 115200K, 23% used [0x0000000740000000,0x0000000741ac8d90,0x0000000747080000)
 Metaspace       used 40071K, capacity 41380K, committed 41560K, reserved 1085440K
  class space    used 5651K, capacity 6212K, committed 6272K, reserved 1048576K
GC Heap History (10 events):
Event: 2.396 GC heap before
{Heap before GC invocations=5 (full 1):
 PSYoungGen      total 138240K, used 5088K [0x0000000795580000, 0x000000079e180000, 0x00000007c0000000)
  eden space 133120K, 0% used [0x0000000795580000,0x0000000795580000,0x000000079d780000)
  from space 5120K, 99% used [0x000000079dc80000,0x000000079e178040,0x000000079e180000)
  to   space 5120K, 0% used [0x000000079d780000,0x000000079d780000,0x000000079dc80000)
 ParOldGen       total 87552K, used 9382K [0x0000000740000000, 0x0000000745580000, 0x0000000795580000)
  object space 87552K, 10% used [0x0000000740000000,0x0000000740929968,0x0000000745580000)
 Metaspace       used 20814K, capacity 21118K, committed 21248K, reserved 1067008K
  class space    used 2828K, capacity 2978K, committed 3072K, reserved 1048576K
Event: 2.470 GC heap after
Heap after GC invocations=5 (full 1):
 PSYoungGen      total 138240K, used 0K [0x0000000795580000, 0x000000079e180000, 0x00000007c0000000)
  eden space 133120K, 0% used [0x0000000795580000,0x0000000795580000,0x000000079d780000)
  from space 5120K, 0% used [0x000000079dc80000,0x000000079dc80000,0x000000079e180000)
  to   space 5120K, 0% used [0x000000079d780000,0x000000079d780000,0x000000079dc80000)
 ParOldGen       total 65024K, used 8906K [0x0000000740000000, 0x0000000743f80000, 0x0000000795580000)
  object space 65024K, 13% used [0x0000000740000000,0x00000007408b2858,0x0000000743f80000)
 Metaspace       used 20814K, capacity 21118K, committed 21248K, reserved 1067008K
  class space    used 2828K, capacity 2978K, committed 3072K, reserved 1048576K
}
Event: 4.186 GC heap before
{Heap before GC invocations=6 (full 1):
 PSYoungGen      total 138240K, used 133120K [0x0000000795580000, 0x000000079e180000, 0x00000007c0000000)
  eden space 133120K, 100% used [0x0000000795580000,0x000000079d780000,0x000000079d780000)
  from space 5120K, 0% used [0x000000079dc80000,0x000000079dc80000,0x000000079e180000)
  to   space 5120K, 0% used [0x000000079d780000,0x000000079d780000,0x000000079dc80000)
 ParOldGen       total 65024K, used 8906K [0x0000000740000000, 0x0000000743f80000, 0x0000000795580000)
  object space 65024K, 13% used [0x0000000740000000,0x00000007408b2858,0x0000000743f80000)
 Metaspace       used 29461K, capacity 30220K, committed 30464K, reserved 1075200K
  class space    used 4036K, capacity 4315K, committed 4352K, reserved 1048576K
Event: 4.214 GC heap after
Heap after GC invocations=6 (full 1):
 PSYoungGen      total 138240K, used 5120K [0x0000000795580000, 0x00000007a3300000, 0x00000007c0000000)
  eden space 133120K, 0% used [0x0000000795580000,0x0000000795580000,0x000000079d780000)
  from space 5120K, 100% used [0x000000079d780000,0x000000079dc80000,0x000000079dc80000)
  to   space 15360K, 0% used [0x00000007a2400000,0x00000007a2400000,0x00000007a3300000)
 ParOldGen       total 65024K, used 18107K [0x0000000740000000, 0x0000000743f80000, 0x0000000795580000)
  object space 65024K, 27% used [0x0000000740000000,0x00000007411aee90,0x0000000743f80000)
 Metaspace       used 29461K, capacity 30220K, committed 30464K, reserved 1075200K
  class space    used 4036K, capacity 4315K, committed 4352K, reserved 1048576K
}
Event: 5.223 GC heap before
{Heap before GC invocations=7 (full 1):
 PSYoungGen      total 138240K, used 87273K [0x0000000795580000, 0x00000007a3300000, 0x00000007c0000000)
  eden space 133120K, 61% used [0x0000000795580000,0x000000079a5ba6c0,0x000000079d780000)
  from space 5120K, 100% used [0x000000079d780000,0x000000079dc80000,0x000000079dc80000)
  to   space 15360K, 0% used [0x00000007a2400000,0x00000007a2400000,0x00000007a3300000)
 ParOldGen       total 65024K, used 18107K [0x0000000740000000, 0x0000000743f80000, 0x0000000795580000)
  object space 65024K, 27% used [0x0000000740000000,0x00000007411aee90,0x0000000743f80000)
 Metaspace       used 34348K, capacity 35304K, committed 35416K, reserved 1079296K
  class space    used 4787K, capacity 5198K, committed 5248K, reserved 1048576K
Event: 5.246 GC heap after
Heap after GC invocations=7 (full 1):
 PSYoungGen      total 208896K, used 15357K [0x0000000795580000, 0x00000007a3680000, 0x00000007c0000000)
  eden space 193536K, 0% used [0x0000000795580000,0x0000000795580000,0x00000007a1280000)
  from space 15360K, 99% used [0x00000007a2400000,0x00000007a32ff650,0x00000007a3300000)
  to   space 17920K, 0% used [0x00000007a1280000,0x00000007a1280000,0x00000007a2400000)
 ParOldGen       total 65024K, used 18625K [0x0000000740000000, 0x0000000743f80000, 0x0000000795580000)
  object space 65024K, 28% used [0x0000000740000000,0x0000000741230738,0x0000000743f80000)
 Metaspace       used 34348K, capacity 35304K, committed 35416K, reserved 1079296K
  class space    used 4787K, capacity 5198K, committed 5248K, reserved 1048576K
}
Event: 5.246 GC heap before
{Heap before GC invocations=8 (full 2):
 PSYoungGen      total 208896K, used 15357K [0x0000000795580000, 0x00000007a3680000, 0x00000007c0000000)
  eden space 193536K, 0% used [0x0000000795580000,0x0000000795580000,0x00000007a1280000)
  from space 15360K, 99% used [0x00000007a2400000,0x00000007a32ff650,0x00000007a3300000)
  to   space 17920K, 0% used [0x00000007a1280000,0x00000007a1280000,0x00000007a2400000)
 ParOldGen       total 65024K, used 18625K [0x0000000740000000, 0x0000000743f80000, 0x0000000795580000)
  object space 65024K, 28% used [0x0000000740000000,0x0000000741230738,0x0000000743f80000)
 Metaspace       used 34348K, capacity 35304K, committed 35416K, reserved 1079296K
  class space    used 4787K, capacity 5198K, committed 5248K, reserved 1048576K
Event: 5.337 GC heap after
Heap after GC invocations=8 (full 2):
 PSYoungGen      total 208896K, used 0K [0x0000000795580000, 0x00000007a3680000, 0x00000007c0000000)
  eden space 193536K, 0% used [0x0000000795580000,0x0000000795580000,0x00000007a1280000)
  from space 15360K, 0% used [0x00000007a2400000,0x00000007a2400000,0x00000007a3300000)
  to   space 17920K, 0% used [0x00000007a1280000,0x00000007a1280000,0x00000007a2400000)
 ParOldGen       total 115200K, used 27419K [0x0000000740000000, 0x0000000747080000, 0x0000000795580000)
  object space 115200K, 23% used [0x0000000740000000,0x0000000741ac6d90,0x0000000747080000)
 Metaspace       used 34348K, capacity 35304K, committed 35416K, reserved 1079296K
  class space    used 4787K, capacity 5198K, committed 5248K, reserved 1048576K
}
Event: 7.366 GC heap before
{Heap before GC invocations=9 (full 2):
 PSYoungGen      total 208896K, used 193536K [0x0000000795580000, 0x00000007a3680000, 0x00000007c0000000)
  eden space 193536K, 100% used [0x0000000795580000,0x00000007a1280000,0x00000007a1280000)
  from space 15360K, 0% used [0x00000007a2400000,0x00000007a2400000,0x00000007a3300000)
  to   space 17920K, 0% used [0x00000007a1280000,0x00000007a1280000,0x00000007a2400000)
 ParOldGen       total 115200K, used 27419K [0x0000000740000000, 0x0000000747080000, 0x0000000795580000)
  object space 115200K, 23% used [0x0000000740000000,0x0000000741ac6d90,0x0000000747080000)
 Metaspace       used 39022K, capacity 40188K, committed 40280K, reserved 1083392K
  class space    used 5487K, capacity 5980K, committed 6016K, reserved 1048576K
Event: 7.410 GC heap after
Heap after GC invocations=9 (full 2):
 PSYoungGen      total 211456K, used 17597K [0x0000000795580000, 0x00000007a8f00000, 0x00000007c0000000)
  eden space 193536K, 0% used [0x0000000795580000,0x0000000795580000,0x00000007a1280000)
  from space 17920K, 98% used [0x00000007a1280000,0x00000007a23af570,0x00000007a2400000)
  to   space 20992K, 0% used [0x00000007a7a80000,0x00000007a7a80000,0x00000007a8f00000)
 ParOldGen       total 115200K, used 27427K [0x0000000740000000, 0x0000000747080000, 0x0000000795580000)
  object space 115200K, 23% used [0x0000000740000000,0x0000000741ac8d90,0x0000000747080000)
 Metaspace       used 39022K, capacity 40188K, committed 40280K, reserved 1083392K
  class space    used 5487K, capacity 5980K, committed 6016K, reserved 1048576K
}

