# JRE version: Java(TM) SE Runtime Environment (8.0_101-b13) (build 1.8.0_101-b13)
# Java VM: Java HotSpot(TM) 64-Bit Server VM (25.101-b13 mixed mode bsd-amd64 compressed oops)
Heap:
 PSYoungGen      total 205312K, used 122687K [0x0000000795580000, 0x00000007a3400000, 0x00000007c0000000)
  eden space 189952K, 64% used [0x0000000795580000,0x000000079cd4fc68,0x00000007a0f00000)
  from space 15360K, 0% used [0x00000007a2080000,0x00000007a2080000,0x00000007a2f80000)
  to   space 17920K, 0% used [0x00000007a0f00000,0x00000007a0f00000,0x00000007a2080000)
 ParOldGen       total 125440K, used 31507K [0x0000000740000000, 0x0000000747a80000, 0x0000000795580000)
  object space 125440K, 25% used [0x0000000740000000,0x0000000741ec4c08,0x0000000747a80000)
 Metaspace       used 36558K, capacity 37540K, committed 37848K, reserved 1081344K
  class space    used 5093K, capacity 5508K, committed 5632K, reserved 1048576K
GC Heap History (10 events):
Event: 6.578 GC heap before
{Heap before GC invocations=4 (full 0):
 PSYoungGen      total 71680K, used 25088K [0x0000000795580000, 0x000000079e180000, 0x00000007c0000000)
  eden space 66560K, 30% used [0x0000000795580000,0x0000000796904340,0x0000000799680000)
  from space 5120K, 99% used [0x0000000799680000,0x0000000799b7c030,0x0000000799b80000)
  to   space 5120K, 0% used [0x000000079dc80000,0x000000079dc80000,0x000000079e180000)
 ParOldGen       total 87552K, used 7274K [0x0000000740000000, 0x0000000745580000, 0x0000000795580000)
  object space 87552K, 8% used [0x0000000740000000,0x000000074071ab30,0x0000000745580000)
 Metaspace       used 20821K, capacity 21118K, committed 21248K, reserved 1067008K
  class space    used 2826K, capacity 2978K, committed 3072K, reserved 1048576K
Event: 6.599 GC heap after
Heap after GC invocations=4 (full 0):
 PSYoungGen      total 138240K, used 5104K [0x0000000795580000, 0x000000079e180000, 0x00000007c0000000)
  eden space 133120K, 0% used [0x0000000795580000,0x0000000795580000,0x000000079d780000)
  from space 5120K, 99% used [0x000000079dc80000,0x000000079e17c050,0x000000079e180000)
  to   space 5120K, 0% used [0x000000079d780000,0x000000079d780000,0x000000079dc80000)
 ParOldGen       total 87552K, used 9381K [0x0000000740000000, 0x0000000745580000, 0x0000000795580000)
  object space 87552K, 10% used [0x0000000740000000,0x00000007409295f0,0x0000000745580000)
 Metaspace       used 20821K, capacity 21118K, committed 21248K, reserved 1067008K
  class space    used 2826K, capacity 2978K, committed 3072K, reserved 1048576K
}
Event: 6.599 GC heap before
{Heap before GC invocations=5 (full 1):
 PSYoungGen      total 138240K, used 5104K [0x0000000795580000, 0x000000079e180000, 0x00000007c0000000)
  eden space 133120K, 0% used [0x0000000795580000,0x0000000795580000,0x000000079d780000)
  from space 5120K, 99% used [0x000000079dc80000,0x000000079e17c050,0x000000079e180000)
  to   space 5120K, 0% used [0x000000079d780000,0x000000079d780000,0x000000079dc80000)
 ParOldGen       total 87552K, used 9381K [0x0000000740000000, 0x0000000745580000, 0x0000000795580000)
  object space 87552K, 10% used [0x0000000740000000,0x00000007409295f0,0x0000000745580000)
 Metaspace       used 20821K, capacity 21118K, committed 21248K, reserved 1067008K
  class space    used 2826K, capacity 2978K, committed 3072K, reserved 1048576K
Event: 6.726 GC heap after
Heap after GC invocations=5 (full 1):
 PSYoungGen      total 138240K, used 0K [0x0000000795580000, 0x000000079e180000, 0x00000007c0000000)
  eden space 133120K, 0% used [0x0000000795580000,0x0000000795580000,0x000000079d780000)
  from space 5120K, 0% used [0x000000079dc80000,0x000000079dc80000,0x000000079e180000)
  to   space 5120K, 0% used [0x000000079d780000,0x000000079d780000,0x000000079dc80000)
 ParOldGen       total 65536K, used 8870K [0x0000000740000000, 0x0000000744000000, 0x0000000795580000)
  object space 65536K, 13% used [0x0000000740000000,0x00000007408a9828,0x0000000744000000)
 Metaspace       used 20821K, capacity 21118K, committed 21248K, reserved 1067008K
  class space    used 2826K, capacity 2978K, committed 3072K, reserved 1048576K
}
Event: 11.008 GC heap before
{Heap before GC invocations=6 (full 1):
 PSYoungGen      total 138240K, used 133120K [0x0000000795580000, 0x000000079e180000, 0x00000007c0000000)
  eden space 133120K, 100% used [0x0000000795580000,0x000000079d780000,0x000000079d780000)
  from space 5120K, 0% used [0x000000079dc80000,0x000000079dc80000,0x000000079e180000)
  to   space 5120K, 0% used [0x000000079d780000,0x000000079d780000,0x000000079dc80000)
 ParOldGen       total 65536K, used 8870K [0x0000000740000000, 0x0000000744000000, 0x0000000795580000)
  object space 65536K, 13% used [0x0000000740000000,0x00000007408a9828,0x0000000744000000)
 Metaspace       used 29541K, capacity 30316K, committed 30464K, reserved 1075200K
  class space    used 4046K, capacity 4347K, committed 4352K, reserved 1048576K
Event: 11.038 GC heap after
Heap after GC invocations=6 (full 1):
 PSYoungGen      total 138240K, used 5120K [0x0000000795580000, 0x00000007a2f80000, 0x00000007c0000000)
  eden space 133120K, 0% used [0x0000000795580000,0x0000000795580000,0x000000079d780000)
  from space 5120K, 100% used [0x000000079d780000,0x000000079dc80000,0x000000079dc80000)
  to   space 15360K, 0% used [0x00000007a2080000,0x00000007a2080000,0x00000007a2f80000)
 ParOldGen       total 65536K, used 18137K [0x0000000740000000, 0x0000000744000000, 0x0000000795580000)
  object space 65536K, 27% used [0x0000000740000000,0x00000007411b67a0,0x0000000744000000)
 Metaspace       used 29541K, capacity 30316K, committed 30464K, reserved 1075200K
  class space    used 4046K, capacity 4347K, committed 4352K, reserved 1048576K
}
Event: 13.117 GC heap before
{Heap before GC invocations=7 (full 1):
 PSYoungGen      total 138240K, used 86610K [0x0000000795580000, 0x00000007a2f80000, 0x00000007c0000000)
  eden space 133120K, 61% used [0x0000000795580000,0x000000079a514b80,0x000000079d780000)
  from space 5120K, 100% used [0x000000079d780000,0x000000079dc80000,0x000000079dc80000)
  to   space 15360K, 0% used [0x00000007a2080000,0x00000007a2080000,0x00000007a2f80000)
 ParOldGen       total 65536K, used 18137K [0x0000000740000000, 0x0000000744000000, 0x0000000795580000)
  object space 65536K, 27% used [0x0000000740000000,0x00000007411b67a0,0x0000000744000000)
 Metaspace       used 34372K, capacity 35304K, committed 35416K, reserved 1079296K
  class space    used 4787K, capacity 5198K, committed 5248K, reserved 1048576K
Event: 13.148 GC heap after
Heap after GC invocations=7 (full 1):
 PSYoungGen      total 205312K, used 15352K [0x0000000795580000, 0x00000007a3400000, 0x00000007c0000000)
  eden space 189952K, 0% used [0x0000000795580000,0x0000000795580000,0x00000007a0f00000)
  from space 15360K, 99% used [0x00000007a2080000,0x00000007a2f7e148,0x00000007a2f80000)
  to   space 17920K, 0% used [0x00000007a0f00000,0x00000007a0f00000,0x00000007a2080000)
 ParOldGen       total 65536K, used 18675K [0x0000000740000000, 0x0000000744000000, 0x0000000795580000)
  object space 65536K, 28% used [0x0000000740000000,0x000000074123cdc8,0x0000000744000000)
 Metaspace       used 34372K, capacity 35304K, committed 35416K, reserved 1079296K
  class space    used 4787K, capacity 5198K, committed 5248K, reserved 1048576K
}
Event: 13.148 GC heap before
{Heap before GC invocations=8 (full 2):
 PSYoungGen      total 205312K, used 15352K [0x0000000795580000, 0x00000007a3400000, 0x00000007c0000000)
  eden space 189952K, 0% used [0x0000000795580000,0x0000000795580000,0x00000007a0f00000)
  from space 15360K, 99% used [0x00000007a2080000,0x00000007a2f7e148,0x00000007a2f80000)
  to   space 17920K, 0% used [0x00000007a0f00000,0x00000007a0f00000,0x00000007a2080000)
 ParOldGen       total 65536K, used 18675K [0x0000000740000000, 0x0000000744000000, 0x0000000795580000)
  object space 65536K, 28% used [0x0000000740000000,0x000000074123cdc8,0x0000000744000000)
 Metaspace       used 34372K, capacity 35304K, committed 35416K, reserved 1079296K
  class space    used 4787K, capacity 5198K, committed 5248K, reserved 1048576K
Event: 13.389 GC heap after
Heap after GC invocations=8 (full 2):
 PSYoungGen      total 205312K, used 0K [0x0000000795580000, 0x00000007a3400000, 0x00000007c0000000)
  eden space 189952K, 0% used [0x0000000795580000,0x0000000795580000,0x00000007a0f00000)
  from space 15360K, 0% used [0x00000007a2080000,0x00000007a2080000,0x00000007a2f80000)
  to   space 17920K, 0% used [0x00000007a0f00000,0x00000007a0f00000,0x00000007a2080000)
 ParOldGen       total 125440K, used 31507K [0x0000000740000000, 0x0000000747a80000, 0x0000000795580000)
  object space 125440K, 25% used [0x0000000740000000,0x0000000741ec4c08,0x0000000747a80000)
 Metaspace       used 34372K, capacity 35304K, committed 35416K, reserved 1079296K
  class space    used 4787K, capacity 5198K, committed 5248K, reserved 1048576K
}

