# JRE version: Java(TM) SE Runtime Environment (8.0_101-b13) (build 1.8.0_101-b13)
# Java VM: Java HotSpot(TM) 64-Bit Server VM (25.101-b13 mixed mode bsd-amd64 compressed oops)
Heap:
 PSYoungGen      total 177152K, used 97379K [0x0000000795580000, 0x00000007a4100000, 0x00000007c0000000)
  eden space 160768K, 50% used [0x0000000795580000,0x000000079a49aa68,0x000000079f280000)
  from space 16384K, 99% used [0x000000079f280000,0x00000007a027e400,0x00000007a0280000)
  to   space 18944K, 0% used [0x00000007a2e80000,0x00000007a2e80000,0x00000007a4100000)
 ParOldGen       total 109568K, used 29869K [0x0000000740000000, 0x0000000746b00000, 0x0000000795580000)
  object space 109568K, 27% used [0x0000000740000000,0x0000000741d2b630,0x0000000746b00000)
 Metaspace       used 39937K, capacity 41314K, committed 41560K, reserved 1085440K
  class space    used 5637K, capacity 6210K, committed 6272K, reserved 1048576K
GC Heap History (10 events):
Event: 6.251 GC heap before
{Heap before GC invocations=7 (full 1):
 PSYoungGen      total 71680K, used 66560K [0x0000000795580000, 0x000000079ea80000, 0x00000007c0000000)
  eden space 66560K, 100% used [0x0000000795580000,0x0000000799680000,0x0000000799680000)
  from space 5120K, 0% used [0x0000000799680000,0x0000000799680000,0x0000000799b80000)
  to   space 9728K, 0% used [0x000000079e100000,0x000000079e100000,0x000000079ea80000)
 ParOldGen       total 60416K, used 8882K [0x0000000740000000, 0x0000000743b00000, 0x0000000795580000)
  object space 60416K, 14% used [0x0000000740000000,0x00000007408ac990,0x0000000743b00000)
 Metaspace       used 25368K, capacity 26048K, committed 26240K, reserved 1071104K
  class space    used 3435K, capacity 3673K, committed 3712K, reserved 1048576K
Event: 6.271 GC heap after
Heap after GC invocations=7 (full 1):
 PSYoungGen      total 110080K, used 6038K [0x0000000795580000, 0x000000079e700000, 0x00000007c0000000)
  eden space 103936K, 0% used [0x0000000795580000,0x0000000795580000,0x000000079bb00000)
  from space 6144K, 98% used [0x000000079e100000,0x000000079e6e5a90,0x000000079e700000)
  to   space 9728K, 0% used [0x000000079d400000,0x000000079d400000,0x000000079dd80000)
 ParOldGen       total 60416K, used 8890K [0x0000000740000000, 0x0000000743b00000, 0x0000000795580000)
  object space 60416K, 14% used [0x0000000740000000,0x00000007408ae990,0x0000000743b00000)
 Metaspace       used 25368K, capacity 26048K, committed 26240K, reserved 1071104K
  class space    used 3435K, capacity 3673K, committed 3712K, reserved 1048576K
}
Event: 8.157 GC heap before
{Heap before GC invocations=8 (full 1):
 PSYoungGen      total 110080K, used 109974K [0x0000000795580000, 0x000000079e700000, 0x00000007c0000000)
  eden space 103936K, 100% used [0x0000000795580000,0x000000079bb00000,0x000000079bb00000)
  from space 6144K, 98% used [0x000000079e100000,0x000000079e6e5a90,0x000000079e700000)
  to   space 9728K, 0% used [0x000000079d400000,0x000000079d400000,0x000000079dd80000)
 ParOldGen       total 60416K, used 8890K [0x0000000740000000, 0x0000000743b00000, 0x0000000795580000)
  object space 60416K, 14% used [0x0000000740000000,0x00000007408ae990,0x0000000743b00000)
 Metaspace       used 32182K, capacity 33132K, committed 33408K, reserved 1077248K
  class space    used 4480K, capacity 4876K, committed 4992K, reserved 1048576K
Event: 8.199 GC heap after
Heap after GC invocations=8 (full 1):
 PSYoungGen      total 139264K, used 9716K [0x0000000795580000, 0x00000007a1080000, 0x00000007c0000000)
  eden space 129536K, 0% used [0x0000000795580000,0x0000000795580000,0x000000079d400000)
  from space 9728K, 99% used [0x000000079d400000,0x000000079dd7d020,0x000000079dd80000)
  to   space 14336K, 0% used [0x00000007a0280000,0x00000007a0280000,0x00000007a1080000)
 ParOldGen       total 60416K, used 16560K [0x0000000740000000, 0x0000000743b00000, 0x0000000795580000)
  object space 60416K, 27% used [0x0000000740000000,0x000000074102c2e0,0x0000000743b00000)
 Metaspace       used 32182K, capacity 33132K, committed 33408K, reserved 1077248K
  class space    used 4480K, capacity 4876K, committed 4992K, reserved 1048576K
}
Event: 9.454 GC heap before
{Heap before GC invocations=9 (full 1):
 PSYoungGen      total 139264K, used 51030K [0x0000000795580000, 0x00000007a1080000, 0x00000007c0000000)
  eden space 129536K, 31% used [0x0000000795580000,0x0000000797dd8b38,0x000000079d400000)
  from space 9728K, 99% used [0x000000079d400000,0x000000079dd7d020,0x000000079dd80000)
  to   space 14336K, 0% used [0x00000007a0280000,0x00000007a0280000,0x00000007a1080000)
 ParOldGen       total 60416K, used 16560K [0x0000000740000000, 0x0000000743b00000, 0x0000000795580000)
  object space 60416K, 27% used [0x0000000740000000,0x000000074102c2e0,0x0000000743b00000)
 Metaspace       used 34355K, capacity 35304K, committed 35416K, reserved 1079296K
  class space    used 4786K, capacity 5198K, committed 5248K, reserved 1048576K
Event: 9.487 GC heap after
Heap after GC invocations=9 (full 1):
 PSYoungGen      total 175104K, used 14311K [0x0000000795580000, 0x00000007a3d80000, 0x00000007c0000000)
  eden space 160768K, 0% used [0x0000000795580000,0x0000000795580000,0x000000079f280000)
  from space 14336K, 99% used [0x00000007a0280000,0x00000007a1079e80,0x00000007a1080000)
  to   space 16384K, 0% used [0x000000079f280000,0x000000079f280000,0x00000007a0280000)
 ParOldGen       total 60416K, used 16639K [0x0000000740000000, 0x0000000743b00000, 0x0000000795580000)
  object space 60416K, 27% used [0x0000000740000000,0x000000074103fe08,0x0000000743b00000)
 Metaspace       used 34355K, capacity 35304K, committed 35416K, reserved 1079296K
  class space    used 4786K, capacity 5198K, committed 5248K, reserved 1048576K
}
Event: 9.487 GC heap before
{Heap before GC invocations=10 (full 2):
 PSYoungGen      total 175104K, used 14311K [0x0000000795580000, 0x00000007a3d80000, 0x00000007c0000000)
  eden space 160768K, 0% used [0x0000000795580000,0x0000000795580000,0x000000079f280000)
  from space 14336K, 99% used [0x00000007a0280000,0x00000007a1079e80,0x00000007a1080000)
  to   space 16384K, 0% used [0x000000079f280000,0x000000079f280000,0x00000007a0280000)
 ParOldGen       total 60416K, used 16639K [0x0000000740000000, 0x0000000743b00000, 0x0000000795580000)
  object space 60416K, 27% used [0x0000000740000000,0x000000074103fe08,0x0000000743b00000)
 Metaspace       used 34355K, capacity 35304K, committed 35416K, reserved 1079296K
  class space    used 4786K, capacity 5198K, committed 5248K, reserved 1048576K
Event: 9.690 GC heap after
Heap after GC invocations=10 (full 2):
 PSYoungGen      total 175104K, used 0K [0x0000000795580000, 0x00000007a3d80000, 0x00000007c0000000)
  eden space 160768K, 0% used [0x0000000795580000,0x0000000795580000,0x000000079f280000)
  from space 14336K, 0% used [0x00000007a0280000,0x00000007a0280000,0x00000007a1080000)
  to   space 16384K, 0% used [0x000000079f280000,0x000000079f280000,0x00000007a0280000)
 ParOldGen       total 109568K, used 29331K [0x0000000740000000, 0x0000000746b00000, 0x0000000795580000)
  object space 109568K, 26% used [0x0000000740000000,0x0000000741ca4e00,0x0000000746b00000)
 Metaspace       used 34355K, capacity 35304K, committed 35416K, reserved 1079296K
  class space    used 4786K, capacity 5198K, committed 5248K, reserved 1048576K
}
Event: 13.026 GC heap before
{Heap before GC invocations=11 (full 2):
 PSYoungGen      total 175104K, used 160768K [0x0000000795580000, 0x00000007a3d80000, 0x00000007c0000000)
  eden space 160768K, 100% used [0x0000000795580000,0x000000079f280000,0x000000079f280000)
  from space 14336K, 0% used [0x00000007a0280000,0x00000007a0280000,0x00000007a1080000)
  to   space 16384K, 0% used [0x000000079f280000,0x000000079f280000,0x00000007a0280000)
 ParOldGen       total 109568K, used 29331K [0x0000000740000000, 0x0000000746b00000, 0x0000000795580000)
  object space 109568K, 26% used [0x0000000740000000,0x0000000741ca4e00,0x0000000746b00000)
 Metaspace       used 37755K, capacity 38890K, committed 39128K, reserved 1083392K
  class space    used 5320K, capacity 5795K, committed 5888K, reserved 1048576K
Event: 13.085 GC heap after
Heap after GC invocations=11 (full 2):
 PSYoungGen      total 177152K, used 16377K [0x0000000795580000, 0x00000007a4100000, 0x00000007c0000000)
  eden space 160768K, 0% used [0x0000000795580000,0x0000000795580000,0x000000079f280000)
  from space 16384K, 99% used [0x000000079f280000,0x00000007a027e400,0x00000007a0280000)
  to   space 18944K, 0% used [0x00000007a2e80000,0x00000007a2e80000,0x00000007a4100000)
 ParOldGen       total 109568K, used 29869K [0x0000000740000000, 0x0000000746b00000, 0x0000000795580000)
  object space 109568K, 27% used [0x0000000740000000,0x0000000741d2b630,0x0000000746b00000)
 Metaspace       used 37755K, capacity 38890K, committed 39128K, reserved 1083392K
  class space    used 5320K, capacity 5795K, committed 5888K, reserved 1048576K
}

