# JRE version: Java(TM) SE Runtime Environment (8.0_101-b13) (build 1.8.0_101-b13)
# Java VM: Java HotSpot(TM) 64-Bit Server VM (25.101-b13 mixed mode bsd-amd64 compressed oops)
Heap:
 PSYoungGen      total 207872K, used 165634K [0x0000000795580000, 0x00000007a3a00000, 0x00000007c0000000)
  eden space 192512K, 86% used [0x0000000795580000,0x000000079f740b68,0x00000007a1180000)
  from space 15360K, 0% used [0x00000007a2300000,0x00000007a2300000,0x00000007a3200000)
  to   space 17920K, 0% used [0x00000007a1180000,0x00000007a1180000,0x00000007a2300000)
 ParOldGen       total 125952K, used 32243K [0x0000000740000000, 0x0000000747b00000, 0x0000000795580000)
  object space 125952K, 25% used [0x0000000740000000,0x0000000741f7cf68,0x0000000747b00000)
 Metaspace       used 37900K, capacity 39050K, committed 39128K, reserved 1083392K
  class space    used 5334K, capacity 5827K, committed 5888K, reserved 1048576K
GC Heap History (10 events):
Event: 2.084 GC heap before
{Heap before GC invocations=4 (full 0):
 PSYoungGen      total 71680K, used 26406K [0x0000000795580000, 0x000000079e180000, 0x00000007c0000000)
  eden space 66560K, 32% used [0x0000000795580000,0x0000000796a4d868,0x0000000799680000)
  from space 5120K, 99% used [0x0000000799680000,0x0000000799b7c030,0x0000000799b80000)
  to   space 5120K, 0% used [0x000000079dc80000,0x000000079dc80000,0x000000079e180000)
 ParOldGen       total 87552K, used 7264K [0x0000000740000000, 0x0000000745580000, 0x0000000795580000)
  object space 87552K, 8% used [0x0000000740000000,0x0000000740718168,0x0000000745580000)
 Metaspace       used 20772K, capacity 21118K, committed 21248K, reserved 1067008K
  class space    used 2825K, capacity 2978K, committed 3072K, reserved 1048576K
Event: 2.094 GC heap after
Heap after GC invocations=4 (full 0):
 PSYoungGen      total 138240K, used 5104K [0x0000000795580000, 0x000000079e180000, 0x00000007c0000000)
  eden space 133120K, 0% used [0x0000000795580000,0x0000000795580000,0x000000079d780000)
  from space 5120K, 99% used [0x000000079dc80000,0x000000079e17c050,0x000000079e180000)
  to   space 5120K, 0% used [0x000000079d780000,0x000000079d780000,0x000000079dc80000)
 ParOldGen       total 87552K, used 9465K [0x0000000740000000, 0x0000000745580000, 0x0000000795580000)
  object space 87552K, 10% used [0x0000000740000000,0x000000074093e7e0,0x0000000745580000)
 Metaspace       used 20772K, capacity 21118K, committed 21248K, reserved 1067008K
  class space    used 2825K, capacity 2978K, committed 3072K, reserved 1048576K
}
Event: 2.095 GC heap before
{Heap before GC invocations=5 (full 1):
 PSYoungGen      total 138240K, used 5104K [0x0000000795580000, 0x000000079e180000, 0x00000007c0000000)
  eden space 133120K, 0% used [0x0000000795580000,0x0000000795580000,0x000000079d780000)
  from space 5120K, 99% used [0x000000079dc80000,0x000000079e17c050,0x000000079e180000)
  to   space 5120K, 0% used [0x000000079d780000,0x000000079d780000,0x000000079dc80000)
 ParOldGen       total 87552K, used 9465K [0x0000000740000000, 0x0000000745580000, 0x0000000795580000)
  object space 87552K, 10% used [0x0000000740000000,0x000000074093e7e0,0x0000000745580000)
 Metaspace       used 20772K, capacity 21118K, committed 21248K, reserved 1067008K
  class space    used 2825K, capacity 2978K, committed 3072K, reserved 1048576K
Event: 2.144 GC heap after
Heap after GC invocations=5 (full 1):
 PSYoungGen      total 138240K, used 0K [0x0000000795580000, 0x000000079e180000, 0x00000007c0000000)
  eden space 133120K, 0% used [0x0000000795580000,0x0000000795580000,0x000000079d780000)
  from space 5120K, 0% used [0x000000079dc80000,0x000000079dc80000,0x000000079e180000)
  to   space 5120K, 0% used [0x000000079d780000,0x000000079d780000,0x000000079dc80000)
 ParOldGen       total 65024K, used 8914K [0x0000000740000000, 0x0000000743f80000, 0x0000000795580000)
  object space 65024K, 13% used [0x0000000740000000,0x00000007408b48e8,0x0000000743f80000)
 Metaspace       used 20772K, capacity 21118K, committed 21248K, reserved 1067008K
  class space    used 2825K, capacity 2978K, committed 3072K, reserved 1048576K
}
Event: 3.840 GC heap before
{Heap before GC invocations=6 (full 1):
 PSYoungGen      total 138240K, used 133120K [0x0000000795580000, 0x000000079e180000, 0x00000007c0000000)
  eden space 133120K, 100% used [0x0000000795580000,0x000000079d780000,0x000000079d780000)
  from space 5120K, 0% used [0x000000079dc80000,0x000000079dc80000,0x000000079e180000)
  to   space 5120K, 0% used [0x000000079d780000,0x000000079d780000,0x000000079dc80000)
 ParOldGen       total 65024K, used 8914K [0x0000000740000000, 0x0000000743f80000, 0x0000000795580000)
  object space 65024K, 13% used [0x0000000740000000,0x00000007408b48e8,0x0000000743f80000)
 Metaspace       used 29581K, capacity 30386K, committed 30464K, reserved 1075200K
  class space    used 4055K, capacity 4349K, committed 4352K, reserved 1048576K
Event: 3.859 GC heap after
Heap after GC invocations=6 (full 1):
 PSYoungGen      total 138240K, used 5120K [0x0000000795580000, 0x00000007a3200000, 0x00000007c0000000)
  eden space 133120K, 0% used [0x0000000795580000,0x0000000795580000,0x000000079d780000)
  from space 5120K, 100% used [0x000000079d780000,0x000000079dc80000,0x000000079dc80000)
  to   space 15360K, 0% used [0x00000007a2300000,0x00000007a2300000,0x00000007a3200000)
 ParOldGen       total 65024K, used 18422K [0x0000000740000000, 0x0000000743f80000, 0x0000000795580000)
  object space 65024K, 28% used [0x0000000740000000,0x00000007411fd8c8,0x0000000743f80000)
 Metaspace       used 29581K, capacity 30386K, committed 30464K, reserved 1075200K
  class space    used 4055K, capacity 4349K, committed 4352K, reserved 1048576K
}
Event: 4.698 GC heap before
{Heap before GC invocations=7 (full 1):
 PSYoungGen      total 138240K, used 83994K [0x0000000795580000, 0x00000007a3200000, 0x00000007c0000000)
  eden space 133120K, 59% used [0x0000000795580000,0x000000079a286990,0x000000079d780000)
  from space 5120K, 100% used [0x000000079d780000,0x000000079dc80000,0x000000079dc80000)
  to   space 15360K, 0% used [0x00000007a2300000,0x00000007a2300000,0x00000007a3200000)
 ParOldGen       total 65024K, used 18422K [0x0000000740000000, 0x0000000743f80000, 0x0000000795580000)
  object space 65024K, 28% used [0x0000000740000000,0x00000007411fd8c8,0x0000000743f80000)
 Metaspace       used 34274K, capacity 35272K, committed 35416K, reserved 1079296K
  class space    used 4768K, capacity 5166K, committed 5248K, reserved 1048576K
Event: 4.723 GC heap after
Heap after GC invocations=7 (full 1):
 PSYoungGen      total 207872K, used 15345K [0x0000000795580000, 0x00000007a3a00000, 0x00000007c0000000)
  eden space 192512K, 0% used [0x0000000795580000,0x0000000795580000,0x00000007a1180000)
  from space 15360K, 99% used [0x00000007a2300000,0x00000007a31fc710,0x00000007a3200000)
  to   space 17920K, 0% used [0x00000007a1180000,0x00000007a1180000,0x00000007a2300000)
 ParOldGen       total 65024K, used 18722K [0x0000000740000000, 0x0000000743f80000, 0x0000000795580000)
  object space 65024K, 28% used [0x0000000740000000,0x00000007412488d8,0x0000000743f80000)
 Metaspace       used 34274K, capacity 35272K, committed 35416K, reserved 1079296K
  class space    used 4768K, capacity 5166K, committed 5248K, reserved 1048576K
}
Event: 4.723 GC heap before
{Heap before GC invocations=8 (full 2):
 PSYoungGen      total 207872K, used 15345K [0x0000000795580000, 0x00000007a3a00000, 0x00000007c0000000)
  eden space 192512K, 0% used [0x0000000795580000,0x0000000795580000,0x00000007a1180000)
  from space 15360K, 99% used [0x00000007a2300000,0x00000007a31fc710,0x00000007a3200000)
  to   space 17920K, 0% used [0x00000007a1180000,0x00000007a1180000,0x00000007a2300000)
 ParOldGen       total 65024K, used 18722K [0x0000000740000000, 0x0000000743f80000, 0x0000000795580000)
  object space 65024K, 28% used [0x0000000740000000,0x00000007412488d8,0x0000000743f80000)
 Metaspace       used 34274K, capacity 35272K, committed 35416K, reserved 1079296K
  class space    used 4768K, capacity 5166K, committed 5248K, reserved 1048576K
Event: 4.888 GC heap after
Heap after GC invocations=8 (full 2):
 PSYoungGen      total 207872K, used 0K [0x0000000795580000, 0x00000007a3a00000, 0x00000007c0000000)
  eden space 192512K, 0% used [0x0000000795580000,0x0000000795580000,0x00000007a1180000)
  from space 15360K, 0% used [0x00000007a2300000,0x00000007a2300000,0x00000007a3200000)
  to   space 17920K, 0% used [0x00000007a1180000,0x00000007a1180000,0x00000007a2300000)
 ParOldGen       total 125952K, used 32243K [0x0000000740000000, 0x0000000747b00000, 0x0000000795580000)
  object space 125952K, 25% used [0x0000000740000000,0x0000000741f7cf68,0x0000000747b00000)
 Metaspace       used 34274K, capacity 35272K, committed 35416K, reserved 1079296K
  class space    used 4768K, capacity 5166K, committed 5248K, reserved 1048576K
}

