# JRE version: Java(TM) SE Runtime Environment (8.0_101-b13) (build 1.8.0_101-b13)
# Java VM: Java HotSpot(TM) 64-Bit Server VM (25.101-b13 mixed mode bsd-amd64 compressed oops)
Heap:
 PSYoungGen      total 156160K, used 97461K [0x0000000795580000, 0x00000007a2200000, 0x00000007c0000000)
  eden space 139776K, 59% used [0x0000000795580000,0x000000079a62f100,0x000000079de00000)
  from space 16384K, 90% used [0x000000079de00000,0x000000079ec7e400,0x000000079ee00000)
  to   space 17920K, 0% used [0x00000007a1080000,0x00000007a1080000,0x00000007a2200000)
 ParOldGen       total 108544K, used 24609K [0x0000000740000000, 0x0000000746a00000, 0x0000000795580000)
  object space 108544K, 22% used [0x0000000740000000,0x00000007418087a8,0x0000000746a00000)
 Metaspace       used 39433K, capacity 40680K, committed 40920K, reserved 1083392K
  class space    used 5543K, capacity 6077K, committed 6144K, reserved 1048576K
GC Heap History (10 events):
Event: 3.023 GC heap before
{Heap before GC invocations=7 (full 1):
 PSYoungGen      total 71680K, used 66560K [0x0000000795580000, 0x000000079ea80000, 0x00000007c0000000)
  eden space 66560K, 100% used [0x0000000795580000,0x0000000799680000,0x0000000799680000)
  from space 5120K, 0% used [0x0000000799680000,0x0000000799680000,0x0000000799b80000)
  to   space 9728K, 0% used [0x000000079e100000,0x000000079e100000,0x000000079ea80000)
 ParOldGen       total 62976K, used 8886K [0x0000000740000000, 0x0000000743d80000, 0x0000000795580000)
  object space 62976K, 14% used [0x0000000740000000,0x00000007408ad8b8,0x0000000743d80000)
 Metaspace       used 25327K, capacity 25952K, committed 26240K, reserved 1071104K
  class space    used 3429K, capacity 3641K, committed 3712K, reserved 1048576K
Event: 3.030 GC heap after
Heap after GC invocations=7 (full 1):
 PSYoungGen      total 103936K, used 5896K [0x0000000795580000, 0x000000079e700000, 0x00000007c0000000)
  eden space 97792K, 0% used [0x0000000795580000,0x0000000795580000,0x000000079b500000)
  from space 6144K, 95% used [0x000000079e100000,0x000000079e6c2020,0x000000079e700000)
  to   space 9728K, 0% used [0x000000079d400000,0x000000079d400000,0x000000079dd80000)
 ParOldGen       total 62976K, used 8958K [0x0000000740000000, 0x0000000743d80000, 0x0000000795580000)
  object space 62976K, 14% used [0x0000000740000000,0x00000007408bf8c8,0x0000000743d80000)
 Metaspace       used 25327K, capacity 25952K, committed 26240K, reserved 1071104K
  class space    used 3429K, capacity 3641K, committed 3712K, reserved 1048576K
}
Event: 4.197 GC heap before
{Heap before GC invocations=8 (full 1):
 PSYoungGen      total 103936K, used 103688K [0x0000000795580000, 0x000000079e700000, 0x00000007c0000000)
  eden space 97792K, 100% used [0x0000000795580000,0x000000079b500000,0x000000079b500000)
  from space 6144K, 95% used [0x000000079e100000,0x000000079e6c2020,0x000000079e700000)
  to   space 9728K, 0% used [0x000000079d400000,0x000000079d400000,0x000000079dd80000)
 ParOldGen       total 62976K, used 8958K [0x0000000740000000, 0x0000000743d80000, 0x0000000795580000)
  object space 62976K, 14% used [0x0000000740000000,0x00000007408bf8c8,0x0000000743d80000)
 Metaspace       used 32021K, capacity 32974K, committed 33280K, reserved 1077248K
  class space    used 4446K, capacity 4803K, committed 4864K, reserved 1048576K
Event: 4.218 GC heap after
Heap after GC invocations=8 (full 1):
 PSYoungGen      total 139264K, used 9728K [0x0000000795580000, 0x000000079fb80000, 0x00000007c0000000)
  eden space 129536K, 0% used [0x0000000795580000,0x0000000795580000,0x000000079d400000)
  from space 9728K, 100% used [0x000000079d400000,0x000000079dd80000,0x000000079dd80000)
  to   space 13824K, 0% used [0x000000079ee00000,0x000000079ee00000,0x000000079fb80000)
 ParOldGen       total 62976K, used 15452K [0x0000000740000000, 0x0000000743d80000, 0x0000000795580000)
  object space 62976K, 24% used [0x0000000740000000,0x0000000740f17078,0x0000000743d80000)
 Metaspace       used 32021K, capacity 32974K, committed 33280K, reserved 1077248K
  class space    used 4446K, capacity 4803K, committed 4864K, reserved 1048576K
}
Event: 4.738 GC heap before
{Heap before GC invocations=9 (full 1):
 PSYoungGen      total 139264K, used 58498K [0x0000000795580000, 0x000000079fb80000, 0x00000007c0000000)
  eden space 129536K, 37% used [0x0000000795580000,0x0000000798520b78,0x000000079d400000)
  from space 9728K, 100% used [0x000000079d400000,0x000000079dd80000,0x000000079dd80000)
  to   space 13824K, 0% used [0x000000079ee00000,0x000000079ee00000,0x000000079fb80000)
 ParOldGen       total 62976K, used 15452K [0x0000000740000000, 0x0000000743d80000, 0x0000000795580000)
  object space 62976K, 24% used [0x0000000740000000,0x0000000740f17078,0x0000000743d80000)
 Metaspace       used 34331K, capacity 35272K, committed 35416K, reserved 1079296K
  class space    used 4778K, capacity 5166K, committed 5248K, reserved 1048576K
Event: 4.766 GC heap after
Heap after GC invocations=9 (full 1):
 PSYoungGen      total 153600K, used 13812K [0x0000000795580000, 0x00000007a3800000, 0x00000007c0000000)
  eden space 139776K, 0% used [0x0000000795580000,0x0000000795580000,0x000000079de00000)
  from space 13824K, 99% used [0x000000079ee00000,0x000000079fb7d010,0x000000079fb80000)
  to   space 16384K, 0% used [0x000000079de00000,0x000000079de00000,0x000000079ee00000)
 ParOldGen       total 62976K, used 17006K [0x0000000740000000, 0x0000000743d80000, 0x0000000795580000)
  object space 62976K, 27% used [0x0000000740000000,0x000000074109baf0,0x0000000743d80000)
 Metaspace       used 34331K, capacity 35272K, committed 35416K, reserved 1079296K
  class space    used 4778K, capacity 5166K, committed 5248K, reserved 1048576K
}
Event: 4.766 GC heap before
{Heap before GC invocations=10 (full 2):
 PSYoungGen      total 153600K, used 13812K [0x0000000795580000, 0x00000007a3800000, 0x00000007c0000000)
  eden space 139776K, 0% used [0x0000000795580000,0x0000000795580000,0x000000079de00000)
  from space 13824K, 99% used [0x000000079ee00000,0x000000079fb7d010,0x000000079fb80000)
  to   space 16384K, 0% used [0x000000079de00000,0x000000079de00000,0x000000079ee00000)
 ParOldGen       total 62976K, used 17006K [0x0000000740000000, 0x0000000743d80000, 0x0000000795580000)
  object space 62976K, 27% used [0x0000000740000000,0x000000074109baf0,0x0000000743d80000)
 Metaspace       used 34331K, capacity 35272K, committed 35416K, reserved 1079296K
  class space    used 4778K, capacity 5166K, committed 5248K, reserved 1048576K
Event: 4.897 GC heap after
Heap after GC invocations=10 (full 2):
 PSYoungGen      total 153600K, used 0K [0x0000000795580000, 0x00000007a3800000, 0x00000007c0000000)
  eden space 139776K, 0% used [0x0000000795580000,0x0000000795580000,0x000000079de00000)
  from space 13824K, 0% used [0x000000079ee00000,0x000000079ee00000,0x000000079fb80000)
  to   space 16384K, 0% used [0x000000079de00000,0x000000079de00000,0x000000079ee00000)
 ParOldGen       total 108544K, used 24601K [0x0000000740000000, 0x0000000746a00000, 0x0000000795580000)
  object space 108544K, 22% used [0x0000000740000000,0x00000007418067a8,0x0000000746a00000)
 Metaspace       used 34331K, capacity 35272K, committed 35416K, reserved 1079296K
  class space    used 4778K, capacity 5166K, committed 5248K, reserved 1048576K
}
Event: 6.302 GC heap before
{Heap before GC invocations=11 (full 2):
 PSYoungGen      total 153600K, used 139776K [0x0000000795580000, 0x00000007a3800000, 0x00000007c0000000)
  eden space 139776K, 100% used [0x0000000795580000,0x000000079de00000,0x000000079de00000)
  from space 13824K, 0% used [0x000000079ee00000,0x000000079ee00000,0x000000079fb80000)
  to   space 16384K, 0% used [0x000000079de00000,0x000000079de00000,0x000000079ee00000)
 ParOldGen       total 108544K, used 24601K [0x0000000740000000, 0x0000000746a00000, 0x0000000795580000)
  object space 108544K, 22% used [0x0000000740000000,0x00000007418067a8,0x0000000746a00000)
 Metaspace       used 36884K, capacity 37850K, committed 38104K, reserved 1081344K
  class space    used 5150K, capacity 5548K, committed 5632K, reserved 1048576K
Event: 6.322 GC heap after
Heap after GC invocations=11 (full 2):
 PSYoungGen      total 156160K, used 14841K [0x0000000795580000, 0x00000007a2200000, 0x00000007c0000000)
  eden space 139776K, 0% used [0x0000000795580000,0x0000000795580000,0x000000079de00000)
  from space 16384K, 90% used [0x000000079de00000,0x000000079ec7e400,0x000000079ee00000)
  to   space 17920K, 0% used [0x00000007a1080000,0x00000007a1080000,0x00000007a2200000)
 ParOldGen       total 108544K, used 24609K [0x0000000740000000, 0x0000000746a00000, 0x0000000795580000)
  object space 108544K, 22% used [0x0000000740000000,0x00000007418087a8,0x0000000746a00000)
 Metaspace       used 36884K, capacity 37850K, committed 38104K, reserved 1081344K
  class space    used 5150K, capacity 5548K, committed 5632K, reserved 1048576K
}

