# JRE version: Java(TM) SE Runtime Environment (8.0_101-b13) (build 1.8.0_101-b13)
# Java VM: Java HotSpot(TM) 64-Bit Server VM (25.101-b13 mixed mode bsd-amd64 compressed oops)
Heap:
 PSYoungGen      total 160768K, used 29306K [0x0000000795580000, 0x00000007a2a00000, 0x00000007c0000000)
  eden space 144384K, 10% used [0x0000000795580000,0x00000007963a0740,0x000000079e280000)
  from space 16384K, 90% used [0x000000079e280000,0x000000079f0fe400,0x000000079f280000)
  to   space 17920K, 0% used [0x00000007a1880000,0x00000007a1880000,0x00000007a2a00000)
 ParOldGen       total 107520K, used 24609K [0x0000000740000000, 0x0000000746900000, 0x0000000795580000)
  object space 107520K, 22% used [0x0000000740000000,0x0000000741808488,0x0000000746900000)
 Metaspace       used 37689K, capacity 38814K, committed 39128K, reserved 1083392K
  class space    used 5299K, capacity 5793K, committed 5888K, reserved 1048576K
GC Heap History (10 events):
Event: 3.798 GC heap before
{Heap before GC invocations=7 (full 1):
 PSYoungGen      total 71680K, used 66560K [0x0000000795580000, 0x000000079ea80000, 0x00000007c0000000)
  eden space 66560K, 100% used [0x0000000795580000,0x0000000799680000,0x0000000799680000)
  from space 5120K, 0% used [0x0000000799680000,0x0000000799680000,0x0000000799b80000)
  to   space 9728K, 0% used [0x000000079e100000,0x000000079e100000,0x000000079ea80000)
 ParOldGen       total 62464K, used 8900K [0x0000000740000000, 0x0000000743d00000, 0x0000000795580000)
  object space 62464K, 14% used [0x0000000740000000,0x00000007408b1210,0x0000000743d00000)
 Metaspace       used 25307K, capacity 25984K, committed 26240K, reserved 1071104K
  class space    used 3431K, capacity 3673K, committed 3712K, reserved 1048576K
Event: 3.807 GC heap after
Heap after GC invocations=7 (full 1):
 PSYoungGen      total 104960K, used 6022K [0x0000000795580000, 0x000000079e700000, 0x00000007c0000000)
  eden space 98816K, 0% used [0x0000000795580000,0x0000000795580000,0x000000079b600000)
  from space 6144K, 98% used [0x000000079e100000,0x000000079e6e1a70,0x000000079e700000)
  to   space 9728K, 0% used [0x000000079d400000,0x000000079d400000,0x000000079dd80000)
 ParOldGen       total 62464K, used 8972K [0x0000000740000000, 0x0000000743d00000, 0x0000000795580000)
  object space 62464K, 14% used [0x0000000740000000,0x00000007408c3220,0x0000000743d00000)
 Metaspace       used 25307K, capacity 25984K, committed 26240K, reserved 1071104K
  class space    used 3431K, capacity 3673K, committed 3712K, reserved 1048576K
}
Event: 5.301 GC heap before
{Heap before GC invocations=8 (full 1):
 PSYoungGen      total 104960K, used 104838K [0x0000000795580000, 0x000000079e700000, 0x00000007c0000000)
  eden space 98816K, 100% used [0x0000000795580000,0x000000079b600000,0x000000079b600000)
  from space 6144K, 98% used [0x000000079e100000,0x000000079e6e1a70,0x000000079e700000)
  to   space 9728K, 0% used [0x000000079d400000,0x000000079d400000,0x000000079dd80000)
 ParOldGen       total 62464K, used 8972K [0x0000000740000000, 0x0000000743d00000, 0x0000000795580000)
  object space 62464K, 14% used [0x0000000740000000,0x00000007408c3220,0x0000000743d00000)
 Metaspace       used 32027K, capacity 32974K, committed 33280K, reserved 1077248K
  class space    used 4451K, capacity 4803K, committed 4864K, reserved 1048576K
Event: 5.330 GC heap after
Heap after GC invocations=8 (full 1):
 PSYoungGen      total 139264K, used 9700K [0x0000000795580000, 0x00000007a0000000, 0x00000007c0000000)
  eden space 129536K, 0% used [0x0000000795580000,0x0000000795580000,0x000000079d400000)
  from space 9728K, 99% used [0x000000079d400000,0x000000079dd79020,0x000000079dd80000)
  to   space 13824K, 0% used [0x000000079f280000,0x000000079f280000,0x00000007a0000000)
 ParOldGen       total 62464K, used 15797K [0x0000000740000000, 0x0000000743d00000, 0x0000000795580000)
  object space 62464K, 25% used [0x0000000740000000,0x0000000740f6d738,0x0000000743d00000)
 Metaspace       used 32027K, capacity 32974K, committed 33280K, reserved 1077248K
  class space    used 4451K, capacity 4803K, committed 4864K, reserved 1048576K
}
Event: 5.913 GC heap before
{Heap before GC invocations=9 (full 1):
 PSYoungGen      total 139264K, used 56084K [0x0000000795580000, 0x00000007a0000000, 0x00000007c0000000)
  eden space 129536K, 35% used [0x0000000795580000,0x00000007982cc370,0x000000079d400000)
  from space 9728K, 99% used [0x000000079d400000,0x000000079dd79020,0x000000079dd80000)
  to   space 13824K, 0% used [0x000000079f280000,0x000000079f280000,0x00000007a0000000)
 ParOldGen       total 62464K, used 15797K [0x0000000740000000, 0x0000000743d00000, 0x0000000795580000)
  object space 62464K, 25% used [0x0000000740000000,0x0000000740f6d738,0x0000000743d00000)
 Metaspace       used 34351K, capacity 35272K, committed 35416K, reserved 1079296K
  class space    used 4780K, capacity 5166K, committed 5248K, reserved 1048576K
Event: 5.937 GC heap after
Heap after GC invocations=9 (full 1):
 PSYoungGen      total 158208K, used 13796K [0x0000000795580000, 0x00000007a3900000, 0x00000007c0000000)
  eden space 144384K, 0% used [0x0000000795580000,0x0000000795580000,0x000000079e280000)
  from space 13824K, 99% used [0x000000079f280000,0x000000079fff9020,0x00000007a0000000)
  to   space 16384K, 0% used [0x000000079e280000,0x000000079e280000,0x000000079f280000)
 ParOldGen       total 62464K, used 17050K [0x0000000740000000, 0x0000000743d00000, 0x0000000795580000)
  object space 62464K, 27% used [0x0000000740000000,0x00000007410a6a78,0x0000000743d00000)
 Metaspace       used 34351K, capacity 35272K, committed 35416K, reserved 1079296K
  class space    used 4780K, capacity 5166K, committed 5248K, reserved 1048576K
}
Event: 5.937 GC heap before
{Heap before GC invocations=10 (full 2):
 PSYoungGen      total 158208K, used 13796K [0x0000000795580000, 0x00000007a3900000, 0x00000007c0000000)
  eden space 144384K, 0% used [0x0000000795580000,0x0000000795580000,0x000000079e280000)
  from space 13824K, 99% used [0x000000079f280000,0x000000079fff9020,0x00000007a0000000)
  to   space 16384K, 0% used [0x000000079e280000,0x000000079e280000,0x000000079f280000)
 ParOldGen       total 62464K, used 17050K [0x0000000740000000, 0x0000000743d00000, 0x0000000795580000)
  object space 62464K, 27% used [0x0000000740000000,0x00000007410a6a78,0x0000000743d00000)
 Metaspace       used 34351K, capacity 35272K, committed 35416K, reserved 1079296K
  class space    used 4780K, capacity 5166K, committed 5248K, reserved 1048576K
Event: 6.061 GC heap after
Heap after GC invocations=10 (full 2):
 PSYoungGen      total 158208K, used 0K [0x0000000795580000, 0x00000007a3900000, 0x00000007c0000000)
  eden space 144384K, 0% used [0x0000000795580000,0x0000000795580000,0x000000079e280000)
  from space 13824K, 0% used [0x000000079f280000,0x000000079f280000,0x00000007a0000000)
  to   space 16384K, 0% used [0x000000079e280000,0x000000079e280000,0x000000079f280000)
 ParOldGen       total 107520K, used 24601K [0x0000000740000000, 0x0000000746900000, 0x0000000795580000)
  object space 107520K, 22% used [0x0000000740000000,0x0000000741806488,0x0000000746900000)
 Metaspace       used 34351K, capacity 35272K, committed 35416K, reserved 1079296K
  class space    used 4780K, capacity 5166K, committed 5248K, reserved 1048576K
}
Event: 7.391 GC heap before
{Heap before GC invocations=11 (full 2):
 PSYoungGen      total 158208K, used 144384K [0x0000000795580000, 0x00000007a3900000, 0x00000007c0000000)
  eden space 144384K, 100% used [0x0000000795580000,0x000000079e280000,0x000000079e280000)
  from space 13824K, 0% used [0x000000079f280000,0x000000079f280000,0x00000007a0000000)
  to   space 16384K, 0% used [0x000000079e280000,0x000000079e280000,0x000000079f280000)
 ParOldGen       total 107520K, used 24601K [0x0000000740000000, 0x0000000746900000, 0x0000000795580000)
  object space 107520K, 22% used [0x0000000740000000,0x0000000741806488,0x0000000746900000)
 Metaspace       used 36935K, capacity 37978K, committed 38104K, reserved 1081344K
  class space    used 5150K, capacity 5548K, committed 5632K, reserved 1048576K
Event: 7.409 GC heap after
Heap after GC invocations=11 (full 2):
 PSYoungGen      total 160768K, used 14841K [0x0000000795580000, 0x00000007a2a00000, 0x00000007c0000000)
  eden space 144384K, 0% used [0x0000000795580000,0x0000000795580000,0x000000079e280000)
  from space 16384K, 90% used [0x000000079e280000,0x000000079f0fe400,0x000000079f280000)
  to   space 17920K, 0% used [0x00000007a1880000,0x00000007a1880000,0x00000007a2a00000)
 ParOldGen       total 107520K, used 24609K [0x0000000740000000, 0x0000000746900000, 0x0000000795580000)
  object space 107520K, 22% used [0x0000000740000000,0x0000000741808488,0x0000000746900000)
 Metaspace       used 36935K, capacity 37978K, committed 38104K, reserved 1081344K
  class space    used 5150K, capacity 5548K, committed 5632K, reserved 1048576K
}

