# JRE version: Java(TM) SE Runtime Environment (8.0_101-b13) (build 1.8.0_101-b13)
# Java VM: Java HotSpot(TM) 64-Bit Server VM (25.101-b13 mixed mode bsd-amd64 compressed oops)
Heap:
 PSYoungGen      total 167424K, used 18408K [0x0000000795580000, 0x00000007a3980000, 0x00000007c0000000)
  eden space 153600K, 11% used [0x0000000795580000,0x000000079677a1f8,0x000000079eb80000)
  from space 13824K, 0% used [0x000000079fb00000,0x000000079fb00000,0x00000007a0880000)
  to   space 15872K, 0% used [0x000000079eb80000,0x000000079eb80000,0x000000079fb00000)
 ParOldGen       total 105472K, used 24531K [0x0000000740000000, 0x0000000746700000, 0x0000000795580000)
  object space 105472K, 23% used [0x0000000740000000,0x00000007417f4f60,0x0000000746700000)
 Metaspace       used 34893K, capacity 35892K, committed 36056K, reserved 1079296K
  class space    used 4834K, capacity 5264K, committed 5376K, reserved 1048576K
GC Heap History (10 events):
Event: 5.848 GC heap before
{Heap before GC invocations=6 (full 1):
 PSYoungGen      total 71680K, used 5088K [0x0000000795580000, 0x000000079e980000, 0x00000007c0000000)
  eden space 66560K, 0% used [0x0000000795580000,0x0000000795580000,0x0000000799680000)
  from space 5120K, 99% used [0x0000000799680000,0x0000000799b78030,0x0000000799b80000)
  to   space 9216K, 0% used [0x000000079e080000,0x000000079e080000,0x000000079e980000)
 ParOldGen       total 87552K, used 8868K [0x0000000740000000, 0x0000000745580000, 0x0000000795580000)
  object space 87552K, 10% used [0x0000000740000000,0x00000007408a9218,0x0000000745580000)
 Metaspace       used 20777K, capacity 21108K, committed 21248K, reserved 1067008K
  class space    used 2816K, capacity 2976K, committed 3072K, reserved 1048576K
Event: 5.920 GC heap after
Heap after GC invocations=6 (full 1):
 PSYoungGen      total 71680K, used 0K [0x0000000795580000, 0x000000079e980000, 0x00000007c0000000)
  eden space 66560K, 0% used [0x0000000795580000,0x0000000795580000,0x0000000799680000)
  from space 5120K, 0% used [0x0000000799680000,0x0000000799680000,0x0000000799b80000)
  to   space 9216K, 0% used [0x000000079e080000,0x000000079e080000,0x000000079e980000)
 ParOldGen       total 59904K, used 8321K [0x0000000740000000, 0x0000000743a80000, 0x0000000795580000)
  object space 59904K, 13% used [0x0000000740000000,0x0000000740820670,0x0000000743a80000)
 Metaspace       used 20777K, capacity 21108K, committed 21248K, reserved 1067008K
  class space    used 2816K, capacity 2976K, committed 3072K, reserved 1048576K
}
Event: 9.021 GC heap before
{Heap before GC invocations=7 (full 1):
 PSYoungGen      total 71680K, used 66560K [0x0000000795580000, 0x000000079e980000, 0x00000007c0000000)
  eden space 66560K, 100% used [0x0000000795580000,0x0000000799680000,0x0000000799680000)
  from space 5120K, 0% used [0x0000000799680000,0x0000000799680000,0x0000000799b80000)
  to   space 9216K, 0% used [0x000000079e080000,0x000000079e080000,0x000000079e980000)
 ParOldGen       total 59904K, used 8321K [0x0000000740000000, 0x0000000743a80000, 0x0000000795580000)
  object space 59904K, 13% used [0x0000000740000000,0x0000000740820670,0x0000000743a80000)
 Metaspace       used 25384K, capacity 26048K, committed 26240K, reserved 1071104K
  class space    used 3432K, capacity 3673K, committed 3712K, reserved 1048576K
Event: 9.033 GC heap after
Heap after GC invocations=7 (full 1):
 PSYoungGen      total 109568K, used 6369K [0x0000000795580000, 0x000000079e700000, 0x00000007c0000000)
  eden space 102912K, 0% used [0x0000000795580000,0x0000000795580000,0x000000079ba00000)
  from space 6656K, 95% used [0x000000079e080000,0x000000079e6b8640,0x000000079e700000)
  to   space 9216K, 0% used [0x000000079d500000,0x000000079d500000,0x000000079de00000)
 ParOldGen       total 59904K, used 8393K [0x0000000740000000, 0x0000000743a80000, 0x0000000795580000)
  object space 59904K, 14% used [0x0000000740000000,0x0000000740832680,0x0000000743a80000)
 Metaspace       used 25384K, capacity 26048K, committed 26240K, reserved 1071104K
  class space    used 3432K, capacity 3673K, committed 3712K, reserved 1048576K
}
Event: 13.333 GC heap before
{Heap before GC invocations=8 (full 1):
 PSYoungGen      total 109568K, used 109281K [0x0000000795580000, 0x000000079e700000, 0x00000007c0000000)
  eden space 102912K, 100% used [0x0000000795580000,0x000000079ba00000,0x000000079ba00000)
  from space 6656K, 95% used [0x000000079e080000,0x000000079e6b8640,0x000000079e700000)
  to   space 9216K, 0% used [0x000000079d500000,0x000000079d500000,0x000000079de00000)
 ParOldGen       total 59904K, used 8393K [0x0000000740000000, 0x0000000743a80000, 0x0000000795580000)
  object space 59904K, 14% used [0x0000000740000000,0x0000000740832680,0x0000000743a80000)
 Metaspace       used 32081K, capacity 32974K, committed 33280K, reserved 1077248K
  class space    used 4449K, capacity 4803K, committed 4864K, reserved 1048576K
Event: 13.364 GC heap after
Heap after GC invocations=8 (full 1):
 PSYoungGen      total 139776K, used 9184K [0x0000000795580000, 0x00000007a0880000, 0x00000007c0000000)
  eden space 130560K, 0% used [0x0000000795580000,0x0000000795580000,0x000000079d500000)
  from space 9216K, 99% used [0x000000079d500000,0x000000079ddf8010,0x000000079de00000)
  to   space 13824K, 0% used [0x000000079fb00000,0x000000079fb00000,0x00000007a0880000)
 ParOldGen       total 59904K, used 16250K [0x0000000740000000, 0x0000000743a80000, 0x0000000795580000)
  object space 59904K, 27% used [0x0000000740000000,0x0000000740fdeb08,0x0000000743a80000)
 Metaspace       used 32081K, capacity 32974K, committed 33280K, reserved 1077248K
  class space    used 4449K, capacity 4803K, committed 4864K, reserved 1048576K
}
Event: 14.770 GC heap before
{Heap before GC invocations=9 (full 1):
 PSYoungGen      total 139776K, used 55829K [0x0000000795580000, 0x00000007a0880000, 0x00000007c0000000)
  eden space 130560K, 35% used [0x0000000795580000,0x000000079830d798,0x000000079d500000)
  from space 9216K, 99% used [0x000000079d500000,0x000000079ddf8010,0x000000079de00000)
  to   space 13824K, 0% used [0x000000079fb00000,0x000000079fb00000,0x00000007a0880000)
 ParOldGen       total 59904K, used 16250K [0x0000000740000000, 0x0000000743a80000, 0x0000000795580000)
  object space 59904K, 27% used [0x0000000740000000,0x0000000740fdeb08,0x0000000743a80000)
 Metaspace       used 34320K, capacity 35272K, committed 35416K, reserved 1079296K
  class space    used 4769K, capacity 5166K, committed 5248K, reserved 1048576K
Event: 14.799 GC heap after
Heap after GC invocations=9 (full 1):
 PSYoungGen      total 167424K, used 13820K [0x0000000795580000, 0x00000007a3980000, 0x00000007c0000000)
  eden space 153600K, 0% used [0x0000000795580000,0x0000000795580000,0x000000079eb80000)
  from space 13824K, 99% used [0x000000079fb00000,0x00000007a087f1e0,0x00000007a0880000)
  to   space 15872K, 0% used [0x000000079eb80000,0x000000079eb80000,0x000000079fb00000)
 ParOldGen       total 59904K, used 16972K [0x0000000740000000, 0x0000000743a80000, 0x0000000795580000)
  object space 59904K, 28% used [0x0000000740000000,0x0000000741093368,0x0000000743a80000)
 Metaspace       used 34320K, capacity 35272K, committed 35416K, reserved 1079296K
  class space    used 4769K, capacity 5166K, committed 5248K, reserved 1048576K
}
Event: 14.799 GC heap before
{Heap before GC invocations=10 (full 2):
 PSYoungGen      total 167424K, used 13820K [0x0000000795580000, 0x00000007a3980000, 0x00000007c0000000)
  eden space 153600K, 0% used [0x0000000795580000,0x0000000795580000,0x000000079eb80000)
  from space 13824K, 99% used [0x000000079fb00000,0x00000007a087f1e0,0x00000007a0880000)
  to   space 15872K, 0% used [0x000000079eb80000,0x000000079eb80000,0x000000079fb00000)
 ParOldGen       total 59904K, used 16972K [0x0000000740000000, 0x0000000743a80000, 0x0000000795580000)
  object space 59904K, 28% used [0x0000000740000000,0x0000000741093368,0x0000000743a80000)
 Metaspace       used 34320K, capacity 35272K, committed 35416K, reserved 1079296K
  class space    used 4769K, capacity 5166K, committed 5248K, reserved 1048576K
Event: 15.019 GC heap after
Heap after GC invocations=10 (full 2):
 PSYoungGen      total 167424K, used 0K [0x0000000795580000, 0x00000007a3980000, 0x00000007c0000000)
  eden space 153600K, 0% used [0x0000000795580000,0x0000000795580000,0x000000079eb80000)
  from space 13824K, 0% used [0x000000079fb00000,0x000000079fb00000,0x00000007a0880000)
  to   space 15872K, 0% used [0x000000079eb80000,0x000000079eb80000,0x000000079fb00000)
 ParOldGen       total 105472K, used 24531K [0x0000000740000000, 0x0000000746700000, 0x0000000795580000)
  object space 105472K, 23% used [0x0000000740000000,0x00000007417f4f60,0x0000000746700000)
 Metaspace       used 34320K, capacity 35272K, committed 35416K, reserved 1079296K
  class space    used 4769K, capacity 5166K, committed 5248K, reserved 1048576K
}

