# JRE version: Java(TM) SE Runtime Environment (8.0_101-b13) (build 1.8.0_101-b13)
# Java VM: Java HotSpot(TM) 64-Bit Server VM (25.101-b13 mixed mode bsd-amd64 compressed oops)
Heap:
 PSYoungGen      total 148480K, used 121925K [0x0000000795580000, 0x00000007a1380000, 0x00000007c0000000)
  eden space 132096K, 82% used [0x0000000795580000,0x000000079bf73188,0x000000079d680000)
  from space 16384K, 81% used [0x000000079d680000,0x000000079e39e400,0x000000079e680000)
  to   space 17408K, 0% used [0x00000007a0280000,0x00000007a0280000,0x00000007a1380000)
 ParOldGen       total 115200K, used 24629K [0x0000000740000000, 0x0000000747080000, 0x0000000795580000)
  object space 115200K, 21% used [0x0000000740000000,0x000000074180d6d0,0x0000000747080000)
 Metaspace       used 39986K, capacity 41282K, committed 41560K, reserved 1085440K
  class space    used 5630K, capacity 6178K, committed 6272K, reserved 1048576K
GC Heap History (10 events):
Event: 3.925 GC heap before
{Heap before GC invocations=7 (full 1):
 PSYoungGen      total 71680K, used 66560K [0x0000000795580000, 0x000000079ea80000, 0x00000007c0000000)
  eden space 66560K, 100% used [0x0000000795580000,0x0000000799680000,0x0000000799680000)
  from space 5120K, 0% used [0x0000000799680000,0x0000000799680000,0x0000000799b80000)
  to   space 9728K, 0% used [0x000000079e100000,0x000000079e100000,0x000000079ea80000)
 ParOldGen       total 65024K, used 8847K [0x0000000740000000, 0x0000000743f80000, 0x0000000795580000)
  object space 65024K, 13% used [0x0000000740000000,0x00000007408a3e80,0x0000000743f80000)
 Metaspace       used 25338K, capacity 25984K, committed 26240K, reserved 1071104K
  class space    used 3431K, capacity 3673K, committed 3712K, reserved 1048576K
Event: 3.940 GC heap after
Heap after GC invocations=7 (full 1):
 PSYoungGen      total 101376K, used 5910K [0x0000000795580000, 0x000000079e700000, 0x00000007c0000000)
  eden space 95232K, 0% used [0x0000000795580000,0x0000000795580000,0x000000079b280000)
  from space 6144K, 96% used [0x000000079e100000,0x000000079e6c5a80,0x000000079e700000)
  to   space 9728K, 0% used [0x000000079d400000,0x000000079d400000,0x000000079dd80000)
 ParOldGen       total 65024K, used 8919K [0x0000000740000000, 0x0000000743f80000, 0x0000000795580000)
  object space 65024K, 13% used [0x0000000740000000,0x00000007408b5e90,0x0000000743f80000)
 Metaspace       used 25338K, capacity 25984K, committed 26240K, reserved 1071104K
  class space    used 3431K, capacity 3673K, committed 3712K, reserved 1048576K
}
Event: 5.328 GC heap before
{Heap before GC invocations=8 (full 1):
 PSYoungGen      total 101376K, used 101142K [0x0000000795580000, 0x000000079e700000, 0x00000007c0000000)
  eden space 95232K, 100% used [0x0000000795580000,0x000000079b280000,0x000000079b280000)
  from space 6144K, 96% used [0x000000079e100000,0x000000079e6c5a80,0x000000079e700000)
  to   space 9728K, 0% used [0x000000079d400000,0x000000079d400000,0x000000079dd80000)
 ParOldGen       total 65024K, used 8919K [0x0000000740000000, 0x0000000743f80000, 0x0000000795580000)
  object space 65024K, 13% used [0x0000000740000000,0x00000007408b5e90,0x0000000743f80000)
 Metaspace       used 31965K, capacity 32936K, committed 33024K, reserved 1077248K
  class space    used 4434K, capacity 4791K, committed 4864K, reserved 1048576K
Event: 5.351 GC heap after
Heap after GC invocations=8 (full 1):
 PSYoungGen      total 139264K, used 9716K [0x0000000795580000, 0x000000079f400000, 0x00000007c0000000)
  eden space 129536K, 0% used [0x0000000795580000,0x0000000795580000,0x000000079d400000)
  from space 9728K, 99% used [0x000000079d400000,0x000000079dd7d010,0x000000079dd80000)
  to   space 13824K, 0% used [0x000000079e680000,0x000000079e680000,0x000000079f400000)
 ParOldGen       total 65024K, used 15165K [0x0000000740000000, 0x0000000743f80000, 0x0000000795580000)
  object space 65024K, 23% used [0x0000000740000000,0x0000000740ecf780,0x0000000743f80000)
 Metaspace       used 31965K, capacity 32936K, committed 33024K, reserved 1077248K
  class space    used 4434K, capacity 4791K, committed 4864K, reserved 1048576K
}
Event: 5.962 GC heap before
{Heap before GC invocations=9 (full 1):
 PSYoungGen      total 139264K, used 61185K [0x0000000795580000, 0x000000079f400000, 0x00000007c0000000)
  eden space 129536K, 39% used [0x0000000795580000,0x00000007987c3788,0x000000079d400000)
  from space 9728K, 99% used [0x000000079d400000,0x000000079dd7d010,0x000000079dd80000)
  to   space 13824K, 0% used [0x000000079e680000,0x000000079e680000,0x000000079f400000)
 ParOldGen       total 65024K, used 15165K [0x0000000740000000, 0x0000000743f80000, 0x0000000795580000)
  object space 65024K, 23% used [0x0000000740000000,0x0000000740ecf780,0x0000000743f80000)
 Metaspace       used 34356K, capacity 35272K, committed 35416K, reserved 1079296K
  class space    used 4778K, capacity 5166K, committed 5248K, reserved 1048576K
Event: 5.982 GC heap after
Heap after GC invocations=9 (full 1):
 PSYoungGen      total 145920K, used 13796K [0x0000000795580000, 0x00000007a2d00000, 0x00000007c0000000)
  eden space 132096K, 0% used [0x0000000795580000,0x0000000795580000,0x000000079d680000)
  from space 13824K, 99% used [0x000000079e680000,0x000000079f3f9020,0x000000079f400000)
  to   space 16384K, 0% used [0x000000079d680000,0x000000079d680000,0x000000079e680000)
 ParOldGen       total 65024K, used 16970K [0x0000000740000000, 0x0000000743f80000, 0x0000000795580000)
  object space 65024K, 26% used [0x0000000740000000,0x00000007410928d0,0x0000000743f80000)
 Metaspace       used 34356K, capacity 35272K, committed 35416K, reserved 1079296K
  class space    used 4778K, capacity 5166K, committed 5248K, reserved 1048576K
}
Event: 5.982 GC heap before
{Heap before GC invocations=10 (full 2):
 PSYoungGen      total 145920K, used 13796K [0x0000000795580000, 0x00000007a2d00000, 0x00000007c0000000)
  eden space 132096K, 0% used [0x0000000795580000,0x0000000795580000,0x000000079d680000)
  from space 13824K, 99% used [0x000000079e680000,0x000000079f3f9020,0x000000079f400000)
  to   space 16384K, 0% used [0x000000079d680000,0x000000079d680000,0x000000079e680000)
 ParOldGen       total 65024K, used 16970K [0x0000000740000000, 0x0000000743f80000, 0x0000000795580000)
  object space 65024K, 26% used [0x0000000740000000,0x00000007410928d0,0x0000000743f80000)
 Metaspace       used 34356K, capacity 35272K, committed 35416K, reserved 1079296K
  class space    used 4778K, capacity 5166K, committed 5248K, reserved 1048576K
Event: 6.140 GC heap after
Heap after GC invocations=10 (full 2):
 PSYoungGen      total 145920K, used 0K [0x0000000795580000, 0x00000007a2d00000, 0x00000007c0000000)
  eden space 132096K, 0% used [0x0000000795580000,0x0000000795580000,0x000000079d680000)
  from space 13824K, 0% used [0x000000079e680000,0x000000079e680000,0x000000079f400000)
  to   space 16384K, 0% used [0x000000079d680000,0x000000079d680000,0x000000079e680000)
 ParOldGen       total 115200K, used 24621K [0x0000000740000000, 0x0000000747080000, 0x0000000795580000)
  object space 115200K, 21% used [0x0000000740000000,0x000000074180b6d0,0x0000000747080000)
 Metaspace       used 34356K, capacity 35272K, committed 35416K, reserved 1079296K
  class space    used 4778K, capacity 5166K, committed 5248K, reserved 1048576K
}
Event: 7.671 GC heap before
{Heap before GC invocations=11 (full 2):
 PSYoungGen      total 145920K, used 132096K [0x0000000795580000, 0x00000007a2d00000, 0x00000007c0000000)
  eden space 132096K, 100% used [0x0000000795580000,0x000000079d680000,0x000000079d680000)
  from space 13824K, 0% used [0x000000079e680000,0x000000079e680000,0x000000079f400000)
  to   space 16384K, 0% used [0x000000079d680000,0x000000079d680000,0x000000079e680000)
 ParOldGen       total 115200K, used 24621K [0x0000000740000000, 0x0000000747080000, 0x0000000795580000)
  object space 115200K, 21% used [0x0000000740000000,0x000000074180b6d0,0x0000000747080000)
 Metaspace       used 36700K, capacity 37744K, committed 38104K, reserved 1081344K
  class space    used 5102K, capacity 5510K, committed 5632K, reserved 1048576K
Event: 7.691 GC heap after
Heap after GC invocations=11 (full 2):
 PSYoungGen      total 148480K, used 13433K [0x0000000795580000, 0x00000007a1380000, 0x00000007c0000000)
  eden space 132096K, 0% used [0x0000000795580000,0x0000000795580000,0x000000079d680000)
  from space 16384K, 81% used [0x000000079d680000,0x000000079e39e400,0x000000079e680000)
  to   space 17408K, 0% used [0x00000007a0280000,0x00000007a0280000,0x00000007a1380000)
 ParOldGen       total 115200K, used 24629K [0x0000000740000000, 0x0000000747080000, 0x0000000795580000)
  object space 115200K, 21% used [0x0000000740000000,0x000000074180d6d0,0x0000000747080000)
 Metaspace       used 36700K, capacity 37744K, committed 38104K, reserved 1081344K
  class space    used 5102K, capacity 5510K, committed 5632K, reserved 1048576K
}

