# JRE version: Java(TM) SE Runtime Environment (8.0_101-b13) (build 1.8.0_101-b13)
# Java VM: Java HotSpot(TM) 64-Bit Server VM (25.101-b13 mixed mode bsd-amd64 compressed oops)
Heap:
 PSYoungGen      total 69632K, used 52273K [0x0000000795580000, 0x000000079b680000, 0x00000007c0000000)
  eden space 59904K, 75% used [0x0000000795580000,0x0000000798199ad8,0x0000000799000000)
  from space 9728K, 73% used [0x0000000799000000,0x00000007996f2ae0,0x0000000799980000)
  to   space 9728K, 0% used [0x000000079ad00000,0x000000079ad00000,0x000000079b680000)
 ParOldGen       total 59904K, used 8572K [0x0000000740000000, 0x0000000743a80000, 0x0000000795580000)
  object space 59904K, 14% used [0x0000000740000000,0x000000074085f188,0x0000000743a80000)
 Metaspace       used 29261K, capacity 30054K, committed 30208K, reserved 1075200K
  class space    used 3999K, capacity 4281K, committed 4352K, reserved 1048576K
GC Heap History (10 events):
Event: 2.948 GC heap before
{Heap before GC invocations=4 (full 0):
 PSYoungGen      total 38400K, used 38368K [0x0000000795580000, 0x0000000798000000, 0x00000007c0000000)
  eden space 33280K, 100% used [0x0000000795580000,0x0000000797600000,0x0000000797600000)
  from space 5120K, 99% used [0x0000000797600000,0x0000000797af8040,0x0000000797b00000)
  to   space 5120K, 0% used [0x0000000797b00000,0x0000000797b00000,0x0000000798000000)
 ParOldGen       total 87552K, used 3783K [0x0000000740000000, 0x0000000745580000, 0x0000000795580000)
  object space 87552K, 4% used [0x0000000740000000,0x00000007403b1eb0,0x0000000745580000)
 Metaspace       used 19791K, capacity 20180K, committed 20224K, reserved 1067008K
  class space    used 2648K, capacity 2816K, committed 2816K, reserved 1048576K
Event: 2.958 GC heap after
Heap after GC invocations=4 (full 0):
 PSYoungGen      total 38400K, used 5104K [0x0000000795580000, 0x000000079a080000, 0x00000007c0000000)
  eden space 33280K, 0% used [0x0000000795580000,0x0000000795580000,0x0000000797600000)
  from space 5120K, 99% used [0x0000000797b00000,0x0000000797ffc010,0x0000000798000000)
  to   space 5120K, 0% used [0x0000000797600000,0x0000000797600000,0x0000000797b00000)
 ParOldGen       total 87552K, used 7310K [0x0000000740000000, 0x0000000745580000, 0x0000000795580000)
  object space 87552K, 8% used [0x0000000740000000,0x0000000740723830,0x0000000745580000)
 Metaspace       used 19791K, capacity 20180K, committed 20224K, reserved 1067008K
  class space    used 2648K, capacity 2816K, committed 2816K, reserved 1048576K
}
Event: 3.203 GC heap before
{Heap before GC invocations=5 (full 0):
 PSYoungGen      total 38400K, used 20378K [0x0000000795580000, 0x000000079a080000, 0x00000007c0000000)
  eden space 33280K, 45% used [0x0000000795580000,0x000000079646a828,0x0000000797600000)
  from space 5120K, 99% used [0x0000000797b00000,0x0000000797ffc010,0x0000000798000000)
  to   space 5120K, 0% used [0x0000000797600000,0x0000000797600000,0x0000000797b00000)
 ParOldGen       total 87552K, used 7310K [0x0000000740000000, 0x0000000745580000, 0x0000000795580000)
  object space 87552K, 8% used [0x0000000740000000,0x0000000740723830,0x0000000745580000)
 Metaspace       used 20787K, capacity 21118K, committed 21248K, reserved 1067008K
  class space    used 2823K, capacity 2978K, committed 3072K, reserved 1048576K
Event: 3.224 GC heap after
Heap after GC invocations=5 (full 0):
 PSYoungGen      total 38400K, used 5104K [0x0000000795580000, 0x000000079a880000, 0x00000007c0000000)
  eden space 33280K, 0% used [0x0000000795580000,0x0000000795580000,0x0000000797600000)
  from space 5120K, 99% used [0x0000000797600000,0x0000000797afc040,0x0000000797b00000)
  to   space 9216K, 0% used [0x0000000799f80000,0x0000000799f80000,0x000000079a880000)
 ParOldGen       total 87552K, used 9075K [0x0000000740000000, 0x0000000745580000, 0x0000000795580000)
  object space 87552K, 10% used [0x0000000740000000,0x00000007408dcf00,0x0000000745580000)
 Metaspace       used 20787K, capacity 21118K, committed 21248K, reserved 1067008K
  class space    used 2823K, capacity 2978K, committed 3072K, reserved 1048576K
}
Event: 3.224 GC heap before
{Heap before GC invocations=6 (full 1):
 PSYoungGen      total 38400K, used 5104K [0x0000000795580000, 0x000000079a880000, 0x00000007c0000000)
  eden space 33280K, 0% used [0x0000000795580000,0x0000000795580000,0x0000000797600000)
  from space 5120K, 99% used [0x0000000797600000,0x0000000797afc040,0x0000000797b00000)
  to   space 9216K, 0% used [0x0000000799f80000,0x0000000799f80000,0x000000079a880000)
 ParOldGen       total 87552K, used 9075K [0x0000000740000000, 0x0000000745580000, 0x0000000795580000)
  object space 87552K, 10% used [0x0000000740000000,0x00000007408dcf00,0x0000000745580000)
 Metaspace       used 20787K, capacity 21118K, committed 21248K, reserved 1067008K
  class space    used 2823K, capacity 2978K, committed 3072K, reserved 1048576K
Event: 3.286 GC heap after
Heap after GC invocations=6 (full 1):
 PSYoungGen      total 38400K, used 0K [0x0000000795580000, 0x000000079a880000, 0x00000007c0000000)
  eden space 33280K, 0% used [0x0000000795580000,0x0000000795580000,0x0000000797600000)
  from space 5120K, 0% used [0x0000000797600000,0x0000000797600000,0x0000000797b00000)
  to   space 9216K, 0% used [0x0000000799f80000,0x0000000799f80000,0x000000079a880000)
 ParOldGen       total 59904K, used 8492K [0x0000000740000000, 0x0000000743a80000, 0x0000000795580000)
  object space 59904K, 14% used [0x0000000740000000,0x000000074084b178,0x0000000743a80000)
 Metaspace       used 20787K, capacity 21118K, committed 21248K, reserved 1067008K
  class space    used 2823K, capacity 2978K, committed 3072K, reserved 1048576K
}
Event: 3.830 GC heap before
{Heap before GC invocations=7 (full 1):
 PSYoungGen      total 38400K, used 33280K [0x0000000795580000, 0x000000079a880000, 0x00000007c0000000)
  eden space 33280K, 100% used [0x0000000795580000,0x0000000797600000,0x0000000797600000)
  from space 5120K, 0% used [0x0000000797600000,0x0000000797600000,0x0000000797b00000)
  to   space 9216K, 0% used [0x0000000799f80000,0x0000000799f80000,0x000000079a880000)
 ParOldGen       total 59904K, used 8492K [0x0000000740000000, 0x0000000743a80000, 0x0000000795580000)
  object space 59904K, 14% used [0x0000000740000000,0x000000074084b178,0x0000000743a80000)
 Metaspace       used 22742K, capacity 23214K, committed 23296K, reserved 1069056K
  class space    used 3122K, capacity 3309K, committed 3328K, reserved 1048576K
Event: 3.840 GC heap after
Heap after GC invocations=7 (full 1):
 PSYoungGen      total 55808K, used 3581K [0x0000000795580000, 0x000000079a300000, 0x00000007c0000000)
  eden space 52224K, 0% used [0x0000000795580000,0x0000000795580000,0x0000000798880000)
  from space 3584K, 99% used [0x0000000799f80000,0x000000079a2ff520,0x000000079a300000)
  to   space 9728K, 0% used [0x0000000799000000,0x0000000799000000,0x0000000799980000)
 ParOldGen       total 59904K, used 8500K [0x0000000740000000, 0x0000000743a80000, 0x0000000795580000)
  object space 59904K, 14% used [0x0000000740000000,0x000000074084d178,0x0000000743a80000)
 Metaspace       used 22742K, capacity 23214K, committed 23296K, reserved 1069056K
  class space    used 3122K, capacity 3309K, committed 3328K, reserved 1048576K
}
Event: 4.803 GC heap before
{Heap before GC invocations=8 (full 1):
 PSYoungGen      total 55808K, used 55805K [0x0000000795580000, 0x000000079a300000, 0x00000007c0000000)
  eden space 52224K, 100% used [0x0000000795580000,0x0000000798880000,0x0000000798880000)
  from space 3584K, 99% used [0x0000000799f80000,0x000000079a2ff520,0x000000079a300000)
  to   space 9728K, 0% used [0x0000000799000000,0x0000000799000000,0x0000000799980000)
 ParOldGen       total 59904K, used 8500K [0x0000000740000000, 0x0000000743a80000, 0x0000000795580000)
  object space 59904K, 14% used [0x0000000740000000,0x000000074084d178,0x0000000743a80000)
 Metaspace       used 26643K, capacity 27508K, committed 27776K, reserved 1073152K
  class space    used 3575K, capacity 3881K, committed 3968K, reserved 1048576K
Event: 4.814 GC heap after
Heap after GC invocations=8 (full 1):
 PSYoungGen      total 69632K, used 7114K [0x0000000795580000, 0x000000079b680000, 0x00000007c0000000)
  eden space 59904K, 0% used [0x0000000795580000,0x0000000795580000,0x0000000799000000)
  from space 9728K, 73% used [0x0000000799000000,0x00000007996f2ae0,0x0000000799980000)
  to   space 9728K, 0% used [0x000000079ad00000,0x000000079ad00000,0x000000079b680000)
 ParOldGen       total 59904K, used 8572K [0x0000000740000000, 0x0000000743a80000, 0x0000000795580000)
  object space 59904K, 14% used [0x0000000740000000,0x000000074085f188,0x0000000743a80000)
 Metaspace       used 26643K, capacity 27508K, committed 27776K, reserved 1073152K
  class space    used 3575K, capacity 3881K, committed 3968K, reserved 1048576K
}

