# JRE version: Java(TM) SE Runtime Environment (8.0_101-b13) (build 1.8.0_101-b13)
# Java VM: Java HotSpot(TM) 64-Bit Server VM (25.101-b13 mixed mode bsd-amd64 compressed oops)
Heap:
 PSYoungGen      total 175104K, used 22416K [0x0000000795580000, 0x00000007a4180000, 0x00000007c0000000)
  eden space 160768K, 13% used [0x0000000795580000,0x0000000796b64338,0x000000079f280000)
  from space 14336K, 0% used [0x00000007a0280000,0x00000007a0280000,0x00000007a1080000)
  to   space 16384K, 0% used [0x000000079f280000,0x000000079f280000,0x00000007a0280000)
 ParOldGen       total 102912K, used 24547K [0x0000000740000000, 0x0000000746480000, 0x0000000795580000)
  object space 102912K, 23% used [0x0000000740000000,0x00000007417f8c28,0x0000000746480000)
 Metaspace       used 34975K, capacity 35878K, committed 35928K, reserved 1079296K
  class space    used 4837K, capacity 5235K, committed 5248K, reserved 1048576K
GC Heap History (10 events):
Event: 3.805 GC heap before
{Heap before GC invocations=6 (full 1):
 PSYoungGen      total 71680K, used 5104K [0x0000000795580000, 0x000000079ea80000, 0x00000007c0000000)
  eden space 66560K, 0% used [0x0000000795580000,0x0000000795580000,0x0000000799680000)
  from space 5120K, 99% used [0x0000000799680000,0x0000000799b7c050,0x0000000799b80000)
  to   space 9728K, 0% used [0x000000079e100000,0x000000079e100000,0x000000079ea80000)
 ParOldGen       total 87552K, used 9367K [0x0000000740000000, 0x0000000745580000, 0x0000000795580000)
  object space 87552K, 10% used [0x0000000740000000,0x0000000740925cd0,0x0000000745580000)
 Metaspace       used 20786K, capacity 21118K, committed 21248K, reserved 1067008K
  class space    used 2818K, capacity 2978K, committed 3072K, reserved 1048576K
Event: 3.864 GC heap after
Heap after GC invocations=6 (full 1):
 PSYoungGen      total 71680K, used 0K [0x0000000795580000, 0x000000079ea80000, 0x00000007c0000000)
  eden space 66560K, 0% used [0x0000000795580000,0x0000000795580000,0x0000000799680000)
  from space 5120K, 0% used [0x0000000799680000,0x0000000799680000,0x0000000799b80000)
  to   space 9728K, 0% used [0x000000079e100000,0x000000079e100000,0x000000079ea80000)
 ParOldGen       total 59392K, used 8858K [0x0000000740000000, 0x0000000743a00000, 0x0000000795580000)
  object space 59392K, 14% used [0x0000000740000000,0x00000007408a6948,0x0000000743a00000)
 Metaspace       used 20786K, capacity 21118K, committed 21248K, reserved 1067008K
  class space    used 2818K, capacity 2978K, committed 3072K, reserved 1048576K
}
Event: 5.564 GC heap before
{Heap before GC invocations=7 (full 1):
 PSYoungGen      total 71680K, used 66560K [0x0000000795580000, 0x000000079ea80000, 0x00000007c0000000)
  eden space 66560K, 100% used [0x0000000795580000,0x0000000799680000,0x0000000799680000)
  from space 5120K, 0% used [0x0000000799680000,0x0000000799680000,0x0000000799b80000)
  to   space 9728K, 0% used [0x000000079e100000,0x000000079e100000,0x000000079ea80000)
 ParOldGen       total 59392K, used 8858K [0x0000000740000000, 0x0000000743a00000, 0x0000000795580000)
  object space 59392K, 14% used [0x0000000740000000,0x00000007408a6948,0x0000000743a00000)
 Metaspace       used 25344K, capacity 25952K, committed 26240K, reserved 1071104K
  class space    used 3427K, capacity 3641K, committed 3712K, reserved 1048576K
Event: 5.576 GC heap after
Heap after GC invocations=7 (full 1):
 PSYoungGen      total 110592K, used 5880K [0x0000000795580000, 0x000000079e700000, 0x00000007c0000000)
  eden space 104448K, 0% used [0x0000000795580000,0x0000000795580000,0x000000079bb80000)
  from space 6144K, 95% used [0x000000079e100000,0x000000079e6be010,0x000000079e700000)
  to   space 9728K, 0% used [0x000000079d400000,0x000000079d400000,0x000000079dd80000)
 ParOldGen       total 59392K, used 8930K [0x0000000740000000, 0x0000000743a00000, 0x0000000795580000)
  object space 59392K, 15% used [0x0000000740000000,0x00000007408b8958,0x0000000743a00000)
 Metaspace       used 25344K, capacity 25952K, committed 26240K, reserved 1071104K
  class space    used 3427K, capacity 3641K, committed 3712K, reserved 1048576K
}
Event: 7.824 GC heap before
{Heap before GC invocations=8 (full 1):
 PSYoungGen      total 110592K, used 110328K [0x0000000795580000, 0x000000079e700000, 0x00000007c0000000)
  eden space 104448K, 100% used [0x0000000795580000,0x000000079bb80000,0x000000079bb80000)
  from space 6144K, 95% used [0x000000079e100000,0x000000079e6be010,0x000000079e700000)
  to   space 9728K, 0% used [0x000000079d400000,0x000000079d400000,0x000000079dd80000)
 ParOldGen       total 59392K, used 8930K [0x0000000740000000, 0x0000000743a00000, 0x0000000795580000)
  object space 59392K, 15% used [0x0000000740000000,0x00000007408b8958,0x0000000743a00000)
 Metaspace       used 32151K, capacity 33094K, committed 33280K, reserved 1077248K
  class space    used 4473K, capacity 4842K, committed 4864K, reserved 1048576K
Event: 7.863 GC heap after
Heap after GC invocations=8 (full 1):
 PSYoungGen      total 139264K, used 9728K [0x0000000795580000, 0x00000007a1080000, 0x00000007c0000000)
  eden space 129536K, 0% used [0x0000000795580000,0x0000000795580000,0x000000079d400000)
  from space 9728K, 100% used [0x000000079d400000,0x000000079dd80000,0x000000079dd80000)
  to   space 14336K, 0% used [0x00000007a0280000,0x00000007a0280000,0x00000007a1080000)
 ParOldGen       total 59392K, used 16439K [0x0000000740000000, 0x0000000743a00000, 0x0000000795580000)
  object space 59392K, 27% used [0x0000000740000000,0x000000074100ded8,0x0000000743a00000)
 Metaspace       used 32151K, capacity 33094K, committed 33280K, reserved 1077248K
  class space    used 4473K, capacity 4842K, committed 4864K, reserved 1048576K
}
Event: 8.643 GC heap before
{Heap before GC invocations=9 (full 1):
 PSYoungGen      total 139264K, used 53363K [0x0000000795580000, 0x00000007a1080000, 0x00000007c0000000)
  eden space 129536K, 33% used [0x0000000795580000,0x000000079801cc88,0x000000079d400000)
  from space 9728K, 100% used [0x000000079d400000,0x000000079dd80000,0x000000079dd80000)
  to   space 14336K, 0% used [0x00000007a0280000,0x00000007a0280000,0x00000007a1080000)
 ParOldGen       total 59392K, used 16439K [0x0000000740000000, 0x0000000743a00000, 0x0000000795580000)
  object space 59392K, 27% used [0x0000000740000000,0x000000074100ded8,0x0000000743a00000)
 Metaspace       used 34334K, capacity 35272K, committed 35416K, reserved 1079296K
  class space    used 4780K, capacity 5166K, committed 5248K, reserved 1048576K
Event: 8.674 GC heap after
Heap after GC invocations=9 (full 1):
 PSYoungGen      total 175104K, used 14329K [0x0000000795580000, 0x00000007a4180000, 0x00000007c0000000)
  eden space 160768K, 0% used [0x0000000795580000,0x0000000795580000,0x000000079f280000)
  from space 14336K, 99% used [0x00000007a0280000,0x00000007a107e798,0x00000007a1080000)
  to   space 16384K, 0% used [0x000000079f280000,0x000000079f280000,0x00000007a0280000)
 ParOldGen       total 59392K, used 16538K [0x0000000740000000, 0x0000000743a00000, 0x0000000795580000)
  object space 59392K, 27% used [0x0000000740000000,0x0000000741026a98,0x0000000743a00000)
 Metaspace       used 34334K, capacity 35272K, committed 35416K, reserved 1079296K
  class space    used 4780K, capacity 5166K, committed 5248K, reserved 1048576K
}
Event: 8.674 GC heap before
{Heap before GC invocations=10 (full 2):
 PSYoungGen      total 175104K, used 14329K [0x0000000795580000, 0x00000007a4180000, 0x00000007c0000000)
  eden space 160768K, 0% used [0x0000000795580000,0x0000000795580000,0x000000079f280000)
  from space 14336K, 99% used [0x00000007a0280000,0x00000007a107e798,0x00000007a1080000)
  to   space 16384K, 0% used [0x000000079f280000,0x000000079f280000,0x00000007a0280000)
 ParOldGen       total 59392K, used 16538K [0x0000000740000000, 0x0000000743a00000, 0x0000000795580000)
  object space 59392K, 27% used [0x0000000740000000,0x0000000741026a98,0x0000000743a00000)
 Metaspace       used 34334K, capacity 35272K, committed 35416K, reserved 1079296K
  class space    used 4780K, capacity 5166K, committed 5248K, reserved 1048576K
Event: 8.874 GC heap after
Heap after GC invocations=10 (full 2):
 PSYoungGen      total 175104K, used 0K [0x0000000795580000, 0x00000007a4180000, 0x00000007c0000000)
  eden space 160768K, 0% used [0x0000000795580000,0x0000000795580000,0x000000079f280000)
  from space 14336K, 0% used [0x00000007a0280000,0x00000007a0280000,0x00000007a1080000)
  to   space 16384K, 0% used [0x000000079f280000,0x000000079f280000,0x00000007a0280000)
 ParOldGen       total 102912K, used 24547K [0x0000000740000000, 0x0000000746480000, 0x0000000795580000)
  object space 102912K, 23% used [0x0000000740000000,0x00000007417f8c28,0x0000000746480000)
 Metaspace       used 34334K, capacity 35272K, committed 35416K, reserved 1079296K
  class space    used 4780K, capacity 5166K, committed 5248K, reserved 1048576K
}

