# JRE version: Java(TM) SE Runtime Environment (8.0_101-b13) (build 1.8.0_101-b13)
# Java VM: Java HotSpot(TM) 64-Bit Server VM (25.101-b13 mixed mode bsd-amd64 compressed oops)
Heap:
 PSYoungGen      total 156160K, used 53309K [0x0000000795580000, 0x00000007a2180000, 0x00000007c0000000)
  eden space 139776K, 27% used [0x0000000795580000,0x0000000797b9f440,0x000000079de00000)
  from space 16384K, 87% used [0x000000079de00000,0x000000079ebf0010,0x000000079ee00000)
  to   space 17920K, 0% used [0x00000007a1000000,0x00000007a1000000,0x00000007a2180000)
 ParOldGen       total 110080K, used 24596K [0x0000000740000000, 0x0000000746b80000, 0x0000000795580000)
  object space 110080K, 22% used [0x0000000740000000,0x0000000741805358,0x0000000746b80000)
 Metaspace       used 38995K, capacity 40118K, committed 40280K, reserved 1083392K
  class space    used 5485K, capacity 5978K, committed 6016K, reserved 1048576K
GC Heap History (10 events):
Event: 3.100 GC heap before
{Heap before GC invocations=7 (full 1):
 PSYoungGen      total 71680K, used 66560K [0x0000000795580000, 0x000000079ea80000, 0x00000007c0000000)
  eden space 66560K, 100% used [0x0000000795580000,0x0000000799680000,0x0000000799680000)
  from space 5120K, 0% used [0x0000000799680000,0x0000000799680000,0x0000000799b80000)
  to   space 9728K, 0% used [0x000000079e100000,0x000000079e100000,0x000000079ea80000)
 ParOldGen       total 63488K, used 8893K [0x0000000740000000, 0x0000000743e00000, 0x0000000795580000)
  object space 63488K, 14% used [0x0000000740000000,0x00000007408af4f8,0x0000000743e00000)
 Metaspace       used 25337K, capacity 25984K, committed 26240K, reserved 1071104K
  class space    used 3436K, capacity 3673K, committed 3712K, reserved 1048576K
Event: 3.111 GC heap after
Heap after GC invocations=7 (full 1):
 PSYoungGen      total 103424K, used 6066K [0x0000000795580000, 0x000000079e700000, 0x00000007c0000000)
  eden space 97280K, 0% used [0x0000000795580000,0x0000000795580000,0x000000079b480000)
  from space 6144K, 98% used [0x000000079e100000,0x000000079e6ec8f0,0x000000079e700000)
  to   space 9728K, 0% used [0x000000079d400000,0x000000079d400000,0x000000079dd80000)
 ParOldGen       total 63488K, used 8901K [0x0000000740000000, 0x0000000743e00000, 0x0000000795580000)
  object space 63488K, 14% used [0x0000000740000000,0x00000007408b14f8,0x0000000743e00000)
 Metaspace       used 25337K, capacity 25984K, committed 26240K, reserved 1071104K
  class space    used 3436K, capacity 3673K, committed 3712K, reserved 1048576K
}
Event: 4.244 GC heap before
{Heap before GC invocations=8 (full 1):
 PSYoungGen      total 103424K, used 103346K [0x0000000795580000, 0x000000079e700000, 0x00000007c0000000)
  eden space 97280K, 100% used [0x0000000795580000,0x000000079b480000,0x000000079b480000)
  from space 6144K, 98% used [0x000000079e100000,0x000000079e6ec8f0,0x000000079e700000)
  to   space 9728K, 0% used [0x000000079d400000,0x000000079d400000,0x000000079dd80000)
 ParOldGen       total 63488K, used 8901K [0x0000000740000000, 0x0000000743e00000, 0x0000000795580000)
  object space 63488K, 14% used [0x0000000740000000,0x00000007408b14f8,0x0000000743e00000)
 Metaspace       used 32013K, capacity 33006K, committed 33280K, reserved 1077248K
  class space    used 4454K, capacity 4835K, committed 4864K, reserved 1048576K
Event: 4.270 GC heap after
Heap after GC invocations=8 (full 1):
 PSYoungGen      total 139264K, used 9728K [0x0000000795580000, 0x000000079fb80000, 0x00000007c0000000)
  eden space 129536K, 0% used [0x0000000795580000,0x0000000795580000,0x000000079d400000)
  from space 9728K, 100% used [0x000000079d400000,0x000000079dd80000,0x000000079dd80000)
  to   space 13824K, 0% used [0x000000079ee00000,0x000000079ee00000,0x000000079fb80000)
 ParOldGen       total 63488K, used 15495K [0x0000000740000000, 0x0000000743e00000, 0x0000000795580000)
  object space 63488K, 24% used [0x0000000740000000,0x0000000740f21f10,0x0000000743e00000)
 Metaspace       used 32013K, capacity 33006K, committed 33280K, reserved 1077248K
  class space    used 4454K, capacity 4835K, committed 4864K, reserved 1048576K
}
Event: 4.790 GC heap before
{Heap before GC invocations=9 (full 1):
 PSYoungGen      total 139264K, used 58653K [0x0000000795580000, 0x000000079fb80000, 0x00000007c0000000)
  eden space 129536K, 37% used [0x0000000795580000,0x0000000798547770,0x000000079d400000)
  from space 9728K, 100% used [0x000000079d400000,0x000000079dd80000,0x000000079dd80000)
  to   space 13824K, 0% used [0x000000079ee00000,0x000000079ee00000,0x000000079fb80000)
 ParOldGen       total 63488K, used 15495K [0x0000000740000000, 0x0000000743e00000, 0x0000000795580000)
  object space 63488K, 24% used [0x0000000740000000,0x0000000740f21f10,0x0000000743e00000)
 Metaspace       used 34332K, capacity 35304K, committed 35416K, reserved 1079296K
  class space    used 4786K, capacity 5198K, committed 5248K, reserved 1048576K
Event: 4.818 GC heap after
Heap after GC invocations=9 (full 1):
 PSYoungGen      total 153600K, used 13824K [0x0000000795580000, 0x00000007a3780000, 0x00000007c0000000)
  eden space 139776K, 0% used [0x0000000795580000,0x0000000795580000,0x000000079de00000)
  from space 13824K, 100% used [0x000000079ee00000,0x000000079fb80000,0x000000079fb80000)
  to   space 16384K, 0% used [0x000000079de00000,0x000000079de00000,0x000000079ee00000)
 ParOldGen       total 63488K, used 16908K [0x0000000740000000, 0x0000000743e00000, 0x0000000795580000)
  object space 63488K, 26% used [0x0000000740000000,0x0000000741083250,0x0000000743e00000)
 Metaspace       used 34332K, capacity 35304K, committed 35416K, reserved 1079296K
  class space    used 4786K, capacity 5198K, committed 5248K, reserved 1048576K
}
Event: 4.818 GC heap before
{Heap before GC invocations=10 (full 2):
 PSYoungGen      total 153600K, used 13824K [0x0000000795580000, 0x00000007a3780000, 0x00000007c0000000)
  eden space 139776K, 0% used [0x0000000795580000,0x0000000795580000,0x000000079de00000)
  from space 13824K, 100% used [0x000000079ee00000,0x000000079fb80000,0x000000079fb80000)
  to   space 16384K, 0% used [0x000000079de00000,0x000000079de00000,0x000000079ee00000)
 ParOldGen       total 63488K, used 16908K [0x0000000740000000, 0x0000000743e00000, 0x0000000795580000)
  object space 63488K, 26% used [0x0000000740000000,0x0000000741083250,0x0000000743e00000)
 Metaspace       used 34332K, capacity 35304K, committed 35416K, reserved 1079296K
  class space    used 4786K, capacity 5198K, committed 5248K, reserved 1048576K
Event: 4.955 GC heap after
Heap after GC invocations=10 (full 2):
 PSYoungGen      total 153600K, used 0K [0x0000000795580000, 0x00000007a3780000, 0x00000007c0000000)
  eden space 139776K, 0% used [0x0000000795580000,0x0000000795580000,0x000000079de00000)
  from space 13824K, 0% used [0x000000079ee00000,0x000000079ee00000,0x000000079fb80000)
  to   space 16384K, 0% used [0x000000079de00000,0x000000079de00000,0x000000079ee00000)
 ParOldGen       total 110080K, used 24588K [0x0000000740000000, 0x0000000746b80000, 0x0000000795580000)
  object space 110080K, 22% used [0x0000000740000000,0x0000000741803358,0x0000000746b80000)
 Metaspace       used 34332K, capacity 35304K, committed 35416K, reserved 1079296K
  class space    used 4786K, capacity 5198K, committed 5248K, reserved 1048576K
}
Event: 6.351 GC heap before
{Heap before GC invocations=11 (full 2):
 PSYoungGen      total 153600K, used 139776K [0x0000000795580000, 0x00000007a3780000, 0x00000007c0000000)
  eden space 139776K, 100% used [0x0000000795580000,0x000000079de00000,0x000000079de00000)
  from space 13824K, 0% used [0x000000079ee00000,0x000000079ee00000,0x000000079fb80000)
  to   space 16384K, 0% used [0x000000079de00000,0x000000079de00000,0x000000079ee00000)
 ParOldGen       total 110080K, used 24588K [0x0000000740000000, 0x0000000746b80000, 0x0000000795580000)
  object space 110080K, 22% used [0x0000000740000000,0x0000000741803358,0x0000000746b80000)
 Metaspace       used 36777K, capacity 37778K, committed 38104K, reserved 1081344K
  class space    used 5124K, capacity 5544K, committed 5632K, reserved 1048576K
Event: 6.367 GC heap after
Heap after GC invocations=11 (full 2):
 PSYoungGen      total 156160K, used 14272K [0x0000000795580000, 0x00000007a2180000, 0x00000007c0000000)
  eden space 139776K, 0% used [0x0000000795580000,0x0000000795580000,0x000000079de00000)
  from space 16384K, 87% used [0x000000079de00000,0x000000079ebf0010,0x000000079ee00000)
  to   space 17920K, 0% used [0x00000007a1000000,0x00000007a1000000,0x00000007a2180000)
 ParOldGen       total 110080K, used 24596K [0x0000000740000000, 0x0000000746b80000, 0x0000000795580000)
  object space 110080K, 22% used [0x0000000740000000,0x0000000741805358,0x0000000746b80000)
 Metaspace       used 36777K, capacity 37778K, committed 38104K, reserved 1081344K
  class space    used 5124K, capacity 5544K, committed 5632K, reserved 1048576K
}

