# JRE version: Java(TM) SE Runtime Environment (8.0_101-b13) (build 1.8.0_101-b13)
# Java VM: Java HotSpot(TM) 64-Bit Server VM (25.101-b13 mixed mode bsd-amd64 compressed oops)
Heap:
 PSYoungGen      total 178688K, used 94796K [0x0000000795580000, 0x00000007a4380000, 0x00000007c0000000)
  eden space 162304K, 48% used [0x0000000795580000,0x000000079a218670,0x000000079f400000)
  from space 16384K, 99% used [0x000000079f400000,0x00000007a03fad08,0x00000007a0400000)
  to   space 18944K, 0% used [0x00000007a3100000,0x00000007a3100000,0x00000007a4380000)
 ParOldGen       total 101888K, used 25014K [0x0000000740000000, 0x0000000746380000, 0x0000000795580000)
  object space 101888K, 24% used [0x0000000740000000,0x000000074186da78,0x0000000746380000)
 Metaspace       used 40017K, capacity 41378K, committed 41560K, reserved 1085440K
  class space    used 5637K, capacity 6210K, committed 6272K, reserved 1048576K
GC Heap History (10 events):
Event: 5.332 GC heap before
{Heap before GC invocations=7 (full 1):
 PSYoungGen      total 71680K, used 66560K [0x0000000795580000, 0x000000079ea80000, 0x00000007c0000000)
  eden space 66560K, 100% used [0x0000000795580000,0x0000000799680000,0x0000000799680000)
  from space 5120K, 0% used [0x0000000799680000,0x0000000799680000,0x0000000799b80000)
  to   space 9728K, 0% used [0x000000079e100000,0x000000079e100000,0x000000079ea80000)
 ParOldGen       total 59392K, used 8850K [0x0000000740000000, 0x0000000743a00000, 0x0000000795580000)
  object space 59392K, 14% used [0x0000000740000000,0x00000007408a49e0,0x0000000743a00000)
 Metaspace       used 25348K, capacity 25984K, committed 26240K, reserved 1071104K
  class space    used 3435K, capacity 3673K, committed 3712K, reserved 1048576K
Event: 5.346 GC heap after
Heap after GC invocations=7 (full 1):
 PSYoungGen      total 111616K, used 5919K [0x0000000795580000, 0x000000079e700000, 0x00000007c0000000)
  eden space 105472K, 0% used [0x0000000795580000,0x0000000795580000,0x000000079bc80000)
  from space 6144K, 96% used [0x000000079e100000,0x000000079e6c7ed8,0x000000079e700000)
  to   space 9728K, 0% used [0x000000079d400000,0x000000079d400000,0x000000079dd80000)
 ParOldGen       total 59392K, used 8922K [0x0000000740000000, 0x0000000743a00000, 0x0000000795580000)
  object space 59392K, 15% used [0x0000000740000000,0x00000007408b69f0,0x0000000743a00000)
 Metaspace       used 25348K, capacity 25984K, committed 26240K, reserved 1071104K
  class space    used 3435K, capacity 3673K, committed 3712K, reserved 1048576K
}
Event: 7.038 GC heap before
{Heap before GC invocations=8 (full 1):
 PSYoungGen      total 111616K, used 111391K [0x0000000795580000, 0x000000079e700000, 0x00000007c0000000)
  eden space 105472K, 100% used [0x0000000795580000,0x000000079bc80000,0x000000079bc80000)
  from space 6144K, 96% used [0x000000079e100000,0x000000079e6c7ed8,0x000000079e700000)
  to   space 9728K, 0% used [0x000000079d400000,0x000000079d400000,0x000000079dd80000)
 ParOldGen       total 59392K, used 8922K [0x0000000740000000, 0x0000000743a00000, 0x0000000795580000)
  object space 59392K, 15% used [0x0000000740000000,0x00000007408b69f0,0x0000000743a00000)
 Metaspace       used 32202K, capacity 33208K, committed 33408K, reserved 1077248K
  class space    used 4483K, capacity 4880K, committed 4992K, reserved 1048576K
Event: 7.068 GC heap after
Heap after GC invocations=8 (full 1):
 PSYoungGen      total 139264K, used 9716K [0x0000000795580000, 0x00000007a1200000, 0x00000007c0000000)
  eden space 129536K, 0% used [0x0000000795580000,0x0000000795580000,0x000000079d400000)
  from space 9728K, 99% used [0x000000079d400000,0x000000079dd7d010,0x000000079dd80000)
  to   space 14336K, 0% used [0x00000007a0400000,0x00000007a0400000,0x00000007a1200000)
 ParOldGen       total 59392K, used 16570K [0x0000000740000000, 0x0000000743a00000, 0x0000000795580000)
  object space 59392K, 27% used [0x0000000740000000,0x000000074102e9c0,0x0000000743a00000)
 Metaspace       used 32202K, capacity 33208K, committed 33408K, reserved 1077248K
  class space    used 4483K, capacity 4880K, committed 4992K, reserved 1048576K
}
Event: 7.608 GC heap before
{Heap before GC invocations=9 (full 1):
 PSYoungGen      total 139264K, used 50895K [0x0000000795580000, 0x00000007a1200000, 0x00000007c0000000)
  eden space 129536K, 31% used [0x0000000795580000,0x0000000797db6fa8,0x000000079d400000)
  from space 9728K, 99% used [0x000000079d400000,0x000000079dd7d010,0x000000079dd80000)
  to   space 14336K, 0% used [0x00000007a0400000,0x00000007a0400000,0x00000007a1200000)
 ParOldGen       total 59392K, used 16570K [0x0000000740000000, 0x0000000743a00000, 0x0000000795580000)
  object space 59392K, 27% used [0x0000000740000000,0x000000074102e9c0,0x0000000743a00000)
 Metaspace       used 34364K, capacity 35304K, committed 35416K, reserved 1079296K
  class space    used 4787K, capacity 5198K, committed 5248K, reserved 1048576K
Event: 7.633 GC heap after
Heap after GC invocations=9 (full 1):
 PSYoungGen      total 176640K, used 14249K [0x0000000795580000, 0x00000007a4000000, 0x00000007c0000000)
  eden space 162304K, 0% used [0x0000000795580000,0x0000000795580000,0x000000079f400000)
  from space 14336K, 99% used [0x00000007a0400000,0x00000007a11ea480,0x00000007a1200000)
  to   space 16384K, 0% used [0x000000079f400000,0x000000079f400000,0x00000007a0400000)
 ParOldGen       total 59392K, used 16578K [0x0000000740000000, 0x0000000743a00000, 0x0000000795580000)
  object space 59392K, 27% used [0x0000000740000000,0x00000007410309c0,0x0000000743a00000)
 Metaspace       used 34364K, capacity 35304K, committed 35416K, reserved 1079296K
  class space    used 4787K, capacity 5198K, committed 5248K, reserved 1048576K
}
Event: 7.633 GC heap before
{Heap before GC invocations=10 (full 2):
 PSYoungGen      total 176640K, used 14249K [0x0000000795580000, 0x00000007a4000000, 0x00000007c0000000)
  eden space 162304K, 0% used [0x0000000795580000,0x0000000795580000,0x000000079f400000)
  from space 14336K, 99% used [0x00000007a0400000,0x00000007a11ea480,0x00000007a1200000)
  to   space 16384K, 0% used [0x000000079f400000,0x000000079f400000,0x00000007a0400000)
 ParOldGen       total 59392K, used 16578K [0x0000000740000000, 0x0000000743a00000, 0x0000000795580000)
  object space 59392K, 27% used [0x0000000740000000,0x00000007410309c0,0x0000000743a00000)
 Metaspace       used 34364K, capacity 35304K, committed 35416K, reserved 1079296K
  class space    used 4787K, capacity 5198K, committed 5248K, reserved 1048576K
Event: 7.793 GC heap after
Heap after GC invocations=10 (full 2):
 PSYoungGen      total 176640K, used 0K [0x0000000795580000, 0x00000007a4000000, 0x00000007c0000000)
  eden space 162304K, 0% used [0x0000000795580000,0x0000000795580000,0x000000079f400000)
  from space 14336K, 0% used [0x00000007a0400000,0x00000007a0400000,0x00000007a1200000)
  to   space 16384K, 0% used [0x000000079f400000,0x000000079f400000,0x00000007a0400000)
 ParOldGen       total 101888K, used 24549K [0x0000000740000000, 0x0000000746380000, 0x0000000795580000)
  object space 101888K, 24% used [0x0000000740000000,0x00000007417f9598,0x0000000746380000)
 Metaspace       used 34364K, capacity 35304K, committed 35416K, reserved 1079296K
  class space    used 4787K, capacity 5198K, committed 5248K, reserved 1048576K
}
Event: 9.954 GC heap before
{Heap before GC invocations=11 (full 2):
 PSYoungGen      total 176640K, used 162304K [0x0000000795580000, 0x00000007a4000000, 0x00000007c0000000)
  eden space 162304K, 100% used [0x0000000795580000,0x000000079f400000,0x000000079f400000)
  from space 14336K, 0% used [0x00000007a0400000,0x00000007a0400000,0x00000007a1200000)
  to   space 16384K, 0% used [0x000000079f400000,0x000000079f400000,0x00000007a0400000)
 ParOldGen       total 101888K, used 24549K [0x0000000740000000, 0x0000000746380000, 0x0000000795580000)
  object space 101888K, 24% used [0x0000000740000000,0x00000007417f9598,0x0000000746380000)
 Metaspace       used 37859K, capacity 39018K, committed 39128K, reserved 1083392K
  class space    used 5320K, capacity 5795K, committed 5888K, reserved 1048576K
Event: 9.978 GC heap after
Heap after GC invocations=11 (full 2):
 PSYoungGen      total 178688K, used 16363K [0x0000000795580000, 0x00000007a4380000, 0x00000007c0000000)
  eden space 162304K, 0% used [0x0000000795580000,0x0000000795580000,0x000000079f400000)
  from space 16384K, 99% used [0x000000079f400000,0x00000007a03fad08,0x00000007a0400000)
  to   space 18944K, 0% used [0x00000007a3100000,0x00000007a3100000,0x00000007a4380000)
 ParOldGen       total 101888K, used 25014K [0x0000000740000000, 0x0000000746380000, 0x0000000795580000)
  object space 101888K, 24% used [0x0000000740000000,0x000000074186da78,0x0000000746380000)
 Metaspace       used 37859K, capacity 39018K, committed 39128K, reserved 1083392K
  class space    used 5320K, capacity 5795K, committed 5888K, reserved 1048576K
}

