# JRE version: Java(TM) SE Runtime Environment (8.0_101-b13) (build 1.8.0_101-b13)
# Java VM: Java HotSpot(TM) 64-Bit Server VM (25.101-b13 mixed mode bsd-amd64 compressed oops)
Heap:
 PSYoungGen      total 152576K, used 13796K [0x0000000795580000, 0x00000007a3880000, 0x00000007c0000000)
  eden space 138752K, 0% used [0x0000000795580000,0x0000000795580000,0x000000079dd00000)
  from space 13824K, 99% used [0x000000079ed00000,0x000000079fa79030,0x000000079fa80000)
  to   space 16384K, 0% used [0x000000079dd00000,0x000000079dd00000,0x000000079ed00000)
 ParOldGen       total 65536K, used 17041K [0x0000000740000000, 0x0000000744000000, 0x0000000795580000)
  object space 65536K, 26% used [0x0000000740000000,0x00000007410a47b8,0x0000000744000000)
 Metaspace       used 34350K, capacity 35272K, committed 35416K, reserved 1079296K
  class space    used 4777K, capacity 5166K, committed 5248K, reserved 1048576K
GC Heap History (10 events):
Event: 3.733 GC heap after
Heap after GC invocations=5 (full 0):
 PSYoungGen      total 71680K, used 5104K [0x0000000795580000, 0x000000079ea80000, 0x00000007c0000000)
  eden space 66560K, 0% used [0x0000000795580000,0x0000000795580000,0x0000000799680000)
  from space 5120K, 99% used [0x0000000799680000,0x0000000799b7c050,0x0000000799b80000)
  to   space 9728K, 0% used [0x000000079e100000,0x000000079e100000,0x000000079ea80000)
 ParOldGen       total 87552K, used 9262K [0x0000000740000000, 0x0000000745580000, 0x0000000795580000)
  object space 87552K, 10% used [0x0000000740000000,0x000000074090ba68,0x0000000745580000)
 Metaspace       used 20808K, capacity 21118K, committed 21248K, reserved 1067008K
  class space    used 2820K, capacity 2978K, committed 3072K, reserved 1048576K
}
Event: 3.733 GC heap before
{Heap before GC invocations=6 (full 1):
 PSYoungGen      total 71680K, used 5104K [0x0000000795580000, 0x000000079ea80000, 0x00000007c0000000)
  eden space 66560K, 0% used [0x0000000795580000,0x0000000795580000,0x0000000799680000)
  from space 5120K, 99% used [0x0000000799680000,0x0000000799b7c050,0x0000000799b80000)
  to   space 9728K, 0% used [0x000000079e100000,0x000000079e100000,0x000000079ea80000)
 ParOldGen       total 87552K, used 9262K [0x0000000740000000, 0x0000000745580000, 0x0000000795580000)
  object space 87552K, 10% used [0x0000000740000000,0x000000074090ba68,0x0000000745580000)
 Metaspace       used 20808K, capacity 21118K, committed 21248K, reserved 1067008K
  class space    used 2820K, capacity 2978K, committed 3072K, reserved 1048576K
Event: 3.825 GC heap after
Heap after GC invocations=6 (full 1):
 PSYoungGen      total 71680K, used 0K [0x0000000795580000, 0x000000079ea80000, 0x00000007c0000000)
  eden space 66560K, 0% used [0x0000000795580000,0x0000000795580000,0x0000000799680000)
  from space 5120K, 0% used [0x0000000799680000,0x0000000799680000,0x0000000799b80000)
  to   space 9728K, 0% used [0x000000079e100000,0x000000079e100000,0x000000079ea80000)
 ParOldGen       total 65536K, used 8723K [0x0000000740000000, 0x0000000744000000, 0x0000000795580000)
  object space 65536K, 13% used [0x0000000740000000,0x0000000740884c58,0x0000000744000000)
 Metaspace       used 20808K, capacity 21118K, committed 21248K, reserved 1067008K
  class space    used 2820K, capacity 2978K, committed 3072K, reserved 1048576K
}
Event: 5.739 GC heap before
{Heap before GC invocations=7 (full 1):
 PSYoungGen      total 71680K, used 66560K [0x0000000795580000, 0x000000079ea80000, 0x00000007c0000000)
  eden space 66560K, 100% used [0x0000000795580000,0x0000000799680000,0x0000000799680000)
  from space 5120K, 0% used [0x0000000799680000,0x0000000799680000,0x0000000799b80000)
  to   space 9728K, 0% used [0x000000079e100000,0x000000079e100000,0x000000079ea80000)
 ParOldGen       total 65536K, used 8723K [0x0000000740000000, 0x0000000744000000, 0x0000000795580000)
  object space 65536K, 13% used [0x0000000740000000,0x0000000740884c58,0x0000000744000000)
 Metaspace       used 25376K, capacity 26048K, committed 26240K, reserved 1071104K
  class space    used 3432K, capacity 3673K, committed 3712K, reserved 1048576K
Event: 5.767 GC heap after
Heap after GC invocations=7 (full 1):
 PSYoungGen      total 100864K, used 6038K [0x0000000795580000, 0x000000079e700000, 0x00000007c0000000)
  eden space 94720K, 0% used [0x0000000795580000,0x0000000795580000,0x000000079b200000)
  from space 6144K, 98% used [0x000000079e100000,0x000000079e6e5a90,0x000000079e700000)
  to   space 9216K, 0% used [0x000000079d500000,0x000000079d500000,0x000000079de00000)
 ParOldGen       total 65536K, used 8731K [0x0000000740000000, 0x0000000744000000, 0x0000000795580000)
  object space 65536K, 13% used [0x0000000740000000,0x0000000740886c58,0x0000000744000000)
 Metaspace       used 25376K, capacity 26048K, committed 26240K, reserved 1071104K
  class space    used 3432K, capacity 3673K, committed 3712K, reserved 1048576K
}
Event: 8.031 GC heap before
{Heap before GC invocations=8 (full 1):
 PSYoungGen      total 100864K, used 100758K [0x0000000795580000, 0x000000079e700000, 0x00000007c0000000)
  eden space 94720K, 100% used [0x0000000795580000,0x000000079b200000,0x000000079b200000)
  from space 6144K, 98% used [0x000000079e100000,0x000000079e6e5a90,0x000000079e700000)
  to   space 9216K, 0% used [0x000000079d500000,0x000000079d500000,0x000000079de00000)
 ParOldGen       total 65536K, used 8731K [0x0000000740000000, 0x0000000744000000, 0x0000000795580000)
  object space 65536K, 13% used [0x0000000740000000,0x0000000740886c58,0x0000000744000000)
 Metaspace       used 31981K, capacity 32936K, committed 33024K, reserved 1077248K
  class space    used 4433K, capacity 4791K, committed 4864K, reserved 1048576K
Event: 8.128 GC heap after
Heap after GC invocations=8 (full 1):
 PSYoungGen      total 139776K, used 9188K [0x0000000795580000, 0x000000079fa80000, 0x00000007c0000000)
  eden space 130560K, 0% used [0x0000000795580000,0x0000000795580000,0x000000079d500000)
  from space 9216K, 99% used [0x000000079d500000,0x000000079ddf9030,0x000000079de00000)
  to   space 13824K, 0% used [0x000000079ed00000,0x000000079ed00000,0x000000079fa80000)
 ParOldGen       total 65536K, used 15431K [0x0000000740000000, 0x0000000744000000, 0x0000000795580000)
  object space 65536K, 23% used [0x0000000740000000,0x0000000740f11dd8,0x0000000744000000)
 Metaspace       used 31981K, capacity 32936K, committed 33024K, reserved 1077248K
  class space    used 4433K, capacity 4791K, committed 4864K, reserved 1048576K
}
Event: 9.343 GC heap before
{Heap before GC invocations=9 (full 1):
 PSYoungGen      total 139776K, used 61104K [0x0000000795580000, 0x000000079fa80000, 0x00000007c0000000)
  eden space 130560K, 39% used [0x0000000795580000,0x0000000798833360,0x000000079d500000)
  from space 9216K, 99% used [0x000000079d500000,0x000000079ddf9030,0x000000079de00000)
  to   space 13824K, 0% used [0x000000079ed00000,0x000000079ed00000,0x000000079fa80000)
 ParOldGen       total 65536K, used 15431K [0x0000000740000000, 0x0000000744000000, 0x0000000795580000)
  object space 65536K, 23% used [0x0000000740000000,0x0000000740f11dd8,0x0000000744000000)
 Metaspace       used 34350K, capacity 35272K, committed 35416K, reserved 1079296K
  class space    used 4777K, capacity 5166K, committed 5248K, reserved 1048576K
Event: 9.390 GC heap after
Heap after GC invocations=9 (full 1):
 PSYoungGen      total 152576K, used 13796K [0x0000000795580000, 0x00000007a3880000, 0x00000007c0000000)
  eden space 138752K, 0% used [0x0000000795580000,0x0000000795580000,0x000000079dd00000)
  from space 13824K, 99% used [0x000000079ed00000,0x000000079fa79030,0x000000079fa80000)
  to   space 16384K, 0% used [0x000000079dd00000,0x000000079dd00000,0x000000079ed00000)
 ParOldGen       total 65536K, used 17041K [0x0000000740000000, 0x0000000744000000, 0x0000000795580000)
  object space 65536K, 26% used [0x0000000740000000,0x00000007410a47b8,0x0000000744000000)
 Metaspace       used 34350K, capacity 35272K, committed 35416K, reserved 1079296K
  class space    used 4777K, capacity 5166K, committed 5248K, reserved 1048576K
}
Event: 9.390 GC heap before
{Heap before GC invocations=10 (full 2):
 PSYoungGen      total 152576K, used 13796K [0x0000000795580000, 0x00000007a3880000, 0x00000007c0000000)
  eden space 138752K, 0% used [0x0000000795580000,0x0000000795580000,0x000000079dd00000)
  from space 13824K, 99% used [0x000000079ed00000,0x000000079fa79030,0x000000079fa80000)
  to   space 16384K, 0% used [0x000000079dd00000,0x000000079dd00000,0x000000079ed00000)
 ParOldGen       total 65536K, used 17041K [0x0000000740000000, 0x0000000744000000, 0x0000000795580000)
  object space 65536K, 26% used [0x0000000740000000,0x00000007410a47b8,0x0000000744000000)
 Metaspace       used 34350K, capacity 35272K, committed 35416K, reserved 1079296K
  class space    used 4777K, capacity 5166K, committed 5248K, reserved 1048576K

