# JRE version: Java(TM) SE Runtime Environment (8.0_101-b13) (build 1.8.0_101-b13)
# Java VM: Java HotSpot(TM) 64-Bit Server VM (25.101-b13 mixed mode bsd-amd64 compressed oops)
Heap:
 PSYoungGen      total 155648K, used 5788K [0x0000000795580000, 0x00000007a3300000, 0x00000007c0000000)
  eden space 141824K, 4% used [0x0000000795580000,0x0000000795b27290,0x000000079e000000)
  from space 13824K, 0% used [0x000000079f000000,0x000000079f000000,0x000000079fd80000)
  to   space 16384K, 0% used [0x000000079e000000,0x000000079e000000,0x000000079f000000)
 ParOldGen       total 112640K, used 24607K [0x0000000740000000, 0x0000000746e00000, 0x0000000795580000)
  object space 112640K, 21% used [0x0000000740000000,0x0000000741807fe0,0x0000000746e00000)
 Metaspace       used 34477K, capacity 35496K, committed 35672K, reserved 1079296K
  class space    used 4793K, capacity 5198K, committed 5248K, reserved 1048576K
GC Heap History (10 events):
Event: 2.689 GC heap before
{Heap before GC invocations=6 (full 1):
 PSYoungGen      total 71680K, used 5088K [0x0000000795580000, 0x000000079ea80000, 0x00000007c0000000)
  eden space 66560K, 0% used [0x0000000795580000,0x0000000795580000,0x0000000799680000)
  from space 5120K, 99% used [0x0000000799680000,0x0000000799b78060,0x0000000799b80000)
  to   space 9728K, 0% used [0x000000079e100000,0x000000079e100000,0x000000079ea80000)
 ParOldGen       total 87552K, used 9340K [0x0000000740000000, 0x0000000745580000, 0x0000000795580000)
  object space 87552K, 10% used [0x0000000740000000,0x000000074091f368,0x0000000745580000)
 Metaspace       used 20804K, capacity 21118K, committed 21248K, reserved 1067008K
  class space    used 2824K, capacity 2978K, committed 3072K, reserved 1048576K
Event: 2.740 GC heap after
Heap after GC invocations=6 (full 1):
 PSYoungGen      total 71680K, used 0K [0x0000000795580000, 0x000000079ea80000, 0x00000007c0000000)
  eden space 66560K, 0% used [0x0000000795580000,0x0000000795580000,0x0000000799680000)
  from space 5120K, 0% used [0x0000000799680000,0x0000000799680000,0x0000000799b80000)
  to   space 9728K, 0% used [0x000000079e100000,0x000000079e100000,0x000000079ea80000)
 ParOldGen       total 63488K, used 8861K [0x0000000740000000, 0x0000000743e00000, 0x0000000795580000)
  object space 63488K, 13% used [0x0000000740000000,0x00000007408a77d8,0x0000000743e00000)
 Metaspace       used 20804K, capacity 21118K, committed 21248K, reserved 1067008K
  class space    used 2824K, capacity 2978K, committed 3072K, reserved 1048576K
}
Event: 3.996 GC heap before
{Heap before GC invocations=7 (full 1):
 PSYoungGen      total 71680K, used 66560K [0x0000000795580000, 0x000000079ea80000, 0x00000007c0000000)
  eden space 66560K, 100% used [0x0000000795580000,0x0000000799680000,0x0000000799680000)
  from space 5120K, 0% used [0x0000000799680000,0x0000000799680000,0x0000000799b80000)
  to   space 9728K, 0% used [0x000000079e100000,0x000000079e100000,0x000000079ea80000)
 ParOldGen       total 63488K, used 8861K [0x0000000740000000, 0x0000000743e00000, 0x0000000795580000)
  object space 63488K, 13% used [0x0000000740000000,0x00000007408a77d8,0x0000000743e00000)
 Metaspace       used 25354K, capacity 25984K, committed 26240K, reserved 1071104K
  class space    used 3435K, capacity 3673K, committed 3712K, reserved 1048576K
Event: 4.007 GC heap after
Heap after GC invocations=7 (full 1):
 PSYoungGen      total 103936K, used 5992K [0x0000000795580000, 0x000000079e700000, 0x00000007c0000000)
  eden space 97792K, 0% used [0x0000000795580000,0x0000000795580000,0x000000079b500000)
  from space 6144K, 97% used [0x000000079e100000,0x000000079e6da030,0x000000079e700000)
  to   space 9728K, 0% used [0x000000079d400000,0x000000079d400000,0x000000079dd80000)
 ParOldGen       total 63488K, used 8869K [0x0000000740000000, 0x0000000743e00000, 0x0000000795580000)
  object space 63488K, 13% used [0x0000000740000000,0x00000007408a97d8,0x0000000743e00000)
 Metaspace       used 25354K, capacity 25984K, committed 26240K, reserved 1071104K
  class space    used 3435K, capacity 3673K, committed 3712K, reserved 1048576K
}
Event: 5.675 GC heap before
{Heap before GC invocations=8 (full 1):
 PSYoungGen      total 103936K, used 103784K [0x0000000795580000, 0x000000079e700000, 0x00000007c0000000)
  eden space 97792K, 100% used [0x0000000795580000,0x000000079b500000,0x000000079b500000)
  from space 6144K, 97% used [0x000000079e100000,0x000000079e6da030,0x000000079e700000)
  to   space 9728K, 0% used [0x000000079d400000,0x000000079d400000,0x000000079dd80000)
 ParOldGen       total 63488K, used 8869K [0x0000000740000000, 0x0000000743e00000, 0x0000000795580000)
  object space 63488K, 13% used [0x0000000740000000,0x00000007408a97d8,0x0000000743e00000)
 Metaspace       used 32021K, capacity 33006K, committed 33280K, reserved 1077248K
  class space    used 4451K, capacity 4835K, committed 4864K, reserved 1048576K
Event: 5.707 GC heap after
Heap after GC invocations=8 (full 1):
 PSYoungGen      total 139264K, used 9728K [0x0000000795580000, 0x000000079fd80000, 0x00000007c0000000)
  eden space 129536K, 0% used [0x0000000795580000,0x0000000795580000,0x000000079d400000)
  from space 9728K, 100% used [0x000000079d400000,0x000000079dd80000,0x000000079dd80000)
  to   space 13824K, 0% used [0x000000079f000000,0x000000079f000000,0x000000079fd80000)
 ParOldGen       total 63488K, used 15500K [0x0000000740000000, 0x0000000743e00000, 0x0000000795580000)
  object space 63488K, 24% used [0x0000000740000000,0x0000000740f23160,0x0000000743e00000)
 Metaspace       used 32021K, capacity 33006K, committed 33280K, reserved 1077248K
  class space    used 4451K, capacity 4835K, committed 4864K, reserved 1048576K
}
Event: 6.585 GC heap before
{Heap before GC invocations=9 (full 1):
 PSYoungGen      total 139264K, used 58678K [0x0000000795580000, 0x000000079fd80000, 0x00000007c0000000)
  eden space 129536K, 37% used [0x0000000795580000,0x000000079854da48,0x000000079d400000)
  from space 9728K, 100% used [0x000000079d400000,0x000000079dd80000,0x000000079dd80000)
  to   space 13824K, 0% used [0x000000079f000000,0x000000079f000000,0x000000079fd80000)
 ParOldGen       total 63488K, used 15500K [0x0000000740000000, 0x0000000743e00000, 0x0000000795580000)
  object space 63488K, 24% used [0x0000000740000000,0x0000000740f23160,0x0000000743e00000)
 Metaspace       used 34353K, capacity 35304K, committed 35416K, reserved 1079296K
  class space    used 4784K, capacity 5198K, committed 5248K, reserved 1048576K
Event: 6.607 GC heap after
Heap after GC invocations=9 (full 1):
 PSYoungGen      total 155648K, used 13812K [0x0000000795580000, 0x00000007a3300000, 0x00000007c0000000)
  eden space 141824K, 0% used [0x0000000795580000,0x0000000795580000,0x000000079e000000)
  from space 13824K, 99% used [0x000000079f000000,0x000000079fd7d030,0x000000079fd80000)
  to   space 16384K, 0% used [0x000000079e000000,0x000000079e000000,0x000000079f000000)
 ParOldGen       total 63488K, used 16952K [0x0000000740000000, 0x0000000743e00000, 0x0000000795580000)
  object space 63488K, 26% used [0x0000000740000000,0x000000074108e0b0,0x0000000743e00000)
 Metaspace       used 34353K, capacity 35304K, committed 35416K, reserved 1079296K
  class space    used 4784K, capacity 5198K, committed 5248K, reserved 1048576K
}
Event: 6.607 GC heap before
{Heap before GC invocations=10 (full 2):
 PSYoungGen      total 155648K, used 13812K [0x0000000795580000, 0x00000007a3300000, 0x00000007c0000000)
  eden space 141824K, 0% used [0x0000000795580000,0x0000000795580000,0x000000079e000000)
  from space 13824K, 99% used [0x000000079f000000,0x000000079fd7d030,0x000000079fd80000)
  to   space 16384K, 0% used [0x000000079e000000,0x000000079e000000,0x000000079f000000)
 ParOldGen       total 63488K, used 16952K [0x0000000740000000, 0x0000000743e00000, 0x0000000795580000)
  object space 63488K, 26% used [0x0000000740000000,0x000000074108e0b0,0x0000000743e00000)
 Metaspace       used 34353K, capacity 35304K, committed 35416K, reserved 1079296K
  class space    used 4784K, capacity 5198K, committed 5248K, reserved 1048576K
Event: 6.773 GC heap after
Heap after GC invocations=10 (full 2):
 PSYoungGen      total 155648K, used 0K [0x0000000795580000, 0x00000007a3300000, 0x00000007c0000000)
  eden space 141824K, 0% used [0x0000000795580000,0x0000000795580000,0x000000079e000000)
  from space 13824K, 0% used [0x000000079f000000,0x000000079f000000,0x000000079fd80000)
  to   space 16384K, 0% used [0x000000079e000000,0x000000079e000000,0x000000079f000000)
 ParOldGen       total 112640K, used 24607K [0x0000000740000000, 0x0000000746e00000, 0x0000000795580000)
  object space 112640K, 21% used [0x0000000740000000,0x0000000741807fe0,0x0000000746e00000)
 Metaspace       used 34353K, capacity 35304K, committed 35416K, reserved 1079296K
  class space    used 4784K, capacity 5198K, committed 5248K, reserved 1048576K
}

