# JRE version: Java(TM) SE Runtime Environment (8.0_101-b13) (build 1.8.0_101-b13)
# Java VM: Java HotSpot(TM) 64-Bit Server VM (25.101-b13 mixed mode bsd-amd64 compressed oops)
Heap:
 PSYoungGen      total 147968K, used 114837K [0x0000000795580000, 0x00000007a1580000, 0x00000007c0000000)
  eden space 131584K, 77% used [0x0000000795580000,0x000000079b897210,0x000000079d600000)
  from space 16384K, 81% used [0x000000079d600000,0x000000079e30e400,0x000000079e600000)
  to   space 17408K, 0% used [0x00000007a0480000,0x00000007a0480000,0x00000007a1580000)
 ParOldGen       total 112640K, used 24643K [0x0000000740000000, 0x0000000746e00000, 0x0000000795580000)
  object space 112640K, 21% used [0x0000000740000000,0x0000000741810c38,0x0000000746e00000)
 Metaspace       used 39802K, capacity 41098K, committed 41176K, reserved 1085440K
  class space    used 5589K, capacity 6110K, committed 6144K, reserved 1048576K
GC Heap History (10 events):
Event: 3.223 GC heap before
{Heap before GC invocations=7 (full 1):
 PSYoungGen      total 71680K, used 66560K [0x0000000795580000, 0x000000079ea80000, 0x00000007c0000000)
  eden space 66560K, 100% used [0x0000000795580000,0x0000000799680000,0x0000000799680000)
  from space 5120K, 0% used [0x0000000799680000,0x0000000799680000,0x0000000799b80000)
  to   space 9728K, 0% used [0x000000079e100000,0x000000079e100000,0x000000079ea80000)
 ParOldGen       total 65024K, used 8859K [0x0000000740000000, 0x0000000743f80000, 0x0000000795580000)
  object space 65024K, 13% used [0x0000000740000000,0x00000007408a6c60,0x0000000743f80000)
 Metaspace       used 25317K, capacity 25984K, committed 26240K, reserved 1071104K
  class space    used 3432K, capacity 3673K, committed 3712K, reserved 1048576K
Event: 3.232 GC heap after
Heap after GC invocations=7 (full 1):
 PSYoungGen      total 100864K, used 5910K [0x0000000795580000, 0x000000079e700000, 0x00000007c0000000)
  eden space 94720K, 0% used [0x0000000795580000,0x0000000795580000,0x000000079b200000)
  from space 6144K, 96% used [0x000000079e100000,0x000000079e6c5a80,0x000000079e700000)
  to   space 9728K, 0% used [0x000000079d400000,0x000000079d400000,0x000000079dd80000)
 ParOldGen       total 65024K, used 8931K [0x0000000740000000, 0x0000000743f80000, 0x0000000795580000)
  object space 65024K, 13% used [0x0000000740000000,0x00000007408b8c70,0x0000000743f80000)
 Metaspace       used 25317K, capacity 25984K, committed 26240K, reserved 1071104K
  class space    used 3432K, capacity 3673K, committed 3712K, reserved 1048576K
}
Event: 4.616 GC heap before
{Heap before GC invocations=8 (full 1):
 PSYoungGen      total 100864K, used 100630K [0x0000000795580000, 0x000000079e700000, 0x00000007c0000000)
  eden space 94720K, 100% used [0x0000000795580000,0x000000079b200000,0x000000079b200000)
  from space 6144K, 96% used [0x000000079e100000,0x000000079e6c5a80,0x000000079e700000)
  to   space 9728K, 0% used [0x000000079d400000,0x000000079d400000,0x000000079dd80000)
 ParOldGen       total 65024K, used 8931K [0x0000000740000000, 0x0000000743f80000, 0x0000000795580000)
  object space 65024K, 13% used [0x0000000740000000,0x00000007408b8c70,0x0000000743f80000)
 Metaspace       used 31953K, capacity 32936K, committed 33024K, reserved 1077248K
  class space    used 4435K, capacity 4791K, committed 4864K, reserved 1048576K
Event: 4.645 GC heap after
Heap after GC invocations=8 (full 1):
 PSYoungGen      total 139264K, used 9700K [0x0000000795580000, 0x000000079f380000, 0x00000007c0000000)
  eden space 129536K, 0% used [0x0000000795580000,0x0000000795580000,0x000000079d400000)
  from space 9728K, 99% used [0x000000079d400000,0x000000079dd79020,0x000000079dd80000)
  to   space 13824K, 0% used [0x000000079e600000,0x000000079e600000,0x000000079f380000)
 ParOldGen       total 65024K, used 14980K [0x0000000740000000, 0x0000000743f80000, 0x0000000795580000)
  object space 65024K, 23% used [0x0000000740000000,0x0000000740ea13e8,0x0000000743f80000)
 Metaspace       used 31953K, capacity 32936K, committed 33024K, reserved 1077248K
  class space    used 4435K, capacity 4791K, committed 4864K, reserved 1048576K
}
Event: 5.290 GC heap before
{Heap before GC invocations=9 (full 1):
 PSYoungGen      total 139264K, used 61128K [0x0000000795580000, 0x000000079f380000, 0x00000007c0000000)
  eden space 129536K, 39% used [0x0000000795580000,0x00000007987b9308,0x000000079d400000)
  from space 9728K, 99% used [0x000000079d400000,0x000000079dd79020,0x000000079dd80000)
  to   space 13824K, 0% used [0x000000079e600000,0x000000079e600000,0x000000079f380000)
 ParOldGen       total 65024K, used 14980K [0x0000000740000000, 0x0000000743f80000, 0x0000000795580000)
  object space 65024K, 23% used [0x0000000740000000,0x0000000740ea13e8,0x0000000743f80000)
 Metaspace       used 34331K, capacity 35272K, committed 35416K, reserved 1079296K
  class space    used 4779K, capacity 5166K, committed 5248K, reserved 1048576K
Event: 5.325 GC heap after
Heap after GC invocations=9 (full 1):
 PSYoungGen      total 145408K, used 13808K [0x0000000795580000, 0x00000007a3280000, 0x00000007c0000000)
  eden space 131584K, 0% used [0x0000000795580000,0x0000000795580000,0x000000079d600000)
  from space 13824K, 99% used [0x000000079e600000,0x000000079f37c010,0x000000079f380000)
  to   space 16384K, 0% used [0x000000079d600000,0x000000079d600000,0x000000079e600000)
 ParOldGen       total 65024K, used 16947K [0x0000000740000000, 0x0000000743f80000, 0x0000000795580000)
  object space 65024K, 26% used [0x0000000740000000,0x000000074108cdb8,0x0000000743f80000)
 Metaspace       used 34331K, capacity 35272K, committed 35416K, reserved 1079296K
  class space    used 4779K, capacity 5166K, committed 5248K, reserved 1048576K
}
Event: 5.325 GC heap before
{Heap before GC invocations=10 (full 2):
 PSYoungGen      total 145408K, used 13808K [0x0000000795580000, 0x00000007a3280000, 0x00000007c0000000)
  eden space 131584K, 0% used [0x0000000795580000,0x0000000795580000,0x000000079d600000)
  from space 13824K, 99% used [0x000000079e600000,0x000000079f37c010,0x000000079f380000)
  to   space 16384K, 0% used [0x000000079d600000,0x000000079d600000,0x000000079e600000)
 ParOldGen       total 65024K, used 16947K [0x0000000740000000, 0x0000000743f80000, 0x0000000795580000)
  object space 65024K, 26% used [0x0000000740000000,0x000000074108cdb8,0x0000000743f80000)
 Metaspace       used 34331K, capacity 35272K, committed 35416K, reserved 1079296K
  class space    used 4779K, capacity 5166K, committed 5248K, reserved 1048576K
Event: 5.481 GC heap after
Heap after GC invocations=10 (full 2):
 PSYoungGen      total 145408K, used 0K [0x0000000795580000, 0x00000007a3280000, 0x00000007c0000000)
  eden space 131584K, 0% used [0x0000000795580000,0x0000000795580000,0x000000079d600000)
  from space 13824K, 0% used [0x000000079e600000,0x000000079e600000,0x000000079f380000)
  to   space 16384K, 0% used [0x000000079d600000,0x000000079d600000,0x000000079e600000)
 ParOldGen       total 112640K, used 24635K [0x0000000740000000, 0x0000000746e00000, 0x0000000795580000)
  object space 112640K, 21% used [0x0000000740000000,0x000000074180ec38,0x0000000746e00000)
 Metaspace       used 34331K, capacity 35272K, committed 35416K, reserved 1079296K
  class space    used 4779K, capacity 5166K, committed 5248K, reserved 1048576K
}
Event: 6.796 GC heap before
{Heap before GC invocations=11 (full 2):
 PSYoungGen      total 145408K, used 131584K [0x0000000795580000, 0x00000007a3280000, 0x00000007c0000000)
  eden space 131584K, 100% used [0x0000000795580000,0x000000079d600000,0x000000079d600000)
  from space 13824K, 0% used [0x000000079e600000,0x000000079e600000,0x000000079f380000)
  to   space 16384K, 0% used [0x000000079d600000,0x000000079d600000,0x000000079e600000)
 ParOldGen       total 112640K, used 24635K [0x0000000740000000, 0x0000000746e00000, 0x0000000795580000)
  object space 112640K, 21% used [0x0000000740000000,0x000000074180ec38,0x0000000746e00000)
 Metaspace       used 36634K, capacity 37680K, committed 37848K, reserved 1081344K
  class space    used 5103K, capacity 5510K, committed 5632K, reserved 1048576K
Event: 6.811 GC heap after
Heap after GC invocations=11 (full 2):
 PSYoungGen      total 147968K, used 13369K [0x0000000795580000, 0x00000007a1580000, 0x00000007c0000000)
  eden space 131584K, 0% used [0x0000000795580000,0x0000000795580000,0x000000079d600000)
  from space 16384K, 81% used [0x000000079d600000,0x000000079e30e400,0x000000079e600000)
  to   space 17408K, 0% used [0x00000007a0480000,0x00000007a0480000,0x00000007a1580000)
 ParOldGen       total 112640K, used 24643K [0x0000000740000000, 0x0000000746e00000, 0x0000000795580000)
  object space 112640K, 21% used [0x0000000740000000,0x0000000741810c38,0x0000000746e00000)
 Metaspace       used 36634K, capacity 37680K, committed 37848K, reserved 1081344K
  class space    used 5103K, capacity 5510K, committed 5632K, reserved 1048576K
}

