# JRE version: Java(TM) SE Runtime Environment (8.0_101-b13) (build 1.8.0_101-b13)
# Java VM: Java HotSpot(TM) 64-Bit Server VM (25.101-b13 mixed mode bsd-amd64 compressed oops)
Heap:
 PSYoungGen      total 163840K, used 44494K [0x0000000795580000, 0x00000007a2a00000, 0x00000007c0000000)
  eden space 147456K, 19% used [0x0000000795580000,0x00000007972254e0,0x000000079e580000)
  from space 16384K, 92% used [0x000000079e580000,0x000000079f44e400,0x000000079f580000)
  to   space 17920K, 0% used [0x00000007a1880000,0x00000007a1880000,0x00000007a2a00000)
 ParOldGen       total 109056K, used 24606K [0x0000000740000000, 0x0000000746a80000, 0x0000000795580000)
  object space 109056K, 22% used [0x0000000740000000,0x0000000741807b70,0x0000000746a80000)
 Metaspace       used 38982K, capacity 40182K, committed 40280K, reserved 1083392K
  class space    used 5479K, capacity 5978K, committed 6016K, reserved 1048576K
GC Heap History (10 events):
Event: 3.233 GC heap before
{Heap before GC invocations=7 (full 1):
 PSYoungGen      total 71680K, used 66560K [0x0000000795580000, 0x000000079ea80000, 0x00000007c0000000)
  eden space 66560K, 100% used [0x0000000795580000,0x0000000799680000,0x0000000799680000)
  from space 5120K, 0% used [0x0000000799680000,0x0000000799680000,0x0000000799b80000)
  to   space 9728K, 0% used [0x000000079e100000,0x000000079e100000,0x000000079ea80000)
 ParOldGen       total 61952K, used 8856K [0x0000000740000000, 0x0000000743c80000, 0x0000000795580000)
  object space 61952K, 14% used [0x0000000740000000,0x00000007408a6298,0x0000000743c80000)
 Metaspace       used 25325K, capacity 25984K, committed 26240K, reserved 1071104K
  class space    used 3433K, capacity 3673K, committed 3712K, reserved 1048576K
Event: 3.243 GC heap after
Heap after GC invocations=7 (full 1):
 PSYoungGen      total 106496K, used 6006K [0x0000000795580000, 0x000000079e700000, 0x00000007c0000000)
  eden space 100352K, 0% used [0x0000000795580000,0x0000000795580000,0x000000079b780000)
  from space 6144K, 97% used [0x000000079e100000,0x000000079e6dda90,0x000000079e700000)
  to   space 9216K, 0% used [0x000000079d500000,0x000000079d500000,0x000000079de00000)
 ParOldGen       total 61952K, used 8864K [0x0000000740000000, 0x0000000743c80000, 0x0000000795580000)
  object space 61952K, 14% used [0x0000000740000000,0x00000007408a8298,0x0000000743c80000)
 Metaspace       used 25325K, capacity 25984K, committed 26240K, reserved 1071104K
  class space    used 3433K, capacity 3673K, committed 3712K, reserved 1048576K
}
Event: 4.379 GC heap before
{Heap before GC invocations=8 (full 1):
 PSYoungGen      total 106496K, used 106358K [0x0000000795580000, 0x000000079e700000, 0x00000007c0000000)
  eden space 100352K, 100% used [0x0000000795580000,0x000000079b780000,0x000000079b780000)
  from space 6144K, 97% used [0x000000079e100000,0x000000079e6dda90,0x000000079e700000)
  to   space 9216K, 0% used [0x000000079d500000,0x000000079d500000,0x000000079de00000)
 ParOldGen       total 61952K, used 8864K [0x0000000740000000, 0x0000000743c80000, 0x0000000795580000)
  object space 61952K, 14% used [0x0000000740000000,0x00000007408a8298,0x0000000743c80000)
 Metaspace       used 32027K, capacity 32974K, committed 33280K, reserved 1077248K
  class space    used 4453K, capacity 4803K, committed 4864K, reserved 1048576K
Event: 4.401 GC heap after
Heap after GC invocations=8 (full 1):
 PSYoungGen      total 139776K, used 9204K [0x0000000795580000, 0x00000007a0300000, 0x00000007c0000000)
  eden space 130560K, 0% used [0x0000000795580000,0x0000000795580000,0x000000079d500000)
  from space 9216K, 99% used [0x000000079d500000,0x000000079ddfd010,0x000000079de00000)
  to   space 13824K, 0% used [0x000000079f580000,0x000000079f580000,0x00000007a0300000)
 ParOldGen       total 61952K, used 16296K [0x0000000740000000, 0x0000000743c80000, 0x0000000795580000)
  object space 61952K, 26% used [0x0000000740000000,0x0000000740fea3c0,0x0000000743c80000)
 Metaspace       used 32027K, capacity 32974K, committed 33280K, reserved 1077248K
  class space    used 4453K, capacity 4803K, committed 4864K, reserved 1048576K
}
Event: 5.023 GC heap before
{Heap before GC invocations=9 (full 1):
 PSYoungGen      total 139776K, used 55769K [0x0000000795580000, 0x00000007a0300000, 0x00000007c0000000)
  eden space 130560K, 35% used [0x0000000795580000,0x00000007982f95c8,0x000000079d500000)
  from space 9216K, 99% used [0x000000079d500000,0x000000079ddfd010,0x000000079de00000)
  to   space 13824K, 0% used [0x000000079f580000,0x000000079f580000,0x00000007a0300000)
 ParOldGen       total 61952K, used 16296K [0x0000000740000000, 0x0000000743c80000, 0x0000000795580000)
  object space 61952K, 26% used [0x0000000740000000,0x0000000740fea3c0,0x0000000743c80000)
 Metaspace       used 34335K, capacity 35272K, committed 35416K, reserved 1079296K
  class space    used 4782K, capacity 5166K, committed 5248K, reserved 1048576K
Event: 5.050 GC heap after
Heap after GC invocations=9 (full 1):
 PSYoungGen      total 161280K, used 13808K [0x0000000795580000, 0x00000007a3a80000, 0x00000007c0000000)
  eden space 147456K, 0% used [0x0000000795580000,0x0000000795580000,0x000000079e580000)
  from space 13824K, 99% used [0x000000079f580000,0x00000007a02fc1e0,0x00000007a0300000)
  to   space 16384K, 0% used [0x000000079e580000,0x000000079e580000,0x000000079f580000)
 ParOldGen       total 61952K, used 17085K [0x0000000740000000, 0x0000000743c80000, 0x0000000795580000)
  object space 61952K, 27% used [0x0000000740000000,0x00000007410af518,0x0000000743c80000)
 Metaspace       used 34335K, capacity 35272K, committed 35416K, reserved 1079296K
  class space    used 4782K, capacity 5166K, committed 5248K, reserved 1048576K
}
Event: 5.050 GC heap before
{Heap before GC invocations=10 (full 2):
 PSYoungGen      total 161280K, used 13808K [0x0000000795580000, 0x00000007a3a80000, 0x00000007c0000000)
  eden space 147456K, 0% used [0x0000000795580000,0x0000000795580000,0x000000079e580000)
  from space 13824K, 99% used [0x000000079f580000,0x00000007a02fc1e0,0x00000007a0300000)
  to   space 16384K, 0% used [0x000000079e580000,0x000000079e580000,0x000000079f580000)
 ParOldGen       total 61952K, used 17085K [0x0000000740000000, 0x0000000743c80000, 0x0000000795580000)
  object space 61952K, 27% used [0x0000000740000000,0x00000007410af518,0x0000000743c80000)
 Metaspace       used 34335K, capacity 35272K, committed 35416K, reserved 1079296K
  class space    used 4782K, capacity 5166K, committed 5248K, reserved 1048576K
Event: 5.192 GC heap after
Heap after GC invocations=10 (full 2):
 PSYoungGen      total 161280K, used 0K [0x0000000795580000, 0x00000007a3a80000, 0x00000007c0000000)
  eden space 147456K, 0% used [0x0000000795580000,0x0000000795580000,0x000000079e580000)
  from space 13824K, 0% used [0x000000079f580000,0x000000079f580000,0x00000007a0300000)
  to   space 16384K, 0% used [0x000000079e580000,0x000000079e580000,0x000000079f580000)
 ParOldGen       total 109056K, used 24598K [0x0000000740000000, 0x0000000746a80000, 0x0000000795580000)
  object space 109056K, 22% used [0x0000000740000000,0x0000000741805b70,0x0000000746a80000)
 Metaspace       used 34335K, capacity 35272K, committed 35416K, reserved 1079296K
  class space    used 4782K, capacity 5166K, committed 5248K, reserved 1048576K
}
Event: 6.719 GC heap before
{Heap before GC invocations=11 (full 2):
 PSYoungGen      total 161280K, used 147456K [0x0000000795580000, 0x00000007a3a80000, 0x00000007c0000000)
  eden space 147456K, 100% used [0x0000000795580000,0x000000079e580000,0x000000079e580000)
  from space 13824K, 0% used [0x000000079f580000,0x000000079f580000,0x00000007a0300000)
  to   space 16384K, 0% used [0x000000079e580000,0x000000079e580000,0x000000079f580000)
 ParOldGen       total 109056K, used 24598K [0x0000000740000000, 0x0000000746a80000, 0x0000000795580000)
  object space 109056K, 22% used [0x0000000740000000,0x0000000741805b70,0x0000000746a80000)
 Metaspace       used 37113K, capacity 38240K, committed 38488K, reserved 1081344K
  class space    used 5189K, capacity 5661K, committed 5760K, reserved 1048576K
Event: 6.743 GC heap after
Heap after GC invocations=11 (full 2):
 PSYoungGen      total 163840K, used 15161K [0x0000000795580000, 0x00000007a2a00000, 0x00000007c0000000)
  eden space 147456K, 0% used [0x0000000795580000,0x0000000795580000,0x000000079e580000)
  from space 16384K, 92% used [0x000000079e580000,0x000000079f44e400,0x000000079f580000)
  to   space 17920K, 0% used [0x00000007a1880000,0x00000007a1880000,0x00000007a2a00000)
 ParOldGen       total 109056K, used 24606K [0x0000000740000000, 0x0000000746a80000, 0x0000000795580000)
  object space 109056K, 22% used [0x0000000740000000,0x0000000741807b70,0x0000000746a80000)
 Metaspace       used 37113K, capacity 38240K, committed 38488K, reserved 1081344K
  class space    used 5189K, capacity 5661K, committed 5760K, reserved 1048576K
}

