# JRE version: Java(TM) SE Runtime Environment (8.0_101-b13) (build 1.8.0_101-b13)
# Java VM: Java HotSpot(TM) 64-Bit Server VM (25.101-b13 mixed mode bsd-amd64 compressed oops)
Heap:
 PSYoungGen      total 153600K, used 118387K [0x0000000795580000, 0x00000007a1d80000, 0x00000007c0000000)
  eden space 137216K, 76% used [0x0000000795580000,0x000000079bb6cfd8,0x000000079db80000)
  from space 16384K, 85% used [0x000000079db80000,0x000000079e930010,0x000000079eb80000)
  to   space 17408K, 0% used [0x00000007a0c80000,0x00000007a0c80000,0x00000007a1d80000)
 ParOldGen       total 110080K, used 24612K [0x0000000740000000, 0x0000000746b80000, 0x0000000795580000)
  object space 110080K, 22% used [0x0000000740000000,0x0000000741809148,0x0000000746b80000)
 Metaspace       used 39971K, capacity 41314K, committed 41560K, reserved 1085440K
  class space    used 5638K, capacity 6210K, committed 6272K, reserved 1048576K
GC Heap History (10 events):
Event: 3.792 GC heap before
{Heap before GC invocations=7 (full 1):
 PSYoungGen      total 71680K, used 66560K [0x0000000795580000, 0x000000079ea80000, 0x00000007c0000000)
  eden space 66560K, 100% used [0x0000000795580000,0x0000000799680000,0x0000000799680000)
  from space 5120K, 0% used [0x0000000799680000,0x0000000799680000,0x0000000799b80000)
  to   space 9728K, 0% used [0x000000079e100000,0x000000079e100000,0x000000079ea80000)
 ParOldGen       total 63488K, used 8894K [0x0000000740000000, 0x0000000743e00000, 0x0000000795580000)
  object space 63488K, 14% used [0x0000000740000000,0x00000007408afab8,0x0000000743e00000)
 Metaspace       used 25339K, capacity 25984K, committed 26240K, reserved 1071104K
  class space    used 3434K, capacity 3673K, committed 3712K, reserved 1048576K
Event: 3.801 GC heap after
Heap after GC invocations=7 (full 1):
 PSYoungGen      total 102912K, used 5872K [0x0000000795580000, 0x000000079e700000, 0x00000007c0000000)
  eden space 96768K, 0% used [0x0000000795580000,0x0000000795580000,0x000000079b400000)
  from space 6144K, 95% used [0x000000079e100000,0x000000079e6bc128,0x000000079e700000)
  to   space 9728K, 0% used [0x000000079d400000,0x000000079d400000,0x000000079dd80000)
 ParOldGen       total 63488K, used 8966K [0x0000000740000000, 0x0000000743e00000, 0x0000000795580000)
  object space 63488K, 14% used [0x0000000740000000,0x00000007408c1ac8,0x0000000743e00000)
 Metaspace       used 25339K, capacity 25984K, committed 26240K, reserved 1071104K
  class space    used 3434K, capacity 3673K, committed 3712K, reserved 1048576K
}
Event: 5.239 GC heap before
{Heap before GC invocations=8 (full 1):
 PSYoungGen      total 102912K, used 102640K [0x0000000795580000, 0x000000079e700000, 0x00000007c0000000)
  eden space 96768K, 100% used [0x0000000795580000,0x000000079b400000,0x000000079b400000)
  from space 6144K, 95% used [0x000000079e100000,0x000000079e6bc128,0x000000079e700000)
  to   space 9728K, 0% used [0x000000079d400000,0x000000079d400000,0x000000079dd80000)
 ParOldGen       total 63488K, used 8966K [0x0000000740000000, 0x0000000743e00000, 0x0000000795580000)
  object space 63488K, 14% used [0x0000000740000000,0x00000007408c1ac8,0x0000000743e00000)
 Metaspace       used 32011K, capacity 33006K, committed 33280K, reserved 1077248K
  class space    used 4453K, capacity 4835K, committed 4864K, reserved 1048576K
Event: 5.260 GC heap after
Heap after GC invocations=8 (full 1):
 PSYoungGen      total 139264K, used 9716K [0x0000000795580000, 0x000000079f900000, 0x00000007c0000000)
  eden space 129536K, 0% used [0x0000000795580000,0x0000000795580000,0x000000079d400000)
  from space 9728K, 99% used [0x000000079d400000,0x000000079dd7d010,0x000000079dd80000)
  to   space 13824K, 0% used [0x000000079eb80000,0x000000079eb80000,0x000000079f900000)
 ParOldGen       total 63488K, used 15479K [0x0000000740000000, 0x0000000743e00000, 0x0000000795580000)
  object space 63488K, 24% used [0x0000000740000000,0x0000000740f1df68,0x0000000743e00000)
 Metaspace       used 32011K, capacity 33006K, committed 33280K, reserved 1077248K
  class space    used 4453K, capacity 4835K, committed 4864K, reserved 1048576K
}
Event: 5.883 GC heap before
{Heap before GC invocations=9 (full 1):
 PSYoungGen      total 139264K, used 58417K [0x0000000795580000, 0x000000079f900000, 0x00000007c0000000)
  eden space 129536K, 37% used [0x0000000795580000,0x000000079850f6e8,0x000000079d400000)
  from space 9728K, 99% used [0x000000079d400000,0x000000079dd7d010,0x000000079dd80000)
  to   space 13824K, 0% used [0x000000079eb80000,0x000000079eb80000,0x000000079f900000)
 ParOldGen       total 63488K, used 15479K [0x0000000740000000, 0x0000000743e00000, 0x0000000795580000)
  object space 63488K, 24% used [0x0000000740000000,0x0000000740f1df68,0x0000000743e00000)
 Metaspace       used 34339K, capacity 35304K, committed 35416K, reserved 1079296K
  class space    used 4787K, capacity 5198K, committed 5248K, reserved 1048576K
Event: 5.912 GC heap after
Heap after GC invocations=9 (full 1):
 PSYoungGen      total 151040K, used 13812K [0x0000000795580000, 0x00000007a3700000, 0x00000007c0000000)
  eden space 137216K, 0% used [0x0000000795580000,0x0000000795580000,0x000000079db80000)
  from space 13824K, 99% used [0x000000079eb80000,0x000000079f8fd010,0x000000079f900000)
  to   space 16384K, 0% used [0x000000079db80000,0x000000079db80000,0x000000079eb80000)
 ParOldGen       total 63488K, used 16983K [0x0000000740000000, 0x0000000743e00000, 0x0000000795580000)
  object space 63488K, 26% used [0x0000000740000000,0x0000000741095eb8,0x0000000743e00000)
 Metaspace       used 34339K, capacity 35304K, committed 35416K, reserved 1079296K
  class space    used 4787K, capacity 5198K, committed 5248K, reserved 1048576K
}
Event: 5.912 GC heap before
{Heap before GC invocations=10 (full 2):
 PSYoungGen      total 151040K, used 13812K [0x0000000795580000, 0x00000007a3700000, 0x00000007c0000000)
  eden space 137216K, 0% used [0x0000000795580000,0x0000000795580000,0x000000079db80000)
  from space 13824K, 99% used [0x000000079eb80000,0x000000079f8fd010,0x000000079f900000)
  to   space 16384K, 0% used [0x000000079db80000,0x000000079db80000,0x000000079eb80000)
 ParOldGen       total 63488K, used 16983K [0x0000000740000000, 0x0000000743e00000, 0x0000000795580000)
  object space 63488K, 26% used [0x0000000740000000,0x0000000741095eb8,0x0000000743e00000)
 Metaspace       used 34339K, capacity 35304K, committed 35416K, reserved 1079296K
  class space    used 4787K, capacity 5198K, committed 5248K, reserved 1048576K
Event: 6.054 GC heap after
Heap after GC invocations=10 (full 2):
 PSYoungGen      total 151040K, used 0K [0x0000000795580000, 0x00000007a3700000, 0x00000007c0000000)
  eden space 137216K, 0% used [0x0000000795580000,0x0000000795580000,0x000000079db80000)
  from space 13824K, 0% used [0x000000079eb80000,0x000000079eb80000,0x000000079f900000)
  to   space 16384K, 0% used [0x000000079db80000,0x000000079db80000,0x000000079eb80000)
 ParOldGen       total 110080K, used 24604K [0x0000000740000000, 0x0000000746b80000, 0x0000000795580000)
  object space 110080K, 22% used [0x0000000740000000,0x0000000741807148,0x0000000746b80000)
 Metaspace       used 34339K, capacity 35304K, committed 35416K, reserved 1079296K
  class space    used 4787K, capacity 5198K, committed 5248K, reserved 1048576K
}
Event: 7.558 GC heap before
{Heap before GC invocations=11 (full 2):
 PSYoungGen      total 151040K, used 137216K [0x0000000795580000, 0x00000007a3700000, 0x00000007c0000000)
  eden space 137216K, 100% used [0x0000000795580000,0x000000079db80000,0x000000079db80000)
  from space 13824K, 0% used [0x000000079eb80000,0x000000079eb80000,0x000000079f900000)
  to   space 16384K, 0% used [0x000000079db80000,0x000000079db80000,0x000000079eb80000)
 ParOldGen       total 110080K, used 24604K [0x0000000740000000, 0x0000000746b80000, 0x0000000795580000)
  object space 110080K, 22% used [0x0000000740000000,0x0000000741807148,0x0000000746b80000)
 Metaspace       used 36753K, capacity 37776K, committed 38104K, reserved 1081344K
  class space    used 5117K, capacity 5542K, committed 5632K, reserved 1048576K
Event: 7.577 GC heap after
Heap after GC invocations=11 (full 2):
 PSYoungGen      total 153600K, used 14016K [0x0000000795580000, 0x00000007a1d80000, 0x00000007c0000000)
  eden space 137216K, 0% used [0x0000000795580000,0x0000000795580000,0x000000079db80000)
  from space 16384K, 85% used [0x000000079db80000,0x000000079e930010,0x000000079eb80000)
  to   space 17408K, 0% used [0x00000007a0c80000,0x00000007a0c80000,0x00000007a1d80000)
 ParOldGen       total 110080K, used 24612K [0x0000000740000000, 0x0000000746b80000, 0x0000000795580000)
  object space 110080K, 22% used [0x0000000740000000,0x0000000741809148,0x0000000746b80000)
 Metaspace       used 36753K, capacity 37776K, committed 38104K, reserved 1081344K
  class space    used 5117K, capacity 5542K, committed 5632K, reserved 1048576K
}

