# JRE version: Java(TM) SE Runtime Environment (8.0_101-b13) (build 1.8.0_101-b13)
# Java VM: Java HotSpot(TM) 64-Bit Server VM (25.101-b13 mixed mode bsd-amd64 compressed oops)
Heap:
 PSYoungGen      total 167936K, used 93217K [0x0000000795580000, 0x00000007a3500000, 0x00000007c0000000)
  eden space 151552K, 51% used [0x0000000795580000,0x000000079a1190f0,0x000000079e980000)
  from space 16384K, 96% used [0x000000079e980000,0x000000079f8ef688,0x000000079f980000)
  to   space 18432K, 0% used [0x00000007a2300000,0x00000007a2300000,0x00000007a3500000)
 ParOldGen       total 104960K, used 25359K [0x0000000740000000, 0x0000000746680000, 0x0000000795580000)
  object space 104960K, 24% used [0x0000000740000000,0x00000007418c3d88,0x0000000746680000)
 Metaspace       used 39477K, capacity 40744K, committed 40920K, reserved 1083392K
  class space    used 5543K, capacity 6077K, committed 6144K, reserved 1048576K
GC Heap History (10 events):
Event: 5.190 GC heap before
{Heap before GC invocations=7 (full 1):
 PSYoungGen      total 71680K, used 66560K [0x0000000795580000, 0x000000079ea80000, 0x00000007c0000000)
  eden space 66560K, 100% used [0x0000000795580000,0x0000000799680000,0x0000000799680000)
  from space 5120K, 0% used [0x0000000799680000,0x0000000799680000,0x0000000799b80000)
  to   space 9728K, 0% used [0x000000079e100000,0x000000079e100000,0x000000079ea80000)
 ParOldGen       total 60928K, used 8887K [0x0000000740000000, 0x0000000743b80000, 0x0000000795580000)
  object space 60928K, 14% used [0x0000000740000000,0x00000007408add30,0x0000000743b80000)
 Metaspace       used 25347K, capacity 25984K, committed 26240K, reserved 1071104K
  class space    used 3431K, capacity 3673K, committed 3712K, reserved 1048576K
Event: 5.199 GC heap after
Heap after GC invocations=7 (full 1):
 PSYoungGen      total 108032K, used 6034K [0x0000000795580000, 0x000000079e700000, 0x00000007c0000000)
  eden space 101888K, 0% used [0x0000000795580000,0x0000000795580000,0x000000079b900000)
  from space 6144K, 98% used [0x000000079e100000,0x000000079e6e48e0,0x000000079e700000)
  to   space 9728K, 0% used [0x000000079d400000,0x000000079d400000,0x000000079dd80000)
 ParOldGen       total 60928K, used 8959K [0x0000000740000000, 0x0000000743b80000, 0x0000000795580000)
  object space 60928K, 14% used [0x0000000740000000,0x00000007408bfd40,0x0000000743b80000)
 Metaspace       used 25347K, capacity 25984K, committed 26240K, reserved 1071104K
  class space    used 3431K, capacity 3673K, committed 3712K, reserved 1048576K
}
Event: 6.857 GC heap before
{Heap before GC invocations=8 (full 1):
 PSYoungGen      total 108032K, used 107922K [0x0000000795580000, 0x000000079e700000, 0x00000007c0000000)
  eden space 101888K, 100% used [0x0000000795580000,0x000000079b900000,0x000000079b900000)
  from space 6144K, 98% used [0x000000079e100000,0x000000079e6e48e0,0x000000079e700000)
  to   space 9728K, 0% used [0x000000079d400000,0x000000079d400000,0x000000079dd80000)
 ParOldGen       total 60928K, used 8959K [0x0000000740000000, 0x0000000743b80000, 0x0000000795580000)
  object space 60928K, 14% used [0x0000000740000000,0x00000007408bfd40,0x0000000743b80000)
 Metaspace       used 32157K, capacity 33082K, committed 33280K, reserved 1077248K
  class space    used 4466K, capacity 4838K, committed 4864K, reserved 1048576K
Event: 6.883 GC heap after
Heap after GC invocations=8 (full 1):
 PSYoungGen      total 139264K, used 9716K [0x0000000795580000, 0x00000007a0780000, 0x00000007c0000000)
  eden space 129536K, 0% used [0x0000000795580000,0x0000000795580000,0x000000079d400000)
  from space 9728K, 99% used [0x000000079d400000,0x000000079dd7d010,0x000000079dd80000)
  to   space 14336K, 0% used [0x000000079f980000,0x000000079f980000,0x00000007a0780000)
 ParOldGen       total 60928K, used 16313K [0x0000000740000000, 0x0000000743b80000, 0x0000000795580000)
  object space 60928K, 26% used [0x0000000740000000,0x0000000740fee7e0,0x0000000743b80000)
 Metaspace       used 32157K, capacity 33082K, committed 33280K, reserved 1077248K
  class space    used 4466K, capacity 4838K, committed 4864K, reserved 1048576K
}
Event: 7.530 GC heap before
{Heap before GC invocations=9 (full 1):
 PSYoungGen      total 139264K, used 53487K [0x0000000795580000, 0x00000007a0780000, 0x00000007c0000000)
  eden space 129536K, 33% used [0x0000000795580000,0x000000079803edf0,0x000000079d400000)
  from space 9728K, 99% used [0x000000079d400000,0x000000079dd7d010,0x000000079dd80000)
  to   space 14336K, 0% used [0x000000079f980000,0x000000079f980000,0x00000007a0780000)
 ParOldGen       total 60928K, used 16313K [0x0000000740000000, 0x0000000743b80000, 0x0000000795580000)
  object space 60928K, 26% used [0x0000000740000000,0x0000000740fee7e0,0x0000000743b80000)
 Metaspace       used 34340K, capacity 35272K, committed 35416K, reserved 1079296K
  class space    used 4779K, capacity 5166K, committed 5248K, reserved 1048576K
Event: 7.561 GC heap after
Heap after GC invocations=9 (full 1):
 PSYoungGen      total 165888K, used 14326K [0x0000000795580000, 0x00000007a3c00000, 0x00000007c0000000)
  eden space 151552K, 0% used [0x0000000795580000,0x0000000795580000,0x000000079e980000)
  from space 14336K, 99% used [0x000000079f980000,0x00000007a077da90,0x00000007a0780000)
  to   space 16384K, 0% used [0x000000079e980000,0x000000079e980000,0x000000079f980000)
 ParOldGen       total 60928K, used 16551K [0x0000000740000000, 0x0000000743b80000, 0x0000000795580000)
  object space 60928K, 27% used [0x0000000740000000,0x0000000741029d60,0x0000000743b80000)
 Metaspace       used 34340K, capacity 35272K, committed 35416K, reserved 1079296K
  class space    used 4779K, capacity 5166K, committed 5248K, reserved 1048576K
}
Event: 7.561 GC heap before
{Heap before GC invocations=10 (full 2):
 PSYoungGen      total 165888K, used 14326K [0x0000000795580000, 0x00000007a3c00000, 0x00000007c0000000)
  eden space 151552K, 0% used [0x0000000795580000,0x0000000795580000,0x000000079e980000)
  from space 14336K, 99% used [0x000000079f980000,0x00000007a077da90,0x00000007a0780000)
  to   space 16384K, 0% used [0x000000079e980000,0x000000079e980000,0x000000079f980000)
 ParOldGen       total 60928K, used 16551K [0x0000000740000000, 0x0000000743b80000, 0x0000000795580000)
  object space 60928K, 27% used [0x0000000740000000,0x0000000741029d60,0x0000000743b80000)
 Metaspace       used 34340K, capacity 35272K, committed 35416K, reserved 1079296K
  class space    used 4779K, capacity 5166K, committed 5248K, reserved 1048576K
Event: 7.722 GC heap after
Heap after GC invocations=10 (full 2):
 PSYoungGen      total 165888K, used 0K [0x0000000795580000, 0x00000007a3c00000, 0x00000007c0000000)
  eden space 151552K, 0% used [0x0000000795580000,0x0000000795580000,0x000000079e980000)
  from space 14336K, 0% used [0x000000079f980000,0x000000079f980000,0x00000007a0780000)
  to   space 16384K, 0% used [0x000000079e980000,0x000000079e980000,0x000000079f980000)
 ParOldGen       total 104960K, used 25351K [0x0000000740000000, 0x0000000746680000, 0x0000000795580000)
  object space 104960K, 24% used [0x0000000740000000,0x00000007418c1d88,0x0000000746680000)
 Metaspace       used 34340K, capacity 35272K, committed 35416K, reserved 1079296K
  class space    used 4779K, capacity 5166K, committed 5248K, reserved 1048576K
}
Event: 9.770 GC heap before
{Heap before GC invocations=11 (full 2):
 PSYoungGen      total 165888K, used 151552K [0x0000000795580000, 0x00000007a3c00000, 0x00000007c0000000)
  eden space 151552K, 100% used [0x0000000795580000,0x000000079e980000,0x000000079e980000)
  from space 14336K, 0% used [0x000000079f980000,0x000000079f980000,0x00000007a0780000)
  to   space 16384K, 0% used [0x000000079e980000,0x000000079e980000,0x000000079f980000)
 ParOldGen       total 104960K, used 25351K [0x0000000740000000, 0x0000000746680000, 0x0000000795580000)
  object space 104960K, 24% used [0x0000000740000000,0x00000007418c1d88,0x0000000746680000)
 Metaspace       used 37289K, capacity 38348K, committed 38488K, reserved 1081344K
  class space    used 5211K, capacity 5696K, committed 5760K, reserved 1048576K
Event: 9.802 GC heap after
Heap after GC invocations=11 (full 2):
 PSYoungGen      total 167936K, used 15805K [0x0000000795580000, 0x00000007a3500000, 0x00000007c0000000)
  eden space 151552K, 0% used [0x0000000795580000,0x0000000795580000,0x000000079e980000)
  from space 16384K, 96% used [0x000000079e980000,0x000000079f8ef688,0x000000079f980000)
  to   space 18432K, 0% used [0x00000007a2300000,0x00000007a2300000,0x00000007a3500000)
 ParOldGen       total 104960K, used 25359K [0x0000000740000000, 0x0000000746680000, 0x0000000795580000)
  object space 104960K, 24% used [0x0000000740000000,0x00000007418c3d88,0x0000000746680000)
 Metaspace       used 37289K, capacity 38348K, committed 38488K, reserved 1081344K
  class space    used 5211K, capacity 5696K, committed 5760K, reserved 1048576K
}

