# JRE version: Java(TM) SE Runtime Environment (8.0_101-b13) (build 1.8.0_101-b13)
# Java VM: Java HotSpot(TM) 64-Bit Server VM (25.101-b13 mixed mode bsd-amd64 compressed oops)
Heap:
 PSYoungGen      total 212480K, used 123685K [0x0000000795580000, 0x00000007a3b80000, 0x00000007c0000000)
  eden space 197120K, 62% used [0x0000000795580000,0x000000079ce49560,0x00000007a1600000)
  from space 15360K, 0% used [0x00000007a2780000,0x00000007a2780000,0x00000007a3680000)
  to   space 17920K, 0% used [0x00000007a1600000,0x00000007a1600000,0x00000007a2780000)
 ParOldGen       total 111616K, used 27322K [0x0000000740000000, 0x0000000746d00000, 0x0000000795580000)
  object space 111616K, 24% used [0x0000000740000000,0x0000000741aaea98,0x0000000746d00000)
 Metaspace       used 36569K, capacity 37610K, committed 37848K, reserved 1081344K
  class space    used 5098K, capacity 5509K, committed 5632K, reserved 1048576K
GC Heap History (10 events):
Event: 3.368 GC heap before
{Heap before GC invocations=4 (full 0):
 PSYoungGen      total 71680K, used 25075K [0x0000000795580000, 0x000000079e180000, 0x00000007c0000000)
  eden space 66560K, 30% used [0x0000000795580000,0x0000000796900c78,0x0000000799680000)
  from space 5120K, 99% used [0x0000000799680000,0x0000000799b7c010,0x0000000799b80000)
  to   space 5120K, 0% used [0x000000079dc80000,0x000000079dc80000,0x000000079e180000)
 ParOldGen       total 87552K, used 7248K [0x0000000740000000, 0x0000000745580000, 0x0000000795580000)
  object space 87552K, 8% used [0x0000000740000000,0x00000007407142b0,0x0000000745580000)
 Metaspace       used 20790K, capacity 21118K, committed 21248K, reserved 1067008K
  class space    used 2826K, capacity 2978K, committed 3072K, reserved 1048576K
Event: 3.386 GC heap after
Heap after GC invocations=4 (full 0):
 PSYoungGen      total 138240K, used 5104K [0x0000000795580000, 0x000000079e180000, 0x00000007c0000000)
  eden space 133120K, 0% used [0x0000000795580000,0x0000000795580000,0x000000079d780000)
  from space 5120K, 99% used [0x000000079dc80000,0x000000079e17c030,0x000000079e180000)
  to   space 5120K, 0% used [0x000000079d780000,0x000000079d780000,0x000000079dc80000)
 ParOldGen       total 87552K, used 9412K [0x0000000740000000, 0x0000000745580000, 0x0000000795580000)
  object space 87552K, 10% used [0x0000000740000000,0x0000000740931270,0x0000000745580000)
 Metaspace       used 20790K, capacity 21118K, committed 21248K, reserved 1067008K
  class space    used 2826K, capacity 2978K, committed 3072K, reserved 1048576K
}
Event: 3.386 GC heap before
{Heap before GC invocations=5 (full 1):
 PSYoungGen      total 138240K, used 5104K [0x0000000795580000, 0x000000079e180000, 0x00000007c0000000)
  eden space 133120K, 0% used [0x0000000795580000,0x0000000795580000,0x000000079d780000)
  from space 5120K, 99% used [0x000000079dc80000,0x000000079e17c030,0x000000079e180000)
  to   space 5120K, 0% used [0x000000079d780000,0x000000079d780000,0x000000079dc80000)
 ParOldGen       total 87552K, used 9412K [0x0000000740000000, 0x0000000745580000, 0x0000000795580000)
  object space 87552K, 10% used [0x0000000740000000,0x0000000740931270,0x0000000745580000)
 Metaspace       used 20790K, capacity 21118K, committed 21248K, reserved 1067008K
  class space    used 2826K, capacity 2978K, committed 3072K, reserved 1048576K
Event: 3.452 GC heap after
Heap after GC invocations=5 (full 1):
 PSYoungGen      total 138240K, used 0K [0x0000000795580000, 0x000000079e180000, 0x00000007c0000000)
  eden space 133120K, 0% used [0x0000000795580000,0x0000000795580000,0x000000079d780000)
  from space 5120K, 0% used [0x000000079dc80000,0x000000079dc80000,0x000000079e180000)
  to   space 5120K, 0% used [0x000000079d780000,0x000000079d780000,0x000000079dc80000)
 ParOldGen       total 63488K, used 8888K [0x0000000740000000, 0x0000000743e00000, 0x0000000795580000)
  object space 63488K, 14% used [0x0000000740000000,0x00000007408ae3e0,0x0000000743e00000)
 Metaspace       used 20790K, capacity 21118K, committed 21248K, reserved 1067008K
  class space    used 2826K, capacity 2978K, committed 3072K, reserved 1048576K
}
Event: 6.032 GC heap before
{Heap before GC invocations=6 (full 1):
 PSYoungGen      total 138240K, used 133120K [0x0000000795580000, 0x000000079e180000, 0x00000007c0000000)
  eden space 133120K, 100% used [0x0000000795580000,0x000000079d780000,0x000000079d780000)
  from space 5120K, 0% used [0x000000079dc80000,0x000000079dc80000,0x000000079e180000)
  to   space 5120K, 0% used [0x000000079d780000,0x000000079d780000,0x000000079dc80000)
 ParOldGen       total 63488K, used 8888K [0x0000000740000000, 0x0000000743e00000, 0x0000000795580000)
  object space 63488K, 14% used [0x0000000740000000,0x00000007408ae3e0,0x0000000743e00000)
 Metaspace       used 29580K, capacity 30386K, committed 30464K, reserved 1075200K
  class space    used 4058K, capacity 4349K, committed 4352K, reserved 1048576K
Event: 6.052 GC heap after
Heap after GC invocations=6 (full 1):
 PSYoungGen      total 138240K, used 5104K [0x0000000795580000, 0x00000007a3680000, 0x00000007c0000000)
  eden space 133120K, 0% used [0x0000000795580000,0x0000000795580000,0x000000079d780000)
  from space 5120K, 99% used [0x000000079d780000,0x000000079dc7c010,0x000000079dc80000)
  to   space 15360K, 0% used [0x00000007a2780000,0x00000007a2780000,0x00000007a3680000)
 ParOldGen       total 63488K, used 18520K [0x0000000740000000, 0x0000000743e00000, 0x0000000795580000)
  object space 63488K, 29% used [0x0000000740000000,0x0000000741216208,0x0000000743e00000)
 Metaspace       used 29580K, capacity 30386K, committed 30464K, reserved 1075200K
  class space    used 4058K, capacity 4349K, committed 4352K, reserved 1048576K
}
Event: 7.403 GC heap before
{Heap before GC invocations=7 (full 1):
 PSYoungGen      total 138240K, used 84214K [0x0000000795580000, 0x00000007a3680000, 0x00000007c0000000)
  eden space 133120K, 59% used [0x0000000795580000,0x000000079a2c1bb0,0x000000079d780000)
  from space 5120K, 99% used [0x000000079d780000,0x000000079dc7c010,0x000000079dc80000)
  to   space 15360K, 0% used [0x00000007a2780000,0x00000007a2780000,0x00000007a3680000)
 ParOldGen       total 63488K, used 18520K [0x0000000740000000, 0x0000000743e00000, 0x0000000795580000)
  object space 63488K, 29% used [0x0000000740000000,0x0000000741216208,0x0000000743e00000)
 Metaspace       used 34369K, capacity 35304K, committed 35416K, reserved 1079296K
  class space    used 4787K, capacity 5198K, committed 5248K, reserved 1048576K
Event: 7.429 GC heap after
Heap after GC invocations=7 (full 1):
 PSYoungGen      total 212480K, used 15334K [0x0000000795580000, 0x00000007a3b80000, 0x00000007c0000000)
  eden space 197120K, 0% used [0x0000000795580000,0x0000000795580000,0x00000007a1600000)
  from space 15360K, 99% used [0x00000007a2780000,0x00000007a36799b8,0x00000007a3680000)
  to   space 17920K, 0% used [0x00000007a1600000,0x00000007a1600000,0x00000007a2780000)
 ParOldGen       total 63488K, used 18669K [0x0000000740000000, 0x0000000743e00000, 0x0000000795580000)
  object space 63488K, 29% used [0x0000000740000000,0x000000074123b768,0x0000000743e00000)
 Metaspace       used 34369K, capacity 35304K, committed 35416K, reserved 1079296K
  class space    used 4787K, capacity 5198K, committed 5248K, reserved 1048576K
}
Event: 7.429 GC heap before
{Heap before GC invocations=8 (full 2):
 PSYoungGen      total 212480K, used 15334K [0x0000000795580000, 0x00000007a3b80000, 0x00000007c0000000)
  eden space 197120K, 0% used [0x0000000795580000,0x0000000795580000,0x00000007a1600000)
  from space 15360K, 99% used [0x00000007a2780000,0x00000007a36799b8,0x00000007a3680000)
  to   space 17920K, 0% used [0x00000007a1600000,0x00000007a1600000,0x00000007a2780000)
 ParOldGen       total 63488K, used 18669K [0x0000000740000000, 0x0000000743e00000, 0x0000000795580000)
  object space 63488K, 29% used [0x0000000740000000,0x000000074123b768,0x0000000743e00000)
 Metaspace       used 34369K, capacity 35304K, committed 35416K, reserved 1079296K
  class space    used 4787K, capacity 5198K, committed 5248K, reserved 1048576K
Event: 7.522 GC heap after
Heap after GC invocations=8 (full 2):
 PSYoungGen      total 212480K, used 0K [0x0000000795580000, 0x00000007a3b80000, 0x00000007c0000000)
  eden space 197120K, 0% used [0x0000000795580000,0x0000000795580000,0x00000007a1600000)
  from space 15360K, 0% used [0x00000007a2780000,0x00000007a2780000,0x00000007a3680000)
  to   space 17920K, 0% used [0x00000007a1600000,0x00000007a1600000,0x00000007a2780000)
 ParOldGen       total 111616K, used 27322K [0x0000000740000000, 0x0000000746d00000, 0x0000000795580000)
  object space 111616K, 24% used [0x0000000740000000,0x0000000741aaea98,0x0000000746d00000)
 Metaspace       used 34369K, capacity 35304K, committed 35416K, reserved 1079296K
  class space    used 4787K, capacity 5198K, committed 5248K, reserved 1048576K
}

