# JRE version: Java(TM) SE Runtime Environment (8.0_101-b13) (build 1.8.0_101-b13)
# Java VM: Java HotSpot(TM) 64-Bit Server VM (25.101-b13 mixed mode bsd-amd64 compressed oops)
Heap:
 PSYoungGen      total 212992K, used 63254K [0x0000000795580000, 0x00000007a8580000, 0x00000007c0000000)
  eden space 195072K, 23% used [0x0000000795580000,0x000000079820a6f8,0x00000007a1400000)
  from space 17920K, 98% used [0x00000007a1400000,0x00000007a253b418,0x00000007a2580000)
  to   space 20992K, 0% used [0x00000007a7100000,0x00000007a7100000,0x00000007a8580000)
 ParOldGen       total 120832K, used 32347K [0x0000000740000000, 0x0000000747600000, 0x0000000795580000)
  object space 120832K, 26% used [0x0000000740000000,0x0000000741f96d20,0x0000000747600000)
 Metaspace       used 39991K, capacity 41282K, committed 41560K, reserved 1085440K
  class space    used 5634K, capacity 6178K, committed 6272K, reserved 1048576K
GC Heap History (10 events):
Event: 3.401 GC heap before
{Heap before GC invocations=5 (full 1):
 PSYoungGen      total 138240K, used 5104K [0x0000000795580000, 0x000000079e180000, 0x00000007c0000000)
  eden space 133120K, 0% used [0x0000000795580000,0x0000000795580000,0x000000079d780000)
  from space 5120K, 99% used [0x000000079dc80000,0x000000079e17c050,0x000000079e180000)
  to   space 5120K, 0% used [0x000000079d780000,0x000000079d780000,0x000000079dc80000)
 ParOldGen       total 87552K, used 9306K [0x0000000740000000, 0x0000000745580000, 0x0000000795580000)
  object space 87552K, 10% used [0x0000000740000000,0x0000000740916ac8,0x0000000745580000)
 Metaspace       used 20803K, capacity 21118K, committed 21248K, reserved 1067008K
  class space    used 2821K, capacity 2978K, committed 3072K, reserved 1048576K
Event: 3.478 GC heap after
Heap after GC invocations=5 (full 1):
 PSYoungGen      total 138240K, used 0K [0x0000000795580000, 0x000000079e180000, 0x00000007c0000000)
  eden space 133120K, 0% used [0x0000000795580000,0x0000000795580000,0x000000079d780000)
  from space 5120K, 0% used [0x000000079dc80000,0x000000079dc80000,0x000000079e180000)
  to   space 5120K, 0% used [0x000000079d780000,0x000000079d780000,0x000000079dc80000)
 ParOldGen       total 64000K, used 8863K [0x0000000740000000, 0x0000000743e80000, 0x0000000795580000)
  object space 64000K, 13% used [0x0000000740000000,0x00000007408a7ca0,0x0000000743e80000)
 Metaspace       used 20803K, capacity 21118K, committed 21248K, reserved 1067008K
  class space    used 2821K, capacity 2978K, committed 3072K, reserved 1048576K
}
Event: 6.451 GC heap before
{Heap before GC invocations=6 (full 1):
 PSYoungGen      total 138240K, used 133120K [0x0000000795580000, 0x000000079e180000, 0x00000007c0000000)
  eden space 133120K, 100% used [0x0000000795580000,0x000000079d780000,0x000000079d780000)
  from space 5120K, 0% used [0x000000079dc80000,0x000000079dc80000,0x000000079e180000)
  to   space 5120K, 0% used [0x000000079d780000,0x000000079d780000,0x000000079dc80000)
 ParOldGen       total 64000K, used 8863K [0x0000000740000000, 0x0000000743e80000, 0x0000000795580000)
  object space 64000K, 13% used [0x0000000740000000,0x00000007408a7ca0,0x0000000743e80000)
 Metaspace       used 29536K, capacity 30348K, committed 30464K, reserved 1075200K
  class space    used 4044K, capacity 4315K, committed 4352K, reserved 1048576K
Event: 6.470 GC heap after
Heap after GC invocations=6 (full 1):
 PSYoungGen      total 138240K, used 5120K [0x0000000795580000, 0x00000007a3480000, 0x00000007c0000000)
  eden space 133120K, 0% used [0x0000000795580000,0x0000000795580000,0x000000079d780000)
  from space 5120K, 100% used [0x000000079d780000,0x000000079dc80000,0x000000079dc80000)
  to   space 15360K, 0% used [0x00000007a2580000,0x00000007a2580000,0x00000007a3480000)
 ParOldGen       total 64000K, used 18072K [0x0000000740000000, 0x0000000743e80000, 0x0000000795580000)
  object space 64000K, 28% used [0x0000000740000000,0x00000007411a6168,0x0000000743e80000)
 Metaspace       used 29536K, capacity 30348K, committed 30464K, reserved 1075200K
  class space    used 4044K, capacity 4315K, committed 4352K, reserved 1048576K
}
Event: 7.672 GC heap before
{Heap before GC invocations=7 (full 1):
 PSYoungGen      total 138240K, used 86441K [0x0000000795580000, 0x00000007a3480000, 0x00000007c0000000)
  eden space 133120K, 61% used [0x0000000795580000,0x000000079a4ea5f8,0x000000079d780000)
  from space 5120K, 100% used [0x000000079d780000,0x000000079dc80000,0x000000079dc80000)
  to   space 15360K, 0% used [0x00000007a2580000,0x00000007a2580000,0x00000007a3480000)
 ParOldGen       total 64000K, used 18072K [0x0000000740000000, 0x0000000743e80000, 0x0000000795580000)
  object space 64000K, 28% used [0x0000000740000000,0x00000007411a6168,0x0000000743e80000)
 Metaspace       used 34345K, capacity 35272K, committed 35416K, reserved 1079296K
  class space    used 4782K, capacity 5166K, committed 5248K, reserved 1048576K
Event: 7.699 GC heap after
Heap after GC invocations=7 (full 1):
 PSYoungGen      total 210432K, used 15353K [0x0000000795580000, 0x00000007a3a00000, 0x00000007c0000000)
  eden space 195072K, 0% used [0x0000000795580000,0x0000000795580000,0x00000007a1400000)
  from space 15360K, 99% used [0x00000007a2580000,0x00000007a347e5d0,0x00000007a3480000)
  to   space 17920K, 0% used [0x00000007a1400000,0x00000007a1400000,0x00000007a2580000)
 ParOldGen       total 64000K, used 18623K [0x0000000740000000, 0x0000000743e80000, 0x0000000795580000)
  object space 64000K, 29% used [0x0000000740000000,0x000000074122fc98,0x0000000743e80000)
 Metaspace       used 34345K, capacity 35272K, committed 35416K, reserved 1079296K
  class space    used 4782K, capacity 5166K, committed 5248K, reserved 1048576K
}
Event: 7.699 GC heap before
{Heap before GC invocations=8 (full 2):
 PSYoungGen      total 210432K, used 15353K [0x0000000795580000, 0x00000007a3a00000, 0x00000007c0000000)
  eden space 195072K, 0% used [0x0000000795580000,0x0000000795580000,0x00000007a1400000)
  from space 15360K, 99% used [0x00000007a2580000,0x00000007a347e5d0,0x00000007a3480000)
  to   space 17920K, 0% used [0x00000007a1400000,0x00000007a1400000,0x00000007a2580000)
 ParOldGen       total 64000K, used 18623K [0x0000000740000000, 0x0000000743e80000, 0x0000000795580000)
  object space 64000K, 29% used [0x0000000740000000,0x000000074122fc98,0x0000000743e80000)
 Metaspace       used 34345K, capacity 35272K, committed 35416K, reserved 1079296K
  class space    used 4782K, capacity 5166K, committed 5248K, reserved 1048576K
Event: 7.874 GC heap after
Heap after GC invocations=8 (full 2):
 PSYoungGen      total 210432K, used 0K [0x0000000795580000, 0x00000007a3a00000, 0x00000007c0000000)
  eden space 195072K, 0% used [0x0000000795580000,0x0000000795580000,0x00000007a1400000)
  from space 15360K, 0% used [0x00000007a2580000,0x00000007a2580000,0x00000007a3480000)
  to   space 17920K, 0% used [0x00000007a1400000,0x00000007a1400000,0x00000007a2580000)
 ParOldGen       total 120832K, used 32339K [0x0000000740000000, 0x0000000747600000, 0x0000000795580000)
  object space 120832K, 26% used [0x0000000740000000,0x0000000741f94d20,0x0000000747600000)
 Metaspace       used 34345K, capacity 35272K, committed 35416K, reserved 1079296K
  class space    used 4782K, capacity 5166K, committed 5248K, reserved 1048576K
}
Event: 10.893 GC heap before
{Heap before GC invocations=9 (full 2):
 PSYoungGen      total 210432K, used 195072K [0x0000000795580000, 0x00000007a3a00000, 0x00000007c0000000)
  eden space 195072K, 100% used [0x0000000795580000,0x00000007a1400000,0x00000007a1400000)
  from space 15360K, 0% used [0x00000007a2580000,0x00000007a2580000,0x00000007a3480000)
  to   space 17920K, 0% used [0x00000007a1400000,0x00000007a1400000,0x00000007a2580000)
 ParOldGen       total 120832K, used 32339K [0x0000000740000000, 0x0000000747600000, 0x0000000795580000)
  object space 120832K, 26% used [0x0000000740000000,0x0000000741f94d20,0x0000000747600000)
 Metaspace       used 39160K, capacity 40394K, committed 40664K, reserved 1083392K
  class space    used 5506K, capacity 6028K, committed 6144K, reserved 1048576K
Event: 10.934 GC heap after
Heap after GC invocations=9 (full 2):
 PSYoungGen      total 212992K, used 17645K [0x0000000795580000, 0x00000007a8580000, 0x00000007c0000000)
  eden space 195072K, 0% used [0x0000000795580000,0x0000000795580000,0x00000007a1400000)
  from space 17920K, 98% used [0x00000007a1400000,0x00000007a253b418,0x00000007a2580000)
  to   space 20992K, 0% used [0x00000007a7100000,0x00000007a7100000,0x00000007a8580000)
 ParOldGen       total 120832K, used 32347K [0x0000000740000000, 0x0000000747600000, 0x0000000795580000)
  object space 120832K, 26% used [0x0000000740000000,0x0000000741f96d20,0x0000000747600000)
 Metaspace       used 39160K, capacity 40394K, committed 40664K, reserved 1083392K
  class space    used 5506K, capacity 6028K, committed 6144K, reserved 1048576K
}

