# JRE version: Java(TM) SE Runtime Environment (8.0_101-b13) (build 1.8.0_101-b13)
# Java VM: Java HotSpot(TM) 64-Bit Server VM (25.101-b13 mixed mode bsd-amd64 compressed oops)
Heap:
 PSYoungGen      total 152576K, used 115238K [0x0000000795580000, 0x00000007a1b80000, 0x00000007c0000000)
  eden space 136192K, 73% used [0x0000000795580000,0x000000079b7db660,0x000000079da80000)
  from space 16384K, 88% used [0x000000079da80000,0x000000079e8ae400,0x000000079ea80000)
  to   space 17920K, 0% used [0x00000007a0a00000,0x00000007a0a00000,0x00000007a1b80000)
 ParOldGen       total 112128K, used 24614K [0x0000000740000000, 0x0000000746d80000, 0x0000000795580000)
  object space 112128K, 21% used [0x0000000740000000,0x0000000741809918,0x0000000746d80000)
 Metaspace       used 40005K, capacity 41314K, committed 41560K, reserved 1085440K
  class space    used 5647K, capacity 6210K, committed 6272K, reserved 1048576K
GC Heap History (10 events):
Event: 3.592 GC heap before
{Heap before GC invocations=7 (full 1):
 PSYoungGen      total 71680K, used 66560K [0x0000000795580000, 0x000000079ea80000, 0x00000007c0000000)
  eden space 66560K, 100% used [0x0000000795580000,0x0000000799680000,0x0000000799680000)
  from space 5120K, 0% used [0x0000000799680000,0x0000000799680000,0x0000000799b80000)
  to   space 9728K, 0% used [0x000000079e100000,0x000000079e100000,0x000000079ea80000)
 ParOldGen       total 64000K, used 8925K [0x0000000740000000, 0x0000000743e80000, 0x0000000795580000)
  object space 64000K, 13% used [0x0000000740000000,0x00000007408b74f0,0x0000000743e80000)
 Metaspace       used 25316K, capacity 25984K, committed 26240K, reserved 1071104K
  class space    used 3433K, capacity 3673K, committed 3712K, reserved 1048576K
Event: 3.600 GC heap after
Heap after GC invocations=7 (full 1):
 PSYoungGen      total 102400K, used 5878K [0x0000000795580000, 0x000000079e700000, 0x00000007c0000000)
  eden space 96256K, 0% used [0x0000000795580000,0x0000000795580000,0x000000079b380000)
  from space 6144K, 95% used [0x000000079e100000,0x000000079e6bda80,0x000000079e700000)
  to   space 9728K, 0% used [0x000000079d400000,0x000000079d400000,0x000000079dd80000)
 ParOldGen       total 64000K, used 8997K [0x0000000740000000, 0x0000000743e80000, 0x0000000795580000)
  object space 64000K, 14% used [0x0000000740000000,0x00000007408c9500,0x0000000743e80000)
 Metaspace       used 25316K, capacity 25984K, committed 26240K, reserved 1071104K
  class space    used 3433K, capacity 3673K, committed 3712K, reserved 1048576K
}
Event: 4.905 GC heap before
{Heap before GC invocations=8 (full 1):
 PSYoungGen      total 102400K, used 102134K [0x0000000795580000, 0x000000079e700000, 0x00000007c0000000)
  eden space 96256K, 100% used [0x0000000795580000,0x000000079b380000,0x000000079b380000)
  from space 6144K, 95% used [0x000000079e100000,0x000000079e6bda80,0x000000079e700000)
  to   space 9728K, 0% used [0x000000079d400000,0x000000079d400000,0x000000079dd80000)
 ParOldGen       total 64000K, used 8997K [0x0000000740000000, 0x0000000743e80000, 0x0000000795580000)
  object space 64000K, 14% used [0x0000000740000000,0x00000007408c9500,0x0000000743e80000)
 Metaspace       used 32021K, capacity 33006K, committed 33280K, reserved 1077248K
  class space    used 4459K, capacity 4835K, committed 4864K, reserved 1048576K
Event: 4.926 GC heap after
Heap after GC invocations=8 (full 1):
 PSYoungGen      total 139264K, used 9728K [0x0000000795580000, 0x000000079f800000, 0x00000007c0000000)
  eden space 129536K, 0% used [0x0000000795580000,0x0000000795580000,0x000000079d400000)
  from space 9728K, 100% used [0x000000079d400000,0x000000079dd80000,0x000000079dd80000)
  to   space 13824K, 0% used [0x000000079ea80000,0x000000079ea80000,0x000000079f800000)
 ParOldGen       total 64000K, used 15507K [0x0000000740000000, 0x0000000743e80000, 0x0000000795580000)
  object space 64000K, 24% used [0x0000000740000000,0x0000000740f24d38,0x0000000743e80000)
 Metaspace       used 32021K, capacity 33006K, committed 33280K, reserved 1077248K
  class space    used 4459K, capacity 4835K, committed 4864K, reserved 1048576K
}
Event: 5.487 GC heap before
{Heap before GC invocations=9 (full 1):
 PSYoungGen      total 139264K, used 58375K [0x0000000795580000, 0x000000079f800000, 0x00000007c0000000)
  eden space 129536K, 37% used [0x0000000795580000,0x0000000798501f90,0x000000079d400000)
  from space 9728K, 100% used [0x000000079d400000,0x000000079dd80000,0x000000079dd80000)
  to   space 13824K, 0% used [0x000000079ea80000,0x000000079ea80000,0x000000079f800000)
 ParOldGen       total 64000K, used 15507K [0x0000000740000000, 0x0000000743e80000, 0x0000000795580000)
  object space 64000K, 24% used [0x0000000740000000,0x0000000740f24d38,0x0000000743e80000)
 Metaspace       used 34342K, capacity 35272K, committed 35416K, reserved 1079296K
  class space    used 4790K, capacity 5166K, committed 5248K, reserved 1048576K
Event: 5.510 GC heap after
Heap after GC invocations=9 (full 1):
 PSYoungGen      total 150016K, used 13796K [0x0000000795580000, 0x00000007a3400000, 0x00000007c0000000)
  eden space 136192K, 0% used [0x0000000795580000,0x0000000795580000,0x000000079da80000)
  from space 13824K, 99% used [0x000000079ea80000,0x000000079f7f9020,0x000000079f800000)
  to   space 16384K, 0% used [0x000000079da80000,0x000000079da80000,0x000000079ea80000)
 ParOldGen       total 64000K, used 17074K [0x0000000740000000, 0x0000000743e80000, 0x0000000795580000)
  object space 64000K, 26% used [0x0000000740000000,0x00000007410aca28,0x0000000743e80000)
 Metaspace       used 34342K, capacity 35272K, committed 35416K, reserved 1079296K
  class space    used 4790K, capacity 5166K, committed 5248K, reserved 1048576K
}
Event: 5.510 GC heap before
{Heap before GC invocations=10 (full 2):
 PSYoungGen      total 150016K, used 13796K [0x0000000795580000, 0x00000007a3400000, 0x00000007c0000000)
  eden space 136192K, 0% used [0x0000000795580000,0x0000000795580000,0x000000079da80000)
  from space 13824K, 99% used [0x000000079ea80000,0x000000079f7f9020,0x000000079f800000)
  to   space 16384K, 0% used [0x000000079da80000,0x000000079da80000,0x000000079ea80000)
 ParOldGen       total 64000K, used 17074K [0x0000000740000000, 0x0000000743e80000, 0x0000000795580000)
  object space 64000K, 26% used [0x0000000740000000,0x00000007410aca28,0x0000000743e80000)
 Metaspace       used 34342K, capacity 35272K, committed 35416K, reserved 1079296K
  class space    used 4790K, capacity 5166K, committed 5248K, reserved 1048576K
Event: 5.651 GC heap after
Heap after GC invocations=10 (full 2):
 PSYoungGen      total 150016K, used 0K [0x0000000795580000, 0x00000007a3400000, 0x00000007c0000000)
  eden space 136192K, 0% used [0x0000000795580000,0x0000000795580000,0x000000079da80000)
  from space 13824K, 0% used [0x000000079ea80000,0x000000079ea80000,0x000000079f800000)
  to   space 16384K, 0% used [0x000000079da80000,0x000000079da80000,0x000000079ea80000)
 ParOldGen       total 112128K, used 24606K [0x0000000740000000, 0x0000000746d80000, 0x0000000795580000)
  object space 112128K, 21% used [0x0000000740000000,0x0000000741807918,0x0000000746d80000)
 Metaspace       used 34342K, capacity 35272K, committed 35416K, reserved 1079296K
  class space    used 4790K, capacity 5166K, committed 5248K, reserved 1048576K
}
Event: 7.299 GC heap before
{Heap before GC invocations=11 (full 2):
 PSYoungGen      total 150016K, used 136192K [0x0000000795580000, 0x00000007a3400000, 0x00000007c0000000)
  eden space 136192K, 100% used [0x0000000795580000,0x000000079da80000,0x000000079da80000)
  from space 13824K, 0% used [0x000000079ea80000,0x000000079ea80000,0x000000079f800000)
  to   space 16384K, 0% used [0x000000079da80000,0x000000079da80000,0x000000079ea80000)
 ParOldGen       total 112128K, used 24606K [0x0000000740000000, 0x0000000746d80000, 0x0000000795580000)
  object space 112128K, 21% used [0x0000000740000000,0x0000000741807918,0x0000000746d80000)
 Metaspace       used 36884K, capacity 37880K, committed 38104K, reserved 1081344K
  class space    used 5153K, capacity 5578K, committed 5632K, reserved 1048576K
Event: 7.322 GC heap after
Heap after GC invocations=11 (full 2):
 PSYoungGen      total 152576K, used 14521K [0x0000000795580000, 0x00000007a1b80000, 0x00000007c0000000)
  eden space 136192K, 0% used [0x0000000795580000,0x0000000795580000,0x000000079da80000)
  from space 16384K, 88% used [0x000000079da80000,0x000000079e8ae400,0x000000079ea80000)
  to   space 17920K, 0% used [0x00000007a0a00000,0x00000007a0a00000,0x00000007a1b80000)
 ParOldGen       total 112128K, used 24614K [0x0000000740000000, 0x0000000746d80000, 0x0000000795580000)
  object space 112128K, 21% used [0x0000000740000000,0x0000000741809918,0x0000000746d80000)
 Metaspace       used 36884K, capacity 37880K, committed 38104K, reserved 1081344K
  class space    used 5153K, capacity 5578K, committed 5632K, reserved 1048576K
}

