# JRE version: Java(TM) SE Runtime Environment (8.0_101-b13) (build 1.8.0_101-b13)
# Java VM: Java HotSpot(TM) 64-Bit Server VM (25.101-b13 mixed mode bsd-amd64 compressed oops)
Heap:
 PSYoungGen      total 210944K, used 67624K [0x0000000795580000, 0x00000007a8a80000, 0x00000007c0000000)
  eden space 193024K, 25% used [0x0000000795580000,0x0000000798662d78,0x00000007a1200000)
  from space 17920K, 98% used [0x00000007a1200000,0x00000007a2327570,0x00000007a2380000)
  to   space 20992K, 0% used [0x00000007a7600000,0x00000007a7600000,0x00000007a8a80000)
 ParOldGen       total 114688K, used 27359K [0x0000000740000000, 0x0000000747000000, 0x0000000795580000)
  object space 114688K, 23% used [0x0000000740000000,0x0000000741ab7e48,0x0000000747000000)
 Metaspace       used 39987K, capacity 41282K, committed 41560K, reserved 1085440K
  class space    used 5630K, capacity 6178K, committed 6272K, reserved 1048576K
GC Heap History (10 events):
Event: 2.921 GC heap before
{Heap before GC invocations=5 (full 1):
 PSYoungGen      total 138240K, used 5088K [0x0000000795580000, 0x000000079e180000, 0x00000007c0000000)
  eden space 133120K, 0% used [0x0000000795580000,0x0000000795580000,0x000000079d780000)
  from space 5120K, 99% used [0x000000079dc80000,0x000000079e178060,0x000000079e180000)
  to   space 5120K, 0% used [0x000000079d780000,0x000000079d780000,0x000000079dc80000)
 ParOldGen       total 87552K, used 9442K [0x0000000740000000, 0x0000000745580000, 0x0000000795580000)
  object space 87552K, 10% used [0x0000000740000000,0x0000000740938b48,0x0000000745580000)
 Metaspace       used 20810K, capacity 21118K, committed 21248K, reserved 1067008K
  class space    used 2825K, capacity 2978K, committed 3072K, reserved 1048576K
Event: 2.987 GC heap after
Heap after GC invocations=5 (full 1):
 PSYoungGen      total 138240K, used 0K [0x0000000795580000, 0x000000079e180000, 0x00000007c0000000)
  eden space 133120K, 0% used [0x0000000795580000,0x0000000795580000,0x000000079d780000)
  from space 5120K, 0% used [0x000000079dc80000,0x000000079dc80000,0x000000079e180000)
  to   space 5120K, 0% used [0x000000079d780000,0x000000079d780000,0x000000079dc80000)
 ParOldGen       total 64512K, used 8909K [0x0000000740000000, 0x0000000743f00000, 0x0000000795580000)
  object space 64512K, 13% used [0x0000000740000000,0x00000007408b3608,0x0000000743f00000)
 Metaspace       used 20810K, capacity 21118K, committed 21248K, reserved 1067008K
  class space    used 2825K, capacity 2978K, committed 3072K, reserved 1048576K
}
Event: 5.063 GC heap before
{Heap before GC invocations=6 (full 1):
 PSYoungGen      total 138240K, used 133120K [0x0000000795580000, 0x000000079e180000, 0x00000007c0000000)
  eden space 133120K, 100% used [0x0000000795580000,0x000000079d780000,0x000000079d780000)
  from space 5120K, 0% used [0x000000079dc80000,0x000000079dc80000,0x000000079e180000)
  to   space 5120K, 0% used [0x000000079d780000,0x000000079d780000,0x000000079dc80000)
 ParOldGen       total 64512K, used 8909K [0x0000000740000000, 0x0000000743f00000, 0x0000000795580000)
  object space 64512K, 13% used [0x0000000740000000,0x00000007408b3608,0x0000000743f00000)
 Metaspace       used 29574K, capacity 30386K, committed 30464K, reserved 1075200K
  class space    used 4054K, capacity 4349K, committed 4352K, reserved 1048576K
Event: 5.082 GC heap after
Heap after GC invocations=6 (full 1):
 PSYoungGen      total 138240K, used 5120K [0x0000000795580000, 0x00000007a3280000, 0x00000007c0000000)
  eden space 133120K, 0% used [0x0000000795580000,0x0000000795580000,0x000000079d780000)
  from space 5120K, 100% used [0x000000079d780000,0x000000079dc80000,0x000000079dc80000)
  to   space 15360K, 0% used [0x00000007a2380000,0x00000007a2380000,0x00000007a3280000)
 ParOldGen       total 64512K, used 18377K [0x0000000740000000, 0x0000000743f00000, 0x0000000795580000)
  object space 64512K, 28% used [0x0000000740000000,0x00000007411f2670,0x0000000743f00000)
 Metaspace       used 29574K, capacity 30386K, committed 30464K, reserved 1075200K
  class space    used 4054K, capacity 4349K, committed 4352K, reserved 1048576K
}
Event: 6.181 GC heap before
{Heap before GC invocations=7 (full 1):
 PSYoungGen      total 138240K, used 87539K [0x0000000795580000, 0x00000007a3280000, 0x00000007c0000000)
  eden space 133120K, 61% used [0x0000000795580000,0x000000079a5fcd08,0x000000079d780000)
  from space 5120K, 100% used [0x000000079d780000,0x000000079dc80000,0x000000079dc80000)
  to   space 15360K, 0% used [0x00000007a2380000,0x00000007a2380000,0x00000007a3280000)
 ParOldGen       total 64512K, used 18377K [0x0000000740000000, 0x0000000743f00000, 0x0000000795580000)
  object space 64512K, 28% used [0x0000000740000000,0x00000007411f2670,0x0000000743f00000)
 Metaspace       used 34338K, capacity 35272K, committed 35416K, reserved 1079296K
  class space    used 4781K, capacity 5166K, committed 5248K, reserved 1048576K
Event: 6.210 GC heap after
Heap after GC invocations=7 (full 1):
 PSYoungGen      total 208384K, used 15332K [0x0000000795580000, 0x00000007a3a00000, 0x00000007c0000000)
  eden space 193024K, 0% used [0x0000000795580000,0x0000000795580000,0x00000007a1200000)
  from space 15360K, 99% used [0x00000007a2380000,0x00000007a3279238,0x00000007a3280000)
  to   space 17920K, 0% used [0x00000007a1200000,0x00000007a1200000,0x00000007a2380000)
 ParOldGen       total 64512K, used 18583K [0x0000000740000000, 0x0000000743f00000, 0x0000000795580000)
  object space 64512K, 28% used [0x0000000740000000,0x0000000741225c90,0x0000000743f00000)
 Metaspace       used 34338K, capacity 35272K, committed 35416K, reserved 1079296K
  class space    used 4781K, capacity 5166K, committed 5248K, reserved 1048576K
}
Event: 6.210 GC heap before
{Heap before GC invocations=8 (full 2):
 PSYoungGen      total 208384K, used 15332K [0x0000000795580000, 0x00000007a3a00000, 0x00000007c0000000)
  eden space 193024K, 0% used [0x0000000795580000,0x0000000795580000,0x00000007a1200000)
  from space 15360K, 99% used [0x00000007a2380000,0x00000007a3279238,0x00000007a3280000)
  to   space 17920K, 0% used [0x00000007a1200000,0x00000007a1200000,0x00000007a2380000)
 ParOldGen       total 64512K, used 18583K [0x0000000740000000, 0x0000000743f00000, 0x0000000795580000)
  object space 64512K, 28% used [0x0000000740000000,0x0000000741225c90,0x0000000743f00000)
 Metaspace       used 34338K, capacity 35272K, committed 35416K, reserved 1079296K
  class space    used 4781K, capacity 5166K, committed 5248K, reserved 1048576K
Event: 6.309 GC heap after
Heap after GC invocations=8 (full 2):
 PSYoungGen      total 208384K, used 0K [0x0000000795580000, 0x00000007a3a00000, 0x00000007c0000000)
  eden space 193024K, 0% used [0x0000000795580000,0x0000000795580000,0x00000007a1200000)
  from space 15360K, 0% used [0x00000007a2380000,0x00000007a2380000,0x00000007a3280000)
  to   space 17920K, 0% used [0x00000007a1200000,0x00000007a1200000,0x00000007a2380000)
 ParOldGen       total 114688K, used 27351K [0x0000000740000000, 0x0000000747000000, 0x0000000795580000)
  object space 114688K, 23% used [0x0000000740000000,0x0000000741ab5e48,0x0000000747000000)
 Metaspace       used 34338K, capacity 35272K, committed 35416K, reserved 1079296K
  class space    used 4781K, capacity 5166K, committed 5248K, reserved 1048576K
}
Event: 8.597 GC heap before
{Heap before GC invocations=9 (full 2):
 PSYoungGen      total 208384K, used 193024K [0x0000000795580000, 0x00000007a3a00000, 0x00000007c0000000)
  eden space 193024K, 100% used [0x0000000795580000,0x00000007a1200000,0x00000007a1200000)
  from space 15360K, 0% used [0x00000007a2380000,0x00000007a2380000,0x00000007a3280000)
  to   space 17920K, 0% used [0x00000007a1200000,0x00000007a1200000,0x00000007a2380000)
 ParOldGen       total 114688K, used 27351K [0x0000000740000000, 0x0000000747000000, 0x0000000795580000)
  object space 114688K, 23% used [0x0000000740000000,0x0000000741ab5e48,0x0000000747000000)
 Metaspace       used 39031K, capacity 40188K, committed 40280K, reserved 1083392K
  class space    used 5480K, capacity 5980K, committed 6016K, reserved 1048576K
Event: 8.627 GC heap after
Heap after GC invocations=9 (full 2):
 PSYoungGen      total 210944K, used 17565K [0x0000000795580000, 0x00000007a8a80000, 0x00000007c0000000)
  eden space 193024K, 0% used [0x0000000795580000,0x0000000795580000,0x00000007a1200000)
  from space 17920K, 98% used [0x00000007a1200000,0x00000007a2327570,0x00000007a2380000)
  to   space 20992K, 0% used [0x00000007a7600000,0x00000007a7600000,0x00000007a8a80000)
 ParOldGen       total 114688K, used 27359K [0x0000000740000000, 0x0000000747000000, 0x0000000795580000)
  object space 114688K, 23% used [0x0000000740000000,0x0000000741ab7e48,0x0000000747000000)
 Metaspace       used 39031K, capacity 40188K, committed 40280K, reserved 1083392K
  class space    used 5480K, capacity 5980K, committed 6016K, reserved 1048576K
}

