# JRE version: Java(TM) SE Runtime Environment (8.0_101-b13) (build 1.8.0_101-b13)
# Java VM: Java HotSpot(TM) 64-Bit Server VM (25.101-b13 mixed mode bsd-amd64 compressed oops)
Heap:
 PSYoungGen      total 199680K, used 58017K [0x0000000795580000, 0x00000007a3280000, 0x00000007c0000000)
  eden space 184832K, 31% used [0x0000000795580000,0x0000000798e284f0,0x00000007a0a00000)
  from space 14848K, 0% used [0x00000007a1c00000,0x00000007a1c00000,0x00000007a2a80000)
  to   space 18432K, 0% used [0x00000007a0a00000,0x00000007a0a00000,0x00000007a1c00000)
 ParOldGen       total 127488K, used 32312K [0x0000000740000000, 0x0000000747c80000, 0x0000000795580000)
  object space 127488K, 25% used [0x0000000740000000,0x0000000741f8e3f8,0x0000000747c80000)
 Metaspace       used 35470K, capacity 36478K, committed 36568K, reserved 1081344K
  class space    used 4913K, capacity 5348K, committed 5376K, reserved 1048576K
GC Heap History (10 events):
Event: 4.150 GC heap before
{Heap before GC invocations=4 (full 0):
 PSYoungGen      total 71680K, used 21162K [0x0000000795580000, 0x000000079e180000, 0x00000007c0000000)
  eden space 66560K, 24% used [0x0000000795580000,0x0000000796532b08,0x0000000799680000)
  from space 5120K, 99% used [0x0000000799680000,0x0000000799b78040,0x0000000799b80000)
  to   space 5120K, 0% used [0x000000079dc80000,0x000000079dc80000,0x000000079e180000)
 ParOldGen       total 87552K, used 7206K [0x0000000740000000, 0x0000000745580000, 0x0000000795580000)
  object space 87552K, 8% used [0x0000000740000000,0x0000000740709968,0x0000000745580000)
 Metaspace       used 20801K, capacity 21118K, committed 21248K, reserved 1067008K
  class space    used 2821K, capacity 2978K, committed 3072K, reserved 1048576K
Event: 4.160 GC heap after
Heap after GC invocations=4 (full 0):
 PSYoungGen      total 138240K, used 5104K [0x0000000795580000, 0x000000079e180000, 0x00000007c0000000)
  eden space 133120K, 0% used [0x0000000795580000,0x0000000795580000,0x000000079d780000)
  from space 5120K, 99% used [0x000000079dc80000,0x000000079e17c060,0x000000079e180000)
  to   space 5120K, 0% used [0x000000079d780000,0x000000079d780000,0x000000079dc80000)
 ParOldGen       total 87552K, used 9000K [0x0000000740000000, 0x0000000745580000, 0x0000000795580000)
  object space 87552K, 10% used [0x0000000740000000,0x00000007408ca128,0x0000000745580000)
 Metaspace       used 20801K, capacity 21118K, committed 21248K, reserved 1067008K
  class space    used 2821K, capacity 2978K, committed 3072K, reserved 1048576K
}
Event: 4.160 GC heap before
{Heap before GC invocations=5 (full 1):
 PSYoungGen      total 138240K, used 5104K [0x0000000795580000, 0x000000079e180000, 0x00000007c0000000)
  eden space 133120K, 0% used [0x0000000795580000,0x0000000795580000,0x000000079d780000)
  from space 5120K, 99% used [0x000000079dc80000,0x000000079e17c060,0x000000079e180000)
  to   space 5120K, 0% used [0x000000079d780000,0x000000079d780000,0x000000079dc80000)
 ParOldGen       total 87552K, used 9000K [0x0000000740000000, 0x0000000745580000, 0x0000000795580000)
  object space 87552K, 10% used [0x0000000740000000,0x00000007408ca128,0x0000000745580000)
 Metaspace       used 20801K, capacity 21118K, committed 21248K, reserved 1067008K
  class space    used 2821K, capacity 2978K, committed 3072K, reserved 1048576K
Event: 4.241 GC heap after
Heap after GC invocations=5 (full 1):
 PSYoungGen      total 138240K, used 0K [0x0000000795580000, 0x000000079e180000, 0x00000007c0000000)
  eden space 133120K, 0% used [0x0000000795580000,0x0000000795580000,0x000000079d780000)
  from space 5120K, 0% used [0x000000079dc80000,0x000000079dc80000,0x000000079e180000)
  to   space 5120K, 0% used [0x000000079d780000,0x000000079d780000,0x000000079dc80000)
 ParOldGen       total 70656K, used 12940K [0x0000000740000000, 0x0000000744500000, 0x0000000795580000)
  object space 70656K, 18% used [0x0000000740000000,0x0000000740ca33c8,0x0000000744500000)
 Metaspace       used 20801K, capacity 21118K, committed 21248K, reserved 1067008K
  class space    used 2821K, capacity 2978K, committed 3072K, reserved 1048576K
}
Event: 7.038 GC heap before
{Heap before GC invocations=6 (full 1):
 PSYoungGen      total 138240K, used 133120K [0x0000000795580000, 0x000000079e180000, 0x00000007c0000000)
  eden space 133120K, 100% used [0x0000000795580000,0x000000079d780000,0x000000079d780000)
  from space 5120K, 0% used [0x000000079dc80000,0x000000079dc80000,0x000000079e180000)
  to   space 5120K, 0% used [0x000000079d780000,0x000000079d780000,0x000000079dc80000)
 ParOldGen       total 70656K, used 12940K [0x0000000740000000, 0x0000000744500000, 0x0000000795580000)
  object space 70656K, 18% used [0x0000000740000000,0x0000000740ca33c8,0x0000000744500000)
 Metaspace       used 29247K, capacity 30054K, committed 30208K, reserved 1075200K
  class space    used 4000K, capacity 4281K, committed 4352K, reserved 1048576K
Event: 7.056 GC heap after
Heap after GC invocations=6 (full 1):
 PSYoungGen      total 138240K, used 5088K [0x0000000795580000, 0x00000007a2a80000, 0x00000007c0000000)
  eden space 133120K, 0% used [0x0000000795580000,0x0000000795580000,0x000000079d780000)
  from space 5120K, 99% used [0x000000079d780000,0x000000079dc78010,0x000000079dc80000)
  to   space 14848K, 0% used [0x00000007a1c00000,0x00000007a1c00000,0x00000007a2a80000)
 ParOldGen       total 70656K, used 21784K [0x0000000740000000, 0x0000000744500000, 0x0000000795580000)
  object space 70656K, 30% used [0x0000000740000000,0x0000000741546250,0x0000000744500000)
 Metaspace       used 29247K, capacity 30054K, committed 30208K, reserved 1075200K
  class space    used 4000K, capacity 4281K, committed 4352K, reserved 1048576K
}
Event: 8.475 GC heap before
{Heap before GC invocations=7 (full 1):
 PSYoungGen      total 138240K, used 91608K [0x0000000795580000, 0x00000007a2a80000, 0x00000007c0000000)
  eden space 133120K, 64% used [0x0000000795580000,0x000000079a9fe018,0x000000079d780000)
  from space 5120K, 99% used [0x000000079d780000,0x000000079dc78010,0x000000079dc80000)
  to   space 14848K, 0% used [0x00000007a1c00000,0x00000007a1c00000,0x00000007a2a80000)
 ParOldGen       total 70656K, used 21784K [0x0000000740000000, 0x0000000744500000, 0x0000000795580000)
  object space 70656K, 30% used [0x0000000740000000,0x0000000741546250,0x0000000744500000)
 Metaspace       used 34344K, capacity 35304K, committed 35416K, reserved 1079296K
  class space    used 4784K, capacity 5198K, committed 5248K, reserved 1048576K
Event: 8.498 GC heap after
Heap after GC invocations=7 (full 1):
 PSYoungGen      total 199680K, used 14821K [0x0000000795580000, 0x00000007a3280000, 0x00000007c0000000)
  eden space 184832K, 0% used [0x0000000795580000,0x0000000795580000,0x00000007a0a00000)
  from space 14848K, 99% used [0x00000007a1c00000,0x00000007a2a79430,0x00000007a2a80000)
  to   space 18432K, 0% used [0x00000007a0a00000,0x00000007a0a00000,0x00000007a1c00000)
 ParOldGen       total 70656K, used 23723K [0x0000000740000000, 0x0000000744500000, 0x0000000795580000)
  object space 70656K, 33% used [0x0000000740000000,0x000000074172af88,0x0000000744500000)
 Metaspace       used 34344K, capacity 35304K, committed 35416K, reserved 1079296K
  class space    used 4784K, capacity 5198K, committed 5248K, reserved 1048576K
}
Event: 8.498 GC heap before
{Heap before GC invocations=8 (full 2):
 PSYoungGen      total 199680K, used 14821K [0x0000000795580000, 0x00000007a3280000, 0x00000007c0000000)
  eden space 184832K, 0% used [0x0000000795580000,0x0000000795580000,0x00000007a0a00000)
  from space 14848K, 99% used [0x00000007a1c00000,0x00000007a2a79430,0x00000007a2a80000)
  to   space 18432K, 0% used [0x00000007a0a00000,0x00000007a0a00000,0x00000007a1c00000)
 ParOldGen       total 70656K, used 23723K [0x0000000740000000, 0x0000000744500000, 0x0000000795580000)
  object space 70656K, 33% used [0x0000000740000000,0x000000074172af88,0x0000000744500000)
 Metaspace       used 34344K, capacity 35304K, committed 35416K, reserved 1079296K
  class space    used 4784K, capacity 5198K, committed 5248K, reserved 1048576K
Event: 8.654 GC heap after
Heap after GC invocations=8 (full 2):
 PSYoungGen      total 199680K, used 0K [0x0000000795580000, 0x00000007a3280000, 0x00000007c0000000)
  eden space 184832K, 0% used [0x0000000795580000,0x0000000795580000,0x00000007a0a00000)
  from space 14848K, 0% used [0x00000007a1c00000,0x00000007a1c00000,0x00000007a2a80000)
  to   space 18432K, 0% used [0x00000007a0a00000,0x00000007a0a00000,0x00000007a1c00000)
 ParOldGen       total 127488K, used 32312K [0x0000000740000000, 0x0000000747c80000, 0x0000000795580000)
  object space 127488K, 25% used [0x0000000740000000,0x0000000741f8e3f8,0x0000000747c80000)
 Metaspace       used 34344K, capacity 35304K, committed 35416K, reserved 1079296K
  class space    used 4784K, capacity 5198K, committed 5248K, reserved 1048576K
}

