# JRE version: Java(TM) SE Runtime Environment (8.0_101-b13) (build 1.8.0_101-b13)
# Java VM: Java HotSpot(TM) 64-Bit Server VM (25.101-b13 mixed mode bsd-amd64 compressed oops)
Heap:
 PSYoungGen      total 163328K, used 106552K [0x0000000795580000, 0x00000007a2c00000, 0x00000007c0000000)
  eden space 146944K, 62% used [0x0000000795580000,0x000000079aec60d0,0x000000079e500000)
  from space 16384K, 92% used [0x000000079e500000,0x000000079f3c8010,0x000000079f500000)
  to   space 17920K, 0% used [0x00000007a1a80000,0x00000007a1a80000,0x00000007a2c00000)
 ParOldGen       total 108544K, used 24567K [0x0000000740000000, 0x0000000746a00000, 0x0000000795580000)
  object space 108544K, 22% used [0x0000000740000000,0x00000007417fdf38,0x0000000746a00000)
 Metaspace       used 39944K, capacity 41282K, committed 41560K, reserved 1085440K
  class space    used 5632K, capacity 6178K, committed 6272K, reserved 1048576K
GC Heap History (10 events):
Event: 2.780 GC heap before
{Heap before GC invocations=7 (full 1):
 PSYoungGen      total 71680K, used 66560K [0x0000000795580000, 0x000000079ea80000, 0x00000007c0000000)
  eden space 66560K, 100% used [0x0000000795580000,0x0000000799680000,0x0000000799680000)
  from space 5120K, 0% used [0x0000000799680000,0x0000000799680000,0x0000000799b80000)
  to   space 9728K, 0% used [0x000000079e100000,0x000000079e100000,0x000000079ea80000)
 ParOldGen       total 62464K, used 8914K [0x0000000740000000, 0x0000000743d00000, 0x0000000795580000)
  object space 62464K, 14% used [0x0000000740000000,0x00000007408b48b0,0x0000000743d00000)
 Metaspace       used 25333K, capacity 25984K, committed 26240K, reserved 1071104K
  class space    used 3431K, capacity 3673K, committed 3712K, reserved 1048576K
Event: 2.789 GC heap after
Heap after GC invocations=7 (full 1):
 PSYoungGen      total 105472K, used 6086K [0x0000000795580000, 0x000000079e700000, 0x00000007c0000000)
  eden space 99328K, 0% used [0x0000000795580000,0x0000000795580000,0x000000079b680000)
  from space 6144K, 99% used [0x000000079e100000,0x000000079e6f1a70,0x000000079e700000)
  to   space 9728K, 0% used [0x000000079d400000,0x000000079d400000,0x000000079dd80000)
 ParOldGen       total 62464K, used 8986K [0x0000000740000000, 0x0000000743d00000, 0x0000000795580000)
  object space 62464K, 14% used [0x0000000740000000,0x00000007408c68c0,0x0000000743d00000)
 Metaspace       used 25333K, capacity 25984K, committed 26240K, reserved 1071104K
  class space    used 3431K, capacity 3673K, committed 3712K, reserved 1048576K
}
Event: 3.845 GC heap before
{Heap before GC invocations=8 (full 1):
 PSYoungGen      total 105472K, used 105414K [0x0000000795580000, 0x000000079e700000, 0x00000007c0000000)
  eden space 99328K, 100% used [0x0000000795580000,0x000000079b680000,0x000000079b680000)
  from space 6144K, 99% used [0x000000079e100000,0x000000079e6f1a70,0x000000079e700000)
  to   space 9728K, 0% used [0x000000079d400000,0x000000079d400000,0x000000079dd80000)
 ParOldGen       total 62464K, used 8986K [0x0000000740000000, 0x0000000743d00000, 0x0000000795580000)
  object space 62464K, 14% used [0x0000000740000000,0x00000007408c68c0,0x0000000743d00000)
 Metaspace       used 32091K, capacity 32974K, committed 33280K, reserved 1077248K
  class space    used 4458K, capacity 4803K, committed 4864K, reserved 1048576K
Event: 3.870 GC heap after
Heap after GC invocations=8 (full 1):
 PSYoungGen      total 139264K, used 9712K [0x0000000795580000, 0x00000007a0300000, 0x00000007c0000000)
  eden space 129536K, 0% used [0x0000000795580000,0x0000000795580000,0x000000079d400000)
  from space 9728K, 99% used [0x000000079d400000,0x000000079dd7c010,0x000000079dd80000)
  to   space 14336K, 0% used [0x000000079f500000,0x000000079f500000,0x00000007a0300000)
 ParOldGen       total 62464K, used 16002K [0x0000000740000000, 0x0000000743d00000, 0x0000000795580000)
  object space 62464K, 25% used [0x0000000740000000,0x0000000740fa0830,0x0000000743d00000)
 Metaspace       used 32091K, capacity 32974K, committed 33280K, reserved 1077248K
  class space    used 4458K, capacity 4803K, committed 4864K, reserved 1048576K
}
Event: 4.325 GC heap before
{Heap before GC invocations=9 (full 1):
 PSYoungGen      total 139264K, used 55998K [0x0000000795580000, 0x00000007a0300000, 0x00000007c0000000)
  eden space 129536K, 35% used [0x0000000795580000,0x00000007982b3950,0x000000079d400000)
  from space 9728K, 99% used [0x000000079d400000,0x000000079dd7c010,0x000000079dd80000)
  to   space 14336K, 0% used [0x000000079f500000,0x000000079f500000,0x00000007a0300000)
 ParOldGen       total 62464K, used 16002K [0x0000000740000000, 0x0000000743d00000, 0x0000000795580000)
  object space 62464K, 25% used [0x0000000740000000,0x0000000740fa0830,0x0000000743d00000)
 Metaspace       used 34329K, capacity 35272K, committed 35416K, reserved 1079296K
  class space    used 4780K, capacity 5166K, committed 5248K, reserved 1048576K
Event: 4.350 GC heap after
Heap after GC invocations=9 (full 1):
 PSYoungGen      total 161280K, used 14310K [0x0000000795580000, 0x00000007a3c00000, 0x00000007c0000000)
  eden space 146944K, 0% used [0x0000000795580000,0x0000000795580000,0x000000079e500000)
  from space 14336K, 99% used [0x000000079f500000,0x00000007a02f9978,0x00000007a0300000)
  to   space 16384K, 0% used [0x000000079e500000,0x000000079e500000,0x000000079f500000)
 ParOldGen       total 62464K, used 16544K [0x0000000740000000, 0x0000000743d00000, 0x0000000795580000)
  object space 62464K, 26% used [0x0000000740000000,0x00000007410280a8,0x0000000743d00000)
 Metaspace       used 34329K, capacity 35272K, committed 35416K, reserved 1079296K
  class space    used 4780K, capacity 5166K, committed 5248K, reserved 1048576K
}
Event: 4.350 GC heap before
{Heap before GC invocations=10 (full 2):
 PSYoungGen      total 161280K, used 14310K [0x0000000795580000, 0x00000007a3c00000, 0x00000007c0000000)
  eden space 146944K, 0% used [0x0000000795580000,0x0000000795580000,0x000000079e500000)
  from space 14336K, 99% used [0x000000079f500000,0x00000007a02f9978,0x00000007a0300000)
  to   space 16384K, 0% used [0x000000079e500000,0x000000079e500000,0x000000079f500000)
 ParOldGen       total 62464K, used 16544K [0x0000000740000000, 0x0000000743d00000, 0x0000000795580000)
  object space 62464K, 26% used [0x0000000740000000,0x00000007410280a8,0x0000000743d00000)
 Metaspace       used 34329K, capacity 35272K, committed 35416K, reserved 1079296K
  class space    used 4780K, capacity 5166K, committed 5248K, reserved 1048576K
Event: 4.484 GC heap after
Heap after GC invocations=10 (full 2):
 PSYoungGen      total 161280K, used 0K [0x0000000795580000, 0x00000007a3c00000, 0x00000007c0000000)
  eden space 146944K, 0% used [0x0000000795580000,0x0000000795580000,0x000000079e500000)
  from space 14336K, 0% used [0x000000079f500000,0x000000079f500000,0x00000007a0300000)
  to   space 16384K, 0% used [0x000000079e500000,0x000000079e500000,0x000000079f500000)
 ParOldGen       total 108544K, used 24559K [0x0000000740000000, 0x0000000746a00000, 0x0000000795580000)
  object space 108544K, 22% used [0x0000000740000000,0x00000007417fbf38,0x0000000746a00000)
 Metaspace       used 34329K, capacity 35272K, committed 35416K, reserved 1079296K
  class space    used 4780K, capacity 5166K, committed 5248K, reserved 1048576K
}
Event: 5.806 GC heap before
{Heap before GC invocations=11 (full 2):
 PSYoungGen      total 161280K, used 146944K [0x0000000795580000, 0x00000007a3c00000, 0x00000007c0000000)
  eden space 146944K, 100% used [0x0000000795580000,0x000000079e500000,0x000000079e500000)
  from space 14336K, 0% used [0x000000079f500000,0x000000079f500000,0x00000007a0300000)
  to   space 16384K, 0% used [0x000000079e500000,0x000000079e500000,0x000000079f500000)
 ParOldGen       total 108544K, used 24559K [0x0000000740000000, 0x0000000746a00000, 0x0000000795580000)
  object space 108544K, 22% used [0x0000000740000000,0x00000007417fbf38,0x0000000746a00000)
 Metaspace       used 37030K, capacity 38104K, committed 38360K, reserved 1081344K
  class space    used 5179K, capacity 5593K, committed 5632K, reserved 1048576K
Event: 5.836 GC heap after
Heap after GC invocations=11 (full 2):
 PSYoungGen      total 163328K, used 15136K [0x0000000795580000, 0x00000007a2c00000, 0x00000007c0000000)
  eden space 146944K, 0% used [0x0000000795580000,0x0000000795580000,0x000000079e500000)
  from space 16384K, 92% used [0x000000079e500000,0x000000079f3c8010,0x000000079f500000)
  to   space 17920K, 0% used [0x00000007a1a80000,0x00000007a1a80000,0x00000007a2c00000)
 ParOldGen       total 108544K, used 24567K [0x0000000740000000, 0x0000000746a00000, 0x0000000795580000)
  object space 108544K, 22% used [0x0000000740000000,0x00000007417fdf38,0x0000000746a00000)
 Metaspace       used 37030K, capacity 38104K, committed 38360K, reserved 1081344K
  class space    used 5179K, capacity 5593K, committed 5632K, reserved 1048576K
}

