# JRE version: Java(TM) SE Runtime Environment (8.0_101-b13) (build 1.8.0_101-b13)
# Java VM: Java HotSpot(TM) 64-Bit Server VM (25.101-b13 mixed mode bsd-amd64 compressed oops)
Heap:
 PSYoungGen      total 159744K, used 105439K [0x0000000795580000, 0x00000007a2400000, 0x00000007c0000000)
  eden space 143360K, 63% used [0x0000000795580000,0x000000079adf9828,0x000000079e180000)
  from space 16384K, 90% used [0x000000079e180000,0x000000079effe400,0x000000079f180000)
  to   space 17920K, 0% used [0x00000007a1280000,0x00000007a1280000,0x00000007a2400000)
 ParOldGen       total 110592K, used 24615K [0x0000000740000000, 0x0000000746c00000, 0x0000000795580000)
  object space 110592K, 22% used [0x0000000740000000,0x0000000741809de8,0x0000000746c00000)
 Metaspace       used 39811K, capacity 41098K, committed 41176K, reserved 1085440K
  class space    used 5589K, capacity 6110K, committed 6144K, reserved 1048576K
GC Heap History (10 events):
Event: 3.067 GC heap before
{Heap before GC invocations=7 (full 1):
 PSYoungGen      total 71680K, used 66560K [0x0000000795580000, 0x000000079ea80000, 0x00000007c0000000)
  eden space 66560K, 100% used [0x0000000795580000,0x0000000799680000,0x0000000799680000)
  from space 5120K, 0% used [0x0000000799680000,0x0000000799680000,0x0000000799b80000)
  to   space 9728K, 0% used [0x000000079e100000,0x000000079e100000,0x000000079ea80000)
 ParOldGen       total 62976K, used 8895K [0x0000000740000000, 0x0000000743d80000, 0x0000000795580000)
  object space 62976K, 14% used [0x0000000740000000,0x00000007408affe0,0x0000000743d80000)
 Metaspace       used 25296K, capacity 25984K, committed 26240K, reserved 1071104K
  class space    used 3433K, capacity 3673K, committed 3712K, reserved 1048576K
Event: 3.078 GC heap after
Heap after GC invocations=7 (full 1):
 PSYoungGen      total 104960K, used 5958K [0x0000000795580000, 0x000000079e700000, 0x00000007c0000000)
  eden space 98816K, 0% used [0x0000000795580000,0x0000000795580000,0x000000079b600000)
  from space 6144K, 96% used [0x000000079e100000,0x000000079e6d1a80,0x000000079e700000)
  to   space 9728K, 0% used [0x000000079d400000,0x000000079d400000,0x000000079dd80000)
 ParOldGen       total 62976K, used 8903K [0x0000000740000000, 0x0000000743d80000, 0x0000000795580000)
  object space 62976K, 14% used [0x0000000740000000,0x00000007408b1fe0,0x0000000743d80000)
 Metaspace       used 25296K, capacity 25984K, committed 26240K, reserved 1071104K
  class space    used 3433K, capacity 3673K, committed 3712K, reserved 1048576K
}
Event: 4.151 GC heap before
{Heap before GC invocations=8 (full 1):
 PSYoungGen      total 104960K, used 104774K [0x0000000795580000, 0x000000079e700000, 0x00000007c0000000)
  eden space 98816K, 100% used [0x0000000795580000,0x000000079b600000,0x000000079b600000)
  from space 6144K, 96% used [0x000000079e100000,0x000000079e6d1a80,0x000000079e700000)
  to   space 9728K, 0% used [0x000000079d400000,0x000000079d400000,0x000000079dd80000)
 ParOldGen       total 62976K, used 8903K [0x0000000740000000, 0x0000000743d80000, 0x0000000795580000)
  object space 62976K, 14% used [0x0000000740000000,0x00000007408b1fe0,0x0000000743d80000)
 Metaspace       used 31989K, capacity 32910K, committed 33024K, reserved 1077248K
  class space    used 4453K, capacity 4803K, committed 4864K, reserved 1048576K
Event: 4.170 GC heap after
Heap after GC invocations=8 (full 1):
 PSYoungGen      total 139264K, used 9712K [0x0000000795580000, 0x000000079ff00000, 0x00000007c0000000)
  eden space 129536K, 0% used [0x0000000795580000,0x0000000795580000,0x000000079d400000)
  from space 9728K, 99% used [0x000000079d400000,0x000000079dd7c010,0x000000079dd80000)
  to   space 13824K, 0% used [0x000000079f180000,0x000000079f180000,0x000000079ff00000)
 ParOldGen       total 62976K, used 15696K [0x0000000740000000, 0x0000000743d80000, 0x0000000795580000)
  object space 62976K, 24% used [0x0000000740000000,0x0000000740f541e8,0x0000000743d80000)
 Metaspace       used 31989K, capacity 32910K, committed 33024K, reserved 1077248K
  class space    used 4453K, capacity 4803K, committed 4864K, reserved 1048576K
}
Event: 4.658 GC heap before
{Heap before GC invocations=9 (full 1):
 PSYoungGen      total 139264K, used 58586K [0x0000000795580000, 0x000000079ff00000, 0x00000007c0000000)
  eden space 129536K, 37% used [0x0000000795580000,0x000000079853abb0,0x000000079d400000)
  from space 9728K, 99% used [0x000000079d400000,0x000000079dd7c010,0x000000079dd80000)
  to   space 13824K, 0% used [0x000000079f180000,0x000000079f180000,0x000000079ff00000)
 ParOldGen       total 62976K, used 15696K [0x0000000740000000, 0x0000000743d80000, 0x0000000795580000)
  object space 62976K, 24% used [0x0000000740000000,0x0000000740f541e8,0x0000000743d80000)
 Metaspace       used 34301K, capacity 35272K, committed 35416K, reserved 1079296K
  class space    used 4782K, capacity 5166K, committed 5248K, reserved 1048576K
Event: 4.681 GC heap after
Heap after GC invocations=9 (full 1):
 PSYoungGen      total 157184K, used 13824K [0x0000000795580000, 0x00000007a3800000, 0x00000007c0000000)
  eden space 143360K, 0% used [0x0000000795580000,0x0000000795580000,0x000000079e180000)
  from space 13824K, 100% used [0x000000079f180000,0x000000079ff00000,0x000000079ff00000)
  to   space 16384K, 0% used [0x000000079e180000,0x000000079e180000,0x000000079f180000)
 ParOldGen       total 62976K, used 16992K [0x0000000740000000, 0x0000000743d80000, 0x0000000795580000)
  object space 62976K, 26% used [0x0000000740000000,0x0000000741098380,0x0000000743d80000)
 Metaspace       used 34301K, capacity 35272K, committed 35416K, reserved 1079296K
  class space    used 4782K, capacity 5166K, committed 5248K, reserved 1048576K
}
Event: 4.681 GC heap before
{Heap before GC invocations=10 (full 2):
 PSYoungGen      total 157184K, used 13824K [0x0000000795580000, 0x00000007a3800000, 0x00000007c0000000)
  eden space 143360K, 0% used [0x0000000795580000,0x0000000795580000,0x000000079e180000)
  from space 13824K, 100% used [0x000000079f180000,0x000000079ff00000,0x000000079ff00000)
  to   space 16384K, 0% used [0x000000079e180000,0x000000079e180000,0x000000079f180000)
 ParOldGen       total 62976K, used 16992K [0x0000000740000000, 0x0000000743d80000, 0x0000000795580000)
  object space 62976K, 26% used [0x0000000740000000,0x0000000741098380,0x0000000743d80000)
 Metaspace       used 34301K, capacity 35272K, committed 35416K, reserved 1079296K
  class space    used 4782K, capacity 5166K, committed 5248K, reserved 1048576K
Event: 4.818 GC heap after
Heap after GC invocations=10 (full 2):
 PSYoungGen      total 157184K, used 0K [0x0000000795580000, 0x00000007a3800000, 0x00000007c0000000)
  eden space 143360K, 0% used [0x0000000795580000,0x0000000795580000,0x000000079e180000)
  from space 13824K, 0% used [0x000000079f180000,0x000000079f180000,0x000000079ff00000)
  to   space 16384K, 0% used [0x000000079e180000,0x000000079e180000,0x000000079f180000)
 ParOldGen       total 110592K, used 24607K [0x0000000740000000, 0x0000000746c00000, 0x0000000795580000)
  object space 110592K, 22% used [0x0000000740000000,0x0000000741807de8,0x0000000746c00000)
 Metaspace       used 34301K, capacity 35272K, committed 35416K, reserved 1079296K
  class space    used 4782K, capacity 5166K, committed 5248K, reserved 1048576K
}
Event: 6.317 GC heap before
{Heap before GC invocations=11 (full 2):
 PSYoungGen      total 157184K, used 143360K [0x0000000795580000, 0x00000007a3800000, 0x00000007c0000000)
  eden space 143360K, 100% used [0x0000000795580000,0x000000079e180000,0x000000079e180000)
  from space 13824K, 0% used [0x000000079f180000,0x000000079f180000,0x000000079ff00000)
  to   space 16384K, 0% used [0x000000079e180000,0x000000079e180000,0x000000079f180000)
 ParOldGen       total 110592K, used 24607K [0x0000000740000000, 0x0000000746c00000, 0x0000000795580000)
  object space 110592K, 22% used [0x0000000740000000,0x0000000741807de8,0x0000000746c00000)
 Metaspace       used 36904K, capacity 37978K, committed 38104K, reserved 1081344K
  class space    used 5151K, capacity 5548K, committed 5632K, reserved 1048576K
Event: 6.335 GC heap after
Heap after GC invocations=11 (full 2):
 PSYoungGen      total 159744K, used 14841K [0x0000000795580000, 0x00000007a2400000, 0x00000007c0000000)
  eden space 143360K, 0% used [0x0000000795580000,0x0000000795580000,0x000000079e180000)
  from space 16384K, 90% used [0x000000079e180000,0x000000079effe400,0x000000079f180000)
  to   space 17920K, 0% used [0x00000007a1280000,0x00000007a1280000,0x00000007a2400000)
 ParOldGen       total 110592K, used 24615K [0x0000000740000000, 0x0000000746c00000, 0x0000000795580000)
  object space 110592K, 22% used [0x0000000740000000,0x0000000741809de8,0x0000000746c00000)
 Metaspace       used 36904K, capacity 37978K, committed 38104K, reserved 1081344K
  class space    used 5151K, capacity 5548K, committed 5632K, reserved 1048576K
}

