# JRE version: Java(TM) SE Runtime Environment (8.0_101-b13) (build 1.8.0_101-b13)
# Java VM: Java HotSpot(TM) 64-Bit Server VM (25.101-b13 mixed mode bsd-amd64 compressed oops)
Heap:
 PSYoungGen      total 146944K, used 52280K [0x0000000795580000, 0x00000007a1480000, 0x00000007c0000000)
  eden space 130560K, 29% used [0x0000000795580000,0x0000000797b8fe90,0x000000079d500000)
  from space 16384K, 81% used [0x000000079d500000,0x000000079e1fe400,0x000000079e500000)
  to   space 17408K, 0% used [0x00000007a0380000,0x00000007a0380000,0x00000007a1480000)
 ParOldGen       total 111616K, used 24639K [0x0000000740000000, 0x0000000746d00000, 0x0000000795580000)
  object space 111616K, 22% used [0x0000000740000000,0x000000074180ffb8,0x0000000746d00000)
 Metaspace       used 37965K, capacity 39120K, committed 39384K, reserved 1083392K
  class space    used 5337K, capacity 5828K, committed 5888K, reserved 1048576K
GC Heap History (10 events):
Event: 6.658 GC heap before
{Heap before GC invocations=7 (full 1):
 PSYoungGen      total 71680K, used 66560K [0x0000000795580000, 0x000000079ea80000, 0x00000007c0000000)
  eden space 66560K, 100% used [0x0000000795580000,0x0000000799680000,0x0000000799680000)
  from space 5120K, 0% used [0x0000000799680000,0x0000000799680000,0x0000000799b80000)
  to   space 9728K, 0% used [0x000000079e100000,0x000000079e100000,0x000000079ea80000)
 ParOldGen       total 64512K, used 8862K [0x0000000740000000, 0x0000000743f00000, 0x0000000795580000)
  object space 64512K, 13% used [0x0000000740000000,0x00000007408a78d0,0x0000000743f00000)
 Metaspace       used 25375K, capacity 25984K, committed 26240K, reserved 1071104K
  class space    used 3437K, capacity 3673K, committed 3712K, reserved 1048576K
Event: 6.667 GC heap after
Heap after GC invocations=7 (full 1):
 PSYoungGen      total 100864K, used 5958K [0x0000000795580000, 0x000000079e700000, 0x00000007c0000000)
  eden space 94720K, 0% used [0x0000000795580000,0x0000000795580000,0x000000079b200000)
  from space 6144K, 96% used [0x000000079e100000,0x000000079e6d1a80,0x000000079e700000)
  to   space 9728K, 0% used [0x000000079d400000,0x000000079d400000,0x000000079dd80000)
 ParOldGen       total 64512K, used 8870K [0x0000000740000000, 0x0000000743f00000, 0x0000000795580000)
  object space 64512K, 13% used [0x0000000740000000,0x00000007408a98d0,0x0000000743f00000)
 Metaspace       used 25375K, capacity 25984K, committed 26240K, reserved 1071104K
  class space    used 3437K, capacity 3673K, committed 3712K, reserved 1048576K
}
Event: 8.578 GC heap before
{Heap before GC invocations=8 (full 1):
 PSYoungGen      total 100864K, used 100678K [0x0000000795580000, 0x000000079e700000, 0x00000007c0000000)
  eden space 94720K, 100% used [0x0000000795580000,0x000000079b200000,0x000000079b200000)
  from space 6144K, 96% used [0x000000079e100000,0x000000079e6d1a80,0x000000079e700000)
  to   space 9728K, 0% used [0x000000079d400000,0x000000079d400000,0x000000079dd80000)
 ParOldGen       total 64512K, used 8870K [0x0000000740000000, 0x0000000743f00000, 0x0000000795580000)
  object space 64512K, 13% used [0x0000000740000000,0x00000007408a98d0,0x0000000743f00000)
 Metaspace       used 31975K, capacity 32968K, committed 33024K, reserved 1077248K
  class space    used 4438K, capacity 4823K, committed 4864K, reserved 1048576K
Event: 8.601 GC heap after
Heap after GC invocations=8 (full 1):
 PSYoungGen      total 139264K, used 9716K [0x0000000795580000, 0x000000079f280000, 0x00000007c0000000)
  eden space 129536K, 0% used [0x0000000795580000,0x0000000795580000,0x000000079d400000)
  from space 9728K, 99% used [0x000000079d400000,0x000000079dd7d010,0x000000079dd80000)
  to   space 13824K, 0% used [0x000000079e500000,0x000000079e500000,0x000000079f280000)
 ParOldGen       total 64512K, used 15002K [0x0000000740000000, 0x0000000743f00000, 0x0000000795580000)
  object space 64512K, 23% used [0x0000000740000000,0x0000000740ea69f0,0x0000000743f00000)
 Metaspace       used 31975K, capacity 32968K, committed 33024K, reserved 1077248K
  class space    used 4438K, capacity 4823K, committed 4864K, reserved 1048576K
}
Event: 9.563 GC heap before
{Heap before GC invocations=9 (full 1):
 PSYoungGen      total 139264K, used 61080K [0x0000000795580000, 0x000000079f280000, 0x00000007c0000000)
  eden space 129536K, 39% used [0x0000000795580000,0x00000007987a9280,0x000000079d400000)
  from space 9728K, 99% used [0x000000079d400000,0x000000079dd7d010,0x000000079dd80000)
  to   space 13824K, 0% used [0x000000079e500000,0x000000079e500000,0x000000079f280000)
 ParOldGen       total 64512K, used 15002K [0x0000000740000000, 0x0000000743f00000, 0x0000000795580000)
  object space 64512K, 23% used [0x0000000740000000,0x0000000740ea69f0,0x0000000743f00000)
 Metaspace       used 34349K, capacity 35304K, committed 35416K, reserved 1079296K
  class space    used 4784K, capacity 5198K, committed 5248K, reserved 1048576K
Event: 9.611 GC heap after
Heap after GC invocations=9 (full 1):
 PSYoungGen      total 144384K, used 13808K [0x0000000795580000, 0x00000007a3500000, 0x00000007c0000000)
  eden space 130560K, 0% used [0x0000000795580000,0x0000000795580000,0x000000079d500000)
  from space 13824K, 99% used [0x000000079e500000,0x000000079f27c010,0x000000079f280000)
  to   space 16384K, 0% used [0x000000079d500000,0x000000079d500000,0x000000079e500000)
 ParOldGen       total 64512K, used 16980K [0x0000000740000000, 0x0000000743f00000, 0x0000000795580000)
  object space 64512K, 26% used [0x0000000740000000,0x00000007410953e0,0x0000000743f00000)
 Metaspace       used 34349K, capacity 35304K, committed 35416K, reserved 1079296K
  class space    used 4784K, capacity 5198K, committed 5248K, reserved 1048576K
}
Event: 9.611 GC heap before
{Heap before GC invocations=10 (full 2):
 PSYoungGen      total 144384K, used 13808K [0x0000000795580000, 0x00000007a3500000, 0x00000007c0000000)
  eden space 130560K, 0% used [0x0000000795580000,0x0000000795580000,0x000000079d500000)
  from space 13824K, 99% used [0x000000079e500000,0x000000079f27c010,0x000000079f280000)
  to   space 16384K, 0% used [0x000000079d500000,0x000000079d500000,0x000000079e500000)
 ParOldGen       total 64512K, used 16980K [0x0000000740000000, 0x0000000743f00000, 0x0000000795580000)
  object space 64512K, 26% used [0x0000000740000000,0x00000007410953e0,0x0000000743f00000)
 Metaspace       used 34349K, capacity 35304K, committed 35416K, reserved 1079296K
  class space    used 4784K, capacity 5198K, committed 5248K, reserved 1048576K
Event: 9.832 GC heap after
Heap after GC invocations=10 (full 2):
 PSYoungGen      total 144384K, used 0K [0x0000000795580000, 0x00000007a3500000, 0x00000007c0000000)
  eden space 130560K, 0% used [0x0000000795580000,0x0000000795580000,0x000000079d500000)
  from space 13824K, 0% used [0x000000079e500000,0x000000079e500000,0x000000079f280000)
  to   space 16384K, 0% used [0x000000079d500000,0x000000079d500000,0x000000079e500000)
 ParOldGen       total 111616K, used 24631K [0x0000000740000000, 0x0000000746d00000, 0x0000000795580000)
  object space 111616K, 22% used [0x0000000740000000,0x000000074180dfb8,0x0000000746d00000)
 Metaspace       used 34349K, capacity 35304K, committed 35416K, reserved 1079296K
  class space    used 4784K, capacity 5198K, committed 5248K, reserved 1048576K
}
Event: 12.935 GC heap before
{Heap before GC invocations=11 (full 2):
 PSYoungGen      total 144384K, used 130560K [0x0000000795580000, 0x00000007a3500000, 0x00000007c0000000)
  eden space 130560K, 100% used [0x0000000795580000,0x000000079d500000,0x000000079d500000)
  from space 13824K, 0% used [0x000000079e500000,0x000000079e500000,0x000000079f280000)
  to   space 16384K, 0% used [0x000000079d500000,0x000000079d500000,0x000000079e500000)
 ParOldGen       total 111616K, used 24631K [0x0000000740000000, 0x0000000746d00000, 0x0000000795580000)
  object space 111616K, 22% used [0x0000000740000000,0x000000074180dfb8,0x0000000746d00000)
 Metaspace       used 36673K, capacity 37680K, committed 37848K, reserved 1081344K
  class space    used 5102K, capacity 5510K, committed 5632K, reserved 1048576K
Event: 12.962 GC heap after
Heap after GC invocations=11 (full 2):
 PSYoungGen      total 146944K, used 13305K [0x0000000795580000, 0x00000007a1480000, 0x00000007c0000000)
  eden space 130560K, 0% used [0x0000000795580000,0x0000000795580000,0x000000079d500000)
  from space 16384K, 81% used [0x000000079d500000,0x000000079e1fe400,0x000000079e500000)
  to   space 17408K, 0% used [0x00000007a0380000,0x00000007a0380000,0x00000007a1480000)
 ParOldGen       total 111616K, used 24639K [0x0000000740000000, 0x0000000746d00000, 0x0000000795580000)
  object space 111616K, 22% used [0x0000000740000000,0x000000074180ffb8,0x0000000746d00000)
 Metaspace       used 36673K, capacity 37680K, committed 37848K, reserved 1081344K
  class space    used 5102K, capacity 5510K, committed 5632K, reserved 1048576K
}

