# JRE version: Java(TM) SE Runtime Environment (8.0_101-b13) (build 1.8.0_101-b13)
# Java VM: Java HotSpot(TM) 64-Bit Server VM (25.101-b13 mixed mode bsd-amd64 compressed oops)
Heap:
 PSYoungGen      total 211968K, used 107924K [0x0000000795580000, 0x00000007a3e00000, 0x00000007c0000000)
  eden space 197120K, 54% used [0x0000000795580000,0x000000079bee53c0,0x00000007a1600000)
  from space 14848K, 0% used [0x00000007a2780000,0x00000007a2780000,0x00000007a3600000)
  to   space 17920K, 0% used [0x00000007a1600000,0x00000007a1600000,0x00000007a2780000)
 ParOldGen       total 119808K, used 32277K [0x0000000740000000, 0x0000000747500000, 0x0000000795580000)
  object space 119808K, 26% used [0x0000000740000000,0x0000000741f85418,0x0000000747500000)
 Metaspace       used 36279K, capacity 37198K, committed 37464K, reserved 1081344K
  class space    used 5030K, capacity 5392K, committed 5504K, reserved 1048576K
GC Heap History (10 events):
Event: 5.181 GC heap before
{Heap before GC invocations=4 (full 0):
 PSYoungGen      total 71680K, used 25127K [0x0000000795580000, 0x000000079e180000, 0x00000007c0000000)
  eden space 66560K, 30% used [0x0000000795580000,0x000000079690dc78,0x0000000799680000)
  from space 5120K, 99% used [0x0000000799680000,0x0000000799b7c030,0x0000000799b80000)
  to   space 5120K, 0% used [0x000000079dc80000,0x000000079dc80000,0x000000079e180000)
 ParOldGen       total 87552K, used 7206K [0x0000000740000000, 0x0000000745580000, 0x0000000795580000)
  object space 87552K, 8% used [0x0000000740000000,0x0000000740709920,0x0000000745580000)
 Metaspace       used 20814K, capacity 21118K, committed 21248K, reserved 1067008K
  class space    used 2819K, capacity 2978K, committed 3072K, reserved 1048576K
Event: 5.206 GC heap after
Heap after GC invocations=4 (full 0):
 PSYoungGen      total 138240K, used 5088K [0x0000000795580000, 0x000000079e180000, 0x00000007c0000000)
  eden space 133120K, 0% used [0x0000000795580000,0x0000000795580000,0x000000079d780000)
  from space 5120K, 99% used [0x000000079dc80000,0x000000079e178040,0x000000079e180000)
  to   space 5120K, 0% used [0x000000079d780000,0x000000079d780000,0x000000079dc80000)
 ParOldGen       total 87552K, used 9365K [0x0000000740000000, 0x0000000745580000, 0x0000000795580000)
  object space 87552K, 10% used [0x0000000740000000,0x0000000740925620,0x0000000745580000)
 Metaspace       used 20814K, capacity 21118K, committed 21248K, reserved 1067008K
  class space    used 2819K, capacity 2978K, committed 3072K, reserved 1048576K
}
Event: 5.206 GC heap before
{Heap before GC invocations=5 (full 1):
 PSYoungGen      total 138240K, used 5088K [0x0000000795580000, 0x000000079e180000, 0x00000007c0000000)
  eden space 133120K, 0% used [0x0000000795580000,0x0000000795580000,0x000000079d780000)
  from space 5120K, 99% used [0x000000079dc80000,0x000000079e178040,0x000000079e180000)
  to   space 5120K, 0% used [0x000000079d780000,0x000000079d780000,0x000000079dc80000)
 ParOldGen       total 87552K, used 9365K [0x0000000740000000, 0x0000000745580000, 0x0000000795580000)
  object space 87552K, 10% used [0x0000000740000000,0x0000000740925620,0x0000000745580000)
 Metaspace       used 20814K, capacity 21118K, committed 21248K, reserved 1067008K
  class space    used 2819K, capacity 2978K, committed 3072K, reserved 1048576K
Event: 5.287 GC heap after
Heap after GC invocations=5 (full 1):
 PSYoungGen      total 138240K, used 0K [0x0000000795580000, 0x000000079e180000, 0x00000007c0000000)
  eden space 133120K, 0% used [0x0000000795580000,0x0000000795580000,0x000000079d780000)
  from space 5120K, 0% used [0x000000079dc80000,0x000000079dc80000,0x000000079e180000)
  to   space 5120K, 0% used [0x000000079d780000,0x000000079d780000,0x000000079dc80000)
 ParOldGen       total 63488K, used 8871K [0x0000000740000000, 0x0000000743e00000, 0x0000000795580000)
  object space 63488K, 13% used [0x0000000740000000,0x00000007408a9e98,0x0000000743e00000)
 Metaspace       used 20814K, capacity 21118K, committed 21248K, reserved 1067008K
  class space    used 2819K, capacity 2978K, committed 3072K, reserved 1048576K
}
Event: 9.057 GC heap before
{Heap before GC invocations=6 (full 1):
 PSYoungGen      total 138240K, used 133120K [0x0000000795580000, 0x000000079e180000, 0x00000007c0000000)
  eden space 133120K, 100% used [0x0000000795580000,0x000000079d780000,0x000000079d780000)
  from space 5120K, 0% used [0x000000079dc80000,0x000000079dc80000,0x000000079e180000)
  to   space 5120K, 0% used [0x000000079d780000,0x000000079d780000,0x000000079dc80000)
 ParOldGen       total 63488K, used 8871K [0x0000000740000000, 0x0000000743e00000, 0x0000000795580000)
  object space 63488K, 13% used [0x0000000740000000,0x00000007408a9e98,0x0000000743e00000)
 Metaspace       used 29457K, capacity 30284K, committed 30464K, reserved 1075200K
  class space    used 4028K, capacity 4315K, committed 4352K, reserved 1048576K
Event: 9.085 GC heap after
Heap after GC invocations=6 (full 1):
 PSYoungGen      total 138240K, used 5088K [0x0000000795580000, 0x00000007a3600000, 0x00000007c0000000)
  eden space 133120K, 0% used [0x0000000795580000,0x0000000795580000,0x000000079d780000)
  from space 5120K, 99% used [0x000000079d780000,0x000000079dc78010,0x000000079dc80000)
  to   space 14848K, 0% used [0x00000007a2780000,0x00000007a2780000,0x00000007a3600000)
 ParOldGen       total 63488K, used 17848K [0x0000000740000000, 0x0000000743e00000, 0x0000000795580000)
  object space 63488K, 28% used [0x0000000740000000,0x000000074116e0a0,0x0000000743e00000)
 Metaspace       used 29457K, capacity 30284K, committed 30464K, reserved 1075200K
  class space    used 4028K, capacity 4315K, committed 4352K, reserved 1048576K
}
Event: 11.428 GC heap before
{Heap before GC invocations=7 (full 1):
 PSYoungGen      total 138240K, used 86381K [0x0000000795580000, 0x00000007a3600000, 0x00000007c0000000)
  eden space 133120K, 61% used [0x0000000795580000,0x000000079a4e3618,0x000000079d780000)
  from space 5120K, 99% used [0x000000079d780000,0x000000079dc78010,0x000000079dc80000)
  to   space 14848K, 0% used [0x00000007a2780000,0x00000007a2780000,0x00000007a3600000)
 ParOldGen       total 63488K, used 17848K [0x0000000740000000, 0x0000000743e00000, 0x0000000795580000)
  object space 63488K, 28% used [0x0000000740000000,0x000000074116e0a0,0x0000000743e00000)
 Metaspace       used 34294K, capacity 35272K, committed 35416K, reserved 1079296K
  class space    used 4767K, capacity 5166K, committed 5248K, reserved 1048576K
Event: 11.474 GC heap after
Heap after GC invocations=7 (full 1):
 PSYoungGen      total 211968K, used 14816K [0x0000000795580000, 0x00000007a3e00000, 0x00000007c0000000)
  eden space 197120K, 0% used [0x0000000795580000,0x0000000795580000,0x00000007a1600000)
  from space 14848K, 99% used [0x00000007a2780000,0x00000007a35f82e0,0x00000007a3600000)
  to   space 17920K, 0% used [0x00000007a1600000,0x00000007a1600000,0x00000007a2780000)
 ParOldGen       total 63488K, used 19201K [0x0000000740000000, 0x0000000743e00000, 0x0000000795580000)
  object space 63488K, 30% used [0x0000000740000000,0x00000007412c04c8,0x0000000743e00000)
 Metaspace       used 34294K, capacity 35272K, committed 35416K, reserved 1079296K
  class space    used 4767K, capacity 5166K, committed 5248K, reserved 1048576K
}
Event: 11.474 GC heap before
{Heap before GC invocations=8 (full 2):
 PSYoungGen      total 211968K, used 14816K [0x0000000795580000, 0x00000007a3e00000, 0x00000007c0000000)
  eden space 197120K, 0% used [0x0000000795580000,0x0000000795580000,0x00000007a1600000)
  from space 14848K, 99% used [0x00000007a2780000,0x00000007a35f82e0,0x00000007a3600000)
  to   space 17920K, 0% used [0x00000007a1600000,0x00000007a1600000,0x00000007a2780000)
 ParOldGen       total 63488K, used 19201K [0x0000000740000000, 0x0000000743e00000, 0x0000000795580000)
  object space 63488K, 30% used [0x0000000740000000,0x00000007412c04c8,0x0000000743e00000)
 Metaspace       used 34294K, capacity 35272K, committed 35416K, reserved 1079296K
  class space    used 4767K, capacity 5166K, committed 5248K, reserved 1048576K
Event: 11.700 GC heap after
Heap after GC invocations=8 (full 2):
 PSYoungGen      total 211968K, used 0K [0x0000000795580000, 0x00000007a3e00000, 0x00000007c0000000)
  eden space 197120K, 0% used [0x0000000795580000,0x0000000795580000,0x00000007a1600000)
  from space 14848K, 0% used [0x00000007a2780000,0x00000007a2780000,0x00000007a3600000)
  to   space 17920K, 0% used [0x00000007a1600000,0x00000007a1600000,0x00000007a2780000)
 ParOldGen       total 119808K, used 32277K [0x0000000740000000, 0x0000000747500000, 0x0000000795580000)
  object space 119808K, 26% used [0x0000000740000000,0x0000000741f85418,0x0000000747500000)
 Metaspace       used 34294K, capacity 35272K, committed 35416K, reserved 1079296K
  class space    used 4767K, capacity 5166K, committed 5248K, reserved 1048576K
}

