# JRE version: Java(TM) SE Runtime Environment (8.0_101-b13) (build 1.8.0_101-b13)
# Java VM: Java HotSpot(TM) 64-Bit Server VM (25.101-b13 mixed mode bsd-amd64 compressed oops)
Heap:
 PSYoungGen      total 143872K, used 66300K [0x0000000795580000, 0x000000079f600000, 0x00000007c0000000)
  eden space 128000K, 39% used [0x0000000795580000,0x00000007986c2998,0x000000079d280000)
  from space 15872K, 99% used [0x000000079e400000,0x000000079f37c800,0x000000079f380000)
  to   space 17920K, 0% used [0x000000079d280000,0x000000079d280000,0x000000079e400000)
 ParOldGen       total 89600K, used 24310K [0x0000000740000000, 0x0000000745780000, 0x0000000795580000)
  object space 89600K, 27% used [0x0000000740000000,0x00000007417bd9f8,0x0000000745780000)
 Metaspace       used 39495K, capacity 40744K, committed 40920K, reserved 1083392K
  class space    used 5543K, capacity 6077K, committed 6144K, reserved 1048576K
GC Heap History (10 events):
Event: 9.183 GC heap before
{Heap before GC invocations=10 (full 1):
 PSYoungGen      total 77312K, used 77298K [0x0000000795580000, 0x000000079c100000, 0x00000007c0000000)
  eden space 67584K, 100% used [0x0000000795580000,0x0000000799780000,0x0000000799780000)
  from space 9728K, 99% used [0x000000079a300000,0x000000079ac7ca88,0x000000079ac80000)
  to   space 11776K, 0% used [0x0000000799780000,0x0000000799780000,0x000000079a300000)
 ParOldGen       total 64000K, used 11019K [0x0000000740000000, 0x0000000743e80000, 0x0000000795580000)
  object space 64000K, 17% used [0x0000000740000000,0x0000000740ac2d18,0x0000000743e80000)
 Metaspace       used 34149K, capacity 35144K, committed 35416K, reserved 1079296K
  class space    used 4748K, capacity 5166K, committed 5248K, reserved 1048576K
Event: 9.211 GC heap after
Heap after GC invocations=10 (full 1):
 PSYoungGen      total 79360K, used 11760K [0x0000000795580000, 0x000000079cb00000, 0x00000007c0000000)
  eden space 67584K, 0% used [0x0000000795580000,0x0000000795580000,0x0000000799780000)
  from space 11776K, 99% used [0x0000000799780000,0x000000079a2fc010,0x000000079a300000)
  to   space 15872K, 0% used [0x000000079bb80000,0x000000079bb80000,0x000000079cb00000)
 ParOldGen       total 64000K, used 17617K [0x0000000740000000, 0x0000000743e80000, 0x0000000795580000)
  object space 64000K, 27% used [0x0000000740000000,0x0000000741134560,0x0000000743e80000)
 Metaspace       used 34149K, capacity 35144K, committed 35416K, reserved 1079296K
  class space    used 4748K, capacity 5166K, committed 5248K, reserved 1048576K
}
Event: 9.245 GC heap before
{Heap before GC invocations=11 (full 1):
 PSYoungGen      total 79360K, used 14467K [0x0000000795580000, 0x000000079cb00000, 0x00000007c0000000)
  eden space 67584K, 4% used [0x0000000795580000,0x0000000795824db8,0x0000000799780000)
  from space 11776K, 99% used [0x0000000799780000,0x000000079a2fc010,0x000000079a300000)
  to   space 15872K, 0% used [0x000000079bb80000,0x000000079bb80000,0x000000079cb00000)
 ParOldGen       total 64000K, used 17617K [0x0000000740000000, 0x0000000743e80000, 0x0000000795580000)
  object space 64000K, 27% used [0x0000000740000000,0x0000000741134560,0x0000000743e80000)
 Metaspace       used 34356K, capacity 35272K, committed 35416K, reserved 1079296K
  class space    used 4782K, capacity 5166K, committed 5248K, reserved 1048576K
Event: 9.267 GC heap after
Heap after GC invocations=11 (full 1):
 PSYoungGen      total 103936K, used 11936K [0x0000000795580000, 0x000000079da80000, 0x00000007c0000000)
  eden space 88064K, 0% used [0x0000000795580000,0x0000000795580000,0x000000079ab80000)
  from space 15872K, 75% used [0x000000079bb80000,0x000000079c728000,0x000000079cb00000)
  to   space 16384K, 0% used [0x000000079ab80000,0x000000079ab80000,0x000000079bb80000)
 ParOldGen       total 64000K, used 17625K [0x0000000740000000, 0x0000000743e80000, 0x0000000795580000)
  object space 64000K, 27% used [0x0000000740000000,0x0000000741136560,0x0000000743e80000)
 Metaspace       used 34356K, capacity 35272K, committed 35416K, reserved 1079296K
  class space    used 4782K, capacity 5166K, committed 5248K, reserved 1048576K
}
Event: 9.267 GC heap before
{Heap before GC invocations=12 (full 2):
 PSYoungGen      total 103936K, used 11936K [0x0000000795580000, 0x000000079da80000, 0x00000007c0000000)
  eden space 88064K, 0% used [0x0000000795580000,0x0000000795580000,0x000000079ab80000)
  from space 15872K, 75% used [0x000000079bb80000,0x000000079c728000,0x000000079cb00000)
  to   space 16384K, 0% used [0x000000079ab80000,0x000000079ab80000,0x000000079bb80000)
 ParOldGen       total 64000K, used 17625K [0x0000000740000000, 0x0000000743e80000, 0x0000000795580000)
  object space 64000K, 27% used [0x0000000740000000,0x0000000741136560,0x0000000743e80000)
 Metaspace       used 34356K, capacity 35272K, committed 35416K, reserved 1079296K
  class space    used 4782K, capacity 5166K, committed 5248K, reserved 1048576K
Event: 9.416 GC heap after
Heap after GC invocations=12 (full 2):
 PSYoungGen      total 103936K, used 0K [0x0000000795580000, 0x000000079da80000, 0x00000007c0000000)
  eden space 88064K, 0% used [0x0000000795580000,0x0000000795580000,0x000000079ab80000)
  from space 15872K, 0% used [0x000000079bb80000,0x000000079bb80000,0x000000079cb00000)
  to   space 16384K, 0% used [0x000000079ab80000,0x000000079ab80000,0x000000079bb80000)
 ParOldGen       total 89600K, used 23525K [0x0000000740000000, 0x0000000745780000, 0x0000000795580000)
  object space 89600K, 26% used [0x0000000740000000,0x00000007416f9730,0x0000000745780000)
 Metaspace       used 34356K, capacity 35272K, committed 35416K, reserved 1079296K
  class space    used 4782K, capacity 5166K, committed 5248K, reserved 1048576K
}
Event: 10.927 GC heap before
{Heap before GC invocations=13 (full 2):
 PSYoungGen      total 103936K, used 88064K [0x0000000795580000, 0x000000079da80000, 0x00000007c0000000)
  eden space 88064K, 100% used [0x0000000795580000,0x000000079ab80000,0x000000079ab80000)
  from space 15872K, 0% used [0x000000079bb80000,0x000000079bb80000,0x000000079cb00000)
  to   space 16384K, 0% used [0x000000079ab80000,0x000000079ab80000,0x000000079bb80000)
 ParOldGen       total 89600K, used 23525K [0x0000000740000000, 0x0000000745780000, 0x0000000795580000)
  object space 89600K, 26% used [0x0000000740000000,0x00000007416f9730,0x0000000745780000)
 Metaspace       used 35853K, capacity 36854K, committed 37208K, reserved 1081344K
  class space    used 4970K, capacity 5385K, committed 5504K, reserved 1048576K
Event: 10.943 GC heap after
Heap after GC invocations=13 (full 2):
 PSYoungGen      total 104448K, used 8536K [0x0000000795580000, 0x000000079f380000, 0x00000007c0000000)
  eden space 88064K, 0% used [0x0000000795580000,0x0000000795580000,0x000000079ab80000)
  from space 16384K, 52% used [0x000000079ab80000,0x000000079b3d63f0,0x000000079bb80000)
  to   space 15872K, 0% used [0x000000079e400000,0x000000079e400000,0x000000079f380000)
 ParOldGen       total 89600K, used 23533K [0x0000000740000000, 0x0000000745780000, 0x0000000795580000)
  object space 89600K, 26% used [0x0000000740000000,0x00000007416fb730,0x0000000745780000)
 Metaspace       used 35853K, capacity 36854K, committed 37208K, reserved 1081344K
  class space    used 4970K, capacity 5385K, committed 5504K, reserved 1048576K
}
Event: 12.312 GC heap before
{Heap before GC invocations=14 (full 2):
 PSYoungGen      total 104448K, used 96600K [0x0000000795580000, 0x000000079f380000, 0x00000007c0000000)
  eden space 88064K, 100% used [0x0000000795580000,0x000000079ab80000,0x000000079ab80000)
  from space 16384K, 52% used [0x000000079ab80000,0x000000079b3d63f0,0x000000079bb80000)
  to   space 15872K, 0% used [0x000000079e400000,0x000000079e400000,0x000000079f380000)
 ParOldGen       total 89600K, used 23533K [0x0000000740000000, 0x0000000745780000, 0x0000000795580000)
  object space 89600K, 26% used [0x0000000740000000,0x00000007416fb730,0x0000000745780000)
 Metaspace       used 38992K, capacity 40118K, committed 40280K, reserved 1083392K
  class space    used 5478K, capacity 5978K, committed 6016K, reserved 1048576K
Event: 12.347 GC heap after
Heap after GC invocations=14 (full 2):
 PSYoungGen      total 143872K, used 15858K [0x0000000795580000, 0x000000079f600000, 0x00000007c0000000)
  eden space 128000K, 0% used [0x0000000795580000,0x0000000795580000,0x000000079d280000)
  from space 15872K, 99% used [0x000000079e400000,0x000000079f37c800,0x000000079f380000)
  to   space 17920K, 0% used [0x000000079d280000,0x000000079d280000,0x000000079e400000)
 ParOldGen       total 89600K, used 24310K [0x0000000740000000, 0x0000000745780000, 0x0000000795580000)
  object space 89600K, 27% used [0x0000000740000000,0x00000007417bd9f8,0x0000000745780000)
 Metaspace       used 38992K, capacity 40118K, committed 40280K, reserved 1083392K
  class space    used 5478K, capacity 5978K, committed 6016K, reserved 1048576K
}

