# JRE version: Java(TM) SE Runtime Environment (8.0_101-b13) (build 1.8.0_101-b13)
# Java VM: Java HotSpot(TM) 64-Bit Server VM (25.101-b13 mixed mode bsd-amd64 compressed oops)
Heap:
 PSYoungGen      total 175104K, used 99428K [0x0000000795580000, 0x00000007a3d00000, 0x00000007c0000000)
  eden space 158720K, 52% used [0x0000000795580000,0x000000079a69ac88,0x000000079f080000)
  from space 16384K, 99% used [0x000000079f080000,0x00000007a007e400,0x00000007a0080000)
  to   space 18944K, 0% used [0x00000007a2a80000,0x00000007a2a80000,0x00000007a3d00000)
 ParOldGen       total 103424K, used 24982K [0x0000000740000000, 0x0000000746500000, 0x0000000795580000)
  object space 103424K, 24% used [0x0000000740000000,0x0000000741865978,0x0000000746500000)
 Metaspace       used 40013K, capacity 41346K, committed 41560K, reserved 1085440K
  class space    used 5632K, capacity 6178K, committed 6272K, reserved 1048576K
GC Heap History (10 events):
Event: 4.980 GC heap before
{Heap before GC invocations=7 (full 1):
 PSYoungGen      total 71680K, used 66560K [0x0000000795580000, 0x000000079ea80000, 0x00000007c0000000)
  eden space 66560K, 100% used [0x0000000795580000,0x0000000799680000,0x0000000799680000)
  from space 5120K, 0% used [0x0000000799680000,0x0000000799680000,0x0000000799b80000)
  to   space 9728K, 0% used [0x000000079e100000,0x000000079e100000,0x000000079ea80000)
 ParOldGen       total 59904K, used 8896K [0x0000000740000000, 0x0000000743a80000, 0x0000000795580000)
  object space 59904K, 14% used [0x0000000740000000,0x00000007408b00c8,0x0000000743a80000)
 Metaspace       used 25344K, capacity 25984K, committed 26240K, reserved 1071104K
  class space    used 3433K, capacity 3673K, committed 3712K, reserved 1048576K
Event: 4.990 GC heap after
Heap after GC invocations=7 (full 1):
 PSYoungGen      total 110080K, used 6054K [0x0000000795580000, 0x000000079e700000, 0x00000007c0000000)
  eden space 103936K, 0% used [0x0000000795580000,0x0000000795580000,0x000000079bb00000)
  from space 6144K, 98% used [0x000000079e100000,0x000000079e6e9a80,0x000000079e700000)
  to   space 9728K, 0% used [0x000000079d400000,0x000000079d400000,0x000000079dd80000)
 ParOldGen       total 59904K, used 8904K [0x0000000740000000, 0x0000000743a80000, 0x0000000795580000)
  object space 59904K, 14% used [0x0000000740000000,0x00000007408b20c8,0x0000000743a80000)
 Metaspace       used 25344K, capacity 25984K, committed 26240K, reserved 1071104K
  class space    used 3433K, capacity 3673K, committed 3712K, reserved 1048576K
}
Event: 6.613 GC heap before
{Heap before GC invocations=8 (full 1):
 PSYoungGen      total 110080K, used 109990K [0x0000000795580000, 0x000000079e700000, 0x00000007c0000000)
  eden space 103936K, 100% used [0x0000000795580000,0x000000079bb00000,0x000000079bb00000)
  from space 6144K, 98% used [0x000000079e100000,0x000000079e6e9a80,0x000000079e700000)
  to   space 9728K, 0% used [0x000000079d400000,0x000000079d400000,0x000000079dd80000)
 ParOldGen       total 59904K, used 8904K [0x0000000740000000, 0x0000000743a80000, 0x0000000795580000)
  object space 59904K, 14% used [0x0000000740000000,0x00000007408b20c8,0x0000000743a80000)
 Metaspace       used 32197K, capacity 33112K, committed 33280K, reserved 1077248K
  class space    used 4479K, capacity 4848K, committed 4864K, reserved 1048576K
Event: 6.637 GC heap after
Heap after GC invocations=8 (full 1):
 PSYoungGen      total 139264K, used 9728K [0x0000000795580000, 0x00000007a0e80000, 0x00000007c0000000)
  eden space 129536K, 0% used [0x0000000795580000,0x0000000795580000,0x000000079d400000)
  from space 9728K, 100% used [0x000000079d400000,0x000000079dd80000,0x000000079dd80000)
  to   space 14336K, 0% used [0x00000007a0080000,0x00000007a0080000,0x00000007a0e80000)
 ParOldGen       total 59904K, used 16625K [0x0000000740000000, 0x0000000743a80000, 0x0000000795580000)
  object space 59904K, 27% used [0x0000000740000000,0x000000074103c5c0,0x0000000743a80000)
 Metaspace       used 32197K, capacity 33112K, committed 33280K, reserved 1077248K
  class space    used 4479K, capacity 4848K, committed 4864K, reserved 1048576K
}
Event: 7.329 GC heap before
{Heap before GC invocations=9 (full 1):
 PSYoungGen      total 139264K, used 51014K [0x0000000795580000, 0x00000007a0e80000, 0x00000007c0000000)
  eden space 129536K, 31% used [0x0000000795580000,0x0000000797dd1bb0,0x000000079d400000)
  from space 9728K, 100% used [0x000000079d400000,0x000000079dd80000,0x000000079dd80000)
  to   space 14336K, 0% used [0x00000007a0080000,0x00000007a0080000,0x00000007a0e80000)
 ParOldGen       total 59904K, used 16625K [0x0000000740000000, 0x0000000743a80000, 0x0000000795580000)
  object space 59904K, 27% used [0x0000000740000000,0x000000074103c5c0,0x0000000743a80000)
 Metaspace       used 34356K, capacity 35272K, committed 35416K, reserved 1079296K
  class space    used 4779K, capacity 5166K, committed 5248K, reserved 1048576K
Event: 7.367 GC heap after
Heap after GC invocations=9 (full 1):
 PSYoungGen      total 173056K, used 14263K [0x0000000795580000, 0x00000007a4500000, 0x00000007c0000000)
  eden space 158720K, 0% used [0x0000000795580000,0x0000000795580000,0x000000079f080000)
  from space 14336K, 99% used [0x00000007a0080000,0x00000007a0e6de80,0x00000007a0e80000)
  to   space 16384K, 0% used [0x000000079f080000,0x000000079f080000,0x00000007a0080000)
 ParOldGen       total 59904K, used 16625K [0x0000000740000000, 0x0000000743a80000, 0x0000000795580000)
  object space 59904K, 27% used [0x0000000740000000,0x000000074103c5c0,0x0000000743a80000)
 Metaspace       used 34356K, capacity 35272K, committed 35416K, reserved 1079296K
  class space    used 4779K, capacity 5166K, committed 5248K, reserved 1048576K
}
Event: 7.367 GC heap before
{Heap before GC invocations=10 (full 2):
 PSYoungGen      total 173056K, used 14263K [0x0000000795580000, 0x00000007a4500000, 0x00000007c0000000)
  eden space 158720K, 0% used [0x0000000795580000,0x0000000795580000,0x000000079f080000)
  from space 14336K, 99% used [0x00000007a0080000,0x00000007a0e6de80,0x00000007a0e80000)
  to   space 16384K, 0% used [0x000000079f080000,0x000000079f080000,0x00000007a0080000)
 ParOldGen       total 59904K, used 16625K [0x0000000740000000, 0x0000000743a80000, 0x0000000795580000)
  object space 59904K, 27% used [0x0000000740000000,0x000000074103c5c0,0x0000000743a80000)
 Metaspace       used 34356K, capacity 35272K, committed 35416K, reserved 1079296K
  class space    used 4779K, capacity 5166K, committed 5248K, reserved 1048576K
Event: 7.542 GC heap after
Heap after GC invocations=10 (full 2):
 PSYoungGen      total 173056K, used 0K [0x0000000795580000, 0x00000007a4500000, 0x00000007c0000000)
  eden space 158720K, 0% used [0x0000000795580000,0x0000000795580000,0x000000079f080000)
  from space 14336K, 0% used [0x00000007a0080000,0x00000007a0080000,0x00000007a0e80000)
  to   space 16384K, 0% used [0x000000079f080000,0x000000079f080000,0x00000007a0080000)
 ParOldGen       total 103424K, used 24550K [0x0000000740000000, 0x0000000746500000, 0x0000000795580000)
  object space 103424K, 23% used [0x0000000740000000,0x00000007417f9978,0x0000000746500000)
 Metaspace       used 34356K, capacity 35272K, committed 35416K, reserved 1079296K
  class space    used 4779K, capacity 5166K, committed 5248K, reserved 1048576K
}
Event: 9.965 GC heap before
{Heap before GC invocations=11 (full 2):
 PSYoungGen      total 173056K, used 158720K [0x0000000795580000, 0x00000007a4500000, 0x00000007c0000000)
  eden space 158720K, 100% used [0x0000000795580000,0x000000079f080000,0x000000079f080000)
  from space 14336K, 0% used [0x00000007a0080000,0x00000007a0080000,0x00000007a0e80000)
  to   space 16384K, 0% used [0x000000079f080000,0x000000079f080000,0x00000007a0080000)
 ParOldGen       total 103424K, used 24550K [0x0000000740000000, 0x0000000746500000, 0x0000000795580000)
  object space 103424K, 23% used [0x0000000740000000,0x00000007417f9978,0x0000000746500000)
 Metaspace       used 37817K, capacity 38890K, committed 39128K, reserved 1083392K
  class space    used 5314K, capacity 5795K, committed 5888K, reserved 1048576K
Event: 9.991 GC heap after
Heap after GC invocations=11 (full 2):
 PSYoungGen      total 175104K, used 16377K [0x0000000795580000, 0x00000007a3d00000, 0x00000007c0000000)
  eden space 158720K, 0% used [0x0000000795580000,0x0000000795580000,0x000000079f080000)
  from space 16384K, 99% used [0x000000079f080000,0x00000007a007e400,0x00000007a0080000)
  to   space 18944K, 0% used [0x00000007a2a80000,0x00000007a2a80000,0x00000007a3d00000)
 ParOldGen       total 103424K, used 24982K [0x0000000740000000, 0x0000000746500000, 0x0000000795580000)
  object space 103424K, 24% used [0x0000000740000000,0x0000000741865978,0x0000000746500000)
 Metaspace       used 37817K, capacity 38890K, committed 39128K, reserved 1083392K
  class space    used 5314K, capacity 5795K, committed 5888K, reserved 1048576K
}

