# JRE version: Java(TM) SE Runtime Environment (8.0_101-b13) (build 1.8.0_101-b13)
# Java VM: Java HotSpot(TM) 64-Bit Server VM (25.101-b13 mixed mode bsd-amd64 compressed oops)
Heap:
 PSYoungGen      total 106496K, used 24413K [0x0000000795580000, 0x000000079e780000, 0x00000007c0000000)
  eden space 91136K, 9% used [0x0000000795580000,0x0000000795e5f640,0x000000079ae80000)
  from space 15360K, 99% used [0x000000079ae80000,0x000000079bd78010,0x000000079bd80000)
  to   space 17408K, 0% used [0x000000079d680000,0x000000079d680000,0x000000079e780000)
 ParOldGen       total 110592K, used 26765K [0x0000000740000000, 0x0000000746c00000, 0x0000000795580000)
  object space 110592K, 24% used [0x0000000740000000,0x0000000741a23608,0x0000000746c00000)
 Metaspace       used 37997K, capacity 39156K, committed 39384K, reserved 1083392K
  class space    used 5334K, capacity 5834K, committed 5888K, reserved 1048576K
GC Heap History (10 events):
Event: 8.137 GC heap before
{Heap before GC invocations=9 (full 1):
 PSYoungGen      total 69632K, used 66022K [0x0000000795580000, 0x000000079b200000, 0x00000007c0000000)
  eden space 59392K, 100% used [0x0000000795580000,0x0000000798f80000,0x0000000798f80000)
  from space 10240K, 64% used [0x0000000798f80000,0x00000007995f9a80,0x0000000799980000)
  to   space 9728K, 0% used [0x000000079a880000,0x000000079a880000,0x000000079b200000)
 ParOldGen       total 63488K, used 8982K [0x0000000740000000, 0x0000000743e00000, 0x0000000795580000)
  object space 63488K, 14% used [0x0000000740000000,0x00000007408c5b58,0x0000000743e00000)
 Metaspace       used 30353K, capacity 31336K, committed 31488K, reserved 1077248K
  class space    used 4180K, capacity 4535K, committed 4608K, reserved 1048576K
Event: 8.168 GC heap after
Heap after GC invocations=9 (full 1):
 PSYoungGen      total 82944K, used 9707K [0x0000000795580000, 0x000000079c500000, 0x00000007c0000000)
  eden space 73216K, 0% used [0x0000000795580000,0x0000000795580000,0x0000000799d00000)
  from space 9728K, 99% used [0x000000079a880000,0x000000079b1faf70,0x000000079b200000)
  to   space 11776K, 0% used [0x0000000799d00000,0x0000000799d00000,0x000000079a880000)
 ParOldGen       total 63488K, used 11492K [0x0000000740000000, 0x0000000743e00000, 0x0000000795580000)
  object space 63488K, 18% used [0x0000000740000000,0x0000000740b39328,0x0000000743e00000)
 Metaspace       used 30353K, capacity 31336K, committed 31488K, reserved 1077248K
  class space    used 4180K, capacity 4535K, committed 4608K, reserved 1048576K
}
Event: 9.833 GC heap before
{Heap before GC invocations=10 (full 1):
 PSYoungGen      total 82944K, used 76618K [0x0000000795580000, 0x000000079c500000, 0x00000007c0000000)
  eden space 73216K, 91% used [0x0000000795580000,0x00000007996d7ba8,0x0000000799d00000)
  from space 9728K, 99% used [0x000000079a880000,0x000000079b1faf70,0x000000079b200000)
  to   space 11776K, 0% used [0x0000000799d00000,0x0000000799d00000,0x000000079a880000)
 ParOldGen       total 63488K, used 11492K [0x0000000740000000, 0x0000000743e00000, 0x0000000795580000)
  object space 63488K, 18% used [0x0000000740000000,0x0000000740b39328,0x0000000743e00000)
 Metaspace       used 34346K, capacity 35272K, committed 35416K, reserved 1079296K
  class space    used 4781K, capacity 5166K, committed 5248K, reserved 1048576K
Event: 9.866 GC heap after
Heap after GC invocations=10 (full 1):
 PSYoungGen      total 84992K, used 11760K [0x0000000795580000, 0x000000079d380000, 0x00000007c0000000)
  eden space 73216K, 0% used [0x0000000795580000,0x0000000795580000,0x0000000799d00000)
  from space 11776K, 99% used [0x0000000799d00000,0x000000079a87c010,0x000000079a880000)
  to   space 15872K, 0% used [0x000000079c400000,0x000000079c400000,0x000000079d380000)
 ParOldGen       total 63488K, used 17855K [0x0000000740000000, 0x0000000743e00000, 0x0000000795580000)
  object space 63488K, 28% used [0x0000000740000000,0x000000074116ffe0,0x0000000743e00000)
 Metaspace       used 34346K, capacity 35272K, committed 35416K, reserved 1079296K
  class space    used 4781K, capacity 5166K, committed 5248K, reserved 1048576K
}
Event: 9.866 GC heap before
{Heap before GC invocations=11 (full 2):
 PSYoungGen      total 84992K, used 11760K [0x0000000795580000, 0x000000079d380000, 0x00000007c0000000)
  eden space 73216K, 0% used [0x0000000795580000,0x0000000795580000,0x0000000799d00000)
  from space 11776K, 99% used [0x0000000799d00000,0x000000079a87c010,0x000000079a880000)
  to   space 15872K, 0% used [0x000000079c400000,0x000000079c400000,0x000000079d380000)
 ParOldGen       total 63488K, used 17855K [0x0000000740000000, 0x0000000743e00000, 0x0000000795580000)
  object space 63488K, 28% used [0x0000000740000000,0x000000074116ffe0,0x0000000743e00000)
 Metaspace       used 34346K, capacity 35272K, committed 35416K, reserved 1079296K
  class space    used 4781K, capacity 5166K, committed 5248K, reserved 1048576K
Event: 10.024 GC heap after
Heap after GC invocations=11 (full 2):
 PSYoungGen      total 84992K, used 0K [0x0000000795580000, 0x000000079d380000, 0x00000007c0000000)
  eden space 73216K, 0% used [0x0000000795580000,0x0000000795580000,0x0000000799d00000)
  from space 11776K, 0% used [0x0000000799d00000,0x0000000799d00000,0x000000079a880000)
  to   space 15872K, 0% used [0x000000079c400000,0x000000079c400000,0x000000079d380000)
 ParOldGen       total 110592K, used 25797K [0x0000000740000000, 0x0000000746c00000, 0x0000000795580000)
  object space 110592K, 23% used [0x0000000740000000,0x0000000741931588,0x0000000746c00000)
 Metaspace       used 34346K, capacity 35272K, committed 35416K, reserved 1079296K
  class space    used 4781K, capacity 5166K, committed 5248K, reserved 1048576K
}
Event: 11.746 GC heap before
{Heap before GC invocations=12 (full 2):
 PSYoungGen      total 84992K, used 73216K [0x0000000795580000, 0x000000079d380000, 0x00000007c0000000)
  eden space 73216K, 100% used [0x0000000795580000,0x0000000799d00000,0x0000000799d00000)
  from space 11776K, 0% used [0x0000000799d00000,0x0000000799d00000,0x000000079a880000)
  to   space 15872K, 0% used [0x000000079c400000,0x000000079c400000,0x000000079d380000)
 ParOldGen       total 110592K, used 25797K [0x0000000740000000, 0x0000000746c00000, 0x0000000795580000)
  object space 110592K, 23% used [0x0000000740000000,0x0000000741931588,0x0000000746c00000)
 Metaspace       used 35752K, capacity 36656K, committed 36824K, reserved 1081344K
  class space    used 4956K, capacity 5320K, committed 5376K, reserved 1048576K
Event: 11.763 GC heap after
Heap after GC invocations=12 (full 2):
 PSYoungGen      total 99840K, used 7000K [0x0000000795580000, 0x000000079cc80000, 0x00000007c0000000)
  eden space 91136K, 0% used [0x0000000795580000,0x0000000795580000,0x000000079ae80000)
  from space 8704K, 80% used [0x000000079c400000,0x000000079cad63f0,0x000000079cc80000)
  to   space 15360K, 0% used [0x000000079ae80000,0x000000079ae80000,0x000000079bd80000)
 ParOldGen       total 110592K, used 25805K [0x0000000740000000, 0x0000000746c00000, 0x0000000795580000)
  object space 110592K, 23% used [0x0000000740000000,0x0000000741933588,0x0000000746c00000)
 Metaspace       used 35752K, capacity 36656K, committed 36824K, reserved 1081344K
  class space    used 4956K, capacity 5320K, committed 5376K, reserved 1048576K
}
Event: 13.550 GC heap before
{Heap before GC invocations=13 (full 2):
 PSYoungGen      total 99840K, used 98136K [0x0000000795580000, 0x000000079cc80000, 0x00000007c0000000)
  eden space 91136K, 100% used [0x0000000795580000,0x000000079ae80000,0x000000079ae80000)
  from space 8704K, 80% used [0x000000079c400000,0x000000079cad63f0,0x000000079cc80000)
  to   space 15360K, 0% used [0x000000079ae80000,0x000000079ae80000,0x000000079bd80000)
 ParOldGen       total 110592K, used 25805K [0x0000000740000000, 0x0000000746c00000, 0x0000000795580000)
  object space 110592K, 23% used [0x0000000740000000,0x0000000741933588,0x0000000746c00000)
 Metaspace       used 37853K, capacity 38954K, committed 39128K, reserved 1083392K
  class space    used 5314K, capacity 5795K, committed 5888K, reserved 1048576K
Event: 13.586 GC heap after
Heap after GC invocations=13 (full 2):
 PSYoungGen      total 106496K, used 15328K [0x0000000795580000, 0x000000079e780000, 0x00000007c0000000)
  eden space 91136K, 0% used [0x0000000795580000,0x0000000795580000,0x000000079ae80000)
  from space 15360K, 99% used [0x000000079ae80000,0x000000079bd78010,0x000000079bd80000)
  to   space 17408K, 0% used [0x000000079d680000,0x000000079d680000,0x000000079e780000)
 ParOldGen       total 110592K, used 26765K [0x0000000740000000, 0x0000000746c00000, 0x0000000795580000)
  object space 110592K, 24% used [0x0000000740000000,0x0000000741a23608,0x0000000746c00000)
 Metaspace       used 37853K, capacity 38954K, committed 39128K, reserved 1083392K
  class space    used 5314K, capacity 5795K, committed 5888K, reserved 1048576K
}

