# JRE version: Java(TM) SE Runtime Environment (8.0_101-b13) (build 1.8.0_101-b13)
# Java VM: Java HotSpot(TM) 64-Bit Server VM (25.101-b13 mixed mode bsd-amd64 compressed oops)
Heap:
 PSYoungGen      total 160768K, used 11792K [0x0000000795580000, 0x00000007a3d00000, 0x00000007c0000000)
  eden space 146944K, 8% used [0x0000000795580000,0x0000000796104018,0x000000079e500000)
  from space 13824K, 0% used [0x000000079f500000,0x000000079f500000,0x00000007a0280000)
  to   space 16384K, 0% used [0x000000079e500000,0x000000079e500000,0x000000079f500000)
 ParOldGen       total 105984K, used 24599K [0x0000000740000000, 0x0000000746780000, 0x0000000795580000)
  object space 105984K, 23% used [0x0000000740000000,0x0000000741805e30,0x0000000746780000)
 Metaspace       used 34551K, capacity 35624K, committed 35928K, reserved 1079296K
  class space    used 4803K, capacity 5198K, committed 5248K, reserved 1048576K
GC Heap History (10 events):
Event: 3.740 GC heap before
{Heap before GC invocations=6 (full 1):
 PSYoungGen      total 71680K, used 5104K [0x0000000795580000, 0x000000079ea80000, 0x00000007c0000000)
  eden space 66560K, 0% used [0x0000000795580000,0x0000000795580000,0x0000000799680000)
  from space 5120K, 99% used [0x0000000799680000,0x0000000799b7c030,0x0000000799b80000)
  to   space 9728K, 0% used [0x000000079e100000,0x000000079e100000,0x000000079ea80000)
 ParOldGen       total 87552K, used 9353K [0x0000000740000000, 0x0000000745580000, 0x0000000795580000)
  object space 87552K, 10% used [0x0000000740000000,0x0000000740922790,0x0000000745580000)
 Metaspace       used 20775K, capacity 21118K, committed 21248K, reserved 1067008K
  class space    used 2821K, capacity 2978K, committed 3072K, reserved 1048576K
Event: 3.805 GC heap after
Heap after GC invocations=6 (full 1):
 PSYoungGen      total 71680K, used 0K [0x0000000795580000, 0x000000079ea80000, 0x00000007c0000000)
  eden space 66560K, 0% used [0x0000000795580000,0x0000000795580000,0x0000000799680000)
  from space 5120K, 0% used [0x0000000799680000,0x0000000799680000,0x0000000799b80000)
  to   space 9728K, 0% used [0x000000079e100000,0x000000079e100000,0x000000079ea80000)
 ParOldGen       total 61952K, used 8850K [0x0000000740000000, 0x0000000743c80000, 0x0000000795580000)
  object space 61952K, 14% used [0x0000000740000000,0x00000007408a4838,0x0000000743c80000)
 Metaspace       used 20775K, capacity 21118K, committed 21248K, reserved 1067008K
  class space    used 2821K, capacity 2978K, committed 3072K, reserved 1048576K
}
Event: 5.369 GC heap before
{Heap before GC invocations=7 (full 1):
 PSYoungGen      total 71680K, used 66560K [0x0000000795580000, 0x000000079ea80000, 0x00000007c0000000)
  eden space 66560K, 100% used [0x0000000795580000,0x0000000799680000,0x0000000799680000)
  from space 5120K, 0% used [0x0000000799680000,0x0000000799680000,0x0000000799b80000)
  to   space 9728K, 0% used [0x000000079e100000,0x000000079e100000,0x000000079ea80000)
 ParOldGen       total 61952K, used 8850K [0x0000000740000000, 0x0000000743c80000, 0x0000000795580000)
  object space 61952K, 14% used [0x0000000740000000,0x00000007408a4838,0x0000000743c80000)
 Metaspace       used 25349K, capacity 25984K, committed 26240K, reserved 1071104K
  class space    used 3431K, capacity 3673K, committed 3712K, reserved 1048576K
Event: 5.378 GC heap after
Heap after GC invocations=7 (full 1):
 PSYoungGen      total 106496K, used 5928K [0x0000000795580000, 0x000000079e700000, 0x00000007c0000000)
  eden space 100352K, 0% used [0x0000000795580000,0x0000000795580000,0x000000079b780000)
  from space 6144K, 96% used [0x000000079e100000,0x000000079e6ca020,0x000000079e700000)
  to   space 9728K, 0% used [0x000000079d400000,0x000000079d400000,0x000000079dd80000)
 ParOldGen       total 61952K, used 8922K [0x0000000740000000, 0x0000000743c80000, 0x0000000795580000)
  object space 61952K, 14% used [0x0000000740000000,0x00000007408b6848,0x0000000743c80000)
 Metaspace       used 25349K, capacity 25984K, committed 26240K, reserved 1071104K
  class space    used 3431K, capacity 3673K, committed 3712K, reserved 1048576K
}
Event: 7.807 GC heap before
{Heap before GC invocations=8 (full 1):
 PSYoungGen      total 106496K, used 106280K [0x0000000795580000, 0x000000079e700000, 0x00000007c0000000)
  eden space 100352K, 100% used [0x0000000795580000,0x000000079b780000,0x000000079b780000)
  from space 6144K, 96% used [0x000000079e100000,0x000000079e6ca020,0x000000079e700000)
  to   space 9728K, 0% used [0x000000079d400000,0x000000079d400000,0x000000079dd80000)
 ParOldGen       total 61952K, used 8922K [0x0000000740000000, 0x0000000743c80000, 0x0000000795580000)
  object space 61952K, 14% used [0x0000000740000000,0x00000007408b6848,0x0000000743c80000)
 Metaspace       used 32044K, capacity 32974K, committed 33280K, reserved 1077248K
  class space    used 4455K, capacity 4803K, committed 4864K, reserved 1048576K
Event: 7.839 GC heap after
Heap after GC invocations=8 (full 1):
 PSYoungGen      total 139264K, used 9700K [0x0000000795580000, 0x00000007a0280000, 0x00000007c0000000)
  eden space 129536K, 0% used [0x0000000795580000,0x0000000795580000,0x000000079d400000)
  from space 9728K, 99% used [0x000000079d400000,0x000000079dd79020,0x000000079dd80000)
  to   space 13824K, 0% used [0x000000079f500000,0x000000079f500000,0x00000007a0280000)
 ParOldGen       total 61952K, used 15751K [0x0000000740000000, 0x0000000743c80000, 0x0000000795580000)
  object space 61952K, 25% used [0x0000000740000000,0x0000000740f61ea0,0x0000000743c80000)
 Metaspace       used 32044K, capacity 32974K, committed 33280K, reserved 1077248K
  class space    used 4455K, capacity 4803K, committed 4864K, reserved 1048576K
}
Event: 8.833 GC heap before
{Heap before GC invocations=9 (full 1):
 PSYoungGen      total 139264K, used 55951K [0x0000000795580000, 0x00000007a0280000, 0x00000007c0000000)
  eden space 129536K, 35% used [0x0000000795580000,0x00000007982aadb0,0x000000079d400000)
  from space 9728K, 99% used [0x000000079d400000,0x000000079dd79020,0x000000079dd80000)
  to   space 13824K, 0% used [0x000000079f500000,0x000000079f500000,0x00000007a0280000)
 ParOldGen       total 61952K, used 15751K [0x0000000740000000, 0x0000000743c80000, 0x0000000795580000)
  object space 61952K, 25% used [0x0000000740000000,0x0000000740f61ea0,0x0000000743c80000)
 Metaspace       used 34355K, capacity 35272K, committed 35416K, reserved 1079296K
  class space    used 4784K, capacity 5166K, committed 5248K, reserved 1048576K
Event: 8.880 GC heap after
Heap after GC invocations=9 (full 1):
 PSYoungGen      total 160768K, used 13812K [0x0000000795580000, 0x00000007a3d00000, 0x00000007c0000000)
  eden space 146944K, 0% used [0x0000000795580000,0x0000000795580000,0x000000079e500000)
  from space 13824K, 99% used [0x000000079f500000,0x00000007a027d030,0x00000007a0280000)
  to   space 16384K, 0% used [0x000000079e500000,0x000000079e500000,0x000000079f500000)
 ParOldGen       total 61952K, used 16958K [0x0000000740000000, 0x0000000743c80000, 0x0000000795580000)
  object space 61952K, 27% used [0x0000000740000000,0x000000074108fac8,0x0000000743c80000)
 Metaspace       used 34355K, capacity 35272K, committed 35416K, reserved 1079296K
  class space    used 4784K, capacity 5166K, committed 5248K, reserved 1048576K
}
Event: 8.880 GC heap before
{Heap before GC invocations=10 (full 2):
 PSYoungGen      total 160768K, used 13812K [0x0000000795580000, 0x00000007a3d00000, 0x00000007c0000000)
  eden space 146944K, 0% used [0x0000000795580000,0x0000000795580000,0x000000079e500000)
  from space 13824K, 99% used [0x000000079f500000,0x00000007a027d030,0x00000007a0280000)
  to   space 16384K, 0% used [0x000000079e500000,0x000000079e500000,0x000000079f500000)
 ParOldGen       total 61952K, used 16958K [0x0000000740000000, 0x0000000743c80000, 0x0000000795580000)
  object space 61952K, 27% used [0x0000000740000000,0x000000074108fac8,0x0000000743c80000)
 Metaspace       used 34355K, capacity 35272K, committed 35416K, reserved 1079296K
  class space    used 4784K, capacity 5166K, committed 5248K, reserved 1048576K
Event: 9.065 GC heap after
Heap after GC invocations=10 (full 2):
 PSYoungGen      total 160768K, used 0K [0x0000000795580000, 0x00000007a3d00000, 0x00000007c0000000)
  eden space 146944K, 0% used [0x0000000795580000,0x0000000795580000,0x000000079e500000)
  from space 13824K, 0% used [0x000000079f500000,0x000000079f500000,0x00000007a0280000)
  to   space 16384K, 0% used [0x000000079e500000,0x000000079e500000,0x000000079f500000)
 ParOldGen       total 105984K, used 24599K [0x0000000740000000, 0x0000000746780000, 0x0000000795580000)
  object space 105984K, 23% used [0x0000000740000000,0x0000000741805e30,0x0000000746780000)
 Metaspace       used 34355K, capacity 35272K, committed 35416K, reserved 1079296K
  class space    used 4784K, capacity 5166K, committed 5248K, reserved 1048576K
}

