# JRE version: Java(TM) SE Runtime Environment (8.0_101-b13) (build 1.8.0_101-b13)
# Java VM: Java HotSpot(TM) 64-Bit Server VM (25.101-b13 mixed mode bsd-amd64 compressed oops)
Heap:
 PSYoungGen      total 179712K, used 95352K [0x0000000795580000, 0x00000007a4480000, 0x00000007c0000000)
  eden space 163328K, 48% used [0x0000000795580000,0x000000079a2a1718,0x000000079f500000)
  from space 16384K, 99% used [0x000000079f500000,0x00000007a04fc990,0x00000007a0500000)
  to   space 18944K, 0% used [0x00000007a3200000,0x00000007a3200000,0x00000007a4480000)
 ParOldGen       total 103936K, used 25048K [0x0000000740000000, 0x0000000746580000, 0x0000000795580000)
  object space 103936K, 24% used [0x0000000740000000,0x00000007418760e0,0x0000000746580000)
 Metaspace       used 39990K, capacity 41282K, committed 41560K, reserved 1085440K
  class space    used 5631K, capacity 6178K, committed 6272K, reserved 1048576K
GC Heap History (10 events):
Event: 6.438 GC heap before
{Heap before GC invocations=7 (full 1):
 PSYoungGen      total 71680K, used 66560K [0x0000000795580000, 0x000000079ea80000, 0x00000007c0000000)
  eden space 66560K, 100% used [0x0000000795580000,0x0000000799680000,0x0000000799680000)
  from space 5120K, 0% used [0x0000000799680000,0x0000000799680000,0x0000000799b80000)
  to   space 9728K, 0% used [0x000000079e100000,0x000000079e100000,0x000000079ea80000)
 ParOldGen       total 59904K, used 8893K [0x0000000740000000, 0x0000000743a80000, 0x0000000795580000)
  object space 59904K, 14% used [0x0000000740000000,0x00000007408af550,0x0000000743a80000)
 Metaspace       used 25345K, capacity 25984K, committed 26240K, reserved 1071104K
  class space    used 3432K, capacity 3673K, committed 3712K, reserved 1048576K
Event: 6.451 GC heap after
Heap after GC invocations=7 (full 1):
 PSYoungGen      total 111104K, used 6034K [0x0000000795580000, 0x000000079e700000, 0x00000007c0000000)
  eden space 104960K, 0% used [0x0000000795580000,0x0000000795580000,0x000000079bc00000)
  from space 6144K, 98% used [0x000000079e100000,0x000000079e6e4a18,0x000000079e700000)
  to   space 9728K, 0% used [0x000000079d400000,0x000000079d400000,0x000000079dd80000)
 ParOldGen       total 59904K, used 8965K [0x0000000740000000, 0x0000000743a80000, 0x0000000795580000)
  object space 59904K, 14% used [0x0000000740000000,0x00000007408c1560,0x0000000743a80000)
 Metaspace       used 25345K, capacity 25984K, committed 26240K, reserved 1071104K
  class space    used 3432K, capacity 3673K, committed 3712K, reserved 1048576K
}
Event: 8.990 GC heap before
{Heap before GC invocations=8 (full 1):
 PSYoungGen      total 111104K, used 110994K [0x0000000795580000, 0x000000079e700000, 0x00000007c0000000)
  eden space 104960K, 100% used [0x0000000795580000,0x000000079bc00000,0x000000079bc00000)
  from space 6144K, 98% used [0x000000079e100000,0x000000079e6e4a18,0x000000079e700000)
  to   space 9728K, 0% used [0x000000079d400000,0x000000079d400000,0x000000079dd80000)
 ParOldGen       total 59904K, used 8965K [0x0000000740000000, 0x0000000743a80000, 0x0000000795580000)
  object space 59904K, 14% used [0x0000000740000000,0x00000007408c1560,0x0000000743a80000)
 Metaspace       used 32210K, capacity 33190K, committed 33280K, reserved 1077248K
  class space    used 4485K, capacity 4854K, committed 4864K, reserved 1048576K
Event: 9.036 GC heap after
Heap after GC invocations=8 (full 1):
 PSYoungGen      total 139264K, used 9700K [0x0000000795580000, 0x00000007a1300000, 0x00000007c0000000)
  eden space 129536K, 0% used [0x0000000795580000,0x0000000795580000,0x000000079d400000)
  from space 9728K, 99% used [0x000000079d400000,0x000000079dd79020,0x000000079dd80000)
  to   space 14336K, 0% used [0x00000007a0500000,0x00000007a0500000,0x00000007a1300000)
 ParOldGen       total 59904K, used 16694K [0x0000000740000000, 0x0000000743a80000, 0x0000000795580000)
  object space 59904K, 27% used [0x0000000740000000,0x000000074104dae0,0x0000000743a80000)
 Metaspace       used 32210K, capacity 33190K, committed 33280K, reserved 1077248K
  class space    used 4485K, capacity 4854K, committed 4864K, reserved 1048576K
}
Event: 10.120 GC heap before
{Heap before GC invocations=9 (full 1):
 PSYoungGen      total 139264K, used 50926K [0x0000000795580000, 0x00000007a1300000, 0x00000007c0000000)
  eden space 129536K, 31% used [0x0000000795580000,0x0000000797dc28b0,0x000000079d400000)
  from space 9728K, 99% used [0x000000079d400000,0x000000079dd79020,0x000000079dd80000)
  to   space 14336K, 0% used [0x00000007a0500000,0x00000007a0500000,0x00000007a1300000)
 ParOldGen       total 59904K, used 16694K [0x0000000740000000, 0x0000000743a80000, 0x0000000795580000)
  object space 59904K, 27% used [0x0000000740000000,0x000000074104dae0,0x0000000743a80000)
 Metaspace       used 34345K, capacity 35272K, committed 35416K, reserved 1079296K
  class space    used 4780K, capacity 5166K, committed 5248K, reserved 1048576K
Event: 10.147 GC heap after
Heap after GC invocations=9 (full 1):
 PSYoungGen      total 177664K, used 14183K [0x0000000795580000, 0x00000007a4000000, 0x00000007c0000000)
  eden space 163328K, 0% used [0x0000000795580000,0x0000000795580000,0x000000079f500000)
  from space 14336K, 98% used [0x00000007a0500000,0x00000007a12d9e18,0x00000007a1300000)
  to   space 16384K, 0% used [0x000000079f500000,0x000000079f500000,0x00000007a0500000)
 ParOldGen       total 59904K, used 16702K [0x0000000740000000, 0x0000000743a80000, 0x0000000795580000)
  object space 59904K, 27% used [0x0000000740000000,0x000000074104fae0,0x0000000743a80000)
 Metaspace       used 34345K, capacity 35272K, committed 35416K, reserved 1079296K
  class space    used 4780K, capacity 5166K, committed 5248K, reserved 1048576K
}
Event: 10.147 GC heap before
{Heap before GC invocations=10 (full 2):
 PSYoungGen      total 177664K, used 14183K [0x0000000795580000, 0x00000007a4000000, 0x00000007c0000000)
  eden space 163328K, 0% used [0x0000000795580000,0x0000000795580000,0x000000079f500000)
  from space 14336K, 98% used [0x00000007a0500000,0x00000007a12d9e18,0x00000007a1300000)
  to   space 16384K, 0% used [0x000000079f500000,0x000000079f500000,0x00000007a0500000)
 ParOldGen       total 59904K, used 16702K [0x0000000740000000, 0x0000000743a80000, 0x0000000795580000)
  object space 59904K, 27% used [0x0000000740000000,0x000000074104fae0,0x0000000743a80000)
 Metaspace       used 34345K, capacity 35272K, committed 35416K, reserved 1079296K
  class space    used 4780K, capacity 5166K, committed 5248K, reserved 1048576K
Event: 10.323 GC heap after
Heap after GC invocations=10 (full 2):
 PSYoungGen      total 177664K, used 0K [0x0000000795580000, 0x00000007a4000000, 0x00000007c0000000)
  eden space 163328K, 0% used [0x0000000795580000,0x0000000795580000,0x000000079f500000)
  from space 14336K, 0% used [0x00000007a0500000,0x00000007a0500000,0x00000007a1300000)
  to   space 16384K, 0% used [0x000000079f500000,0x000000079f500000,0x00000007a0500000)
 ParOldGen       total 103936K, used 24540K [0x0000000740000000, 0x0000000746580000, 0x0000000795580000)
  object space 103936K, 23% used [0x0000000740000000,0x00000007417f7348,0x0000000746580000)
 Metaspace       used 34345K, capacity 35272K, committed 35416K, reserved 1079296K
  class space    used 4780K, capacity 5166K, committed 5248K, reserved 1048576K
}
Event: 13.661 GC heap before
{Heap before GC invocations=11 (full 2):
 PSYoungGen      total 177664K, used 163328K [0x0000000795580000, 0x00000007a4000000, 0x00000007c0000000)
  eden space 163328K, 100% used [0x0000000795580000,0x000000079f500000,0x000000079f500000)
  from space 14336K, 0% used [0x00000007a0500000,0x00000007a0500000,0x00000007a1300000)
  to   space 16384K, 0% used [0x000000079f500000,0x000000079f500000,0x00000007a0500000)
 ParOldGen       total 103936K, used 24540K [0x0000000740000000, 0x0000000746580000, 0x0000000795580000)
  object space 103936K, 23% used [0x0000000740000000,0x00000007417f7348,0x0000000746580000)
 Metaspace       used 37835K, capacity 38954K, committed 39128K, reserved 1083392K
  class space    used 5314K, capacity 5795K, committed 5888K, reserved 1048576K
Event: 13.713 GC heap after
Heap after GC invocations=11 (full 2):
 PSYoungGen      total 179712K, used 16370K [0x0000000795580000, 0x00000007a4480000, 0x00000007c0000000)
  eden space 163328K, 0% used [0x0000000795580000,0x0000000795580000,0x000000079f500000)
  from space 16384K, 99% used [0x000000079f500000,0x00000007a04fc990,0x00000007a0500000)
  to   space 18944K, 0% used [0x00000007a3200000,0x00000007a3200000,0x00000007a4480000)
 ParOldGen       total 103936K, used 25048K [0x0000000740000000, 0x0000000746580000, 0x0000000795580000)
  object space 103936K, 24% used [0x0000000740000000,0x00000007418760e0,0x0000000746580000)
 Metaspace       used 37835K, capacity 38954K, committed 39128K, reserved 1083392K
  class space    used 5314K, capacity 5795K, committed 5888K, reserved 1048576K
}

