# JRE version: Java(TM) SE Runtime Environment (8.0_101-b13) (build 1.8.0_101-b13)
# Java VM: Java HotSpot(TM) 64-Bit Server VM (25.101-b13 mixed mode bsd-amd64 compressed oops)
Heap:
 PSYoungGen      total 221184K, used 97349K [0x0000000795580000, 0x00000007a4580000, 0x00000007c0000000)
  eden space 206336K, 47% used [0x0000000795580000,0x000000079b491460,0x00000007a1f00000)
  from space 14848K, 0% used [0x00000007a3080000,0x00000007a3080000,0x00000007a3f00000)
  to   space 17920K, 0% used [0x00000007a1f00000,0x00000007a1f00000,0x00000007a3080000)
 ParOldGen       total 108032K, used 26314K [0x0000000740000000, 0x0000000746980000, 0x0000000795580000)
  object space 108032K, 24% used [0x0000000740000000,0x00000007419b2be8,0x0000000746980000)
 Metaspace       used 35944K, capacity 36962K, committed 37208K, reserved 1081344K
  class space    used 4989K, capacity 5420K, committed 5504K, reserved 1048576K
GC Heap History (10 events):
Event: 2.337 GC heap before
{Heap before GC invocations=4 (full 0):
 PSYoungGen      total 71680K, used 26544K [0x0000000795580000, 0x000000079e180000, 0x00000007c0000000)
  eden space 66560K, 32% used [0x0000000795580000,0x0000000796a702e8,0x0000000799680000)
  from space 5120K, 99% used [0x0000000799680000,0x0000000799b7c030,0x0000000799b80000)
  to   space 5120K, 0% used [0x000000079dc80000,0x000000079dc80000,0x000000079e180000)
 ParOldGen       total 87552K, used 7181K [0x0000000740000000, 0x0000000745580000, 0x0000000795580000)
  object space 87552K, 8% used [0x0000000740000000,0x00000007407037f8,0x0000000745580000)
 Metaspace       used 20768K, capacity 21118K, committed 21248K, reserved 1067008K
  class space    used 2828K, capacity 2978K, committed 3072K, reserved 1048576K
Event: 2.350 GC heap after
Heap after GC invocations=4 (full 0):
 PSYoungGen      total 138240K, used 5104K [0x0000000795580000, 0x000000079e180000, 0x00000007c0000000)
  eden space 133120K, 0% used [0x0000000795580000,0x0000000795580000,0x000000079d780000)
  from space 5120K, 99% used [0x000000079dc80000,0x000000079e17c030,0x000000079e180000)
  to   space 5120K, 0% used [0x000000079d780000,0x000000079d780000,0x000000079dc80000)
 ParOldGen       total 87552K, used 9481K [0x0000000740000000, 0x0000000745580000, 0x0000000795580000)
  object space 87552K, 10% used [0x0000000740000000,0x00000007409425d8,0x0000000745580000)
 Metaspace       used 20768K, capacity 21118K, committed 21248K, reserved 1067008K
  class space    used 2828K, capacity 2978K, committed 3072K, reserved 1048576K
}
Event: 2.350 GC heap before
{Heap before GC invocations=5 (full 1):
 PSYoungGen      total 138240K, used 5104K [0x0000000795580000, 0x000000079e180000, 0x00000007c0000000)
  eden space 133120K, 0% used [0x0000000795580000,0x0000000795580000,0x000000079d780000)
  from space 5120K, 99% used [0x000000079dc80000,0x000000079e17c030,0x000000079e180000)
  to   space 5120K, 0% used [0x000000079d780000,0x000000079d780000,0x000000079dc80000)
 ParOldGen       total 87552K, used 9481K [0x0000000740000000, 0x0000000745580000, 0x0000000795580000)
  object space 87552K, 10% used [0x0000000740000000,0x00000007409425d8,0x0000000745580000)
 Metaspace       used 20768K, capacity 21118K, committed 21248K, reserved 1067008K
  class space    used 2828K, capacity 2978K, committed 3072K, reserved 1048576K
Event: 2.406 GC heap after
Heap after GC invocations=5 (full 1):
 PSYoungGen      total 138240K, used 0K [0x0000000795580000, 0x000000079e180000, 0x00000007c0000000)
  eden space 133120K, 0% used [0x0000000795580000,0x0000000795580000,0x000000079d780000)
  from space 5120K, 0% used [0x000000079dc80000,0x000000079dc80000,0x000000079e180000)
  to   space 5120K, 0% used [0x000000079d780000,0x000000079d780000,0x000000079dc80000)
 ParOldGen       total 65536K, used 12764K [0x0000000740000000, 0x0000000744000000, 0x0000000795580000)
  object space 65536K, 19% used [0x0000000740000000,0x0000000740c77330,0x0000000744000000)
 Metaspace       used 20768K, capacity 21118K, committed 21248K, reserved 1067008K
  class space    used 2828K, capacity 2978K, committed 3072K, reserved 1048576K
}
Event: 4.313 GC heap before
{Heap before GC invocations=6 (full 1):
 PSYoungGen      total 138240K, used 133120K [0x0000000795580000, 0x000000079e180000, 0x00000007c0000000)
  eden space 133120K, 100% used [0x0000000795580000,0x000000079d780000,0x000000079d780000)
  from space 5120K, 0% used [0x000000079dc80000,0x000000079dc80000,0x000000079e180000)
  to   space 5120K, 0% used [0x000000079d780000,0x000000079d780000,0x000000079dc80000)
 ParOldGen       total 65536K, used 12764K [0x0000000740000000, 0x0000000744000000, 0x0000000795580000)
  object space 65536K, 19% used [0x0000000740000000,0x0000000740c77330,0x0000000744000000)
 Metaspace       used 29476K, capacity 30284K, committed 30464K, reserved 1075200K
  class space    used 4040K, capacity 4315K, committed 4352K, reserved 1048576K
Event: 4.338 GC heap after
Heap after GC invocations=6 (full 1):
 PSYoungGen      total 138240K, used 5104K [0x0000000795580000, 0x00000007a3f00000, 0x00000007c0000000)
  eden space 133120K, 0% used [0x0000000795580000,0x0000000795580000,0x000000079d780000)
  from space 5120K, 99% used [0x000000079d780000,0x000000079dc7c010,0x000000079dc80000)
  to   space 14848K, 0% used [0x00000007a3080000,0x00000007a3080000,0x00000007a3f00000)
 ParOldGen       total 65536K, used 21958K [0x0000000740000000, 0x0000000744000000, 0x0000000795580000)
  object space 65536K, 33% used [0x0000000740000000,0x0000000741571a50,0x0000000744000000)
 Metaspace       used 29476K, capacity 30284K, committed 30464K, reserved 1075200K
  class space    used 4040K, capacity 4315K, committed 4352K, reserved 1048576K
}
Event: 5.331 GC heap before
{Heap before GC invocations=7 (full 1):
 PSYoungGen      total 138240K, used 87066K [0x0000000795580000, 0x00000007a3f00000, 0x00000007c0000000)
  eden space 133120K, 61% used [0x0000000795580000,0x000000079a58a8a0,0x000000079d780000)
  from space 5120K, 99% used [0x000000079d780000,0x000000079dc7c010,0x000000079dc80000)
  to   space 14848K, 0% used [0x00000007a3080000,0x00000007a3080000,0x00000007a3f00000)
 ParOldGen       total 65536K, used 21958K [0x0000000740000000, 0x0000000744000000, 0x0000000795580000)
  object space 65536K, 33% used [0x0000000740000000,0x0000000741571a50,0x0000000744000000)
 Metaspace       used 34344K, capacity 35304K, committed 35416K, reserved 1079296K
  class space    used 4787K, capacity 5198K, committed 5248K, reserved 1048576K
Event: 5.365 GC heap after
Heap after GC invocations=7 (full 1):
 PSYoungGen      total 221184K, used 14835K [0x0000000795580000, 0x00000007a4580000, 0x00000007c0000000)
  eden space 206336K, 0% used [0x0000000795580000,0x0000000795580000,0x00000007a1f00000)
  from space 14848K, 99% used [0x00000007a3080000,0x00000007a3efcec8,0x00000007a3f00000)
  to   space 17920K, 0% used [0x00000007a1f00000,0x00000007a1f00000,0x00000007a3080000)
 ParOldGen       total 65536K, used 23050K [0x0000000740000000, 0x0000000744000000, 0x0000000795580000)
  object space 65536K, 35% used [0x0000000740000000,0x0000000741682990,0x0000000744000000)
 Metaspace       used 34344K, capacity 35304K, committed 35416K, reserved 1079296K
  class space    used 4787K, capacity 5198K, committed 5248K, reserved 1048576K
}
Event: 5.365 GC heap before
{Heap before GC invocations=8 (full 2):
 PSYoungGen      total 221184K, used 14835K [0x0000000795580000, 0x00000007a4580000, 0x00000007c0000000)
  eden space 206336K, 0% used [0x0000000795580000,0x0000000795580000,0x00000007a1f00000)
  from space 14848K, 99% used [0x00000007a3080000,0x00000007a3efcec8,0x00000007a3f00000)
  to   space 17920K, 0% used [0x00000007a1f00000,0x00000007a1f00000,0x00000007a3080000)
 ParOldGen       total 65536K, used 23050K [0x0000000740000000, 0x0000000744000000, 0x0000000795580000)
  object space 65536K, 35% used [0x0000000740000000,0x0000000741682990,0x0000000744000000)
 Metaspace       used 34344K, capacity 35304K, committed 35416K, reserved 1079296K
  class space    used 4787K, capacity 5198K, committed 5248K, reserved 1048576K
Event: 5.530 GC heap after
Heap after GC invocations=8 (full 2):
 PSYoungGen      total 221184K, used 0K [0x0000000795580000, 0x00000007a4580000, 0x00000007c0000000)
  eden space 206336K, 0% used [0x0000000795580000,0x0000000795580000,0x00000007a1f00000)
  from space 14848K, 0% used [0x00000007a3080000,0x00000007a3080000,0x00000007a3f00000)
  to   space 17920K, 0% used [0x00000007a1f00000,0x00000007a1f00000,0x00000007a3080000)
 ParOldGen       total 108032K, used 26314K [0x0000000740000000, 0x0000000746980000, 0x0000000795580000)
  object space 108032K, 24% used [0x0000000740000000,0x00000007419b2be8,0x0000000746980000)
 Metaspace       used 34344K, capacity 35304K, committed 35416K, reserved 1079296K
  class space    used 4787K, capacity 5198K, committed 5248K, reserved 1048576K
}

