# JRE version: Java(TM) SE Runtime Environment (8.0_101-b13) (build 1.8.0_101-b13)
# Java VM: Java HotSpot(TM) 64-Bit Server VM (25.101-b13 mixed mode bsd-amd64 compressed oops)
Heap:
 PSYoungGen      total 165376K, used 108100K [0x0000000795580000, 0x00000007a2d00000, 0x00000007c0000000)
  eden space 148992K, 62% used [0x0000000795580000,0x000000079afeacd0,0x000000079e700000)
  from space 16384K, 94% used [0x000000079e700000,0x000000079f626400,0x000000079f700000)
  to   space 17920K, 0% used [0x00000007a1b80000,0x00000007a1b80000,0x00000007a2d00000)
 ParOldGen       total 108032K, used 24614K [0x0000000740000000, 0x0000000746980000, 0x0000000795580000)
  object space 108032K, 22% used [0x0000000740000000,0x00000007418098d0,0x0000000746980000)
 Metaspace       used 39959K, capacity 41282K, committed 41560K, reserved 1085440K
  class space    used 5630K, capacity 6178K, committed 6272K, reserved 1048576K
GC Heap History (10 events):
Event: 3.439 GC heap before
{Heap before GC invocations=7 (full 1):
 PSYoungGen      total 71680K, used 66560K [0x0000000795580000, 0x000000079e980000, 0x00000007c0000000)
  eden space 66560K, 100% used [0x0000000795580000,0x0000000799680000,0x0000000799680000)
  from space 5120K, 0% used [0x0000000799680000,0x0000000799680000,0x0000000799b80000)
  to   space 9216K, 0% used [0x000000079e080000,0x000000079e080000,0x000000079e980000)
 ParOldGen       total 61440K, used 8502K [0x0000000740000000, 0x0000000743c00000, 0x0000000795580000)
  object space 61440K, 13% used [0x0000000740000000,0x000000074084dad0,0x0000000743c00000)
 Metaspace       used 25315K, capacity 25952K, committed 26240K, reserved 1071104K
  class space    used 3427K, capacity 3641K, committed 3712K, reserved 1048576K
Event: 3.449 GC heap after
Heap after GC invocations=7 (full 1):
 PSYoungGen      total 107008K, used 6054K [0x0000000795580000, 0x000000079e680000, 0x00000007c0000000)
  eden space 100864K, 0% used [0x0000000795580000,0x0000000795580000,0x000000079b800000)
  from space 6144K, 98% used [0x000000079e080000,0x000000079e669a80,0x000000079e680000)
  to   space 9216K, 0% used [0x000000079d480000,0x000000079d480000,0x000000079dd80000)
 ParOldGen       total 61440K, used 8574K [0x0000000740000000, 0x0000000743c00000, 0x0000000795580000)
  object space 61440K, 13% used [0x0000000740000000,0x000000074085fae0,0x0000000743c00000)
 Metaspace       used 25315K, capacity 25952K, committed 26240K, reserved 1071104K
  class space    used 3427K, capacity 3641K, committed 3712K, reserved 1048576K
}
Event: 4.550 GC heap before
{Heap before GC invocations=8 (full 1):
 PSYoungGen      total 107008K, used 106918K [0x0000000795580000, 0x000000079e680000, 0x00000007c0000000)
  eden space 100864K, 100% used [0x0000000795580000,0x000000079b800000,0x000000079b800000)
  from space 6144K, 98% used [0x000000079e080000,0x000000079e669a80,0x000000079e680000)
  to   space 9216K, 0% used [0x000000079d480000,0x000000079d480000,0x000000079dd80000)
 ParOldGen       total 61440K, used 8574K [0x0000000740000000, 0x0000000743c00000, 0x0000000795580000)
  object space 61440K, 13% used [0x0000000740000000,0x000000074085fae0,0x0000000743c00000)
 Metaspace       used 32008K, capacity 32974K, committed 33280K, reserved 1077248K
  class space    used 4449K, capacity 4803K, committed 4864K, reserved 1048576K
Event: 4.571 GC heap after
Heap after GC invocations=8 (full 1):
 PSYoungGen      total 139264K, used 9200K [0x0000000795580000, 0x00000007a0480000, 0x00000007c0000000)
  eden space 130048K, 0% used [0x0000000795580000,0x0000000795580000,0x000000079d480000)
  from space 9216K, 99% used [0x000000079d480000,0x000000079dd7c020,0x000000079dd80000)
  to   space 13824K, 0% used [0x000000079f700000,0x000000079f700000,0x00000007a0480000)
 ParOldGen       total 61440K, used 15984K [0x0000000740000000, 0x0000000743c00000, 0x0000000795580000)
  object space 61440K, 26% used [0x0000000740000000,0x0000000740f9c210,0x0000000743c00000)
 Metaspace       used 32008K, capacity 32974K, committed 33280K, reserved 1077248K
  class space    used 4449K, capacity 4803K, committed 4864K, reserved 1048576K
}
Event: 5.116 GC heap before
{Heap before GC invocations=9 (full 1):
 PSYoungGen      total 139264K, used 58120K [0x0000000795580000, 0x00000007a0480000, 0x00000007c0000000)
  eden space 130048K, 37% used [0x0000000795580000,0x0000000798546118,0x000000079d480000)
  from space 9216K, 99% used [0x000000079d480000,0x000000079dd7c020,0x000000079dd80000)
  to   space 13824K, 0% used [0x000000079f700000,0x000000079f700000,0x00000007a0480000)
 ParOldGen       total 61440K, used 15984K [0x0000000740000000, 0x0000000743c00000, 0x0000000795580000)
  object space 61440K, 26% used [0x0000000740000000,0x0000000740f9c210,0x0000000743c00000)
 Metaspace       used 34334K, capacity 35272K, committed 35416K, reserved 1079296K
  class space    used 4780K, capacity 5166K, committed 5248K, reserved 1048576K
Event: 5.149 GC heap after
Heap after GC invocations=9 (full 1):
 PSYoungGen      total 162816K, used 13800K [0x0000000795580000, 0x00000007a3f00000, 0x00000007c0000000)
  eden space 148992K, 0% used [0x0000000795580000,0x0000000795580000,0x000000079e700000)
  from space 13824K, 99% used [0x000000079f700000,0x00000007a047a318,0x00000007a0480000)
  to   space 16384K, 0% used [0x000000079e700000,0x000000079e700000,0x000000079f700000)
 ParOldGen       total 61440K, used 17059K [0x0000000740000000, 0x0000000743c00000, 0x0000000795580000)
  object space 61440K, 27% used [0x0000000740000000,0x00000007410a8e50,0x0000000743c00000)
 Metaspace       used 34334K, capacity 35272K, committed 35416K, reserved 1079296K
  class space    used 4780K, capacity 5166K, committed 5248K, reserved 1048576K
}
Event: 5.149 GC heap before
{Heap before GC invocations=10 (full 2):
 PSYoungGen      total 162816K, used 13800K [0x0000000795580000, 0x00000007a3f00000, 0x00000007c0000000)
  eden space 148992K, 0% used [0x0000000795580000,0x0000000795580000,0x000000079e700000)
  from space 13824K, 99% used [0x000000079f700000,0x00000007a047a318,0x00000007a0480000)
  to   space 16384K, 0% used [0x000000079e700000,0x000000079e700000,0x000000079f700000)
 ParOldGen       total 61440K, used 17059K [0x0000000740000000, 0x0000000743c00000, 0x0000000795580000)
  object space 61440K, 27% used [0x0000000740000000,0x00000007410a8e50,0x0000000743c00000)
 Metaspace       used 34334K, capacity 35272K, committed 35416K, reserved 1079296K
  class space    used 4780K, capacity 5166K, committed 5248K, reserved 1048576K
Event: 5.315 GC heap after
Heap after GC invocations=10 (full 2):
 PSYoungGen      total 162816K, used 0K [0x0000000795580000, 0x00000007a3f00000, 0x00000007c0000000)
  eden space 148992K, 0% used [0x0000000795580000,0x0000000795580000,0x000000079e700000)
  from space 13824K, 0% used [0x000000079f700000,0x000000079f700000,0x00000007a0480000)
  to   space 16384K, 0% used [0x000000079e700000,0x000000079e700000,0x000000079f700000)
 ParOldGen       total 108032K, used 24606K [0x0000000740000000, 0x0000000746980000, 0x0000000795580000)
  object space 108032K, 22% used [0x0000000740000000,0x00000007418078d0,0x0000000746980000)
 Metaspace       used 34334K, capacity 35272K, committed 35416K, reserved 1079296K
  class space    used 4780K, capacity 5166K, committed 5248K, reserved 1048576K
}
Event: 6.837 GC heap before
{Heap before GC invocations=11 (full 2):
 PSYoungGen      total 162816K, used 148992K [0x0000000795580000, 0x00000007a3f00000, 0x00000007c0000000)
  eden space 148992K, 100% used [0x0000000795580000,0x000000079e700000,0x000000079e700000)
  from space 13824K, 0% used [0x000000079f700000,0x000000079f700000,0x00000007a0480000)
  to   space 16384K, 0% used [0x000000079e700000,0x000000079e700000,0x000000079f700000)
 ParOldGen       total 108032K, used 24606K [0x0000000740000000, 0x0000000746980000, 0x0000000795580000)
  object space 108032K, 22% used [0x0000000740000000,0x00000007418078d0,0x0000000746980000)
 Metaspace       used 37109K, capacity 38240K, committed 38488K, reserved 1081344K
  class space    used 5191K, capacity 5661K, committed 5760K, reserved 1048576K
Event: 6.864 GC heap after
Heap after GC invocations=11 (full 2):
 PSYoungGen      total 165376K, used 15513K [0x0000000795580000, 0x00000007a2d00000, 0x00000007c0000000)
  eden space 148992K, 0% used [0x0000000795580000,0x0000000795580000,0x000000079e700000)
  from space 16384K, 94% used [0x000000079e700000,0x000000079f626400,0x000000079f700000)
  to   space 17920K, 0% used [0x00000007a1b80000,0x00000007a1b80000,0x00000007a2d00000)
 ParOldGen       total 108032K, used 24614K [0x0000000740000000, 0x0000000746980000, 0x0000000795580000)
  object space 108032K, 22% used [0x0000000740000000,0x00000007418098d0,0x0000000746980000)
 Metaspace       used 37109K, capacity 38240K, committed 38488K, reserved 1081344K
  class space    used 5191K, capacity 5661K, committed 5760K, reserved 1048576K
}

