# JRE version: Java(TM) SE Runtime Environment (8.0_101-b13) (build 1.8.0_101-b13)
# Java VM: Java HotSpot(TM) 64-Bit Server VM (25.101-b13 mixed mode bsd-amd64 compressed oops)
Heap:
 PSYoungGen      total 160768K, used 111987K [0x0000000795580000, 0x00000007a2d80000, 0x00000007c0000000)
  eden space 144384K, 67% used [0x0000000795580000,0x000000079b466ac0,0x000000079e280000)
  from space 16384K, 90% used [0x000000079e280000,0x000000079f0f6400,0x000000079f280000)
  to   space 17920K, 0% used [0x00000007a1c00000,0x00000007a1c00000,0x00000007a2d80000)
 ParOldGen       total 107520K, used 24612K [0x0000000740000000, 0x0000000746900000, 0x0000000795580000)
  object space 107520K, 22% used [0x0000000740000000,0x00000007418092e8,0x0000000746900000)
 Metaspace       used 39989K, capacity 41282K, committed 41560K, reserved 1085440K
  class space    used 5632K, capacity 6178K, committed 6272K, reserved 1048576K
GC Heap History (10 events):
Event: 3.262 GC heap before
{Heap before GC invocations=7 (full 1):
 PSYoungGen      total 71680K, used 66560K [0x0000000795580000, 0x000000079ea80000, 0x00000007c0000000)
  eden space 66560K, 100% used [0x0000000795580000,0x0000000799680000,0x0000000799680000)
  from space 5120K, 0% used [0x0000000799680000,0x0000000799680000,0x0000000799b80000)
  to   space 9728K, 0% used [0x000000079e100000,0x000000079e100000,0x000000079ea80000)
 ParOldGen       total 62976K, used 8897K [0x0000000740000000, 0x0000000743d80000, 0x0000000795580000)
  object space 62976K, 14% used [0x0000000740000000,0x00000007408b0468,0x0000000743d80000)
 Metaspace       used 25344K, capacity 25984K, committed 26240K, reserved 1071104K
  class space    used 3433K, capacity 3673K, committed 3712K, reserved 1048576K
Event: 3.276 GC heap after
Heap after GC invocations=7 (full 1):
 PSYoungGen      total 105472K, used 6066K [0x0000000795580000, 0x000000079e700000, 0x00000007c0000000)
  eden space 99328K, 0% used [0x0000000795580000,0x0000000795580000,0x000000079b680000)
  from space 6144K, 98% used [0x000000079e100000,0x000000079e6eca80,0x000000079e700000)
  to   space 9728K, 0% used [0x000000079d400000,0x000000079d400000,0x000000079dd80000)
 ParOldGen       total 62976K, used 8905K [0x0000000740000000, 0x0000000743d80000, 0x0000000795580000)
  object space 62976K, 14% used [0x0000000740000000,0x00000007408b2468,0x0000000743d80000)
 Metaspace       used 25344K, capacity 25984K, committed 26240K, reserved 1071104K
  class space    used 3433K, capacity 3673K, committed 3712K, reserved 1048576K
}
Event: 4.819 GC heap before
{Heap before GC invocations=8 (full 1):
 PSYoungGen      total 105472K, used 105394K [0x0000000795580000, 0x000000079e700000, 0x00000007c0000000)
  eden space 99328K, 100% used [0x0000000795580000,0x000000079b680000,0x000000079b680000)
  from space 6144K, 98% used [0x000000079e100000,0x000000079e6eca80,0x000000079e700000)
  to   space 9728K, 0% used [0x000000079d400000,0x000000079d400000,0x000000079dd80000)
 ParOldGen       total 62976K, used 8905K [0x0000000740000000, 0x0000000743d80000, 0x0000000795580000)
  object space 62976K, 14% used [0x0000000740000000,0x00000007408b2468,0x0000000743d80000)
 Metaspace       used 32036K, capacity 33006K, committed 33280K, reserved 1077248K
  class space    used 4453K, capacity 4835K, committed 4864K, reserved 1048576K
Event: 4.848 GC heap after
Heap after GC invocations=8 (full 1):
 PSYoungGen      total 139264K, used 9728K [0x0000000795580000, 0x00000007a0000000, 0x00000007c0000000)
  eden space 129536K, 0% used [0x0000000795580000,0x0000000795580000,0x000000079d400000)
  from space 9728K, 100% used [0x000000079d400000,0x000000079dd80000,0x000000079dd80000)
  to   space 13824K, 0% used [0x000000079f280000,0x000000079f280000,0x00000007a0000000)
 ParOldGen       total 62976K, used 15793K [0x0000000740000000, 0x0000000743d80000, 0x0000000795580000)
  object space 62976K, 25% used [0x0000000740000000,0x0000000740f6c5d8,0x0000000743d80000)
 Metaspace       used 32036K, capacity 33006K, committed 33280K, reserved 1077248K
  class space    used 4453K, capacity 4835K, committed 4864K, reserved 1048576K
}
Event: 5.427 GC heap before
{Heap before GC invocations=9 (full 1):
 PSYoungGen      total 139264K, used 56182K [0x0000000795580000, 0x00000007a0000000, 0x00000007c0000000)
  eden space 129536K, 35% used [0x0000000795580000,0x00000007982dd890,0x000000079d400000)
  from space 9728K, 100% used [0x000000079d400000,0x000000079dd80000,0x000000079dd80000)
  to   space 13824K, 0% used [0x000000079f280000,0x000000079f280000,0x00000007a0000000)
 ParOldGen       total 62976K, used 15793K [0x0000000740000000, 0x0000000743d80000, 0x0000000795580000)
  object space 62976K, 25% used [0x0000000740000000,0x0000000740f6c5d8,0x0000000743d80000)
 Metaspace       used 34342K, capacity 35272K, committed 35416K, reserved 1079296K
  class space    used 4782K, capacity 5166K, committed 5248K, reserved 1048576K
Event: 5.463 GC heap after
Heap after GC invocations=9 (full 1):
 PSYoungGen      total 158208K, used 13808K [0x0000000795580000, 0x00000007a3c00000, 0x00000007c0000000)
  eden space 144384K, 0% used [0x0000000795580000,0x0000000795580000,0x000000079e280000)
  from space 13824K, 99% used [0x000000079f280000,0x000000079fffc010,0x00000007a0000000)
  to   space 16384K, 0% used [0x000000079e280000,0x000000079e280000,0x000000079f280000)
 ParOldGen       total 62976K, used 17061K [0x0000000740000000, 0x0000000743d80000, 0x0000000795580000)
  object space 62976K, 27% used [0x0000000740000000,0x00000007410a95f0,0x0000000743d80000)
 Metaspace       used 34342K, capacity 35272K, committed 35416K, reserved 1079296K
  class space    used 4782K, capacity 5166K, committed 5248K, reserved 1048576K
}
Event: 5.463 GC heap before
{Heap before GC invocations=10 (full 2):
 PSYoungGen      total 158208K, used 13808K [0x0000000795580000, 0x00000007a3c00000, 0x00000007c0000000)
  eden space 144384K, 0% used [0x0000000795580000,0x0000000795580000,0x000000079e280000)
  from space 13824K, 99% used [0x000000079f280000,0x000000079fffc010,0x00000007a0000000)
  to   space 16384K, 0% used [0x000000079e280000,0x000000079e280000,0x000000079f280000)
 ParOldGen       total 62976K, used 17061K [0x0000000740000000, 0x0000000743d80000, 0x0000000795580000)
  object space 62976K, 27% used [0x0000000740000000,0x00000007410a95f0,0x0000000743d80000)
 Metaspace       used 34342K, capacity 35272K, committed 35416K, reserved 1079296K
  class space    used 4782K, capacity 5166K, committed 5248K, reserved 1048576K
Event: 5.609 GC heap after
Heap after GC invocations=10 (full 2):
 PSYoungGen      total 158208K, used 0K [0x0000000795580000, 0x00000007a3c00000, 0x00000007c0000000)
  eden space 144384K, 0% used [0x0000000795580000,0x0000000795580000,0x000000079e280000)
  from space 13824K, 0% used [0x000000079f280000,0x000000079f280000,0x00000007a0000000)
  to   space 16384K, 0% used [0x000000079e280000,0x000000079e280000,0x000000079f280000)
 ParOldGen       total 107520K, used 24604K [0x0000000740000000, 0x0000000746900000, 0x0000000795580000)
  object space 107520K, 22% used [0x0000000740000000,0x00000007418072e8,0x0000000746900000)
 Metaspace       used 34342K, capacity 35272K, committed 35416K, reserved 1079296K
  class space    used 4782K, capacity 5166K, committed 5248K, reserved 1048576K
}
Event: 7.219 GC heap before
{Heap before GC invocations=11 (full 2):
 PSYoungGen      total 158208K, used 144384K [0x0000000795580000, 0x00000007a3c00000, 0x00000007c0000000)
  eden space 144384K, 100% used [0x0000000795580000,0x000000079e280000,0x000000079e280000)
  from space 13824K, 0% used [0x000000079f280000,0x000000079f280000,0x00000007a0000000)
  to   space 16384K, 0% used [0x000000079e280000,0x000000079e280000,0x000000079f280000)
 ParOldGen       total 107520K, used 24604K [0x0000000740000000, 0x0000000746900000, 0x0000000795580000)
  object space 107520K, 22% used [0x0000000740000000,0x00000007418072e8,0x0000000746900000)
 Metaspace       used 36954K, capacity 37978K, committed 38104K, reserved 1081344K
  class space    used 5151K, capacity 5548K, committed 5632K, reserved 1048576K
Event: 7.267 GC heap after
Heap after GC invocations=11 (full 2):
 PSYoungGen      total 160768K, used 14809K [0x0000000795580000, 0x00000007a2d80000, 0x00000007c0000000)
  eden space 144384K, 0% used [0x0000000795580000,0x0000000795580000,0x000000079e280000)
  from space 16384K, 90% used [0x000000079e280000,0x000000079f0f6400,0x000000079f280000)
  to   space 17920K, 0% used [0x00000007a1c00000,0x00000007a1c00000,0x00000007a2d80000)
 ParOldGen       total 107520K, used 24612K [0x0000000740000000, 0x0000000746900000, 0x0000000795580000)
  object space 107520K, 22% used [0x0000000740000000,0x00000007418092e8,0x0000000746900000)
 Metaspace       used 36954K, capacity 37978K, committed 38104K, reserved 1081344K
  class space    used 5151K, capacity 5548K, committed 5632K, reserved 1048576K
}

