# JRE version: Java(TM) SE Runtime Environment (8.0_101-b13) (build 1.8.0_101-b13)
# Java VM: Java HotSpot(TM) 64-Bit Server VM (25.101-b13 mixed mode bsd-amd64 compressed oops)
Heap:
 PSYoungGen      total 164352K, used 39706K [0x0000000795580000, 0x00000007a2880000, 0x00000007c0000000)
  eden space 147968K, 15% used [0x0000000795580000,0x0000000796c99f30,0x000000079e600000)
  from space 16384K, 97% used [0x000000079e600000,0x000000079f5ac990,0x000000079f600000)
  to   space 18432K, 0% used [0x00000007a1680000,0x00000007a1680000,0x00000007a2880000)
 ParOldGen       total 114688K, used 29288K [0x0000000740000000, 0x0000000747000000, 0x0000000795580000)
  object space 114688K, 25% used [0x0000000740000000,0x0000000741c9a0d0,0x0000000747000000)
 Metaspace       used 39040K, capacity 40176K, committed 40280K, reserved 1083392K
  class space    used 5486K, capacity 5977K, committed 6016K, reserved 1048576K
GC Heap History (10 events):
Event: 4.889 GC heap before
{Heap before GC invocations=7 (full 1):
 PSYoungGen      total 71680K, used 66560K [0x0000000795580000, 0x000000079ea80000, 0x00000007c0000000)
  eden space 66560K, 100% used [0x0000000795580000,0x0000000799680000,0x0000000799680000)
  from space 5120K, 0% used [0x0000000799680000,0x0000000799680000,0x0000000799b80000)
  to   space 9728K, 0% used [0x000000079e100000,0x000000079e100000,0x000000079ea80000)
 ParOldGen       total 61440K, used 8857K [0x0000000740000000, 0x0000000743c00000, 0x0000000795580000)
  object space 61440K, 14% used [0x0000000740000000,0x00000007408a6728,0x0000000743c00000)
 Metaspace       used 25359K, capacity 26048K, committed 26240K, reserved 1071104K
  class space    used 3435K, capacity 3673K, committed 3712K, reserved 1048576K
Event: 4.897 GC heap after
Heap after GC invocations=7 (full 1):
 PSYoungGen      total 106496K, used 5894K [0x0000000795580000, 0x000000079e700000, 0x00000007c0000000)
  eden space 100352K, 0% used [0x0000000795580000,0x0000000795580000,0x000000079b780000)
  from space 6144K, 95% used [0x000000079e100000,0x000000079e6c1a70,0x000000079e700000)
  to   space 9728K, 0% used [0x000000079d400000,0x000000079d400000,0x000000079dd80000)
 ParOldGen       total 61440K, used 8929K [0x0000000740000000, 0x0000000743c00000, 0x0000000795580000)
  object space 61440K, 14% used [0x0000000740000000,0x00000007408b8738,0x0000000743c00000)
 Metaspace       used 25359K, capacity 26048K, committed 26240K, reserved 1071104K
  class space    used 3435K, capacity 3673K, committed 3712K, reserved 1048576K
}
Event: 7.133 GC heap before
{Heap before GC invocations=8 (full 1):
 PSYoungGen      total 106496K, used 106246K [0x0000000795580000, 0x000000079e700000, 0x00000007c0000000)
  eden space 100352K, 100% used [0x0000000795580000,0x000000079b780000,0x000000079b780000)
  from space 6144K, 95% used [0x000000079e100000,0x000000079e6c1a70,0x000000079e700000)
  to   space 9728K, 0% used [0x000000079d400000,0x000000079d400000,0x000000079dd80000)
 ParOldGen       total 61440K, used 8929K [0x0000000740000000, 0x0000000743c00000, 0x0000000795580000)
  object space 61440K, 14% used [0x0000000740000000,0x00000007408b8738,0x0000000743c00000)
 Metaspace       used 32141K, capacity 33006K, committed 33280K, reserved 1077248K
  class space    used 4466K, capacity 4835K, committed 4864K, reserved 1048576K
Event: 7.165 GC heap after
Heap after GC invocations=8 (full 1):
 PSYoungGen      total 139264K, used 9716K [0x0000000795580000, 0x00000007a0400000, 0x00000007c0000000)
  eden space 129536K, 0% used [0x0000000795580000,0x0000000795580000,0x000000079d400000)
  from space 9728K, 99% used [0x000000079d400000,0x000000079dd7d010,0x000000079dd80000)
  to   space 14336K, 0% used [0x000000079f600000,0x000000079f600000,0x00000007a0400000)
 ParOldGen       total 61440K, used 16031K [0x0000000740000000, 0x0000000743c00000, 0x0000000795580000)
  object space 61440K, 26% used [0x0000000740000000,0x0000000740fa7f80,0x0000000743c00000)
 Metaspace       used 32141K, capacity 33006K, committed 33280K, reserved 1077248K
  class space    used 4466K, capacity 4835K, committed 4864K, reserved 1048576K
}
Event: 8.128 GC heap before
{Heap before GC invocations=9 (full 1):
 PSYoungGen      total 139264K, used 53343K [0x0000000795580000, 0x00000007a0400000, 0x00000007c0000000)
  eden space 129536K, 33% used [0x0000000795580000,0x000000079801af00,0x000000079d400000)
  from space 9728K, 99% used [0x000000079d400000,0x000000079dd7d010,0x000000079dd80000)
  to   space 14336K, 0% used [0x000000079f600000,0x000000079f600000,0x00000007a0400000)
 ParOldGen       total 61440K, used 16031K [0x0000000740000000, 0x0000000743c00000, 0x0000000795580000)
  object space 61440K, 26% used [0x0000000740000000,0x0000000740fa7f80,0x0000000743c00000)
 Metaspace       used 34297K, capacity 35304K, committed 35416K, reserved 1079296K
  class space    used 4774K, capacity 5198K, committed 5248K, reserved 1048576K
Event: 8.154 GC heap after
Heap after GC invocations=9 (full 1):
 PSYoungGen      total 162304K, used 14327K [0x0000000795580000, 0x00000007a3700000, 0x00000007c0000000)
  eden space 147968K, 0% used [0x0000000795580000,0x0000000795580000,0x000000079e600000)
  from space 14336K, 99% used [0x000000079f600000,0x00000007a03fde80,0x00000007a0400000)
  to   space 16384K, 0% used [0x000000079e600000,0x000000079e600000,0x000000079f600000)
 ParOldGen       total 61440K, used 16445K [0x0000000740000000, 0x0000000743c00000, 0x0000000795580000)
  object space 61440K, 26% used [0x0000000740000000,0x000000074100f6a0,0x0000000743c00000)
 Metaspace       used 34297K, capacity 35304K, committed 35416K, reserved 1079296K
  class space    used 4774K, capacity 5198K, committed 5248K, reserved 1048576K
}
Event: 8.154 GC heap before
{Heap before GC invocations=10 (full 2):
 PSYoungGen      total 162304K, used 14327K [0x0000000795580000, 0x00000007a3700000, 0x00000007c0000000)
  eden space 147968K, 0% used [0x0000000795580000,0x0000000795580000,0x000000079e600000)
  from space 14336K, 99% used [0x000000079f600000,0x00000007a03fde80,0x00000007a0400000)
  to   space 16384K, 0% used [0x000000079e600000,0x000000079e600000,0x000000079f600000)
 ParOldGen       total 61440K, used 16445K [0x0000000740000000, 0x0000000743c00000, 0x0000000795580000)
  object space 61440K, 26% used [0x0000000740000000,0x000000074100f6a0,0x0000000743c00000)
 Metaspace       used 34297K, capacity 35304K, committed 35416K, reserved 1079296K
  class space    used 4774K, capacity 5198K, committed 5248K, reserved 1048576K
Event: 8.366 GC heap after
Heap after GC invocations=10 (full 2):
 PSYoungGen      total 162304K, used 0K [0x0000000795580000, 0x00000007a3700000, 0x00000007c0000000)
  eden space 147968K, 0% used [0x0000000795580000,0x0000000795580000,0x000000079e600000)
  from space 14336K, 0% used [0x000000079f600000,0x000000079f600000,0x00000007a0400000)
  to   space 16384K, 0% used [0x000000079e600000,0x000000079e600000,0x000000079f600000)
 ParOldGen       total 114688K, used 29280K [0x0000000740000000, 0x0000000747000000, 0x0000000795580000)
  object space 114688K, 25% used [0x0000000740000000,0x0000000741c980d0,0x0000000747000000)
 Metaspace       used 34297K, capacity 35304K, committed 35416K, reserved 1079296K
  class space    used 4774K, capacity 5198K, committed 5248K, reserved 1048576K
}
Event: 10.968 GC heap before
{Heap before GC invocations=11 (full 2):
 PSYoungGen      total 162304K, used 147968K [0x0000000795580000, 0x00000007a3700000, 0x00000007c0000000)
  eden space 147968K, 100% used [0x0000000795580000,0x000000079e600000,0x000000079e600000)
  from space 14336K, 0% used [0x000000079f600000,0x000000079f600000,0x00000007a0400000)
  to   space 16384K, 0% used [0x000000079e600000,0x000000079e600000,0x000000079f600000)
 ParOldGen       total 114688K, used 29280K [0x0000000740000000, 0x0000000747000000, 0x0000000795580000)
  object space 114688K, 25% used [0x0000000740000000,0x0000000741c980d0,0x0000000747000000)
 Metaspace       used 37457K, capacity 38540K, committed 38744K, reserved 1083392K
  class space    used 5242K, capacity 5696K, committed 5760K, reserved 1048576K
Event: 10.990 GC heap after
Heap after GC invocations=11 (full 2):
 PSYoungGen      total 164352K, used 16050K [0x0000000795580000, 0x00000007a2880000, 0x00000007c0000000)
  eden space 147968K, 0% used [0x0000000795580000,0x0000000795580000,0x000000079e600000)
  from space 16384K, 97% used [0x000000079e600000,0x000000079f5ac990,0x000000079f600000)
  to   space 18432K, 0% used [0x00000007a1680000,0x00000007a1680000,0x00000007a2880000)
 ParOldGen       total 114688K, used 29288K [0x0000000740000000, 0x0000000747000000, 0x0000000795580000)
  object space 114688K, 25% used [0x0000000740000000,0x0000000741c9a0d0,0x0000000747000000)
 Metaspace       used 37457K, capacity 38540K, committed 38744K, reserved 1083392K
  class space    used 5242K, capacity 5696K, committed 5760K, reserved 1048576K
}

