# JRE version: Java(TM) SE Runtime Environment (8.0_101-b13) (build 1.8.0_101-b13)
# Java VM: Java HotSpot(TM) 64-Bit Server VM (25.101-b13 mixed mode bsd-amd64 compressed oops)
Heap:
 PSYoungGen      total 182784K, used 90215K [0x0000000795580000, 0x00000007a4600000, 0x00000007c0000000)
  eden space 166400K, 44% used [0x0000000795580000,0x0000000799d9a8e8,0x000000079f800000)
  from space 16384K, 99% used [0x000000079f800000,0x00000007a07ff688,0x00000007a0800000)
  to   space 18944K, 0% used [0x00000007a3380000,0x00000007a3380000,0x00000007a4600000)
 ParOldGen       total 108032K, used 29779K [0x0000000740000000, 0x0000000746980000, 0x0000000795580000)
  object space 108032K, 27% used [0x0000000740000000,0x0000000741d14f60,0x0000000746980000)
 Metaspace       used 40000K, capacity 41282K, committed 41560K, reserved 1085440K
  class space    used 5632K, capacity 6178K, committed 6272K, reserved 1048576K
GC Heap History (10 events):
Event: 4.179 GC heap before
{Heap before GC invocations=7 (full 1):
 PSYoungGen      total 71680K, used 66560K [0x0000000795580000, 0x000000079ea80000, 0x00000007c0000000)
  eden space 66560K, 100% used [0x0000000795580000,0x0000000799680000,0x0000000799680000)
  from space 5120K, 0% used [0x0000000799680000,0x0000000799680000,0x0000000799b80000)
  to   space 9728K, 0% used [0x000000079e100000,0x000000079e100000,0x000000079ea80000)
 ParOldGen       total 60416K, used 10653K [0x0000000740000000, 0x0000000743b00000, 0x0000000795580000)
  object space 60416K, 17% used [0x0000000740000000,0x0000000740a67588,0x0000000743b00000)
 Metaspace       used 25328K, capacity 25984K, committed 26240K, reserved 1071104K
  class space    used 3432K, capacity 3673K, committed 3712K, reserved 1048576K
Event: 4.190 GC heap after
Heap after GC invocations=7 (full 1):
 PSYoungGen      total 113152K, used 6109K [0x0000000795580000, 0x000000079e700000, 0x00000007c0000000)
  eden space 107008K, 0% used [0x0000000795580000,0x0000000795580000,0x000000079be00000)
  from space 6144K, 99% used [0x000000079e100000,0x000000079e6f7688,0x000000079e700000)
  to   space 9728K, 0% used [0x000000079d400000,0x000000079d400000,0x000000079dd80000)
 ParOldGen       total 60416K, used 10661K [0x0000000740000000, 0x0000000743b00000, 0x0000000795580000)
  object space 60416K, 17% used [0x0000000740000000,0x0000000740a69588,0x0000000743b00000)
 Metaspace       used 25328K, capacity 25984K, committed 26240K, reserved 1071104K
  class space    used 3432K, capacity 3673K, committed 3712K, reserved 1048576K
}
Event: 5.822 GC heap before
{Heap before GC invocations=8 (full 1):
 PSYoungGen      total 113152K, used 113117K [0x0000000795580000, 0x000000079e700000, 0x00000007c0000000)
  eden space 107008K, 100% used [0x0000000795580000,0x000000079be00000,0x000000079be00000)
  from space 6144K, 99% used [0x000000079e100000,0x000000079e6f7688,0x000000079e700000)
  to   space 9728K, 0% used [0x000000079d400000,0x000000079d400000,0x000000079dd80000)
 ParOldGen       total 60416K, used 10661K [0x0000000740000000, 0x0000000743b00000, 0x0000000795580000)
  object space 60416K, 17% used [0x0000000740000000,0x0000000740a69588,0x0000000743b00000)
 Metaspace       used 32253K, capacity 33202K, committed 33280K, reserved 1077248K
  class space    used 4491K, capacity 4857K, committed 4864K, reserved 1048576K
Event: 5.842 GC heap after
Heap after GC invocations=8 (full 1):
 PSYoungGen      total 139264K, used 9712K [0x0000000795580000, 0x00000007a1680000, 0x00000007c0000000)
  eden space 129536K, 0% used [0x0000000795580000,0x0000000795580000,0x000000079d400000)
  from space 9728K, 99% used [0x000000079d400000,0x000000079dd7c020,0x000000079dd80000)
  to   space 14848K, 0% used [0x00000007a0800000,0x00000007a0800000,0x00000007a1680000)
 ParOldGen       total 60416K, used 18758K [0x0000000740000000, 0x0000000743b00000, 0x0000000795580000)
  object space 60416K, 31% used [0x0000000740000000,0x0000000741251990,0x0000000743b00000)
 Metaspace       used 32253K, capacity 33202K, committed 33280K, reserved 1077248K
  class space    used 4491K, capacity 4857K, committed 4864K, reserved 1048576K
}
Event: 6.392 GC heap before
{Heap before GC invocations=9 (full 1):
 PSYoungGen      total 139264K, used 48347K [0x0000000795580000, 0x00000007a1680000, 0x00000007c0000000)
  eden space 129536K, 29% used [0x0000000795580000,0x0000000797b3ac80,0x000000079d400000)
  from space 9728K, 99% used [0x000000079d400000,0x000000079dd7c020,0x000000079dd80000)
  to   space 14848K, 0% used [0x00000007a0800000,0x00000007a0800000,0x00000007a1680000)
 ParOldGen       total 60416K, used 18758K [0x0000000740000000, 0x0000000743b00000, 0x0000000795580000)
  object space 60416K, 31% used [0x0000000740000000,0x0000000741251990,0x0000000743b00000)
 Metaspace       used 34349K, capacity 35272K, committed 35416K, reserved 1079296K
  class space    used 4780K, capacity 5166K, committed 5248K, reserved 1048576K
Event: 6.417 GC heap after
Heap after GC invocations=9 (full 1):
 PSYoungGen      total 181248K, used 13943K [0x0000000795580000, 0x00000007a4180000, 0x00000007c0000000)
  eden space 166400K, 0% used [0x0000000795580000,0x0000000795580000,0x000000079f800000)
  from space 14848K, 93% used [0x00000007a0800000,0x00000007a159de28,0x00000007a1680000)
  to   space 16384K, 0% used [0x000000079f800000,0x000000079f800000,0x00000007a0800000)
 ParOldGen       total 60416K, used 18830K [0x0000000740000000, 0x0000000743b00000, 0x0000000795580000)
  object space 60416K, 31% used [0x0000000740000000,0x00000007412639a0,0x0000000743b00000)
 Metaspace       used 34349K, capacity 35272K, committed 35416K, reserved 1079296K
  class space    used 4780K, capacity 5166K, committed 5248K, reserved 1048576K
}
Event: 6.417 GC heap before
{Heap before GC invocations=10 (full 2):
 PSYoungGen      total 181248K, used 13943K [0x0000000795580000, 0x00000007a4180000, 0x00000007c0000000)
  eden space 166400K, 0% used [0x0000000795580000,0x0000000795580000,0x000000079f800000)
  from space 14848K, 93% used [0x00000007a0800000,0x00000007a159de28,0x00000007a1680000)
  to   space 16384K, 0% used [0x000000079f800000,0x000000079f800000,0x00000007a0800000)
 ParOldGen       total 60416K, used 18830K [0x0000000740000000, 0x0000000743b00000, 0x0000000795580000)
  object space 60416K, 31% used [0x0000000740000000,0x00000007412639a0,0x0000000743b00000)
 Metaspace       used 34349K, capacity 35272K, committed 35416K, reserved 1079296K
  class space    used 4780K, capacity 5166K, committed 5248K, reserved 1048576K
Event: 6.629 GC heap after
Heap after GC invocations=10 (full 2):
 PSYoungGen      total 181248K, used 0K [0x0000000795580000, 0x00000007a4180000, 0x00000007c0000000)
  eden space 166400K, 0% used [0x0000000795580000,0x0000000795580000,0x000000079f800000)
  from space 14848K, 0% used [0x00000007a0800000,0x00000007a0800000,0x00000007a1680000)
  to   space 16384K, 0% used [0x000000079f800000,0x000000079f800000,0x00000007a0800000)
 ParOldGen       total 108032K, used 29339K [0x0000000740000000, 0x0000000746980000, 0x0000000795580000)
  object space 108032K, 27% used [0x0000000740000000,0x0000000741ca6c68,0x0000000746980000)
 Metaspace       used 34349K, capacity 35272K, committed 35416K, reserved 1079296K
  class space    used 4780K, capacity 5166K, committed 5248K, reserved 1048576K
}
Event: 8.768 GC heap before
{Heap before GC invocations=11 (full 2):
 PSYoungGen      total 181248K, used 166400K [0x0000000795580000, 0x00000007a4180000, 0x00000007c0000000)
  eden space 166400K, 100% used [0x0000000795580000,0x000000079f800000,0x000000079f800000)
  from space 14848K, 0% used [0x00000007a0800000,0x00000007a0800000,0x00000007a1680000)
  to   space 16384K, 0% used [0x000000079f800000,0x000000079f800000,0x00000007a0800000)
 ParOldGen       total 108032K, used 29339K [0x0000000740000000, 0x0000000746980000, 0x0000000795580000)
  object space 108032K, 27% used [0x0000000740000000,0x0000000741ca6c68,0x0000000746980000)
 Metaspace       used 37980K, capacity 39132K, committed 39384K, reserved 1083392K
  class space    used 5334K, capacity 5830K, committed 5888K, reserved 1048576K
Event: 8.826 GC heap after
Heap after GC invocations=11 (full 2):
 PSYoungGen      total 182784K, used 16381K [0x0000000795580000, 0x00000007a4600000, 0x00000007c0000000)
  eden space 166400K, 0% used [0x0000000795580000,0x0000000795580000,0x000000079f800000)
  from space 16384K, 99% used [0x000000079f800000,0x00000007a07ff688,0x00000007a0800000)
  to   space 18944K, 0% used [0x00000007a3380000,0x00000007a3380000,0x00000007a4600000)
 ParOldGen       total 108032K, used 29779K [0x0000000740000000, 0x0000000746980000, 0x0000000795580000)
  object space 108032K, 27% used [0x0000000740000000,0x0000000741d14f60,0x0000000746980000)
 Metaspace       used 37980K, capacity 39132K, committed 39384K, reserved 1083392K
  class space    used 5334K, capacity 5830K, committed 5888K, reserved 1048576K
}

