# JRE version: Java(TM) SE Runtime Environment (8.0_101-b13) (build 1.8.0_101-b13)
# Java VM: Java HotSpot(TM) 64-Bit Server VM (25.101-b13 mixed mode bsd-amd64 compressed oops)
Heap:
 PSYoungGen      total 205312K, used 32156K [0x0000000795580000, 0x00000007a7280000, 0x00000007c0000000)
  eden space 187392K, 7% used [0x0000000795580000,0x00000007963ec628,0x00000007a0c80000)
  from space 17920K, 97% used [0x00000007a0c80000,0x00000007a1d7abf0,0x00000007a1e00000)
  to   space 20992K, 0% used [0x00000007a5e00000,0x00000007a5e00000,0x00000007a7280000)
 ParOldGen       total 119808K, used 26335K [0x0000000740000000, 0x0000000747500000, 0x0000000795580000)
  object space 119808K, 21% used [0x0000000740000000,0x00000007419b7f38,0x0000000747500000)
 Metaspace       used 39122K, capacity 40324K, committed 40664K, reserved 1083392K
  class space    used 5512K, capacity 6026K, committed 6144K, reserved 1048576K
GC Heap History (10 events):
Event: 3.651 GC heap before
{Heap before GC invocations=5 (full 1):
 PSYoungGen      total 138240K, used 5088K [0x0000000795580000, 0x000000079e180000, 0x00000007c0000000)
  eden space 133120K, 0% used [0x0000000795580000,0x0000000795580000,0x000000079d780000)
  from space 5120K, 99% used [0x000000079dc80000,0x000000079e178050,0x000000079e180000)
  to   space 5120K, 0% used [0x000000079d780000,0x000000079d780000,0x000000079dc80000)
 ParOldGen       total 87552K, used 9412K [0x0000000740000000, 0x0000000745580000, 0x0000000795580000)
  object space 87552K, 10% used [0x0000000740000000,0x0000000740931190,0x0000000745580000)
 Metaspace       used 20793K, capacity 21118K, committed 21248K, reserved 1067008K
  class space    used 2824K, capacity 2978K, committed 3072K, reserved 1048576K
Event: 3.735 GC heap after
Heap after GC invocations=5 (full 1):
 PSYoungGen      total 138240K, used 0K [0x0000000795580000, 0x000000079e180000, 0x00000007c0000000)
  eden space 133120K, 0% used [0x0000000795580000,0x0000000795580000,0x000000079d780000)
  from space 5120K, 0% used [0x000000079dc80000,0x000000079dc80000,0x000000079e180000)
  to   space 5120K, 0% used [0x000000079d780000,0x000000079d780000,0x000000079dc80000)
 ParOldGen       total 67072K, used 10452K [0x0000000740000000, 0x0000000744180000, 0x0000000795580000)
  object space 67072K, 15% used [0x0000000740000000,0x0000000740a35130,0x0000000744180000)
 Metaspace       used 20793K, capacity 21118K, committed 21248K, reserved 1067008K
  class space    used 2824K, capacity 2978K, committed 3072K, reserved 1048576K
}
Event: 6.559 GC heap before
{Heap before GC invocations=6 (full 1):
 PSYoungGen      total 138240K, used 133120K [0x0000000795580000, 0x000000079e180000, 0x00000007c0000000)
  eden space 133120K, 100% used [0x0000000795580000,0x000000079d780000,0x000000079d780000)
  from space 5120K, 0% used [0x000000079dc80000,0x000000079dc80000,0x000000079e180000)
  to   space 5120K, 0% used [0x000000079d780000,0x000000079d780000,0x000000079dc80000)
 ParOldGen       total 67072K, used 10452K [0x0000000740000000, 0x0000000744180000, 0x0000000795580000)
  object space 67072K, 15% used [0x0000000740000000,0x0000000740a35130,0x0000000744180000)
 Metaspace       used 29450K, capacity 30284K, committed 30464K, reserved 1075200K
  class space    used 4032K, capacity 4315K, committed 4352K, reserved 1048576K
Event: 6.577 GC heap after
Heap after GC invocations=6 (full 1):
 PSYoungGen      total 138240K, used 5120K [0x0000000795580000, 0x00000007a2c80000, 0x00000007c0000000)
  eden space 133120K, 0% used [0x0000000795580000,0x0000000795580000,0x000000079d780000)
  from space 5120K, 100% used [0x000000079d780000,0x000000079dc80000,0x000000079dc80000)
  to   space 14848K, 0% used [0x00000007a1e00000,0x00000007a1e00000,0x00000007a2c80000)
 ParOldGen       total 67072K, used 19466K [0x0000000740000000, 0x0000000744180000, 0x0000000795580000)
  object space 67072K, 29% used [0x0000000740000000,0x0000000741302ad8,0x0000000744180000)
 Metaspace       used 29450K, capacity 30284K, committed 30464K, reserved 1075200K
  class space    used 4032K, capacity 4315K, committed 4352K, reserved 1048576K
}
Event: 8.177 GC heap before
{Heap before GC invocations=7 (full 1):
 PSYoungGen      total 138240K, used 86900K [0x0000000795580000, 0x00000007a2c80000, 0x00000007c0000000)
  eden space 133120K, 61% used [0x0000000795580000,0x000000079a55d020,0x000000079d780000)
  from space 5120K, 100% used [0x000000079d780000,0x000000079dc80000,0x000000079dc80000)
  to   space 14848K, 0% used [0x00000007a1e00000,0x00000007a1e00000,0x00000007a2c80000)
 ParOldGen       total 67072K, used 19466K [0x0000000740000000, 0x0000000744180000, 0x0000000795580000)
  object space 67072K, 29% used [0x0000000740000000,0x0000000741302ad8,0x0000000744180000)
 Metaspace       used 34346K, capacity 35304K, committed 35416K, reserved 1079296K
  class space    used 4788K, capacity 5198K, committed 5248K, reserved 1048576K
Event: 8.213 GC heap after
Heap after GC invocations=7 (full 1):
 PSYoungGen      total 202240K, used 14816K [0x0000000795580000, 0x00000007a3500000, 0x00000007c0000000)
  eden space 187392K, 0% used [0x0000000795580000,0x0000000795580000,0x00000007a0c80000)
  from space 14848K, 99% used [0x00000007a1e00000,0x00000007a2c783a0,0x00000007a2c80000)
  to   space 17920K, 0% used [0x00000007a0c80000,0x00000007a0c80000,0x00000007a1e00000)
 ParOldGen       total 67072K, used 20655K [0x0000000740000000, 0x0000000744180000, 0x0000000795580000)
  object space 67072K, 30% used [0x0000000740000000,0x000000074142be00,0x0000000744180000)
 Metaspace       used 34346K, capacity 35304K, committed 35416K, reserved 1079296K
  class space    used 4788K, capacity 5198K, committed 5248K, reserved 1048576K
}
Event: 8.213 GC heap before
{Heap before GC invocations=8 (full 2):
 PSYoungGen      total 202240K, used 14816K [0x0000000795580000, 0x00000007a3500000, 0x00000007c0000000)
  eden space 187392K, 0% used [0x0000000795580000,0x0000000795580000,0x00000007a0c80000)
  from space 14848K, 99% used [0x00000007a1e00000,0x00000007a2c783a0,0x00000007a2c80000)
  to   space 17920K, 0% used [0x00000007a0c80000,0x00000007a0c80000,0x00000007a1e00000)
 ParOldGen       total 67072K, used 20655K [0x0000000740000000, 0x0000000744180000, 0x0000000795580000)
  object space 67072K, 30% used [0x0000000740000000,0x000000074142be00,0x0000000744180000)
 Metaspace       used 34346K, capacity 35304K, committed 35416K, reserved 1079296K
  class space    used 4788K, capacity 5198K, committed 5248K, reserved 1048576K
Event: 8.422 GC heap after
Heap after GC invocations=8 (full 2):
 PSYoungGen      total 202240K, used 0K [0x0000000795580000, 0x00000007a3500000, 0x00000007c0000000)
  eden space 187392K, 0% used [0x0000000795580000,0x0000000795580000,0x00000007a0c80000)
  from space 14848K, 0% used [0x00000007a1e00000,0x00000007a1e00000,0x00000007a2c80000)
  to   space 17920K, 0% used [0x00000007a0c80000,0x00000007a0c80000,0x00000007a1e00000)
 ParOldGen       total 119808K, used 26327K [0x0000000740000000, 0x0000000747500000, 0x0000000795580000)
  object space 119808K, 21% used [0x0000000740000000,0x00000007419b5f38,0x0000000747500000)
 Metaspace       used 34346K, capacity 35304K, committed 35416K, reserved 1079296K
  class space    used 4788K, capacity 5198K, committed 5248K, reserved 1048576K
}
Event: 11.778 GC heap before
{Heap before GC invocations=9 (full 2):
 PSYoungGen      total 202240K, used 187392K [0x0000000795580000, 0x00000007a3500000, 0x00000007c0000000)
  eden space 187392K, 100% used [0x0000000795580000,0x00000007a0c80000,0x00000007a0c80000)
  from space 14848K, 0% used [0x00000007a1e00000,0x00000007a1e00000,0x00000007a2c80000)
  to   space 17920K, 0% used [0x00000007a0c80000,0x00000007a0c80000,0x00000007a1e00000)
 ParOldGen       total 119808K, used 26327K [0x0000000740000000, 0x0000000747500000, 0x0000000795580000)
  object space 119808K, 21% used [0x0000000740000000,0x00000007419b5f38,0x0000000747500000)
 Metaspace       used 39032K, capacity 40188K, committed 40280K, reserved 1083392K
  class space    used 5492K, capacity 5980K, committed 6016K, reserved 1048576K
Event: 11.822 GC heap after
Heap after GC invocations=9 (full 2):
 PSYoungGen      total 205312K, used 17386K [0x0000000795580000, 0x00000007a7280000, 0x00000007c0000000)
  eden space 187392K, 0% used [0x0000000795580000,0x0000000795580000,0x00000007a0c80000)
  from space 17920K, 97% used [0x00000007a0c80000,0x00000007a1d7abf0,0x00000007a1e00000)
  to   space 20992K, 0% used [0x00000007a5e00000,0x00000007a5e00000,0x00000007a7280000)
 ParOldGen       total 119808K, used 26335K [0x0000000740000000, 0x0000000747500000, 0x0000000795580000)
  object space 119808K, 21% used [0x0000000740000000,0x00000007419b7f38,0x0000000747500000)
 Metaspace       used 39032K, capacity 40188K, committed 40280K, reserved 1083392K
  class space    used 5492K, capacity 5980K, committed 6016K, reserved 1048576K
}

