# JRE version: Java(TM) SE Runtime Environment (8.0_101-b13) (build 1.8.0_101-b13)
# Java VM: Java HotSpot(TM) 64-Bit Server VM (25.101-b13 mixed mode bsd-amd64 compressed oops)
Heap:
 PSYoungGen      total 145920K, used 122080K [0x0000000795580000, 0x00000007a0b80000, 0x00000007c0000000)
  eden space 129536K, 84% used [0x0000000795580000,0x000000079bfc9df8,0x000000079d400000)
  from space 16384K, 80% used [0x000000079d400000,0x000000079e0ee400,0x000000079e400000)
  to   space 17408K, 0% used [0x000000079fa80000,0x000000079fa80000,0x00000007a0b80000)
 ParOldGen       total 116736K, used 24635K [0x0000000740000000, 0x0000000747200000, 0x0000000795580000)
  object space 116736K, 21% used [0x0000000740000000,0x000000074180ed00,0x0000000747200000)
 Metaspace       used 39981K, capacity 41314K, committed 41560K, reserved 1085440K
  class space    used 5638K, capacity 6210K, committed 6272K, reserved 1048576K
GC Heap History (10 events):
Event: 6.692 GC heap before
{Heap before GC invocations=7 (full 1):
 PSYoungGen      total 71680K, used 66560K [0x0000000795580000, 0x000000079ea80000, 0x00000007c0000000)
  eden space 66560K, 100% used [0x0000000795580000,0x0000000799680000,0x0000000799680000)
  from space 5120K, 0% used [0x0000000799680000,0x0000000799680000,0x0000000799b80000)
  to   space 9728K, 0% used [0x000000079e100000,0x000000079e100000,0x000000079ea80000)
 ParOldGen       total 64512K, used 8895K [0x0000000740000000, 0x0000000743f00000, 0x0000000795580000)
  object space 64512K, 13% used [0x0000000740000000,0x00000007408aff10,0x0000000743f00000)
 Metaspace       used 25347K, capacity 25984K, committed 26240K, reserved 1071104K
  class space    used 3435K, capacity 3673K, committed 3712K, reserved 1048576K
Event: 6.714 GC heap after
Heap after GC invocations=7 (full 1):
 PSYoungGen      total 100864K, used 5874K [0x0000000795580000, 0x000000079e700000, 0x00000007c0000000)
  eden space 94720K, 0% used [0x0000000795580000,0x0000000795580000,0x000000079b200000)
  from space 6144K, 95% used [0x000000079e100000,0x000000079e6bca18,0x000000079e700000)
  to   space 9728K, 0% used [0x000000079d400000,0x000000079d400000,0x000000079dd80000)
 ParOldGen       total 64512K, used 8967K [0x0000000740000000, 0x0000000743f00000, 0x0000000795580000)
  object space 64512K, 13% used [0x0000000740000000,0x00000007408c1f20,0x0000000743f00000)
 Metaspace       used 25347K, capacity 25984K, committed 26240K, reserved 1071104K
  class space    used 3435K, capacity 3673K, committed 3712K, reserved 1048576K
}
Event: 9.356 GC heap before
{Heap before GC invocations=8 (full 1):
 PSYoungGen      total 100864K, used 100594K [0x0000000795580000, 0x000000079e700000, 0x00000007c0000000)
  eden space 94720K, 100% used [0x0000000795580000,0x000000079b200000,0x000000079b200000)
  from space 6144K, 95% used [0x000000079e100000,0x000000079e6bca18,0x000000079e700000)
  to   space 9728K, 0% used [0x000000079d400000,0x000000079d400000,0x000000079dd80000)
 ParOldGen       total 64512K, used 8967K [0x0000000740000000, 0x0000000743f00000, 0x0000000795580000)
  object space 64512K, 13% used [0x0000000740000000,0x00000007408c1f20,0x0000000743f00000)
 Metaspace       used 31985K, capacity 32968K, committed 33024K, reserved 1077248K
  class space    used 4441K, capacity 4823K, committed 4864K, reserved 1048576K
Event: 9.391 GC heap after
Heap after GC invocations=8 (full 1):
 PSYoungGen      total 139264K, used 9716K [0x0000000795580000, 0x000000079f180000, 0x00000007c0000000)
  eden space 129536K, 0% used [0x0000000795580000,0x0000000795580000,0x000000079d400000)
  from space 9728K, 99% used [0x000000079d400000,0x000000079dd7d010,0x000000079dd80000)
  to   space 13824K, 0% used [0x000000079e400000,0x000000079e400000,0x000000079f180000)
 ParOldGen       total 64512K, used 15140K [0x0000000740000000, 0x0000000743f00000, 0x0000000795580000)
  object space 64512K, 23% used [0x0000000740000000,0x0000000740ec90f8,0x0000000743f00000)
 Metaspace       used 31985K, capacity 32968K, committed 33024K, reserved 1077248K
  class space    used 4441K, capacity 4823K, committed 4864K, reserved 1048576K
}
Event: 10.666 GC heap before
{Heap before GC invocations=9 (full 1):
 PSYoungGen      total 139264K, used 61090K [0x0000000795580000, 0x000000079f180000, 0x00000007c0000000)
  eden space 129536K, 39% used [0x0000000795580000,0x00000007987abb38,0x000000079d400000)
  from space 9728K, 99% used [0x000000079d400000,0x000000079dd7d010,0x000000079dd80000)
  to   space 13824K, 0% used [0x000000079e400000,0x000000079e400000,0x000000079f180000)
 ParOldGen       total 64512K, used 15140K [0x0000000740000000, 0x0000000743f00000, 0x0000000795580000)
  object space 64512K, 23% used [0x0000000740000000,0x0000000740ec90f8,0x0000000743f00000)
 Metaspace       used 34352K, capacity 35304K, committed 35416K, reserved 1079296K
  class space    used 4788K, capacity 5198K, committed 5248K, reserved 1048576K
Event: 10.709 GC heap after
Heap after GC invocations=9 (full 1):
 PSYoungGen      total 143360K, used 13812K [0x0000000795580000, 0x00000007a2900000, 0x00000007c0000000)
  eden space 129536K, 0% used [0x0000000795580000,0x0000000795580000,0x000000079d400000)
  from space 13824K, 99% used [0x000000079e400000,0x000000079f17d030,0x000000079f180000)
  to   space 16384K, 0% used [0x000000079d400000,0x000000079d400000,0x000000079e400000)
 ParOldGen       total 64512K, used 16989K [0x0000000740000000, 0x0000000743f00000, 0x0000000795580000)
  object space 64512K, 26% used [0x0000000740000000,0x0000000741097488,0x0000000743f00000)
 Metaspace       used 34352K, capacity 35304K, committed 35416K, reserved 1079296K
  class space    used 4788K, capacity 5198K, committed 5248K, reserved 1048576K
}
Event: 10.709 GC heap before
{Heap before GC invocations=10 (full 2):
 PSYoungGen      total 143360K, used 13812K [0x0000000795580000, 0x00000007a2900000, 0x00000007c0000000)
  eden space 129536K, 0% used [0x0000000795580000,0x0000000795580000,0x000000079d400000)
  from space 13824K, 99% used [0x000000079e400000,0x000000079f17d030,0x000000079f180000)
  to   space 16384K, 0% used [0x000000079d400000,0x000000079d400000,0x000000079e400000)
 ParOldGen       total 64512K, used 16989K [0x0000000740000000, 0x0000000743f00000, 0x0000000795580000)
  object space 64512K, 26% used [0x0000000740000000,0x0000000741097488,0x0000000743f00000)
 Metaspace       used 34352K, capacity 35304K, committed 35416K, reserved 1079296K
  class space    used 4788K, capacity 5198K, committed 5248K, reserved 1048576K
Event: 11.180 GC heap after
Heap after GC invocations=10 (full 2):
 PSYoungGen      total 143360K, used 0K [0x0000000795580000, 0x00000007a2900000, 0x00000007c0000000)
  eden space 129536K, 0% used [0x0000000795580000,0x0000000795580000,0x000000079d400000)
  from space 13824K, 0% used [0x000000079e400000,0x000000079e400000,0x000000079f180000)
  to   space 16384K, 0% used [0x000000079d400000,0x000000079d400000,0x000000079e400000)
 ParOldGen       total 116736K, used 24627K [0x0000000740000000, 0x0000000747200000, 0x0000000795580000)
  object space 116736K, 21% used [0x0000000740000000,0x000000074180cd00,0x0000000747200000)
 Metaspace       used 34352K, capacity 35304K, committed 35416K, reserved 1079296K
  class space    used 4788K, capacity 5198K, committed 5248K, reserved 1048576K
}
Event: 13.843 GC heap before
{Heap before GC invocations=11 (full 2):
 PSYoungGen      total 143360K, used 129536K [0x0000000795580000, 0x00000007a2900000, 0x00000007c0000000)
  eden space 129536K, 100% used [0x0000000795580000,0x000000079d400000,0x000000079d400000)
  from space 13824K, 0% used [0x000000079e400000,0x000000079e400000,0x000000079f180000)
  to   space 16384K, 0% used [0x000000079d400000,0x000000079d400000,0x000000079e400000)
 ParOldGen       total 116736K, used 24627K [0x0000000740000000, 0x0000000747200000, 0x0000000795580000)
  object space 116736K, 21% used [0x0000000740000000,0x000000074180cd00,0x0000000747200000)
 Metaspace       used 36627K, capacity 37616K, committed 37848K, reserved 1081344K
  class space    used 5102K, capacity 5510K, committed 5632K, reserved 1048576K
Event: 13.865 GC heap after
Heap after GC invocations=11 (full 2):
 PSYoungGen      total 145920K, used 13241K [0x0000000795580000, 0x00000007a0b80000, 0x00000007c0000000)
  eden space 129536K, 0% used [0x0000000795580000,0x0000000795580000,0x000000079d400000)
  from space 16384K, 80% used [0x000000079d400000,0x000000079e0ee400,0x000000079e400000)
  to   space 17408K, 0% used [0x000000079fa80000,0x000000079fa80000,0x00000007a0b80000)
 ParOldGen       total 116736K, used 24635K [0x0000000740000000, 0x0000000747200000, 0x0000000795580000)
  object space 116736K, 21% used [0x0000000740000000,0x000000074180ed00,0x0000000747200000)
 Metaspace       used 36627K, capacity 37616K, committed 37848K, reserved 1081344K
  class space    used 5102K, capacity 5510K, committed 5632K, reserved 1048576K
}

