# JRE version: Java(TM) SE Runtime Environment (8.0_101-b13) (build 1.8.0_101-b13)
# Java VM: Java HotSpot(TM) 64-Bit Server VM (25.101-b13 mixed mode bsd-amd64 compressed oops)
Heap:
 PSYoungGen      total 158208K, used 110356K [0x0000000795580000, 0x00000007a2380000, 0x00000007c0000000)
  eden space 141824K, 67% used [0x0000000795580000,0x000000079b326e20,0x000000079e000000)
  from space 16384K, 88% used [0x000000079e000000,0x000000079ee1e400,0x000000079f000000)
  to   space 17920K, 0% used [0x00000007a1200000,0x00000007a1200000,0x00000007a2380000)
 ParOldGen       total 110080K, used 24607K [0x0000000740000000, 0x0000000746b80000, 0x0000000795580000)
  object space 110080K, 22% used [0x0000000740000000,0x0000000741807d70,0x0000000746b80000)
 Metaspace       used 39978K, capacity 41314K, committed 41560K, reserved 1085440K
  class space    used 5638K, capacity 6210K, committed 6272K, reserved 1048576K
GC Heap History (10 events):
Event: 3.024 GC heap before
{Heap before GC invocations=7 (full 1):
 PSYoungGen      total 71680K, used 66560K [0x0000000795580000, 0x000000079ea80000, 0x00000007c0000000)
  eden space 66560K, 100% used [0x0000000795580000,0x0000000799680000,0x0000000799680000)
  from space 5120K, 0% used [0x0000000799680000,0x0000000799680000,0x0000000799b80000)
  to   space 9728K, 0% used [0x000000079e100000,0x000000079e100000,0x000000079ea80000)
 ParOldGen       total 62976K, used 8894K [0x0000000740000000, 0x0000000743d80000, 0x0000000795580000)
  object space 62976K, 14% used [0x0000000740000000,0x00000007408af888,0x0000000743d80000)
 Metaspace       used 25329K, capacity 25984K, committed 26240K, reserved 1071104K
  class space    used 3434K, capacity 3673K, committed 3712K, reserved 1048576K
Event: 3.031 GC heap after
Heap after GC invocations=7 (full 1):
 PSYoungGen      total 104448K, used 5894K [0x0000000795580000, 0x000000079e700000, 0x00000007c0000000)
  eden space 98304K, 0% used [0x0000000795580000,0x0000000795580000,0x000000079b580000)
  from space 6144K, 95% used [0x000000079e100000,0x000000079e6c1a70,0x000000079e700000)
  to   space 9728K, 0% used [0x000000079d400000,0x000000079d400000,0x000000079dd80000)
 ParOldGen       total 62976K, used 8966K [0x0000000740000000, 0x0000000743d80000, 0x0000000795580000)
  object space 62976K, 14% used [0x0000000740000000,0x00000007408c1898,0x0000000743d80000)
 Metaspace       used 25329K, capacity 25984K, committed 26240K, reserved 1071104K
  class space    used 3434K, capacity 3673K, committed 3712K, reserved 1048576K
}
Event: 4.081 GC heap before
{Heap before GC invocations=8 (full 1):
 PSYoungGen      total 104448K, used 104198K [0x0000000795580000, 0x000000079e700000, 0x00000007c0000000)
  eden space 98304K, 100% used [0x0000000795580000,0x000000079b580000,0x000000079b580000)
  from space 6144K, 95% used [0x000000079e100000,0x000000079e6c1a70,0x000000079e700000)
  to   space 9728K, 0% used [0x000000079d400000,0x000000079d400000,0x000000079dd80000)
 ParOldGen       total 62976K, used 8966K [0x0000000740000000, 0x0000000743d80000, 0x0000000795580000)
  object space 62976K, 14% used [0x0000000740000000,0x00000007408c1898,0x0000000743d80000)
 Metaspace       used 32025K, capacity 33006K, committed 33280K, reserved 1077248K
  class space    used 4453K, capacity 4835K, committed 4864K, reserved 1048576K
Event: 4.099 GC heap after
Heap after GC invocations=8 (full 1):
 PSYoungGen      total 139264K, used 9700K [0x0000000795580000, 0x000000079fd80000, 0x00000007c0000000)
  eden space 129536K, 0% used [0x0000000795580000,0x0000000795580000,0x000000079d400000)
  from space 9728K, 99% used [0x000000079d400000,0x000000079dd79020,0x000000079dd80000)
  to   space 13824K, 0% used [0x000000079f000000,0x000000079f000000,0x000000079fd80000)
 ParOldGen       total 62976K, used 15637K [0x0000000740000000, 0x0000000743d80000, 0x0000000795580000)
  object space 62976K, 24% used [0x0000000740000000,0x0000000740f454f8,0x0000000743d80000)
 Metaspace       used 32025K, capacity 33006K, committed 33280K, reserved 1077248K
  class space    used 4453K, capacity 4835K, committed 4864K, reserved 1048576K
}
Event: 4.579 GC heap before
{Heap before GC invocations=9 (full 1):
 PSYoungGen      total 139264K, used 58513K [0x0000000795580000, 0x000000079fd80000, 0x00000007c0000000)
  eden space 129536K, 37% used [0x0000000795580000,0x000000079852b4a0,0x000000079d400000)
  from space 9728K, 99% used [0x000000079d400000,0x000000079dd79020,0x000000079dd80000)
  to   space 13824K, 0% used [0x000000079f000000,0x000000079f000000,0x000000079fd80000)
 ParOldGen       total 62976K, used 15637K [0x0000000740000000, 0x0000000743d80000, 0x0000000795580000)
  object space 62976K, 24% used [0x0000000740000000,0x0000000740f454f8,0x0000000743d80000)
 Metaspace       used 34344K, capacity 35304K, committed 35416K, reserved 1079296K
  class space    used 4785K, capacity 5198K, committed 5248K, reserved 1048576K
Event: 4.600 GC heap after
Heap after GC invocations=9 (full 1):
 PSYoungGen      total 155648K, used 13796K [0x0000000795580000, 0x00000007a3800000, 0x00000007c0000000)
  eden space 141824K, 0% used [0x0000000795580000,0x0000000795580000,0x000000079e000000)
  from space 13824K, 99% used [0x000000079f000000,0x000000079fd79020,0x000000079fd80000)
  to   space 16384K, 0% used [0x000000079e000000,0x000000079e000000,0x000000079f000000)
 ParOldGen       total 62976K, used 17014K [0x0000000740000000, 0x0000000743d80000, 0x0000000795580000)
  object space 62976K, 27% used [0x0000000740000000,0x000000074109d808,0x0000000743d80000)
 Metaspace       used 34344K, capacity 35304K, committed 35416K, reserved 1079296K
  class space    used 4785K, capacity 5198K, committed 5248K, reserved 1048576K
}
Event: 4.600 GC heap before
{Heap before GC invocations=10 (full 2):
 PSYoungGen      total 155648K, used 13796K [0x0000000795580000, 0x00000007a3800000, 0x00000007c0000000)
  eden space 141824K, 0% used [0x0000000795580000,0x0000000795580000,0x000000079e000000)
  from space 13824K, 99% used [0x000000079f000000,0x000000079fd79020,0x000000079fd80000)
  to   space 16384K, 0% used [0x000000079e000000,0x000000079e000000,0x000000079f000000)
 ParOldGen       total 62976K, used 17014K [0x0000000740000000, 0x0000000743d80000, 0x0000000795580000)
  object space 62976K, 27% used [0x0000000740000000,0x000000074109d808,0x0000000743d80000)
 Metaspace       used 34344K, capacity 35304K, committed 35416K, reserved 1079296K
  class space    used 4785K, capacity 5198K, committed 5248K, reserved 1048576K
Event: 4.720 GC heap after
Heap after GC invocations=10 (full 2):
 PSYoungGen      total 155648K, used 0K [0x0000000795580000, 0x00000007a3800000, 0x00000007c0000000)
  eden space 141824K, 0% used [0x0000000795580000,0x0000000795580000,0x000000079e000000)
  from space 13824K, 0% used [0x000000079f000000,0x000000079f000000,0x000000079fd80000)
  to   space 16384K, 0% used [0x000000079e000000,0x000000079e000000,0x000000079f000000)
 ParOldGen       total 110080K, used 24599K [0x0000000740000000, 0x0000000746b80000, 0x0000000795580000)
  object space 110080K, 22% used [0x0000000740000000,0x0000000741805d70,0x0000000746b80000)
 Metaspace       used 34344K, capacity 35304K, committed 35416K, reserved 1079296K
  class space    used 4785K, capacity 5198K, committed 5248K, reserved 1048576K
}
Event: 6.143 GC heap before
{Heap before GC invocations=11 (full 2):
 PSYoungGen      total 155648K, used 141824K [0x0000000795580000, 0x00000007a3800000, 0x00000007c0000000)
  eden space 141824K, 100% used [0x0000000795580000,0x000000079e000000,0x000000079e000000)
  from space 13824K, 0% used [0x000000079f000000,0x000000079f000000,0x000000079fd80000)
  to   space 16384K, 0% used [0x000000079e000000,0x000000079e000000,0x000000079f000000)
 ParOldGen       total 110080K, used 24599K [0x0000000740000000, 0x0000000746b80000, 0x0000000795580000)
  object space 110080K, 22% used [0x0000000740000000,0x0000000741805d70,0x0000000746b80000)
 Metaspace       used 36907K, capacity 37848K, committed 38104K, reserved 1081344K
  class space    used 5150K, capacity 5546K, committed 5632K, reserved 1048576K
Event: 6.164 GC heap after
Heap after GC invocations=11 (full 2):
 PSYoungGen      total 158208K, used 14457K [0x0000000795580000, 0x00000007a2380000, 0x00000007c0000000)
  eden space 141824K, 0% used [0x0000000795580000,0x0000000795580000,0x000000079e000000)
  from space 16384K, 88% used [0x000000079e000000,0x000000079ee1e400,0x000000079f000000)
  to   space 17920K, 0% used [0x00000007a1200000,0x00000007a1200000,0x00000007a2380000)
 ParOldGen       total 110080K, used 24607K [0x0000000740000000, 0x0000000746b80000, 0x0000000795580000)
  object space 110080K, 22% used [0x0000000740000000,0x0000000741807d70,0x0000000746b80000)
 Metaspace       used 36907K, capacity 37848K, committed 38104K, reserved 1081344K
  class space    used 5150K, capacity 5546K, committed 5632K, reserved 1048576K
}

