# JRE version: Java(TM) SE Runtime Environment (8.0_101-b13) (build 1.8.0_101-b13)
# Java VM: Java HotSpot(TM) 64-Bit Server VM (25.101-b13 mixed mode bsd-amd64 compressed oops)
Heap:
 PSYoungGen      total 157696K, used 20139K [0x0000000795580000, 0x00000007a2300000, 0x00000007c0000000)
  eden space 141312K, 3% used [0x0000000795580000,0x0000000795afc9c0,0x000000079df80000)
  from space 16384K, 88% used [0x000000079df80000,0x000000079edae400,0x000000079ef80000)
  to   space 17920K, 0% used [0x00000007a1180000,0x00000007a1180000,0x00000007a2300000)
 ParOldGen       total 109568K, used 24601K [0x0000000740000000, 0x0000000746b00000, 0x0000000795580000)
  object space 109568K, 22% used [0x0000000740000000,0x0000000741806688,0x0000000746b00000)
 Metaspace       used 36925K, capacity 37920K, committed 38104K, reserved 1081344K
  class space    used 5151K, capacity 5550K, committed 5632K, reserved 1048576K
GC Heap History (10 events):
Event: 3.095 GC heap before
{Heap before GC invocations=7 (full 1):
 PSYoungGen      total 71680K, used 66560K [0x0000000795580000, 0x000000079ea80000, 0x00000007c0000000)
  eden space 66560K, 100% used [0x0000000795580000,0x0000000799680000,0x0000000799680000)
  from space 5120K, 0% used [0x0000000799680000,0x0000000799680000,0x0000000799b80000)
  to   space 9728K, 0% used [0x000000079e100000,0x000000079e100000,0x000000079ea80000)
 ParOldGen       total 62976K, used 8857K [0x0000000740000000, 0x0000000743d80000, 0x0000000795580000)
  object space 62976K, 14% used [0x0000000740000000,0x00000007408a6598,0x0000000743d80000)
 Metaspace       used 25385K, capacity 26048K, committed 26240K, reserved 1071104K
  class space    used 3431K, capacity 3673K, committed 3712K, reserved 1048576K
Event: 3.104 GC heap after
Heap after GC invocations=7 (full 1):
 PSYoungGen      total 104448K, used 5912K [0x0000000795580000, 0x000000079e700000, 0x00000007c0000000)
  eden space 98304K, 0% used [0x0000000795580000,0x0000000795580000,0x000000079b580000)
  from space 6144K, 96% used [0x000000079e100000,0x000000079e6c6010,0x000000079e700000)
  to   space 9728K, 0% used [0x000000079d400000,0x000000079d400000,0x000000079dd80000)
 ParOldGen       total 62976K, used 8929K [0x0000000740000000, 0x0000000743d80000, 0x0000000795580000)
  object space 62976K, 14% used [0x0000000740000000,0x00000007408b85a8,0x0000000743d80000)
 Metaspace       used 25385K, capacity 26048K, committed 26240K, reserved 1071104K
  class space    used 3431K, capacity 3673K, committed 3712K, reserved 1048576K
}
Event: 4.383 GC heap before
{Heap before GC invocations=8 (full 1):
 PSYoungGen      total 104448K, used 104216K [0x0000000795580000, 0x000000079e700000, 0x00000007c0000000)
  eden space 98304K, 100% used [0x0000000795580000,0x000000079b580000,0x000000079b580000)
  from space 6144K, 96% used [0x000000079e100000,0x000000079e6c6010,0x000000079e700000)
  to   space 9728K, 0% used [0x000000079d400000,0x000000079d400000,0x000000079dd80000)
 ParOldGen       total 62976K, used 8929K [0x0000000740000000, 0x0000000743d80000, 0x0000000795580000)
  object space 62976K, 14% used [0x0000000740000000,0x00000007408b85a8,0x0000000743d80000)
 Metaspace       used 32046K, capacity 32974K, committed 33280K, reserved 1077248K
  class space    used 4446K, capacity 4803K, committed 4864K, reserved 1048576K
Event: 4.403 GC heap after
Heap after GC invocations=8 (full 1):
 PSYoungGen      total 139264K, used 9716K [0x0000000795580000, 0x000000079fd00000, 0x00000007c0000000)
  eden space 129536K, 0% used [0x0000000795580000,0x0000000795580000,0x000000079d400000)
  from space 9728K, 99% used [0x000000079d400000,0x000000079dd7d010,0x000000079dd80000)
  to   space 13824K, 0% used [0x000000079ef80000,0x000000079ef80000,0x000000079fd00000)
 ParOldGen       total 62976K, used 15537K [0x0000000740000000, 0x0000000743d80000, 0x0000000795580000)
  object space 62976K, 24% used [0x0000000740000000,0x0000000740f2c718,0x0000000743d80000)
 Metaspace       used 32046K, capacity 32974K, committed 33280K, reserved 1077248K
  class space    used 4446K, capacity 4803K, committed 4864K, reserved 1048576K
}
Event: 4.969 GC heap before
{Heap before GC invocations=9 (full 1):
 PSYoungGen      total 139264K, used 58667K [0x0000000795580000, 0x000000079fd00000, 0x00000007c0000000)
  eden space 129536K, 37% used [0x0000000795580000,0x000000079854df70,0x000000079d400000)
  from space 9728K, 99% used [0x000000079d400000,0x000000079dd7d010,0x000000079dd80000)
  to   space 13824K, 0% used [0x000000079ef80000,0x000000079ef80000,0x000000079fd00000)
 ParOldGen       total 62976K, used 15537K [0x0000000740000000, 0x0000000743d80000, 0x0000000795580000)
  object space 62976K, 24% used [0x0000000740000000,0x0000000740f2c718,0x0000000743d80000)
 Metaspace       used 34338K, capacity 35272K, committed 35416K, reserved 1079296K
  class space    used 4774K, capacity 5166K, committed 5248K, reserved 1048576K
Event: 4.991 GC heap after
Heap after GC invocations=9 (full 1):
 PSYoungGen      total 155136K, used 13796K [0x0000000795580000, 0x00000007a3500000, 0x00000007c0000000)
  eden space 141312K, 0% used [0x0000000795580000,0x0000000795580000,0x000000079df80000)
  from space 13824K, 99% used [0x000000079ef80000,0x000000079fcf9020,0x000000079fd00000)
  to   space 16384K, 0% used [0x000000079df80000,0x000000079df80000,0x000000079ef80000)
 ParOldGen       total 62976K, used 16965K [0x0000000740000000, 0x0000000743d80000, 0x0000000795580000)
  object space 62976K, 26% used [0x0000000740000000,0x0000000741091480,0x0000000743d80000)
 Metaspace       used 34338K, capacity 35272K, committed 35416K, reserved 1079296K
  class space    used 4774K, capacity 5166K, committed 5248K, reserved 1048576K
}
Event: 4.991 GC heap before
{Heap before GC invocations=10 (full 2):
 PSYoungGen      total 155136K, used 13796K [0x0000000795580000, 0x00000007a3500000, 0x00000007c0000000)
  eden space 141312K, 0% used [0x0000000795580000,0x0000000795580000,0x000000079df80000)
  from space 13824K, 99% used [0x000000079ef80000,0x000000079fcf9020,0x000000079fd00000)
  to   space 16384K, 0% used [0x000000079df80000,0x000000079df80000,0x000000079ef80000)
 ParOldGen       total 62976K, used 16965K [0x0000000740000000, 0x0000000743d80000, 0x0000000795580000)
  object space 62976K, 26% used [0x0000000740000000,0x0000000741091480,0x0000000743d80000)
 Metaspace       used 34338K, capacity 35272K, committed 35416K, reserved 1079296K
  class space    used 4774K, capacity 5166K, committed 5248K, reserved 1048576K
Event: 5.121 GC heap after
Heap after GC invocations=10 (full 2):
 PSYoungGen      total 155136K, used 0K [0x0000000795580000, 0x00000007a3500000, 0x00000007c0000000)
  eden space 141312K, 0% used [0x0000000795580000,0x0000000795580000,0x000000079df80000)
  from space 13824K, 0% used [0x000000079ef80000,0x000000079ef80000,0x000000079fd00000)
  to   space 16384K, 0% used [0x000000079df80000,0x000000079df80000,0x000000079ef80000)
 ParOldGen       total 109568K, used 24593K [0x0000000740000000, 0x0000000746b00000, 0x0000000795580000)
  object space 109568K, 22% used [0x0000000740000000,0x0000000741804688,0x0000000746b00000)
 Metaspace       used 34338K, capacity 35272K, committed 35416K, reserved 1079296K
  class space    used 4774K, capacity 5166K, committed 5248K, reserved 1048576K
}
Event: 6.584 GC heap before
{Heap before GC invocations=11 (full 2):
 PSYoungGen      total 155136K, used 141312K [0x0000000795580000, 0x00000007a3500000, 0x00000007c0000000)
  eden space 141312K, 100% used [0x0000000795580000,0x000000079df80000,0x000000079df80000)
  from space 13824K, 0% used [0x000000079ef80000,0x000000079ef80000,0x000000079fd00000)
  to   space 16384K, 0% used [0x000000079df80000,0x000000079df80000,0x000000079ef80000)
 ParOldGen       total 109568K, used 24593K [0x0000000740000000, 0x0000000746b00000, 0x0000000795580000)
  object space 109568K, 22% used [0x0000000740000000,0x0000000741804688,0x0000000746b00000)
 Metaspace       used 36840K, capacity 37784K, committed 38104K, reserved 1081344K
  class space    used 5135K, capacity 5546K, committed 5632K, reserved 1048576K
Event: 6.604 GC heap after
Heap after GC invocations=11 (full 2):
 PSYoungGen      total 157696K, used 14521K [0x0000000795580000, 0x00000007a2300000, 0x00000007c0000000)
  eden space 141312K, 0% used [0x0000000795580000,0x0000000795580000,0x000000079df80000)
  from space 16384K, 88% used [0x000000079df80000,0x000000079edae400,0x000000079ef80000)
  to   space 17920K, 0% used [0x00000007a1180000,0x00000007a1180000,0x00000007a2300000)
 ParOldGen       total 109568K, used 24601K [0x0000000740000000, 0x0000000746b00000, 0x0000000795580000)
  object space 109568K, 22% used [0x0000000740000000,0x0000000741806688,0x0000000746b00000)
 Metaspace       used 36840K, capacity 37784K, committed 38104K, reserved 1081344K
  class space    used 5135K, capacity 5546K, committed 5632K, reserved 1048576K
}

