# JRE version: Java(TM) SE Runtime Environment (8.0_101-b13) (build 1.8.0_101-b13)
# Java VM: Java HotSpot(TM) 64-Bit Server VM (25.101-b13 mixed mode bsd-amd64 compressed oops)
Heap:
 PSYoungGen      total 177152K, used 93871K [0x0000000795580000, 0x00000007a4180000, 0x00000007c0000000)
  eden space 161280K, 48% used [0x0000000795580000,0x000000079a1adab0,0x000000079f300000)
  from space 15872K, 99% used [0x000000079f300000,0x00000007a027e400,0x00000007a0280000)
  to   space 18432K, 0% used [0x00000007a2f80000,0x00000007a2f80000,0x00000007a4180000)
 ParOldGen       total 103936K, used 25516K [0x0000000740000000, 0x0000000746580000, 0x0000000795580000)
  object space 103936K, 24% used [0x0000000740000000,0x00000007418eb2c0,0x0000000746580000)
 Metaspace       used 39985K, capacity 41282K, committed 41560K, reserved 1085440K
  class space    used 5629K, capacity 6178K, committed 6272K, reserved 1048576K
GC Heap History (10 events):
Event: 3.975 GC heap before
{Heap before GC invocations=7 (full 1):
 PSYoungGen      total 71680K, used 66560K [0x0000000795580000, 0x000000079ea80000, 0x00000007c0000000)
  eden space 66560K, 100% used [0x0000000795580000,0x0000000799680000,0x0000000799680000)
  from space 5120K, 0% used [0x0000000799680000,0x0000000799680000,0x0000000799b80000)
  to   space 9728K, 0% used [0x000000079e100000,0x000000079e100000,0x000000079ea80000)
 ParOldGen       total 59904K, used 8906K [0x0000000740000000, 0x0000000743a80000, 0x0000000795580000)
  object space 59904K, 14% used [0x0000000740000000,0x00000007408b2950,0x0000000743a80000)
 Metaspace       used 25338K, capacity 25984K, committed 26240K, reserved 1071104K
  class space    used 3431K, capacity 3673K, committed 3712K, reserved 1048576K
Event: 3.986 GC heap after
Heap after GC invocations=7 (full 1):
 PSYoungGen      total 111104K, used 6239K [0x0000000795580000, 0x000000079e780000, 0x00000007c0000000)
  eden space 104448K, 0% used [0x0000000795580000,0x0000000795580000,0x000000079bb80000)
  from space 6656K, 93% used [0x000000079e100000,0x000000079e717ee8,0x000000079e780000)
  to   space 9216K, 0% used [0x000000079d580000,0x000000079d580000,0x000000079de80000)
 ParOldGen       total 59904K, used 8914K [0x0000000740000000, 0x0000000743a80000, 0x0000000795580000)
  object space 59904K, 14% used [0x0000000740000000,0x00000007408b4950,0x0000000743a80000)
 Metaspace       used 25338K, capacity 25984K, committed 26240K, reserved 1071104K
  class space    used 3431K, capacity 3673K, committed 3712K, reserved 1048576K
}
Event: 5.361 GC heap before
{Heap before GC invocations=8 (full 1):
 PSYoungGen      total 111104K, used 110687K [0x0000000795580000, 0x000000079e780000, 0x00000007c0000000)
  eden space 104448K, 100% used [0x0000000795580000,0x000000079bb80000,0x000000079bb80000)
  from space 6656K, 93% used [0x000000079e100000,0x000000079e717ee8,0x000000079e780000)
  to   space 9216K, 0% used [0x000000079d580000,0x000000079d580000,0x000000079de80000)
 ParOldGen       total 59904K, used 8914K [0x0000000740000000, 0x0000000743a80000, 0x0000000795580000)
  object space 59904K, 14% used [0x0000000740000000,0x00000007408b4950,0x0000000743a80000)
 Metaspace       used 32221K, capacity 33190K, committed 33280K, reserved 1077248K
  class space    used 4486K, capacity 4854K, committed 4864K, reserved 1048576K
Event: 5.386 GC heap after
Heap after GC invocations=8 (full 1):
 PSYoungGen      total 140288K, used 9204K [0x0000000795580000, 0x00000007a1080000, 0x00000007c0000000)
  eden space 131072K, 0% used [0x0000000795580000,0x0000000795580000,0x000000079d580000)
  from space 9216K, 99% used [0x000000079d580000,0x000000079de7d010,0x000000079de80000)
  to   space 14336K, 0% used [0x00000007a0280000,0x00000007a0280000,0x00000007a1080000)
 ParOldGen       total 59904K, used 17249K [0x0000000740000000, 0x0000000743a80000, 0x0000000795580000)
  object space 59904K, 28% used [0x0000000740000000,0x00000007410d8758,0x0000000743a80000)
 Metaspace       used 32221K, capacity 33190K, committed 33280K, reserved 1077248K
  class space    used 4486K, capacity 4854K, committed 4864K, reserved 1048576K
}
Event: 5.842 GC heap before
{Heap before GC invocations=9 (full 1):
 PSYoungGen      total 140288K, used 50974K [0x0000000795580000, 0x00000007a1080000, 0x00000007c0000000)
  eden space 131072K, 31% used [0x0000000795580000,0x0000000797e4a840,0x000000079d580000)
  from space 9216K, 99% used [0x000000079d580000,0x000000079de7d010,0x000000079de80000)
  to   space 14336K, 0% used [0x00000007a0280000,0x00000007a0280000,0x00000007a1080000)
 ParOldGen       total 59904K, used 17249K [0x0000000740000000, 0x0000000743a80000, 0x0000000795580000)
  object space 59904K, 28% used [0x0000000740000000,0x00000007410d8758,0x0000000743a80000)
 Metaspace       used 34341K, capacity 35272K, committed 35416K, reserved 1079296K
  class space    used 4780K, capacity 5166K, committed 5248K, reserved 1048576K
Event: 5.863 GC heap after
Heap after GC invocations=9 (full 1):
 PSYoungGen      total 175616K, used 13611K [0x0000000795580000, 0x00000007a4380000, 0x00000007c0000000)
  eden space 161280K, 0% used [0x0000000795580000,0x0000000795580000,0x000000079f300000)
  from space 14336K, 94% used [0x00000007a0280000,0x00000007a0fcafd8,0x00000007a1080000)
  to   space 15872K, 0% used [0x000000079f300000,0x000000079f300000,0x00000007a0280000)
 ParOldGen       total 59904K, used 17257K [0x0000000740000000, 0x0000000743a80000, 0x0000000795580000)
  object space 59904K, 28% used [0x0000000740000000,0x00000007410da758,0x0000000743a80000)
 Metaspace       used 34341K, capacity 35272K, committed 35416K, reserved 1079296K
  class space    used 4780K, capacity 5166K, committed 5248K, reserved 1048576K
}
Event: 5.863 GC heap before
{Heap before GC invocations=10 (full 2):
 PSYoungGen      total 175616K, used 13611K [0x0000000795580000, 0x00000007a4380000, 0x00000007c0000000)
  eden space 161280K, 0% used [0x0000000795580000,0x0000000795580000,0x000000079f300000)
  from space 14336K, 94% used [0x00000007a0280000,0x00000007a0fcafd8,0x00000007a1080000)
  to   space 15872K, 0% used [0x000000079f300000,0x000000079f300000,0x00000007a0280000)
 ParOldGen       total 59904K, used 17257K [0x0000000740000000, 0x0000000743a80000, 0x0000000795580000)
  object space 59904K, 28% used [0x0000000740000000,0x00000007410da758,0x0000000743a80000)
 Metaspace       used 34341K, capacity 35272K, committed 35416K, reserved 1079296K
  class space    used 4780K, capacity 5166K, committed 5248K, reserved 1048576K
Event: 5.998 GC heap after
Heap after GC invocations=10 (full 2):
 PSYoungGen      total 175616K, used 0K [0x0000000795580000, 0x00000007a4380000, 0x00000007c0000000)
  eden space 161280K, 0% used [0x0000000795580000,0x0000000795580000,0x000000079f300000)
  from space 14336K, 0% used [0x00000007a0280000,0x00000007a0280000,0x00000007a1080000)
  to   space 15872K, 0% used [0x000000079f300000,0x000000079f300000,0x00000007a0280000)
 ParOldGen       total 103936K, used 24539K [0x0000000740000000, 0x0000000746580000, 0x0000000795580000)
  object space 103936K, 23% used [0x0000000740000000,0x00000007417f6cc8,0x0000000746580000)
 Metaspace       used 34341K, capacity 35272K, committed 35416K, reserved 1079296K
  class space    used 4780K, capacity 5166K, committed 5248K, reserved 1048576K
}
Event: 7.817 GC heap before
{Heap before GC invocations=11 (full 2):
 PSYoungGen      total 175616K, used 161280K [0x0000000795580000, 0x00000007a4380000, 0x00000007c0000000)
  eden space 161280K, 100% used [0x0000000795580000,0x000000079f300000,0x000000079f300000)
  from space 14336K, 0% used [0x00000007a0280000,0x00000007a0280000,0x00000007a1080000)
  to   space 15872K, 0% used [0x000000079f300000,0x000000079f300000,0x00000007a0280000)
 ParOldGen       total 103936K, used 24539K [0x0000000740000000, 0x0000000746580000, 0x0000000795580000)
  object space 103936K, 23% used [0x0000000740000000,0x00000007417f6cc8,0x0000000746580000)
 Metaspace       used 37812K, capacity 38954K, committed 39128K, reserved 1083392K
  class space    used 5314K, capacity 5795K, committed 5888K, reserved 1048576K
Event: 7.854 GC heap after
Heap after GC invocations=11 (full 2):
 PSYoungGen      total 177152K, used 15865K [0x0000000795580000, 0x00000007a4180000, 0x00000007c0000000)
  eden space 161280K, 0% used [0x0000000795580000,0x0000000795580000,0x000000079f300000)
  from space 15872K, 99% used [0x000000079f300000,0x00000007a027e400,0x00000007a0280000)
  to   space 18432K, 0% used [0x00000007a2f80000,0x00000007a2f80000,0x00000007a4180000)
 ParOldGen       total 103936K, used 25516K [0x0000000740000000, 0x0000000746580000, 0x0000000795580000)
  object space 103936K, 24% used [0x0000000740000000,0x00000007418eb2c0,0x0000000746580000)
 Metaspace       used 37812K, capacity 38954K, committed 39128K, reserved 1083392K
  class space    used 5314K, capacity 5795K, committed 5888K, reserved 1048576K
}

