# JRE version: Java(TM) SE Runtime Environment (8.0_101-b13) (build 1.8.0_101-b13)
# Java VM: Java HotSpot(TM) 64-Bit Server VM (25.101-b13 mixed mode bsd-amd64 compressed oops)
Heap:
 PSYoungGen      total 159744K, used 111081K [0x0000000795580000, 0x00000007a2500000, 0x00000007c0000000)
  eden space 143360K, 67% used [0x0000000795580000,0x000000079b3a40d8,0x000000079e180000)
  from space 16384K, 89% used [0x000000079e180000,0x000000079efd6400,0x000000079f180000)
  to   space 17920K, 0% used [0x00000007a1380000,0x00000007a1380000,0x00000007a2500000)
 ParOldGen       total 109056K, used 24596K [0x0000000740000000, 0x0000000746a80000, 0x0000000795580000)
  object space 109056K, 22% used [0x0000000740000000,0x0000000741805108,0x0000000746a80000)
 Metaspace       used 39988K, capacity 41346K, committed 41560K, reserved 1085440K
  class space    used 5630K, capacity 6178K, committed 6272K, reserved 1048576K
GC Heap History (10 events):
Event: 3.805 GC heap before
{Heap before GC invocations=7 (full 1):
 PSYoungGen      total 71680K, used 66560K [0x0000000795580000, 0x000000079ea80000, 0x00000007c0000000)
  eden space 66560K, 100% used [0x0000000795580000,0x0000000799680000,0x0000000799680000)
  from space 5120K, 0% used [0x0000000799680000,0x0000000799680000,0x0000000799b80000)
  to   space 9728K, 0% used [0x000000079e100000,0x000000079e100000,0x000000079ea80000)
 ParOldGen       total 62464K, used 8892K [0x0000000740000000, 0x0000000743d00000, 0x0000000795580000)
  object space 62464K, 14% used [0x0000000740000000,0x00000007408af348,0x0000000743d00000)
 Metaspace       used 25356K, capacity 25984K, committed 26240K, reserved 1071104K
  class space    used 3431K, capacity 3673K, committed 3712K, reserved 1048576K
Event: 3.813 GC heap after
Heap after GC invocations=7 (full 1):
 PSYoungGen      total 104960K, used 6038K [0x0000000795580000, 0x000000079e700000, 0x00000007c0000000)
  eden space 98816K, 0% used [0x0000000795580000,0x0000000795580000,0x000000079b600000)
  from space 6144K, 98% used [0x000000079e100000,0x000000079e6e5a80,0x000000079e700000)
  to   space 9728K, 0% used [0x000000079d400000,0x000000079d400000,0x000000079dd80000)
 ParOldGen       total 62464K, used 8964K [0x0000000740000000, 0x0000000743d00000, 0x0000000795580000)
  object space 62464K, 14% used [0x0000000740000000,0x00000007408c1358,0x0000000743d00000)
 Metaspace       used 25356K, capacity 25984K, committed 26240K, reserved 1071104K
  class space    used 3431K, capacity 3673K, committed 3712K, reserved 1048576K
}
Event: 5.324 GC heap before
{Heap before GC invocations=8 (full 1):
 PSYoungGen      total 104960K, used 104854K [0x0000000795580000, 0x000000079e700000, 0x00000007c0000000)
  eden space 98816K, 100% used [0x0000000795580000,0x000000079b600000,0x000000079b600000)
  from space 6144K, 98% used [0x000000079e100000,0x000000079e6e5a80,0x000000079e700000)
  to   space 9728K, 0% used [0x000000079d400000,0x000000079d400000,0x000000079dd80000)
 ParOldGen       total 62464K, used 8964K [0x0000000740000000, 0x0000000743d00000, 0x0000000795580000)
  object space 62464K, 14% used [0x0000000740000000,0x00000007408c1358,0x0000000743d00000)
 Metaspace       used 32045K, capacity 32974K, committed 33280K, reserved 1077248K
  class space    used 4448K, capacity 4803K, committed 4864K, reserved 1048576K
Event: 5.350 GC heap after
Heap after GC invocations=8 (full 1):
 PSYoungGen      total 139264K, used 9712K [0x0000000795580000, 0x000000079ff00000, 0x00000007c0000000)
  eden space 129536K, 0% used [0x0000000795580000,0x0000000795580000,0x000000079d400000)
  from space 9728K, 99% used [0x000000079d400000,0x000000079dd7c010,0x000000079dd80000)
  to   space 13824K, 0% used [0x000000079f180000,0x000000079f180000,0x000000079ff00000)
 ParOldGen       total 62464K, used 15777K [0x0000000740000000, 0x0000000743d00000, 0x0000000795580000)
  object space 62464K, 25% used [0x0000000740000000,0x0000000740f68698,0x0000000743d00000)
 Metaspace       used 32045K, capacity 32974K, committed 33280K, reserved 1077248K
  class space    used 4448K, capacity 4803K, committed 4864K, reserved 1048576K
}
Event: 5.977 GC heap before
{Heap before GC invocations=9 (full 1):
 PSYoungGen      total 139264K, used 56098K [0x0000000795580000, 0x000000079ff00000, 0x00000007c0000000)
  eden space 129536K, 35% used [0x0000000795580000,0x00000007982cc898,0x000000079d400000)
  from space 9728K, 99% used [0x000000079d400000,0x000000079dd7c010,0x000000079dd80000)
  to   space 13824K, 0% used [0x000000079f180000,0x000000079f180000,0x000000079ff00000)
 ParOldGen       total 62464K, used 15777K [0x0000000740000000, 0x0000000743d00000, 0x0000000795580000)
  object space 62464K, 25% used [0x0000000740000000,0x0000000740f68698,0x0000000743d00000)
 Metaspace       used 34340K, capacity 35272K, committed 35416K, reserved 1079296K
  class space    used 4776K, capacity 5166K, committed 5248K, reserved 1048576K
Event: 5.998 GC heap after
Heap after GC invocations=9 (full 1):
 PSYoungGen      total 157184K, used 13808K [0x0000000795580000, 0x00000007a3600000, 0x00000007c0000000)
  eden space 143360K, 0% used [0x0000000795580000,0x0000000795580000,0x000000079e180000)
  from space 13824K, 99% used [0x000000079f180000,0x000000079fefc010,0x000000079ff00000)
  to   space 16384K, 0% used [0x000000079e180000,0x000000079e180000,0x000000079f180000)
 ParOldGen       total 62464K, used 17037K [0x0000000740000000, 0x0000000743d00000, 0x0000000795580000)
  object space 62464K, 27% used [0x0000000740000000,0x00000007410a3618,0x0000000743d00000)
 Metaspace       used 34340K, capacity 35272K, committed 35416K, reserved 1079296K
  class space    used 4776K, capacity 5166K, committed 5248K, reserved 1048576K
}
Event: 5.998 GC heap before
{Heap before GC invocations=10 (full 2):
 PSYoungGen      total 157184K, used 13808K [0x0000000795580000, 0x00000007a3600000, 0x00000007c0000000)
  eden space 143360K, 0% used [0x0000000795580000,0x0000000795580000,0x000000079e180000)
  from space 13824K, 99% used [0x000000079f180000,0x000000079fefc010,0x000000079ff00000)
  to   space 16384K, 0% used [0x000000079e180000,0x000000079e180000,0x000000079f180000)
 ParOldGen       total 62464K, used 17037K [0x0000000740000000, 0x0000000743d00000, 0x0000000795580000)
  object space 62464K, 27% used [0x0000000740000000,0x00000007410a3618,0x0000000743d00000)
 Metaspace       used 34340K, capacity 35272K, committed 35416K, reserved 1079296K
  class space    used 4776K, capacity 5166K, committed 5248K, reserved 1048576K
Event: 6.139 GC heap after
Heap after GC invocations=10 (full 2):
 PSYoungGen      total 157184K, used 0K [0x0000000795580000, 0x00000007a3600000, 0x00000007c0000000)
  eden space 143360K, 0% used [0x0000000795580000,0x0000000795580000,0x000000079e180000)
  from space 13824K, 0% used [0x000000079f180000,0x000000079f180000,0x000000079ff00000)
  to   space 16384K, 0% used [0x000000079e180000,0x000000079e180000,0x000000079f180000)
 ParOldGen       total 109056K, used 24588K [0x0000000740000000, 0x0000000746a80000, 0x0000000795580000)
  object space 109056K, 22% used [0x0000000740000000,0x0000000741803108,0x0000000746a80000)
 Metaspace       used 34340K, capacity 35272K, committed 35416K, reserved 1079296K
  class space    used 4776K, capacity 5166K, committed 5248K, reserved 1048576K
}
Event: 7.866 GC heap before
{Heap before GC invocations=11 (full 2):
 PSYoungGen      total 157184K, used 143360K [0x0000000795580000, 0x00000007a3600000, 0x00000007c0000000)
  eden space 143360K, 100% used [0x0000000795580000,0x000000079e180000,0x000000079e180000)
  from space 13824K, 0% used [0x000000079f180000,0x000000079f180000,0x000000079ff00000)
  to   space 16384K, 0% used [0x000000079e180000,0x000000079e180000,0x000000079f180000)
 ParOldGen       total 109056K, used 24588K [0x0000000740000000, 0x0000000746a80000, 0x0000000795580000)
  object space 109056K, 22% used [0x0000000740000000,0x0000000741803108,0x0000000746a80000)
 Metaspace       used 36937K, capacity 37912K, committed 38104K, reserved 1081344K
  class space    used 5144K, capacity 5546K, committed 5632K, reserved 1048576K
Event: 7.885 GC heap after
Heap after GC invocations=11 (full 2):
 PSYoungGen      total 159744K, used 14681K [0x0000000795580000, 0x00000007a2500000, 0x00000007c0000000)
  eden space 143360K, 0% used [0x0000000795580000,0x0000000795580000,0x000000079e180000)
  from space 16384K, 89% used [0x000000079e180000,0x000000079efd6400,0x000000079f180000)
  to   space 17920K, 0% used [0x00000007a1380000,0x00000007a1380000,0x00000007a2500000)
 ParOldGen       total 109056K, used 24596K [0x0000000740000000, 0x0000000746a80000, 0x0000000795580000)
  object space 109056K, 22% used [0x0000000740000000,0x0000000741805108,0x0000000746a80000)
 Metaspace       used 36937K, capacity 37912K, committed 38104K, reserved 1081344K
  class space    used 5144K, capacity 5546K, committed 5632K, reserved 1048576K
}

