# JRE version: Java(TM) SE Runtime Environment (8.0_101-b13) (build 1.8.0_101-b13)
# Java VM: Java HotSpot(TM) 64-Bit Server VM (25.101-b13 mixed mode bsd-amd64 compressed oops)
Heap:
 PSYoungGen      total 171008K, used 104519K [0x0000000795580000, 0x00000007a3b00000, 0x00000007c0000000)
  eden space 154624K, 57% used [0x0000000795580000,0x000000079abc2880,0x000000079ec80000)
  from space 16384K, 98% used [0x000000079ec80000,0x000000079fc4f688,0x000000079fc80000)
  to   space 18432K, 0% used [0x00000007a2900000,0x00000007a2900000,0x00000007a3b00000)
 ParOldGen       total 102400K, used 24567K [0x0000000740000000, 0x0000000746400000, 0x0000000795580000)
  object space 102400K, 23% used [0x0000000740000000,0x00000007417fdd78,0x0000000746400000)
 Metaspace       used 39985K, capacity 41282K, committed 41560K, reserved 1085440K
  class space    used 5630K, capacity 6178K, committed 6272K, reserved 1048576K
GC Heap History (10 events):
Event: 3.313 GC heap before
{Heap before GC invocations=7 (full 1):
 PSYoungGen      total 71680K, used 66560K [0x0000000795580000, 0x000000079ea80000, 0x00000007c0000000)
  eden space 66560K, 100% used [0x0000000795580000,0x0000000799680000,0x0000000799680000)
  from space 5120K, 0% used [0x0000000799680000,0x0000000799680000,0x0000000799b80000)
  to   space 9728K, 0% used [0x000000079e100000,0x000000079e100000,0x000000079ea80000)
 ParOldGen       total 60416K, used 8896K [0x0000000740000000, 0x0000000743b00000, 0x0000000795580000)
  object space 60416K, 14% used [0x0000000740000000,0x00000007408b02e8,0x0000000743b00000)
 Metaspace       used 25321K, capacity 25984K, committed 26240K, reserved 1071104K
  class space    used 3432K, capacity 3673K, committed 3712K, reserved 1048576K
Event: 3.321 GC heap after
Heap after GC invocations=7 (full 1):
 PSYoungGen      total 109056K, used 5919K [0x0000000795580000, 0x000000079e700000, 0x00000007c0000000)
  eden space 102912K, 0% used [0x0000000795580000,0x0000000795580000,0x000000079ba00000)
  from space 6144K, 96% used [0x000000079e100000,0x000000079e6c7ed8,0x000000079e700000)
  to   space 9728K, 0% used [0x000000079d400000,0x000000079d400000,0x000000079dd80000)
 ParOldGen       total 60416K, used 8968K [0x0000000740000000, 0x0000000743b00000, 0x0000000795580000)
  object space 60416K, 14% used [0x0000000740000000,0x00000007408c22f8,0x0000000743b00000)
 Metaspace       used 25321K, capacity 25984K, committed 26240K, reserved 1071104K
  class space    used 3432K, capacity 3673K, committed 3712K, reserved 1048576K
}
Event: 4.978 GC heap before
{Heap before GC invocations=8 (full 1):
 PSYoungGen      total 109056K, used 108831K [0x0000000795580000, 0x000000079e700000, 0x00000007c0000000)
  eden space 102912K, 100% used [0x0000000795580000,0x000000079ba00000,0x000000079ba00000)
  from space 6144K, 96% used [0x000000079e100000,0x000000079e6c7ed8,0x000000079e700000)
  to   space 9728K, 0% used [0x000000079d400000,0x000000079d400000,0x000000079dd80000)
 ParOldGen       total 60416K, used 8968K [0x0000000740000000, 0x0000000743b00000, 0x0000000795580000)
  object space 60416K, 14% used [0x0000000740000000,0x00000007408c22f8,0x0000000743b00000)
 Metaspace       used 32167K, capacity 33158K, committed 33280K, reserved 1077248K
  class space    used 4471K, capacity 4842K, committed 4864K, reserved 1048576K
Event: 5.003 GC heap after
Heap after GC invocations=8 (full 1):
 PSYoungGen      total 139264K, used 9728K [0x0000000795580000, 0x00000007a0a80000, 0x00000007c0000000)
  eden space 129536K, 0% used [0x0000000795580000,0x0000000795580000,0x000000079d400000)
  from space 9728K, 100% used [0x000000079d400000,0x000000079dd80000,0x000000079dd80000)
  to   space 14336K, 0% used [0x000000079fc80000,0x000000079fc80000,0x00000007a0a80000)
 ParOldGen       total 60416K, used 16352K [0x0000000740000000, 0x0000000743b00000, 0x0000000795580000)
  object space 60416K, 27% used [0x0000000740000000,0x0000000740ff8368,0x0000000743b00000)
 Metaspace       used 32167K, capacity 33158K, committed 33280K, reserved 1077248K
  class space    used 4471K, capacity 4842K, committed 4864K, reserved 1048576K
}
Event: 5.589 GC heap before
{Heap before GC invocations=9 (full 1):
 PSYoungGen      total 139264K, used 53290K [0x0000000795580000, 0x00000007a0a80000, 0x00000007c0000000)
  eden space 129536K, 33% used [0x0000000795580000,0x000000079800aaf8,0x000000079d400000)
  from space 9728K, 100% used [0x000000079d400000,0x000000079dd80000,0x000000079dd80000)
  to   space 14336K, 0% used [0x000000079fc80000,0x000000079fc80000,0x00000007a0a80000)
 ParOldGen       total 60416K, used 16352K [0x0000000740000000, 0x0000000743b00000, 0x0000000795580000)
  object space 60416K, 27% used [0x0000000740000000,0x0000000740ff8368,0x0000000743b00000)
 Metaspace       used 34345K, capacity 35272K, committed 35416K, reserved 1079296K
  class space    used 4779K, capacity 5166K, committed 5248K, reserved 1048576K
Event: 5.629 GC heap after
Heap after GC invocations=9 (full 1):
 PSYoungGen      total 168960K, used 14326K [0x0000000795580000, 0x00000007a4280000, 0x00000007c0000000)
  eden space 154624K, 0% used [0x0000000795580000,0x0000000795580000,0x000000079ec80000)
  from space 14336K, 99% used [0x000000079fc80000,0x00000007a0a7d860,0x00000007a0a80000)
  to   space 16384K, 0% used [0x000000079ec80000,0x000000079ec80000,0x000000079fc80000)
 ParOldGen       total 60416K, used 16494K [0x0000000740000000, 0x0000000743b00000, 0x0000000795580000)
  object space 60416K, 27% used [0x0000000740000000,0x000000074101bb18,0x0000000743b00000)
 Metaspace       used 34345K, capacity 35272K, committed 35416K, reserved 1079296K
  class space    used 4779K, capacity 5166K, committed 5248K, reserved 1048576K
}
Event: 5.629 GC heap before
{Heap before GC invocations=10 (full 2):
 PSYoungGen      total 168960K, used 14326K [0x0000000795580000, 0x00000007a4280000, 0x00000007c0000000)
  eden space 154624K, 0% used [0x0000000795580000,0x0000000795580000,0x000000079ec80000)
  from space 14336K, 99% used [0x000000079fc80000,0x00000007a0a7d860,0x00000007a0a80000)
  to   space 16384K, 0% used [0x000000079ec80000,0x000000079ec80000,0x000000079fc80000)
 ParOldGen       total 60416K, used 16494K [0x0000000740000000, 0x0000000743b00000, 0x0000000795580000)
  object space 60416K, 27% used [0x0000000740000000,0x000000074101bb18,0x0000000743b00000)
 Metaspace       used 34345K, capacity 35272K, committed 35416K, reserved 1079296K
  class space    used 4779K, capacity 5166K, committed 5248K, reserved 1048576K
Event: 5.776 GC heap after
Heap after GC invocations=10 (full 2):
 PSYoungGen      total 168960K, used 0K [0x0000000795580000, 0x00000007a4280000, 0x00000007c0000000)
  eden space 154624K, 0% used [0x0000000795580000,0x0000000795580000,0x000000079ec80000)
  from space 14336K, 0% used [0x000000079fc80000,0x000000079fc80000,0x00000007a0a80000)
  to   space 16384K, 0% used [0x000000079ec80000,0x000000079ec80000,0x000000079fc80000)
 ParOldGen       total 102400K, used 24559K [0x0000000740000000, 0x0000000746400000, 0x0000000795580000)
  object space 102400K, 23% used [0x0000000740000000,0x00000007417fbd78,0x0000000746400000)
 Metaspace       used 34345K, capacity 35272K, committed 35416K, reserved 1079296K
  class space    used 4779K, capacity 5166K, committed 5248K, reserved 1048576K
}
Event: 7.409 GC heap before
{Heap before GC invocations=11 (full 2):
 PSYoungGen      total 168960K, used 154624K [0x0000000795580000, 0x00000007a4280000, 0x00000007c0000000)
  eden space 154624K, 100% used [0x0000000795580000,0x000000079ec80000,0x000000079ec80000)
  from space 14336K, 0% used [0x000000079fc80000,0x000000079fc80000,0x00000007a0a80000)
  to   space 16384K, 0% used [0x000000079ec80000,0x000000079ec80000,0x000000079fc80000)
 ParOldGen       total 102400K, used 24559K [0x0000000740000000, 0x0000000746400000, 0x0000000795580000)
  object space 102400K, 23% used [0x0000000740000000,0x00000007417fbd78,0x0000000746400000)
 Metaspace       used 37622K, capacity 38742K, committed 39000K, reserved 1083392K
  class space    used 5276K, capacity 5746K, committed 5760K, reserved 1048576K
Event: 7.431 GC heap after
Heap after GC invocations=11 (full 2):
 PSYoungGen      total 171008K, used 16189K [0x0000000795580000, 0x00000007a3b00000, 0x00000007c0000000)
  eden space 154624K, 0% used [0x0000000795580000,0x0000000795580000,0x000000079ec80000)
  from space 16384K, 98% used [0x000000079ec80000,0x000000079fc4f688,0x000000079fc80000)
  to   space 18432K, 0% used [0x00000007a2900000,0x00000007a2900000,0x00000007a3b00000)
 ParOldGen       total 102400K, used 24567K [0x0000000740000000, 0x0000000746400000, 0x0000000795580000)
  object space 102400K, 23% used [0x0000000740000000,0x00000007417fdd78,0x0000000746400000)
 Metaspace       used 37622K, capacity 38742K, committed 39000K, reserved 1083392K
  class space    used 5276K, capacity 5746K, committed 5760K, reserved 1048576K
}

