# JRE version: Java(TM) SE Runtime Environment (8.0_101-b13) (build 1.8.0_101-b13)
# Java VM: Java HotSpot(TM) 64-Bit Server VM (25.101-b13 mixed mode bsd-amd64 compressed oops)
Heap:
 PSYoungGen      total 158208K, used 106945K [0x0000000795580000, 0x00000007a2500000, 0x00000007c0000000)
  eden space 141824K, 65% used [0x0000000795580000,0x000000079afc2188,0x000000079e000000)
  from space 16384K, 88% used [0x000000079e000000,0x000000079ee2e400,0x000000079f000000)
  to   space 17920K, 0% used [0x00000007a1380000,0x00000007a1380000,0x00000007a2500000)
 ParOldGen       total 110080K, used 24607K [0x0000000740000000, 0x0000000746b80000, 0x0000000795580000)
  object space 110080K, 22% used [0x0000000740000000,0x0000000741807f68,0x0000000746b80000)
 Metaspace       used 39778K, capacity 41098K, committed 41176K, reserved 1085440K
  class space    used 5588K, capacity 6110K, committed 6144K, reserved 1048576K
GC Heap History (10 events):
Event: 3.264 GC heap before
{Heap before GC invocations=7 (full 1):
 PSYoungGen      total 71680K, used 66560K [0x0000000795580000, 0x000000079ea80000, 0x00000007c0000000)
  eden space 66560K, 100% used [0x0000000795580000,0x0000000799680000,0x0000000799680000)
  from space 5120K, 0% used [0x0000000799680000,0x0000000799680000,0x0000000799b80000)
  to   space 9728K, 0% used [0x000000079e100000,0x000000079e100000,0x000000079ea80000)
 ParOldGen       total 63488K, used 8893K [0x0000000740000000, 0x0000000743e00000, 0x0000000795580000)
  object space 63488K, 14% used [0x0000000740000000,0x00000007408af5b0,0x0000000743e00000)
 Metaspace       used 25342K, capacity 25984K, committed 26240K, reserved 1071104K
  class space    used 3432K, capacity 3673K, committed 3712K, reserved 1048576K
Event: 3.275 GC heap after
Heap after GC invocations=7 (full 1):
 PSYoungGen      total 103936K, used 5990K [0x0000000795580000, 0x000000079e700000, 0x00000007c0000000)
  eden space 97792K, 0% used [0x0000000795580000,0x0000000795580000,0x000000079b500000)
  from space 6144K, 97% used [0x000000079e100000,0x000000079e6d9a80,0x000000079e700000)
  to   space 9728K, 0% used [0x000000079d400000,0x000000079d400000,0x000000079dd80000)
 ParOldGen       total 63488K, used 8901K [0x0000000740000000, 0x0000000743e00000, 0x0000000795580000)
  object space 63488K, 14% used [0x0000000740000000,0x00000007408b15b0,0x0000000743e00000)
 Metaspace       used 25342K, capacity 25984K, committed 26240K, reserved 1071104K
  class space    used 3432K, capacity 3673K, committed 3712K, reserved 1048576K
}
Event: 4.751 GC heap before
{Heap before GC invocations=8 (full 1):
 PSYoungGen      total 103936K, used 103782K [0x0000000795580000, 0x000000079e700000, 0x00000007c0000000)
  eden space 97792K, 100% used [0x0000000795580000,0x000000079b500000,0x000000079b500000)
  from space 6144K, 97% used [0x000000079e100000,0x000000079e6d9a80,0x000000079e700000)
  to   space 9728K, 0% used [0x000000079d400000,0x000000079d400000,0x000000079dd80000)
 ParOldGen       total 63488K, used 8901K [0x0000000740000000, 0x0000000743e00000, 0x0000000795580000)
  object space 63488K, 14% used [0x0000000740000000,0x00000007408b15b0,0x0000000743e00000)
 Metaspace       used 32033K, capacity 32974K, committed 33280K, reserved 1077248K
  class space    used 4446K, capacity 4803K, committed 4864K, reserved 1048576K
Event: 4.783 GC heap after
Heap after GC invocations=8 (full 1):
 PSYoungGen      total 139264K, used 9696K [0x0000000795580000, 0x000000079fd80000, 0x00000007c0000000)
  eden space 129536K, 0% used [0x0000000795580000,0x0000000795580000,0x000000079d400000)
  from space 9728K, 99% used [0x000000079d400000,0x000000079dd78010,0x000000079dd80000)
  to   space 13824K, 0% used [0x000000079f000000,0x000000079f000000,0x000000079fd80000)
 ParOldGen       total 63488K, used 15566K [0x0000000740000000, 0x0000000743e00000, 0x0000000795580000)
  object space 63488K, 24% used [0x0000000740000000,0x0000000740f33b18,0x0000000743e00000)
 Metaspace       used 32033K, capacity 32974K, committed 33280K, reserved 1077248K
  class space    used 4446K, capacity 4803K, committed 4864K, reserved 1048576K
}
Event: 5.399 GC heap before
{Heap before GC invocations=9 (full 1):
 PSYoungGen      total 139264K, used 58548K [0x0000000795580000, 0x000000079fd80000, 0x00000007c0000000)
  eden space 129536K, 37% used [0x0000000795580000,0x00000007985353e8,0x000000079d400000)
  from space 9728K, 99% used [0x000000079d400000,0x000000079dd78010,0x000000079dd80000)
  to   space 13824K, 0% used [0x000000079f000000,0x000000079f000000,0x000000079fd80000)
 ParOldGen       total 63488K, used 15566K [0x0000000740000000, 0x0000000743e00000, 0x0000000795580000)
  object space 63488K, 24% used [0x0000000740000000,0x0000000740f33b18,0x0000000743e00000)
 Metaspace       used 34336K, capacity 35272K, committed 35416K, reserved 1079296K
  class space    used 4776K, capacity 5166K, committed 5248K, reserved 1048576K
Event: 5.424 GC heap after
Heap after GC invocations=9 (full 1):
 PSYoungGen      total 155648K, used 13792K [0x0000000795580000, 0x00000007a3680000, 0x00000007c0000000)
  eden space 141824K, 0% used [0x0000000795580000,0x0000000795580000,0x000000079e000000)
  from space 13824K, 99% used [0x000000079f000000,0x000000079fd78010,0x000000079fd80000)
  to   space 16384K, 0% used [0x000000079e000000,0x000000079e000000,0x000000079f000000)
 ParOldGen       total 63488K, used 16999K [0x0000000740000000, 0x0000000743e00000, 0x0000000795580000)
  object space 63488K, 26% used [0x0000000740000000,0x0000000741099e08,0x0000000743e00000)
 Metaspace       used 34336K, capacity 35272K, committed 35416K, reserved 1079296K
  class space    used 4776K, capacity 5166K, committed 5248K, reserved 1048576K
}
Event: 5.424 GC heap before
{Heap before GC invocations=10 (full 2):
 PSYoungGen      total 155648K, used 13792K [0x0000000795580000, 0x00000007a3680000, 0x00000007c0000000)
  eden space 141824K, 0% used [0x0000000795580000,0x0000000795580000,0x000000079e000000)
  from space 13824K, 99% used [0x000000079f000000,0x000000079fd78010,0x000000079fd80000)
  to   space 16384K, 0% used [0x000000079e000000,0x000000079e000000,0x000000079f000000)
 ParOldGen       total 63488K, used 16999K [0x0000000740000000, 0x0000000743e00000, 0x0000000795580000)
  object space 63488K, 26% used [0x0000000740000000,0x0000000741099e08,0x0000000743e00000)
 Metaspace       used 34336K, capacity 35272K, committed 35416K, reserved 1079296K
  class space    used 4776K, capacity 5166K, committed 5248K, reserved 1048576K
Event: 5.566 GC heap after
Heap after GC invocations=10 (full 2):
 PSYoungGen      total 155648K, used 0K [0x0000000795580000, 0x00000007a3680000, 0x00000007c0000000)
  eden space 141824K, 0% used [0x0000000795580000,0x0000000795580000,0x000000079e000000)
  from space 13824K, 0% used [0x000000079f000000,0x000000079f000000,0x000000079fd80000)
  to   space 16384K, 0% used [0x000000079e000000,0x000000079e000000,0x000000079f000000)
 ParOldGen       total 110080K, used 24599K [0x0000000740000000, 0x0000000746b80000, 0x0000000795580000)
  object space 110080K, 22% used [0x0000000740000000,0x0000000741805f68,0x0000000746b80000)
 Metaspace       used 34336K, capacity 35272K, committed 35416K, reserved 1079296K
  class space    used 4776K, capacity 5166K, committed 5248K, reserved 1048576K
}
Event: 7.027 GC heap before
{Heap before GC invocations=11 (full 2):
 PSYoungGen      total 155648K, used 141824K [0x0000000795580000, 0x00000007a3680000, 0x00000007c0000000)
  eden space 141824K, 100% used [0x0000000795580000,0x000000079e000000,0x000000079e000000)
  from space 13824K, 0% used [0x000000079f000000,0x000000079f000000,0x000000079fd80000)
  to   space 16384K, 0% used [0x000000079e000000,0x000000079e000000,0x000000079f000000)
 ParOldGen       total 110080K, used 24599K [0x0000000740000000, 0x0000000746b80000, 0x0000000795580000)
  object space 110080K, 22% used [0x0000000740000000,0x0000000741805f68,0x0000000746b80000)
 Metaspace       used 36859K, capacity 37784K, committed 38104K, reserved 1081344K
  class space    used 5144K, capacity 5546K, committed 5632K, reserved 1048576K
Event: 7.052 GC heap after
Heap after GC invocations=11 (full 2):
 PSYoungGen      total 158208K, used 14521K [0x0000000795580000, 0x00000007a2500000, 0x00000007c0000000)
  eden space 141824K, 0% used [0x0000000795580000,0x0000000795580000,0x000000079e000000)
  from space 16384K, 88% used [0x000000079e000000,0x000000079ee2e400,0x000000079f000000)
  to   space 17920K, 0% used [0x00000007a1380000,0x00000007a1380000,0x00000007a2500000)
 ParOldGen       total 110080K, used 24607K [0x0000000740000000, 0x0000000746b80000, 0x0000000795580000)
  object space 110080K, 22% used [0x0000000740000000,0x0000000741807f68,0x0000000746b80000)
 Metaspace       used 36859K, capacity 37784K, committed 38104K, reserved 1081344K
  class space    used 5144K, capacity 5546K, committed 5632K, reserved 1048576K
}

