# JRE version: Java(TM) SE Runtime Environment (8.0_101-b13) (build 1.8.0_101-b13)
# Java VM: Java HotSpot(TM) 64-Bit Server VM (25.101-b13 mixed mode bsd-amd64 compressed oops)
Heap:
 PSYoungGen      total 159744K, used 102901K [0x0000000795580000, 0x00000007a2680000, 0x00000007c0000000)
  eden space 143360K, 61% used [0x0000000795580000,0x000000079ab4f0a0,0x000000079e180000)
  from space 16384K, 91% used [0x000000079e180000,0x000000079f02e400,0x000000079f180000)
  to   space 17920K, 0% used [0x00000007a1500000,0x00000007a1500000,0x00000007a2680000)
 ParOldGen       total 114176K, used 29345K [0x0000000740000000, 0x0000000746f80000, 0x0000000795580000)
  object space 114176K, 25% used [0x0000000740000000,0x0000000741ca8758,0x0000000746f80000)
 Metaspace       used 39854K, capacity 41098K, committed 41176K, reserved 1085440K
  class space    used 5589K, capacity 6110K, committed 6144K, reserved 1048576K
GC Heap History (10 events):
Event: 6.855 GC heap before
{Heap before GC invocations=7 (full 1):
 PSYoungGen      total 71680K, used 66560K [0x0000000795580000, 0x000000079ea80000, 0x00000007c0000000)
  eden space 66560K, 100% used [0x0000000795580000,0x0000000799680000,0x0000000799680000)
  from space 5120K, 0% used [0x0000000799680000,0x0000000799680000,0x0000000799b80000)
  to   space 9728K, 0% used [0x000000079e100000,0x000000079e100000,0x000000079ea80000)
 ParOldGen       total 65536K, used 10617K [0x0000000740000000, 0x0000000744000000, 0x0000000795580000)
  object space 65536K, 16% used [0x0000000740000000,0x0000000740a5e7c8,0x0000000744000000)
 Metaspace       used 25342K, capacity 25984K, committed 26240K, reserved 1071104K
  class space    used 3432K, capacity 3673K, committed 3712K, reserved 1048576K
Event: 6.872 GC heap after
Heap after GC invocations=7 (full 1):
 PSYoungGen      total 104448K, used 6022K [0x0000000795580000, 0x000000079e700000, 0x00000007c0000000)
  eden space 98304K, 0% used [0x0000000795580000,0x0000000795580000,0x000000079b580000)
  from space 6144K, 98% used [0x000000079e100000,0x000000079e6e1a80,0x000000079e700000)
  to   space 9728K, 0% used [0x000000079d400000,0x000000079d400000,0x000000079dd80000)
 ParOldGen       total 65536K, used 10625K [0x0000000740000000, 0x0000000744000000, 0x0000000795580000)
  object space 65536K, 16% used [0x0000000740000000,0x0000000740a607c8,0x0000000744000000)
 Metaspace       used 25342K, capacity 25984K, committed 26240K, reserved 1071104K
  class space    used 3432K, capacity 3673K, committed 3712K, reserved 1048576K
}
Event: 9.488 GC heap before
{Heap before GC invocations=8 (full 1):
 PSYoungGen      total 104448K, used 104326K [0x0000000795580000, 0x000000079e700000, 0x00000007c0000000)
  eden space 98304K, 100% used [0x0000000795580000,0x000000079b580000,0x000000079b580000)
  from space 6144K, 98% used [0x000000079e100000,0x000000079e6e1a80,0x000000079e700000)
  to   space 9728K, 0% used [0x000000079d400000,0x000000079d400000,0x000000079dd80000)
 ParOldGen       total 65536K, used 10625K [0x0000000740000000, 0x0000000744000000, 0x0000000795580000)
  object space 65536K, 16% used [0x0000000740000000,0x0000000740a607c8,0x0000000744000000)
 Metaspace       used 32050K, capacity 32974K, committed 33280K, reserved 1077248K
  class space    used 4450K, capacity 4803K, committed 4864K, reserved 1048576K
Event: 9.536 GC heap after
Heap after GC invocations=8 (full 1):
 PSYoungGen      total 139264K, used 9700K [0x0000000795580000, 0x000000079ff00000, 0x00000007c0000000)
  eden space 129536K, 0% used [0x0000000795580000,0x0000000795580000,0x000000079d400000)
  from space 9728K, 99% used [0x000000079d400000,0x000000079dd79020,0x000000079dd80000)
  to   space 13824K, 0% used [0x000000079f180000,0x000000079f180000,0x000000079ff00000)
 ParOldGen       total 65536K, used 17322K [0x0000000740000000, 0x0000000744000000, 0x0000000795580000)
  object space 65536K, 26% used [0x0000000740000000,0x00000007410eabe8,0x0000000744000000)
 Metaspace       used 32050K, capacity 32974K, committed 33280K, reserved 1077248K
  class space    used 4450K, capacity 4803K, committed 4864K, reserved 1048576K
}
Event: 10.788 GC heap before
{Heap before GC invocations=9 (full 1):
 PSYoungGen      total 139264K, used 58660K [0x0000000795580000, 0x000000079ff00000, 0x00000007c0000000)
  eden space 129536K, 37% used [0x0000000795580000,0x00000007985502b0,0x000000079d400000)
  from space 9728K, 99% used [0x000000079d400000,0x000000079dd79020,0x000000079dd80000)
  to   space 13824K, 0% used [0x000000079f180000,0x000000079f180000,0x000000079ff00000)
 ParOldGen       total 65536K, used 17322K [0x0000000740000000, 0x0000000744000000, 0x0000000795580000)
  object space 65536K, 26% used [0x0000000740000000,0x00000007410eabe8,0x0000000744000000)
 Metaspace       used 34362K, capacity 35272K, committed 35416K, reserved 1079296K
  class space    used 4782K, capacity 5166K, committed 5248K, reserved 1048576K
Event: 10.831 GC heap after
Heap after GC invocations=9 (full 1):
 PSYoungGen      total 157184K, used 13796K [0x0000000795580000, 0x00000007a3900000, 0x00000007c0000000)
  eden space 143360K, 0% used [0x0000000795580000,0x0000000795580000,0x000000079e180000)
  from space 13824K, 99% used [0x000000079f180000,0x000000079fef9020,0x000000079ff00000)
  to   space 16384K, 0% used [0x000000079e180000,0x000000079e180000,0x000000079f180000)
 ParOldGen       total 65536K, used 18842K [0x0000000740000000, 0x0000000744000000, 0x0000000795580000)
  object space 65536K, 28% used [0x0000000740000000,0x0000000741266810,0x0000000744000000)
 Metaspace       used 34362K, capacity 35272K, committed 35416K, reserved 1079296K
  class space    used 4782K, capacity 5166K, committed 5248K, reserved 1048576K
}
Event: 10.831 GC heap before
{Heap before GC invocations=10 (full 2):
 PSYoungGen      total 157184K, used 13796K [0x0000000795580000, 0x00000007a3900000, 0x00000007c0000000)
  eden space 143360K, 0% used [0x0000000795580000,0x0000000795580000,0x000000079e180000)
  from space 13824K, 99% used [0x000000079f180000,0x000000079fef9020,0x000000079ff00000)
  to   space 16384K, 0% used [0x000000079e180000,0x000000079e180000,0x000000079f180000)
 ParOldGen       total 65536K, used 18842K [0x0000000740000000, 0x0000000744000000, 0x0000000795580000)
  object space 65536K, 28% used [0x0000000740000000,0x0000000741266810,0x0000000744000000)
 Metaspace       used 34362K, capacity 35272K, committed 35416K, reserved 1079296K
  class space    used 4782K, capacity 5166K, committed 5248K, reserved 1048576K
Event: 11.031 GC heap after
Heap after GC invocations=10 (full 2):
 PSYoungGen      total 157184K, used 0K [0x0000000795580000, 0x00000007a3900000, 0x00000007c0000000)
  eden space 143360K, 0% used [0x0000000795580000,0x0000000795580000,0x000000079e180000)
  from space 13824K, 0% used [0x000000079f180000,0x000000079f180000,0x000000079ff00000)
  to   space 16384K, 0% used [0x000000079e180000,0x000000079e180000,0x000000079f180000)
 ParOldGen       total 114176K, used 29337K [0x0000000740000000, 0x0000000746f80000, 0x0000000795580000)
  object space 114176K, 25% used [0x0000000740000000,0x0000000741ca6758,0x0000000746f80000)
 Metaspace       used 34362K, capacity 35272K, committed 35416K, reserved 1079296K
  class space    used 4782K, capacity 5166K, committed 5248K, reserved 1048576K
}
Event: 14.414 GC heap before
{Heap before GC invocations=11 (full 2):
 PSYoungGen      total 157184K, used 143360K [0x0000000795580000, 0x00000007a3900000, 0x00000007c0000000)
  eden space 143360K, 100% used [0x0000000795580000,0x000000079e180000,0x000000079e180000)
  from space 13824K, 0% used [0x000000079f180000,0x000000079f180000,0x000000079ff00000)
  to   space 16384K, 0% used [0x000000079e180000,0x000000079e180000,0x000000079f180000)
 ParOldGen       total 114176K, used 29337K [0x0000000740000000, 0x0000000746f80000, 0x0000000795580000)
  object space 114176K, 25% used [0x0000000740000000,0x0000000741ca6758,0x0000000746f80000)
 Metaspace       used 37111K, capacity 38168K, committed 38360K, reserved 1081344K
  class space    used 5179K, capacity 5593K, committed 5632K, reserved 1048576K
Event: 14.444 GC heap after
Heap after GC invocations=11 (full 2):
 PSYoungGen      total 159744K, used 15033K [0x0000000795580000, 0x00000007a2680000, 0x00000007c0000000)
  eden space 143360K, 0% used [0x0000000795580000,0x0000000795580000,0x000000079e180000)
  from space 16384K, 91% used [0x000000079e180000,0x000000079f02e400,0x000000079f180000)
  to   space 17920K, 0% used [0x00000007a1500000,0x00000007a1500000,0x00000007a2680000)
 ParOldGen       total 114176K, used 29345K [0x0000000740000000, 0x0000000746f80000, 0x0000000795580000)
  object space 114176K, 25% used [0x0000000740000000,0x0000000741ca8758,0x0000000746f80000)
 Metaspace       used 37111K, capacity 38168K, committed 38360K, reserved 1081344K
  class space    used 5179K, capacity 5593K, committed 5632K, reserved 1048576K
}

