# JRE version: Java(TM) SE Runtime Environment (8.0_101-b13) (build 1.8.0_101-b13)
# Java VM: Java HotSpot(TM) 64-Bit Server VM (25.101-b13 mixed mode bsd-amd64 compressed oops)
Heap:
 PSYoungGen      total 159232K, used 115431K [0x0000000795580000, 0x00000007a2200000, 0x00000007c0000000)
  eden space 142848K, 70% used [0x0000000795580000,0x000000079b7f3998,0x000000079e100000)
  from space 16384K, 89% used [0x000000079e100000,0x000000079ef46400,0x000000079f100000)
  to   space 17920K, 0% used [0x00000007a1080000,0x00000007a1080000,0x00000007a2200000)
 ParOldGen       total 111616K, used 24602K [0x0000000740000000, 0x0000000746d00000, 0x0000000795580000)
  object space 111616K, 22% used [0x0000000740000000,0x0000000741806938,0x0000000746d00000)
 Metaspace       used 39998K, capacity 41314K, committed 41560K, reserved 1085440K
  class space    used 5640K, capacity 6210K, committed 6272K, reserved 1048576K
GC Heap History (10 events):
Event: 4.212 GC heap before
{Heap before GC invocations=7 (full 1):
 PSYoungGen      total 71680K, used 66560K [0x0000000795580000, 0x000000079ea80000, 0x00000007c0000000)
  eden space 66560K, 100% used [0x0000000795580000,0x0000000799680000,0x0000000799680000)
  from space 5120K, 0% used [0x0000000799680000,0x0000000799680000,0x0000000799b80000)
  to   space 9728K, 0% used [0x000000079e100000,0x000000079e100000,0x000000079ea80000)
 ParOldGen       total 63488K, used 8892K [0x0000000740000000, 0x0000000743e00000, 0x0000000795580000)
  object space 63488K, 14% used [0x0000000740000000,0x00000007408af368,0x0000000743e00000)
 Metaspace       used 25323K, capacity 25952K, committed 26240K, reserved 1071104K
  class space    used 3433K, capacity 3641K, committed 3712K, reserved 1048576K
Event: 4.223 GC heap after
Heap after GC invocations=7 (full 1):
 PSYoungGen      total 103936K, used 5922K [0x0000000795580000, 0x000000079e700000, 0x00000007c0000000)
  eden space 97792K, 0% used [0x0000000795580000,0x0000000795580000,0x000000079b500000)
  from space 6144K, 96% used [0x000000079e100000,0x000000079e6c88f0,0x000000079e700000)
  to   space 9728K, 0% used [0x000000079d400000,0x000000079d400000,0x000000079dd80000)
 ParOldGen       total 63488K, used 8964K [0x0000000740000000, 0x0000000743e00000, 0x0000000795580000)
  object space 63488K, 14% used [0x0000000740000000,0x00000007408c1378,0x0000000743e00000)
 Metaspace       used 25323K, capacity 25952K, committed 26240K, reserved 1071104K
  class space    used 3433K, capacity 3641K, committed 3712K, reserved 1048576K
}
Event: 5.558 GC heap before
{Heap before GC invocations=8 (full 1):
 PSYoungGen      total 103936K, used 103714K [0x0000000795580000, 0x000000079e700000, 0x00000007c0000000)
  eden space 97792K, 100% used [0x0000000795580000,0x000000079b500000,0x000000079b500000)
  from space 6144K, 96% used [0x000000079e100000,0x000000079e6c88f0,0x000000079e700000)
  to   space 9728K, 0% used [0x000000079d400000,0x000000079d400000,0x000000079dd80000)
 ParOldGen       total 63488K, used 8964K [0x0000000740000000, 0x0000000743e00000, 0x0000000795580000)
  object space 63488K, 14% used [0x0000000740000000,0x00000007408c1378,0x0000000743e00000)
 Metaspace       used 32027K, capacity 33006K, committed 33280K, reserved 1077248K
  class space    used 4454K, capacity 4835K, committed 4864K, reserved 1048576K
Event: 5.587 GC heap after
Heap after GC invocations=8 (full 1):
 PSYoungGen      total 139264K, used 9712K [0x0000000795580000, 0x000000079fe80000, 0x00000007c0000000)
  eden space 129536K, 0% used [0x0000000795580000,0x0000000795580000,0x000000079d400000)
  from space 9728K, 99% used [0x000000079d400000,0x000000079dd7c010,0x000000079dd80000)
  to   space 13824K, 0% used [0x000000079f100000,0x000000079f100000,0x000000079fe80000)
 ParOldGen       total 63488K, used 15529K [0x0000000740000000, 0x0000000743e00000, 0x0000000795580000)
  object space 63488K, 24% used [0x0000000740000000,0x0000000740f2a6d8,0x0000000743e00000)
 Metaspace       used 32027K, capacity 33006K, committed 33280K, reserved 1077248K
  class space    used 4454K, capacity 4835K, committed 4864K, reserved 1048576K
}
Event: 6.284 GC heap before
{Heap before GC invocations=9 (full 1):
 PSYoungGen      total 139264K, used 58436K [0x0000000795580000, 0x000000079fe80000, 0x00000007c0000000)
  eden space 129536K, 37% used [0x0000000795580000,0x0000000798515200,0x000000079d400000)
  from space 9728K, 99% used [0x000000079d400000,0x000000079dd7c010,0x000000079dd80000)
  to   space 13824K, 0% used [0x000000079f100000,0x000000079f100000,0x000000079fe80000)
 ParOldGen       total 63488K, used 15529K [0x0000000740000000, 0x0000000743e00000, 0x0000000795580000)
  object space 63488K, 24% used [0x0000000740000000,0x0000000740f2a6d8,0x0000000743e00000)
 Metaspace       used 34351K, capacity 35304K, committed 35416K, reserved 1079296K
  class space    used 4787K, capacity 5198K, committed 5248K, reserved 1048576K
Event: 6.313 GC heap after
Heap after GC invocations=9 (full 1):
 PSYoungGen      total 156672K, used 13796K [0x0000000795580000, 0x00000007a3980000, 0x00000007c0000000)
  eden space 142848K, 0% used [0x0000000795580000,0x0000000795580000,0x000000079e100000)
  from space 13824K, 99% used [0x000000079f100000,0x000000079fe79020,0x000000079fe80000)
  to   space 16384K, 0% used [0x000000079e100000,0x000000079e100000,0x000000079f100000)
 ParOldGen       total 63488K, used 16997K [0x0000000740000000, 0x0000000743e00000, 0x0000000795580000)
  object space 63488K, 26% used [0x0000000740000000,0x0000000741099758,0x0000000743e00000)
 Metaspace       used 34351K, capacity 35304K, committed 35416K, reserved 1079296K
  class space    used 4787K, capacity 5198K, committed 5248K, reserved 1048576K
}
Event: 6.313 GC heap before
{Heap before GC invocations=10 (full 2):
 PSYoungGen      total 156672K, used 13796K [0x0000000795580000, 0x00000007a3980000, 0x00000007c0000000)
  eden space 142848K, 0% used [0x0000000795580000,0x0000000795580000,0x000000079e100000)
  from space 13824K, 99% used [0x000000079f100000,0x000000079fe79020,0x000000079fe80000)
  to   space 16384K, 0% used [0x000000079e100000,0x000000079e100000,0x000000079f100000)
 ParOldGen       total 63488K, used 16997K [0x0000000740000000, 0x0000000743e00000, 0x0000000795580000)
  object space 63488K, 26% used [0x0000000740000000,0x0000000741099758,0x0000000743e00000)
 Metaspace       used 34351K, capacity 35304K, committed 35416K, reserved 1079296K
  class space    used 4787K, capacity 5198K, committed 5248K, reserved 1048576K
Event: 6.488 GC heap after
Heap after GC invocations=10 (full 2):
 PSYoungGen      total 156672K, used 0K [0x0000000795580000, 0x00000007a3980000, 0x00000007c0000000)
  eden space 142848K, 0% used [0x0000000795580000,0x0000000795580000,0x000000079e100000)
  from space 13824K, 0% used [0x000000079f100000,0x000000079f100000,0x000000079fe80000)
  to   space 16384K, 0% used [0x000000079e100000,0x000000079e100000,0x000000079f100000)
 ParOldGen       total 111616K, used 24594K [0x0000000740000000, 0x0000000746d00000, 0x0000000795580000)
  object space 111616K, 22% used [0x0000000740000000,0x0000000741804938,0x0000000746d00000)
 Metaspace       used 34351K, capacity 35304K, committed 35416K, reserved 1079296K
  class space    used 4787K, capacity 5198K, committed 5248K, reserved 1048576K
}
Event: 8.105 GC heap before
{Heap before GC invocations=11 (full 2):
 PSYoungGen      total 156672K, used 142848K [0x0000000795580000, 0x00000007a3980000, 0x00000007c0000000)
  eden space 142848K, 100% used [0x0000000795580000,0x000000079e100000,0x000000079e100000)
  from space 13824K, 0% used [0x000000079f100000,0x000000079f100000,0x000000079fe80000)
  to   space 16384K, 0% used [0x000000079e100000,0x000000079e100000,0x000000079f100000)
 ParOldGen       total 111616K, used 24594K [0x0000000740000000, 0x0000000746d00000, 0x0000000795580000)
  object space 111616K, 22% used [0x0000000740000000,0x0000000741804938,0x0000000746d00000)
 Metaspace       used 36918K, capacity 37912K, committed 38104K, reserved 1081344K
  class space    used 5150K, capacity 5546K, committed 5632K, reserved 1048576K
Event: 8.124 GC heap after
Heap after GC invocations=11 (full 2):
 PSYoungGen      total 159232K, used 14617K [0x0000000795580000, 0x00000007a2200000, 0x00000007c0000000)
  eden space 142848K, 0% used [0x0000000795580000,0x0000000795580000,0x000000079e100000)
  from space 16384K, 89% used [0x000000079e100000,0x000000079ef46400,0x000000079f100000)
  to   space 17920K, 0% used [0x00000007a1080000,0x00000007a1080000,0x00000007a2200000)
 ParOldGen       total 111616K, used 24602K [0x0000000740000000, 0x0000000746d00000, 0x0000000795580000)
  object space 111616K, 22% used [0x0000000740000000,0x0000000741806938,0x0000000746d00000)
 Metaspace       used 36918K, capacity 37912K, committed 38104K, reserved 1081344K
  class space    used 5150K, capacity 5546K, committed 5632K, reserved 1048576K
}

