# JRE version: Java(TM) SE Runtime Environment (8.0_101-b13) (build 1.8.0_101-b13)
# Java VM: Java HotSpot(TM) 64-Bit Server VM (25.101-b13 mixed mode bsd-amd64 compressed oops)
Heap:
 PSYoungGen      total 192512K, used 3463K [0x0000000795580000, 0x00000007a2880000, 0x00000007c0000000)
  eden space 177152K, 1% used [0x0000000795580000,0x00000007958e1fe0,0x00000007a0280000)
  from space 15360K, 0% used [0x00000007a1400000,0x00000007a1400000,0x00000007a2300000)
  to   space 17920K, 0% used [0x00000007a0280000,0x00000007a0280000,0x00000007a1400000)
 ParOldGen       total 128512K, used 27359K [0x0000000740000000, 0x0000000747d80000, 0x0000000795580000)
  object space 128512K, 21% used [0x0000000740000000,0x0000000741ab7c78,0x0000000747d80000)
 Metaspace       used 34360K, capacity 35368K, committed 35672K, reserved 1079296K
  class space    used 4791K, capacity 5198K, committed 5248K, reserved 1048576K
GC Heap History (10 events):
Event: 6.027 GC heap before
{Heap before GC invocations=4 (full 0):
 PSYoungGen      total 71680K, used 25077K [0x0000000795580000, 0x000000079e180000, 0x00000007c0000000)
  eden space 66560K, 30% used [0x0000000795580000,0x00000007969055b8,0x0000000799680000)
  from space 5120K, 99% used [0x0000000799680000,0x0000000799b78020,0x0000000799b80000)
  to   space 5120K, 0% used [0x000000079dc80000,0x000000079dc80000,0x000000079e180000)
 ParOldGen       total 87552K, used 7278K [0x0000000740000000, 0x0000000745580000, 0x0000000795580000)
  object space 87552K, 8% used [0x0000000740000000,0x000000074071b8d8,0x0000000745580000)
 Metaspace       used 20793K, capacity 21118K, committed 21248K, reserved 1067008K
  class space    used 2826K, capacity 2978K, committed 3072K, reserved 1048576K
Event: 6.053 GC heap after
Heap after GC invocations=4 (full 0):
 PSYoungGen      total 138240K, used 5104K [0x0000000795580000, 0x000000079e180000, 0x00000007c0000000)
  eden space 133120K, 0% used [0x0000000795580000,0x0000000795580000,0x000000079d780000)
  from space 5120K, 99% used [0x000000079dc80000,0x000000079e17c030,0x000000079e180000)
  to   space 5120K, 0% used [0x000000079d780000,0x000000079d780000,0x000000079dc80000)
 ParOldGen       total 87552K, used 9351K [0x0000000740000000, 0x0000000745580000, 0x0000000795580000)
  object space 87552K, 10% used [0x0000000740000000,0x0000000740921c80,0x0000000745580000)
 Metaspace       used 20793K, capacity 21118K, committed 21248K, reserved 1067008K
  class space    used 2826K, capacity 2978K, committed 3072K, reserved 1048576K
}
Event: 6.053 GC heap before
{Heap before GC invocations=5 (full 1):
 PSYoungGen      total 138240K, used 5104K [0x0000000795580000, 0x000000079e180000, 0x00000007c0000000)
  eden space 133120K, 0% used [0x0000000795580000,0x0000000795580000,0x000000079d780000)
  from space 5120K, 99% used [0x000000079dc80000,0x000000079e17c030,0x000000079e180000)
  to   space 5120K, 0% used [0x000000079d780000,0x000000079d780000,0x000000079dc80000)
 ParOldGen       total 87552K, used 9351K [0x0000000740000000, 0x0000000745580000, 0x0000000795580000)
  object space 87552K, 10% used [0x0000000740000000,0x0000000740921c80,0x0000000745580000)
 Metaspace       used 20793K, capacity 21118K, committed 21248K, reserved 1067008K
  class space    used 2826K, capacity 2978K, committed 3072K, reserved 1048576K
Event: 6.215 GC heap after
Heap after GC invocations=5 (full 1):
 PSYoungGen      total 138240K, used 0K [0x0000000795580000, 0x000000079e180000, 0x00000007c0000000)
  eden space 133120K, 0% used [0x0000000795580000,0x0000000795580000,0x000000079d780000)
  from space 5120K, 0% used [0x000000079dc80000,0x000000079dc80000,0x000000079e180000)
  to   space 5120K, 0% used [0x000000079d780000,0x000000079d780000,0x000000079dc80000)
 ParOldGen       total 68608K, used 8869K [0x0000000740000000, 0x0000000744300000, 0x0000000795580000)
  object space 68608K, 12% used [0x0000000740000000,0x00000007408a9768,0x0000000744300000)
 Metaspace       used 20793K, capacity 21118K, committed 21248K, reserved 1067008K
  class space    used 2826K, capacity 2978K, committed 3072K, reserved 1048576K
}
Event: 10.780 GC heap before
{Heap before GC invocations=6 (full 1):
 PSYoungGen      total 138240K, used 133120K [0x0000000795580000, 0x000000079e180000, 0x00000007c0000000)
  eden space 133120K, 100% used [0x0000000795580000,0x000000079d780000,0x000000079d780000)
  from space 5120K, 0% used [0x000000079dc80000,0x000000079dc80000,0x000000079e180000)
  to   space 5120K, 0% used [0x000000079d780000,0x000000079d780000,0x000000079dc80000)
 ParOldGen       total 68608K, used 8869K [0x0000000740000000, 0x0000000744300000, 0x0000000795580000)
  object space 68608K, 12% used [0x0000000740000000,0x00000007408a9768,0x0000000744300000)
 Metaspace       used 29504K, capacity 30316K, committed 30464K, reserved 1075200K
  class space    used 4043K, capacity 4347K, committed 4352K, reserved 1048576K
Event: 10.804 GC heap after
Heap after GC invocations=6 (full 1):
 PSYoungGen      total 138240K, used 5120K [0x0000000795580000, 0x00000007a2300000, 0x00000007c0000000)
  eden space 133120K, 0% used [0x0000000795580000,0x0000000795580000,0x000000079d780000)
  from space 5120K, 100% used [0x000000079d780000,0x000000079dc80000,0x000000079dc80000)
  to   space 15360K, 0% used [0x00000007a1400000,0x00000007a1400000,0x00000007a2300000)
 ParOldGen       total 68608K, used 18204K [0x0000000740000000, 0x0000000744300000, 0x0000000795580000)
  object space 68608K, 26% used [0x0000000740000000,0x00000007411c73a0,0x0000000744300000)
 Metaspace       used 29504K, capacity 30316K, committed 30464K, reserved 1075200K
  class space    used 4043K, capacity 4347K, committed 4352K, reserved 1048576K
}
Event: 12.998 GC heap before
{Heap before GC invocations=7 (full 1):
 PSYoungGen      total 138240K, used 86823K [0x0000000795580000, 0x00000007a2300000, 0x00000007c0000000)
  eden space 133120K, 61% used [0x0000000795580000,0x000000079a549c28,0x000000079d780000)
  from space 5120K, 100% used [0x000000079d780000,0x000000079dc80000,0x000000079dc80000)
  to   space 15360K, 0% used [0x00000007a1400000,0x00000007a1400000,0x00000007a2300000)
 ParOldGen       total 68608K, used 18204K [0x0000000740000000, 0x0000000744300000, 0x0000000795580000)
  object space 68608K, 26% used [0x0000000740000000,0x00000007411c73a0,0x0000000744300000)
 Metaspace       used 34345K, capacity 35304K, committed 35416K, reserved 1079296K
  class space    used 4790K, capacity 5198K, committed 5248K, reserved 1048576K
Event: 13.031 GC heap after
Heap after GC invocations=7 (full 1):
 PSYoungGen      total 192512K, used 15340K [0x0000000795580000, 0x00000007a2880000, 0x00000007c0000000)
  eden space 177152K, 0% used [0x0000000795580000,0x0000000795580000,0x00000007a0280000)
  from space 15360K, 99% used [0x00000007a1400000,0x00000007a22fb160,0x00000007a2300000)
  to   space 17920K, 0% used [0x00000007a0280000,0x00000007a0280000,0x00000007a1400000)
 ParOldGen       total 68608K, used 18661K [0x0000000740000000, 0x0000000744300000, 0x0000000795580000)
  object space 68608K, 27% used [0x0000000740000000,0x0000000741239570,0x0000000744300000)
 Metaspace       used 34345K, capacity 35304K, committed 35416K, reserved 1079296K
  class space    used 4790K, capacity 5198K, committed 5248K, reserved 1048576K
}
Event: 13.031 GC heap before
{Heap before GC invocations=8 (full 2):
 PSYoungGen      total 192512K, used 15340K [0x0000000795580000, 0x00000007a2880000, 0x00000007c0000000)
  eden space 177152K, 0% used [0x0000000795580000,0x0000000795580000,0x00000007a0280000)
  from space 15360K, 99% used [0x00000007a1400000,0x00000007a22fb160,0x00000007a2300000)
  to   space 17920K, 0% used [0x00000007a0280000,0x00000007a0280000,0x00000007a1400000)
 ParOldGen       total 68608K, used 18661K [0x0000000740000000, 0x0000000744300000, 0x0000000795580000)
  object space 68608K, 27% used [0x0000000740000000,0x0000000741239570,0x0000000744300000)
 Metaspace       used 34345K, capacity 35304K, committed 35416K, reserved 1079296K
  class space    used 4790K, capacity 5198K, committed 5248K, reserved 1048576K
Event: 13.300 GC heap after
Heap after GC invocations=8 (full 2):
 PSYoungGen      total 192512K, used 0K [0x0000000795580000, 0x00000007a2880000, 0x00000007c0000000)
  eden space 177152K, 0% used [0x0000000795580000,0x0000000795580000,0x00000007a0280000)
  from space 15360K, 0% used [0x00000007a1400000,0x00000007a1400000,0x00000007a2300000)
  to   space 17920K, 0% used [0x00000007a0280000,0x00000007a0280000,0x00000007a1400000)
 ParOldGen       total 128512K, used 27359K [0x0000000740000000, 0x0000000747d80000, 0x0000000795580000)
  object space 128512K, 21% used [0x0000000740000000,0x0000000741ab7c78,0x0000000747d80000)
 Metaspace       used 34345K, capacity 35304K, committed 35416K, reserved 1079296K
  class space    used 4790K, capacity 5198K, committed 5248K, reserved 1048576K
}

