# JRE version: Java(TM) SE Runtime Environment (8.0_101-b13) (build 1.8.0_101-b13)
# Java VM: Java HotSpot(TM) 64-Bit Server VM (25.101-b13 mixed mode bsd-amd64 compressed oops)
Heap:
 PSYoungGen      total 206848K, used 43774K [0x0000000795580000, 0x00000007a6c80000, 0x00000007c0000000)
  eden space 188928K, 13% used [0x0000000795580000,0x0000000796f20478,0x00000007a0e00000)
  from space 17920K, 97% used [0x00000007a0e00000,0x00000007a1f1f688,0x00000007a1f80000)
  to   space 20992K, 0% used [0x00000007a5800000,0x00000007a5800000,0x00000007a6c80000)
 ParOldGen       total 127488K, used 32338K [0x0000000740000000, 0x0000000747c80000, 0x0000000795580000)
  object space 127488K, 25% used [0x0000000740000000,0x0000000741f948d8,0x0000000747c80000)
 Metaspace       used 39168K, capacity 40418K, committed 40664K, reserved 1083392K
  class space    used 5509K, capacity 6032K, committed 6144K, reserved 1048576K
GC Heap History (10 events):
Event: 8.413 GC heap before
{Heap before GC invocations=5 (full 1):
 PSYoungGen      total 138240K, used 5088K [0x0000000795580000, 0x000000079e180000, 0x00000007c0000000)
  eden space 133120K, 0% used [0x0000000795580000,0x0000000795580000,0x000000079d780000)
  from space 5120K, 99% used [0x000000079dc80000,0x000000079e178040,0x000000079e180000)
  to   space 5120K, 0% used [0x000000079d780000,0x000000079d780000,0x000000079dc80000)
 ParOldGen       total 87552K, used 9369K [0x0000000740000000, 0x0000000745580000, 0x0000000795580000)
  object space 87552K, 10% used [0x0000000740000000,0x00000007409267d0,0x0000000745580000)
 Metaspace       used 20786K, capacity 21118K, committed 21248K, reserved 1067008K
  class space    used 2822K, capacity 2978K, committed 3072K, reserved 1048576K
Event: 8.544 GC heap after
Heap after GC invocations=5 (full 1):
 PSYoungGen      total 138240K, used 0K [0x0000000795580000, 0x000000079e180000, 0x00000007c0000000)
  eden space 133120K, 0% used [0x0000000795580000,0x0000000795580000,0x000000079d780000)
  from space 5120K, 0% used [0x000000079dc80000,0x000000079dc80000,0x000000079e180000)
  to   space 5120K, 0% used [0x000000079d780000,0x000000079d780000,0x000000079dc80000)
 ParOldGen       total 65536K, used 8874K [0x0000000740000000, 0x0000000744000000, 0x0000000795580000)
  object space 65536K, 13% used [0x0000000740000000,0x00000007408aaae8,0x0000000744000000)
 Metaspace       used 20786K, capacity 21118K, committed 21248K, reserved 1067008K
  class space    used 2822K, capacity 2978K, committed 3072K, reserved 1048576K
}
Event: 14.667 GC heap before
{Heap before GC invocations=6 (full 1):
 PSYoungGen      total 138240K, used 133120K [0x0000000795580000, 0x000000079e180000, 0x00000007c0000000)
  eden space 133120K, 100% used [0x0000000795580000,0x000000079d780000,0x000000079d780000)
  from space 5120K, 0% used [0x000000079dc80000,0x000000079dc80000,0x000000079e180000)
  to   space 5120K, 0% used [0x000000079d780000,0x000000079d780000,0x000000079dc80000)
 ParOldGen       total 65536K, used 8874K [0x0000000740000000, 0x0000000744000000, 0x0000000795580000)
  object space 65536K, 13% used [0x0000000740000000,0x00000007408aaae8,0x0000000744000000)
 Metaspace       used 29467K, capacity 30278K, committed 30464K, reserved 1075200K
  class space    used 4028K, capacity 4313K, committed 4352K, reserved 1048576K
Event: 14.695 GC heap after
Heap after GC invocations=6 (full 1):
 PSYoungGen      total 138240K, used 5092K [0x0000000795580000, 0x00000007a2e00000, 0x00000007c0000000)
  eden space 133120K, 0% used [0x0000000795580000,0x0000000795580000,0x000000079d780000)
  from space 5120K, 99% used [0x000000079d780000,0x000000079dc79020,0x000000079dc80000)
  to   space 14848K, 0% used [0x00000007a1f80000,0x00000007a1f80000,0x00000007a2e00000)
 ParOldGen       total 65536K, used 17837K [0x0000000740000000, 0x0000000744000000, 0x0000000795580000)
  object space 65536K, 27% used [0x0000000740000000,0x000000074116b6a0,0x0000000744000000)
 Metaspace       used 29467K, capacity 30278K, committed 30464K, reserved 1075200K
  class space    used 4028K, capacity 4313K, committed 4352K, reserved 1048576K
}
Event: 19.066 GC heap before
{Heap before GC invocations=7 (full 1):
 PSYoungGen      total 138240K, used 88996K [0x0000000795580000, 0x00000007a2e00000, 0x00000007c0000000)
  eden space 133120K, 63% used [0x0000000795580000,0x000000079a770060,0x000000079d780000)
  from space 5120K, 99% used [0x000000079d780000,0x000000079dc79020,0x000000079dc80000)
  to   space 14848K, 0% used [0x00000007a1f80000,0x00000007a1f80000,0x00000007a2e00000)
 ParOldGen       total 65536K, used 17837K [0x0000000740000000, 0x0000000744000000, 0x0000000795580000)
  object space 65536K, 27% used [0x0000000740000000,0x000000074116b6a0,0x0000000744000000)
 Metaspace       used 34332K, capacity 35266K, committed 35416K, reserved 1079296K
  class space    used 4778K, capacity 5164K, committed 5248K, reserved 1048576K
Event: 19.107 GC heap after
Heap after GC invocations=7 (full 1):
 PSYoungGen      total 203776K, used 14838K [0x0000000795580000, 0x00000007a3200000, 0x00000007c0000000)
  eden space 188928K, 0% used [0x0000000795580000,0x0000000795580000,0x00000007a0e00000)
  from space 14848K, 99% used [0x00000007a1f80000,0x00000007a2dfd850,0x00000007a2e00000)
  to   space 17920K, 0% used [0x00000007a0e00000,0x00000007a0e00000,0x00000007a1f80000)
 ParOldGen       total 65536K, used 19191K [0x0000000740000000, 0x0000000744000000, 0x0000000795580000)
  object space 65536K, 29% used [0x0000000740000000,0x00000007412bde08,0x0000000744000000)
 Metaspace       used 34332K, capacity 35266K, committed 35416K, reserved 1079296K
  class space    used 4778K, capacity 5164K, committed 5248K, reserved 1048576K
}
Event: 19.107 GC heap before
{Heap before GC invocations=8 (full 2):
 PSYoungGen      total 203776K, used 14838K [0x0000000795580000, 0x00000007a3200000, 0x00000007c0000000)
  eden space 188928K, 0% used [0x0000000795580000,0x0000000795580000,0x00000007a0e00000)
  from space 14848K, 99% used [0x00000007a1f80000,0x00000007a2dfd850,0x00000007a2e00000)
  to   space 17920K, 0% used [0x00000007a0e00000,0x00000007a0e00000,0x00000007a1f80000)
 ParOldGen       total 65536K, used 19191K [0x0000000740000000, 0x0000000744000000, 0x0000000795580000)
  object space 65536K, 29% used [0x0000000740000000,0x00000007412bde08,0x0000000744000000)
 Metaspace       used 34332K, capacity 35266K, committed 35416K, reserved 1079296K
  class space    used 4778K, capacity 5164K, committed 5248K, reserved 1048576K
Event: 19.473 GC heap after
Heap after GC invocations=8 (full 2):
 PSYoungGen      total 203776K, used 0K [0x0000000795580000, 0x00000007a3200000, 0x00000007c0000000)
  eden space 188928K, 0% used [0x0000000795580000,0x0000000795580000,0x00000007a0e00000)
  from space 14848K, 0% used [0x00000007a1f80000,0x00000007a1f80000,0x00000007a2e00000)
  to   space 17920K, 0% used [0x00000007a0e00000,0x00000007a0e00000,0x00000007a1f80000)
 ParOldGen       total 127488K, used 32330K [0x0000000740000000, 0x0000000747c80000, 0x0000000795580000)
  object space 127488K, 25% used [0x0000000740000000,0x0000000741f928d8,0x0000000747c80000)
 Metaspace       used 34332K, capacity 35266K, committed 35416K, reserved 1079296K
  class space    used 4778K, capacity 5164K, committed 5248K, reserved 1048576K
}
Event: 29.225 GC heap before
{Heap before GC invocations=9 (full 2):
 PSYoungGen      total 203776K, used 188928K [0x0000000795580000, 0x00000007a3200000, 0x00000007c0000000)
  eden space 188928K, 100% used [0x0000000795580000,0x00000007a0e00000,0x00000007a0e00000)
  from space 14848K, 0% used [0x00000007a1f80000,0x00000007a1f80000,0x00000007a2e00000)
  to   space 17920K, 0% used [0x00000007a0e00000,0x00000007a0e00000,0x00000007a1f80000)
 ParOldGen       total 127488K, used 32330K [0x0000000740000000, 0x0000000747c80000, 0x0000000795580000)
  object space 127488K, 25% used [0x0000000740000000,0x0000000741f928d8,0x0000000747c80000)
 Metaspace       used 39027K, capacity 40182K, committed 40280K, reserved 1083392K
  class space    used 5483K, capacity 5978K, committed 6016K, reserved 1048576K
Event: 29.282 GC heap after
Heap after GC invocations=9 (full 2):
 PSYoungGen      total 206848K, used 17533K [0x0000000795580000, 0x00000007a6c80000, 0x00000007c0000000)
  eden space 188928K, 0% used [0x0000000795580000,0x0000000795580000,0x00000007a0e00000)
  from space 17920K, 97% used [0x00000007a0e00000,0x00000007a1f1f688,0x00000007a1f80000)
  to   space 20992K, 0% used [0x00000007a5800000,0x00000007a5800000,0x00000007a6c80000)
 ParOldGen       total 127488K, used 32338K [0x0000000740000000, 0x0000000747c80000, 0x0000000795580000)
  object space 127488K, 25% used [0x0000000740000000,0x0000000741f948d8,0x0000000747c80000)
 Metaspace       used 39027K, capacity 40182K, committed 40280K, reserved 1083392K
  class space    used 5483K, capacity 5978K, committed 6016K, reserved 1048576K
}

