# JRE version: Java(TM) SE Runtime Environment (8.0_101-b13) (build 1.8.0_101-b13)
# Java VM: Java HotSpot(TM) 64-Bit Server VM (25.101-b13 mixed mode bsd-amd64 compressed oops)
Heap:
 PSYoungGen      total 162304K, used 61650K [0x0000000795580000, 0x00000007a3900000, 0x00000007c0000000)
  eden space 147968K, 41% used [0x0000000795580000,0x00000007991b4818,0x000000079e600000)
  from space 14336K, 0% used [0x000000079f600000,0x000000079f600000,0x00000007a0400000)
  to   space 16384K, 0% used [0x000000079e600000,0x000000079e600000,0x000000079f600000)
 ParOldGen       total 109568K, used 24580K [0x0000000740000000, 0x0000000746b00000, 0x0000000795580000)
  object space 109568K, 22% used [0x0000000740000000,0x0000000741801240,0x0000000746b00000)
 Metaspace       used 35482K, capacity 36446K, committed 36568K, reserved 1081344K
  class space    used 4916K, capacity 5316K, committed 5376K, reserved 1048576K
GC Heap History (10 events):
Event: 2.111 GC heap before
{Heap before GC invocations=6 (full 1):
 PSYoungGen      total 71680K, used 5104K [0x0000000795580000, 0x000000079ea80000, 0x00000007c0000000)
  eden space 66560K, 0% used [0x0000000795580000,0x0000000795580000,0x0000000799680000)
  from space 5120K, 99% used [0x0000000799680000,0x0000000799b7c030,0x0000000799b80000)
  to   space 9728K, 0% used [0x000000079e100000,0x000000079e100000,0x000000079ea80000)
 ParOldGen       total 87552K, used 9330K [0x0000000740000000, 0x0000000745580000, 0x0000000795580000)
  object space 87552K, 10% used [0x0000000740000000,0x000000074091c830,0x0000000745580000)
 Metaspace       used 20794K, capacity 21118K, committed 21248K, reserved 1067008K
  class space    used 2825K, capacity 2978K, committed 3072K, reserved 1048576K
Event: 2.159 GC heap after
Heap after GC invocations=6 (full 1):
 PSYoungGen      total 71680K, used 0K [0x0000000795580000, 0x000000079ea80000, 0x00000007c0000000)
  eden space 66560K, 0% used [0x0000000795580000,0x0000000795580000,0x0000000799680000)
  from space 5120K, 0% used [0x0000000799680000,0x0000000799680000,0x0000000799b80000)
  to   space 9728K, 0% used [0x000000079e100000,0x000000079e100000,0x000000079ea80000)
 ParOldGen       total 61952K, used 8893K [0x0000000740000000, 0x0000000743c80000, 0x0000000795580000)
  object space 61952K, 14% used [0x0000000740000000,0x00000007408af488,0x0000000743c80000)
 Metaspace       used 20794K, capacity 21118K, committed 21248K, reserved 1067008K
  class space    used 2825K, capacity 2978K, committed 3072K, reserved 1048576K
}
Event: 3.011 GC heap before
{Heap before GC invocations=7 (full 1):
 PSYoungGen      total 71680K, used 66560K [0x0000000795580000, 0x000000079ea80000, 0x00000007c0000000)
  eden space 66560K, 100% used [0x0000000795580000,0x0000000799680000,0x0000000799680000)
  from space 5120K, 0% used [0x0000000799680000,0x0000000799680000,0x0000000799b80000)
  to   space 9728K, 0% used [0x000000079e100000,0x000000079e100000,0x000000079ea80000)
 ParOldGen       total 61952K, used 8893K [0x0000000740000000, 0x0000000743c80000, 0x0000000795580000)
  object space 61952K, 14% used [0x0000000740000000,0x00000007408af488,0x0000000743c80000)
 Metaspace       used 25324K, capacity 25984K, committed 26240K, reserved 1071104K
  class space    used 3432K, capacity 3673K, committed 3712K, reserved 1048576K
Event: 3.018 GC heap after
Heap after GC invocations=7 (full 1):
 PSYoungGen      total 106496K, used 5878K [0x0000000795580000, 0x000000079e700000, 0x00000007c0000000)
  eden space 100352K, 0% used [0x0000000795580000,0x0000000795580000,0x000000079b780000)
  from space 6144K, 95% used [0x000000079e100000,0x000000079e6bda80,0x000000079e700000)
  to   space 9728K, 0% used [0x000000079d400000,0x000000079d400000,0x000000079dd80000)
 ParOldGen       total 61952K, used 8965K [0x0000000740000000, 0x0000000743c80000, 0x0000000795580000)
  object space 61952K, 14% used [0x0000000740000000,0x00000007408c1498,0x0000000743c80000)
 Metaspace       used 25324K, capacity 25984K, committed 26240K, reserved 1071104K
  class space    used 3432K, capacity 3673K, committed 3712K, reserved 1048576K
}
Event: 4.105 GC heap before
{Heap before GC invocations=8 (full 1):
 PSYoungGen      total 106496K, used 106230K [0x0000000795580000, 0x000000079e700000, 0x00000007c0000000)
  eden space 100352K, 100% used [0x0000000795580000,0x000000079b780000,0x000000079b780000)
  from space 6144K, 95% used [0x000000079e100000,0x000000079e6bda80,0x000000079e700000)
  to   space 9728K, 0% used [0x000000079d400000,0x000000079d400000,0x000000079dd80000)
 ParOldGen       total 61952K, used 8965K [0x0000000740000000, 0x0000000743c80000, 0x0000000795580000)
  object space 61952K, 14% used [0x0000000740000000,0x00000007408c1498,0x0000000743c80000)
 Metaspace       used 32040K, capacity 32974K, committed 33280K, reserved 1077248K
  class space    used 4454K, capacity 4803K, committed 4864K, reserved 1048576K
Event: 4.126 GC heap after
Heap after GC invocations=8 (full 1):
 PSYoungGen      total 139264K, used 9728K [0x0000000795580000, 0x00000007a0400000, 0x00000007c0000000)
  eden space 129536K, 0% used [0x0000000795580000,0x0000000795580000,0x000000079d400000)
  from space 9728K, 100% used [0x000000079d400000,0x000000079dd80000,0x000000079dd80000)
  to   space 14336K, 0% used [0x000000079f600000,0x000000079f600000,0x00000007a0400000)
 ParOldGen       total 61952K, used 15952K [0x0000000740000000, 0x0000000743c80000, 0x0000000795580000)
  object space 61952K, 25% used [0x0000000740000000,0x0000000740f94198,0x0000000743c80000)
 Metaspace       used 32040K, capacity 32974K, committed 33280K, reserved 1077248K
  class space    used 4454K, capacity 4803K, committed 4864K, reserved 1048576K
}
Event: 4.629 GC heap before
{Heap before GC invocations=9 (full 1):
 PSYoungGen      total 139264K, used 56010K [0x0000000795580000, 0x00000007a0400000, 0x00000007c0000000)
  eden space 129536K, 35% used [0x0000000795580000,0x00000007982b2a20,0x000000079d400000)
  from space 9728K, 100% used [0x000000079d400000,0x000000079dd80000,0x000000079dd80000)
  to   space 14336K, 0% used [0x000000079f600000,0x000000079f600000,0x00000007a0400000)
 ParOldGen       total 61952K, used 15952K [0x0000000740000000, 0x0000000743c80000, 0x0000000795580000)
  object space 61952K, 25% used [0x0000000740000000,0x0000000740f94198,0x0000000743c80000)
 Metaspace       used 34327K, capacity 35272K, committed 35416K, reserved 1079296K
  class space    used 4780K, capacity 5166K, committed 5248K, reserved 1048576K
Event: 4.651 GC heap after
Heap after GC invocations=9 (full 1):
 PSYoungGen      total 162304K, used 14306K [0x0000000795580000, 0x00000007a3900000, 0x00000007c0000000)
  eden space 147968K, 0% used [0x0000000795580000,0x0000000795580000,0x000000079e600000)
  from space 14336K, 99% used [0x000000079f600000,0x00000007a03f8958,0x00000007a0400000)
  to   space 16384K, 0% used [0x000000079e600000,0x000000079e600000,0x000000079f600000)
 ParOldGen       total 61952K, used 16573K [0x0000000740000000, 0x0000000743c80000, 0x0000000795580000)
  object space 61952K, 26% used [0x0000000740000000,0x000000074102f760,0x0000000743c80000)
 Metaspace       used 34327K, capacity 35272K, committed 35416K, reserved 1079296K
  class space    used 4780K, capacity 5166K, committed 5248K, reserved 1048576K
}
Event: 4.651 GC heap before
{Heap before GC invocations=10 (full 2):
 PSYoungGen      total 162304K, used 14306K [0x0000000795580000, 0x00000007a3900000, 0x00000007c0000000)
  eden space 147968K, 0% used [0x0000000795580000,0x0000000795580000,0x000000079e600000)
  from space 14336K, 99% used [0x000000079f600000,0x00000007a03f8958,0x00000007a0400000)
  to   space 16384K, 0% used [0x000000079e600000,0x000000079e600000,0x000000079f600000)
 ParOldGen       total 61952K, used 16573K [0x0000000740000000, 0x0000000743c80000, 0x0000000795580000)
  object space 61952K, 26% used [0x0000000740000000,0x000000074102f760,0x0000000743c80000)
 Metaspace       used 34327K, capacity 35272K, committed 35416K, reserved 1079296K
  class space    used 4780K, capacity 5166K, committed 5248K, reserved 1048576K
Event: 4.803 GC heap after
Heap after GC invocations=10 (full 2):
 PSYoungGen      total 162304K, used 0K [0x0000000795580000, 0x00000007a3900000, 0x00000007c0000000)
  eden space 147968K, 0% used [0x0000000795580000,0x0000000795580000,0x000000079e600000)
  from space 14336K, 0% used [0x000000079f600000,0x000000079f600000,0x00000007a0400000)
  to   space 16384K, 0% used [0x000000079e600000,0x000000079e600000,0x000000079f600000)
 ParOldGen       total 109568K, used 24580K [0x0000000740000000, 0x0000000746b00000, 0x0000000795580000)
  object space 109568K, 22% used [0x0000000740000000,0x0000000741801240,0x0000000746b00000)
 Metaspace       used 34327K, capacity 35272K, committed 35416K, reserved 1079296K
  class space    used 4780K, capacity 5166K, committed 5248K, reserved 1048576K
}

