# JRE version: Java(TM) SE Runtime Environment (8.0_101-b13) (build 1.8.0_101-b13)
# Java VM: Java HotSpot(TM) 64-Bit Server VM (25.101-b13 mixed mode bsd-amd64 compressed oops)
Heap:
 PSYoungGen      total 160768K, used 101028K [0x0000000795580000, 0x00000007a2e80000, 0x00000007c0000000)
  eden space 144384K, 59% used [0x0000000795580000,0x000000079a8fad28,0x000000079e280000)
  from space 16384K, 94% used [0x000000079e280000,0x000000079f1ae400,0x000000079f280000)
  to   space 18432K, 0% used [0x00000007a1c80000,0x00000007a1c80000,0x00000007a2e80000)
 ParOldGen       total 104960K, used 24586K [0x0000000740000000, 0x0000000746680000, 0x0000000795580000)
  object space 104960K, 23% used [0x0000000740000000,0x0000000741802900,0x0000000746680000)
 Metaspace       used 39802K, capacity 41066K, committed 41176K, reserved 1085440K
  class space    used 5596K, capacity 6142K, committed 6144K, reserved 1048576K
GC Heap History (10 events):
Event: 6.078 GC heap before
{Heap before GC invocations=7 (full 1):
 PSYoungGen      total 71680K, used 66560K [0x0000000795580000, 0x000000079ea80000, 0x00000007c0000000)
  eden space 66560K, 100% used [0x0000000795580000,0x0000000799680000,0x0000000799680000)
  from space 5120K, 0% used [0x0000000799680000,0x0000000799680000,0x0000000799b80000)
  to   space 9728K, 0% used [0x000000079e100000,0x000000079e100000,0x000000079ea80000)
 ParOldGen       total 62464K, used 8893K [0x0000000740000000, 0x0000000743d00000, 0x0000000795580000)
  object space 62464K, 14% used [0x0000000740000000,0x00000007408af6c8,0x0000000743d00000)
 Metaspace       used 25320K, capacity 25984K, committed 26240K, reserved 1071104K
  class space    used 3435K, capacity 3673K, committed 3712K, reserved 1048576K
Event: 6.092 GC heap after
Heap after GC invocations=7 (full 1):
 PSYoungGen      total 105984K, used 6022K [0x0000000795580000, 0x000000079e700000, 0x00000007c0000000)
  eden space 99840K, 0% used [0x0000000795580000,0x0000000795580000,0x000000079b700000)
  from space 6144K, 98% used [0x000000079e100000,0x000000079e6e1a70,0x000000079e700000)
  to   space 9728K, 0% used [0x000000079d400000,0x000000079d400000,0x000000079dd80000)
 ParOldGen       total 62464K, used 8965K [0x0000000740000000, 0x0000000743d00000, 0x0000000795580000)
  object space 62464K, 14% used [0x0000000740000000,0x00000007408c16d8,0x0000000743d00000)
 Metaspace       used 25320K, capacity 25984K, committed 26240K, reserved 1071104K
  class space    used 3435K, capacity 3673K, committed 3712K, reserved 1048576K
}
Event: 8.995 GC heap before
{Heap before GC invocations=8 (full 1):
 PSYoungGen      total 105984K, used 105862K [0x0000000795580000, 0x000000079e700000, 0x00000007c0000000)
  eden space 99840K, 100% used [0x0000000795580000,0x000000079b700000,0x000000079b700000)
  from space 6144K, 98% used [0x000000079e100000,0x000000079e6e1a70,0x000000079e700000)
  to   space 9728K, 0% used [0x000000079d400000,0x000000079d400000,0x000000079dd80000)
 ParOldGen       total 62464K, used 8965K [0x0000000740000000, 0x0000000743d00000, 0x0000000795580000)
  object space 62464K, 14% used [0x0000000740000000,0x00000007408c16d8,0x0000000743d00000)
 Metaspace       used 32042K, capacity 33006K, committed 33280K, reserved 1077248K
  class space    used 4459K, capacity 4835K, committed 4864K, reserved 1048576K
Event: 9.022 GC heap after
Heap after GC invocations=8 (full 1):
 PSYoungGen      total 139264K, used 9728K [0x0000000795580000, 0x00000007a0080000, 0x00000007c0000000)
  eden space 129536K, 0% used [0x0000000795580000,0x0000000795580000,0x000000079d400000)
  from space 9728K, 100% used [0x000000079d400000,0x000000079dd80000,0x000000079dd80000)
  to   space 14336K, 0% used [0x000000079f280000,0x000000079f280000,0x00000007a0080000)
 ParOldGen       total 62464K, used 15929K [0x0000000740000000, 0x0000000743d00000, 0x0000000795580000)
  object space 62464K, 25% used [0x0000000740000000,0x0000000740f8e670,0x0000000743d00000)
 Metaspace       used 32042K, capacity 33006K, committed 33280K, reserved 1077248K
  class space    used 4459K, capacity 4835K, committed 4864K, reserved 1048576K
}
Event: 9.991 GC heap before
{Heap before GC invocations=9 (full 1):
 PSYoungGen      total 139264K, used 56008K [0x0000000795580000, 0x00000007a0080000, 0x00000007c0000000)
  eden space 129536K, 35% used [0x0000000795580000,0x00000007982b2040,0x000000079d400000)
  from space 9728K, 100% used [0x000000079d400000,0x000000079dd80000,0x000000079dd80000)
  to   space 14336K, 0% used [0x000000079f280000,0x000000079f280000,0x00000007a0080000)
 ParOldGen       total 62464K, used 15929K [0x0000000740000000, 0x0000000743d00000, 0x0000000795580000)
  object space 62464K, 25% used [0x0000000740000000,0x0000000740f8e670,0x0000000743d00000)
 Metaspace       used 34328K, capacity 35304K, committed 35416K, reserved 1079296K
  class space    used 4787K, capacity 5198K, committed 5248K, reserved 1048576K
Event: 10.036 GC heap after
Heap after GC invocations=9 (full 1):
 PSYoungGen      total 158720K, used 14306K [0x0000000795580000, 0x00000007a3b00000, 0x00000007c0000000)
  eden space 144384K, 0% used [0x0000000795580000,0x0000000795580000,0x000000079e280000)
  from space 14336K, 99% used [0x000000079f280000,0x00000007a0078958,0x00000007a0080000)
  to   space 16384K, 0% used [0x000000079e280000,0x000000079e280000,0x000000079f280000)
 ParOldGen       total 62464K, used 16582K [0x0000000740000000, 0x0000000743d00000, 0x0000000795580000)
  object space 62464K, 26% used [0x0000000740000000,0x0000000741031a78,0x0000000743d00000)
 Metaspace       used 34328K, capacity 35304K, committed 35416K, reserved 1079296K
  class space    used 4787K, capacity 5198K, committed 5248K, reserved 1048576K
}
Event: 10.036 GC heap before
{Heap before GC invocations=10 (full 2):
 PSYoungGen      total 158720K, used 14306K [0x0000000795580000, 0x00000007a3b00000, 0x00000007c0000000)
  eden space 144384K, 0% used [0x0000000795580000,0x0000000795580000,0x000000079e280000)
  from space 14336K, 99% used [0x000000079f280000,0x00000007a0078958,0x00000007a0080000)
  to   space 16384K, 0% used [0x000000079e280000,0x000000079e280000,0x000000079f280000)
 ParOldGen       total 62464K, used 16582K [0x0000000740000000, 0x0000000743d00000, 0x0000000795580000)
  object space 62464K, 26% used [0x0000000740000000,0x0000000741031a78,0x0000000743d00000)
 Metaspace       used 34328K, capacity 35304K, committed 35416K, reserved 1079296K
  class space    used 4787K, capacity 5198K, committed 5248K, reserved 1048576K
Event: 10.188 GC heap after
Heap after GC invocations=10 (full 2):
 PSYoungGen      total 158720K, used 0K [0x0000000795580000, 0x00000007a3b00000, 0x00000007c0000000)
  eden space 144384K, 0% used [0x0000000795580000,0x0000000795580000,0x000000079e280000)
  from space 14336K, 0% used [0x000000079f280000,0x000000079f280000,0x00000007a0080000)
  to   space 16384K, 0% used [0x000000079e280000,0x000000079e280000,0x000000079f280000)
 ParOldGen       total 104960K, used 24578K [0x0000000740000000, 0x0000000746680000, 0x0000000795580000)
  object space 104960K, 23% used [0x0000000740000000,0x0000000741800900,0x0000000746680000)
 Metaspace       used 34328K, capacity 35304K, committed 35416K, reserved 1079296K
  class space    used 4787K, capacity 5198K, committed 5248K, reserved 1048576K
}
Event: 13.281 GC heap before
{Heap before GC invocations=11 (full 2):
 PSYoungGen      total 158720K, used 144384K [0x0000000795580000, 0x00000007a3b00000, 0x00000007c0000000)
  eden space 144384K, 100% used [0x0000000795580000,0x000000079e280000,0x000000079e280000)
  from space 14336K, 0% used [0x000000079f280000,0x000000079f280000,0x00000007a0080000)
  to   space 16384K, 0% used [0x000000079e280000,0x000000079e280000,0x000000079f280000)
 ParOldGen       total 104960K, used 24578K [0x0000000740000000, 0x0000000746680000, 0x0000000795580000)
  object space 104960K, 23% used [0x0000000740000000,0x0000000741800900,0x0000000746680000)
 Metaspace       used 37132K, capacity 38240K, committed 38488K, reserved 1081344K
  class space    used 5199K, capacity 5661K, committed 5760K, reserved 1048576K
Event: 13.309 GC heap after
Heap after GC invocations=11 (full 2):
 PSYoungGen      total 160768K, used 15545K [0x0000000795580000, 0x00000007a2e80000, 0x00000007c0000000)
  eden space 144384K, 0% used [0x0000000795580000,0x0000000795580000,0x000000079e280000)
  from space 16384K, 94% used [0x000000079e280000,0x000000079f1ae400,0x000000079f280000)
  to   space 18432K, 0% used [0x00000007a1c80000,0x00000007a1c80000,0x00000007a2e80000)
 ParOldGen       total 104960K, used 24586K [0x0000000740000000, 0x0000000746680000, 0x0000000795580000)
  object space 104960K, 23% used [0x0000000740000000,0x0000000741802900,0x0000000746680000)
 Metaspace       used 37132K, capacity 38240K, committed 38488K, reserved 1081344K
  class space    used 5199K, capacity 5661K, committed 5760K, reserved 1048576K
}

