# JRE version: Java(TM) SE Runtime Environment (8.0_101-b13) (build 1.8.0_101-b13)
# Java VM: Java HotSpot(TM) 64-Bit Server VM (25.101-b13 mixed mode bsd-amd64 compressed oops)
Heap:
 PSYoungGen      total 146432K, used 122821K [0x0000000795580000, 0x00000007a1000000, 0x00000007c0000000)
  eden space 130560K, 83% used [0x0000000795580000,0x000000079c08b288,0x000000079d500000)
  from space 15872K, 83% used [0x000000079d500000,0x000000079e1e6400,0x000000079e480000)
  to   space 16896K, 0% used [0x000000079ff80000,0x000000079ff80000,0x00000007a1000000)
 ParOldGen       total 113152K, used 24542K [0x0000000740000000, 0x0000000746e80000, 0x0000000795580000)
  object space 113152K, 21% used [0x0000000740000000,0x00000007417f7868,0x0000000746e80000)
 Metaspace       used 40056K, capacity 41410K, committed 41560K, reserved 1085440K
  class space    used 5634K, capacity 6178K, committed 6272K, reserved 1048576K
GC Heap History (10 events):
Event: 5.182 GC heap before
{Heap before GC invocations=7 (full 1):
 PSYoungGen      total 71680K, used 66560K [0x0000000795580000, 0x000000079e980000, 0x00000007c0000000)
  eden space 66560K, 100% used [0x0000000795580000,0x0000000799680000,0x0000000799680000)
  from space 5120K, 0% used [0x0000000799680000,0x0000000799680000,0x0000000799b80000)
  to   space 9216K, 0% used [0x000000079e080000,0x000000079e080000,0x000000079e980000)
 ParOldGen       total 63488K, used 8494K [0x0000000740000000, 0x0000000743e00000, 0x0000000795580000)
  object space 63488K, 13% used [0x0000000740000000,0x000000074084ba40,0x0000000743e00000)
 Metaspace       used 25392K, capacity 26048K, committed 26240K, reserved 1071104K
  class space    used 3432K, capacity 3673K, committed 3712K, reserved 1048576K
Event: 5.195 GC heap after
Heap after GC invocations=7 (full 1):
 PSYoungGen      total 101376K, used 6118K [0x0000000795580000, 0x000000079e680000, 0x00000007c0000000)
  eden space 95232K, 0% used [0x0000000795580000,0x0000000795580000,0x000000079b280000)
  from space 6144K, 99% used [0x000000079e080000,0x000000079e679a80,0x000000079e680000)
  to   space 9216K, 0% used [0x000000079d480000,0x000000079d480000,0x000000079dd80000)
 ParOldGen       total 63488K, used 8566K [0x0000000740000000, 0x0000000743e00000, 0x0000000795580000)
  object space 63488K, 13% used [0x0000000740000000,0x000000074085da50,0x0000000743e00000)
 Metaspace       used 25392K, capacity 26048K, committed 26240K, reserved 1071104K
  class space    used 3432K, capacity 3673K, committed 3712K, reserved 1048576K
}
Event: 6.854 GC heap before
{Heap before GC invocations=8 (full 1):
 PSYoungGen      total 101376K, used 101350K [0x0000000795580000, 0x000000079e680000, 0x00000007c0000000)
  eden space 95232K, 100% used [0x0000000795580000,0x000000079b280000,0x000000079b280000)
  from space 6144K, 99% used [0x000000079e080000,0x000000079e679a80,0x000000079e680000)
  to   space 9216K, 0% used [0x000000079d480000,0x000000079d480000,0x000000079dd80000)
 ParOldGen       total 63488K, used 8566K [0x0000000740000000, 0x0000000743e00000, 0x0000000795580000)
  object space 63488K, 13% used [0x0000000740000000,0x000000074085da50,0x0000000743e00000)
 Metaspace       used 31941K, capacity 32808K, committed 33024K, reserved 1077248K
  class space    used 4436K, capacity 4791K, committed 4864K, reserved 1048576K
Event: 6.874 GC heap after
Heap after GC invocations=8 (full 1):
 PSYoungGen      total 139264K, used 9200K [0x0000000795580000, 0x000000079f180000, 0x00000007c0000000)
  eden space 130048K, 0% used [0x0000000795580000,0x0000000795580000,0x000000079d480000)
  from space 9216K, 99% used [0x000000079d480000,0x000000079dd7c020,0x000000079dd80000)
  to   space 13312K, 0% used [0x000000079e480000,0x000000079e480000,0x000000079f180000)
 ParOldGen       total 63488K, used 15159K [0x0000000740000000, 0x0000000743e00000, 0x0000000795580000)
  object space 63488K, 23% used [0x0000000740000000,0x0000000740ecddb8,0x0000000743e00000)
 Metaspace       used 31941K, capacity 32808K, committed 33024K, reserved 1077248K
  class space    used 4436K, capacity 4791K, committed 4864K, reserved 1048576K
}
Event: 7.770 GC heap before
{Heap before GC invocations=9 (full 1):
 PSYoungGen      total 139264K, used 63262K [0x0000000795580000, 0x000000079f180000, 0x00000007c0000000)
  eden space 130048K, 41% used [0x0000000795580000,0x0000000798a4b820,0x000000079d480000)
  from space 9216K, 99% used [0x000000079d480000,0x000000079dd7c020,0x000000079dd80000)
  to   space 13312K, 0% used [0x000000079e480000,0x000000079e480000,0x000000079f180000)
 ParOldGen       total 63488K, used 15159K [0x0000000740000000, 0x0000000743e00000, 0x0000000795580000)
  object space 63488K, 23% used [0x0000000740000000,0x0000000740ecddb8,0x0000000743e00000)
 Metaspace       used 34293K, capacity 35272K, committed 35416K, reserved 1079296K
  class space    used 4767K, capacity 5166K, committed 5248K, reserved 1048576K
Event: 7.792 GC heap after
Heap after GC invocations=9 (full 1):
 PSYoungGen      total 143872K, used 13300K [0x0000000795580000, 0x00000007a2700000, 0x00000007c0000000)
  eden space 130560K, 0% used [0x0000000795580000,0x0000000795580000,0x000000079d500000)
  from space 13312K, 99% used [0x000000079e480000,0x000000079f17d020,0x000000079f180000)
  to   space 15872K, 0% used [0x000000079d500000,0x000000079d500000,0x000000079e480000)
 ParOldGen       total 63488K, used 17413K [0x0000000740000000, 0x0000000743e00000, 0x0000000795580000)
  object space 63488K, 27% used [0x0000000740000000,0x00000007411015c0,0x0000000743e00000)
 Metaspace       used 34293K, capacity 35272K, committed 35416K, reserved 1079296K
  class space    used 4767K, capacity 5166K, committed 5248K, reserved 1048576K
}
Event: 7.792 GC heap before
{Heap before GC invocations=10 (full 2):
 PSYoungGen      total 143872K, used 13300K [0x0000000795580000, 0x00000007a2700000, 0x00000007c0000000)
  eden space 130560K, 0% used [0x0000000795580000,0x0000000795580000,0x000000079d500000)
  from space 13312K, 99% used [0x000000079e480000,0x000000079f17d020,0x000000079f180000)
  to   space 15872K, 0% used [0x000000079d500000,0x000000079d500000,0x000000079e480000)
 ParOldGen       total 63488K, used 17413K [0x0000000740000000, 0x0000000743e00000, 0x0000000795580000)
  object space 63488K, 27% used [0x0000000740000000,0x00000007411015c0,0x0000000743e00000)
 Metaspace       used 34293K, capacity 35272K, committed 35416K, reserved 1079296K
  class space    used 4767K, capacity 5166K, committed 5248K, reserved 1048576K
Event: 7.967 GC heap after
Heap after GC invocations=10 (full 2):
 PSYoungGen      total 143872K, used 0K [0x0000000795580000, 0x00000007a2700000, 0x00000007c0000000)
  eden space 130560K, 0% used [0x0000000795580000,0x0000000795580000,0x000000079d500000)
  from space 13312K, 0% used [0x000000079e480000,0x000000079e480000,0x000000079f180000)
  to   space 15872K, 0% used [0x000000079d500000,0x000000079d500000,0x000000079e480000)
 ParOldGen       total 113152K, used 24534K [0x0000000740000000, 0x0000000746e80000, 0x0000000795580000)
  object space 113152K, 21% used [0x0000000740000000,0x00000007417f5868,0x0000000746e80000)
 Metaspace       used 34293K, capacity 35272K, committed 35416K, reserved 1079296K
  class space    used 4767K, capacity 5166K, committed 5248K, reserved 1048576K
}
Event: 9.969 GC heap before
{Heap before GC invocations=11 (full 2):
 PSYoungGen      total 143872K, used 130560K [0x0000000795580000, 0x00000007a2700000, 0x00000007c0000000)
  eden space 130560K, 100% used [0x0000000795580000,0x000000079d500000,0x000000079d500000)
  from space 13312K, 0% used [0x000000079e480000,0x000000079e480000,0x000000079f180000)
  to   space 15872K, 0% used [0x000000079d500000,0x000000079d500000,0x000000079e480000)
 ParOldGen       total 113152K, used 24534K [0x0000000740000000, 0x0000000746e80000, 0x0000000795580000)
  object space 113152K, 21% used [0x0000000740000000,0x00000007417f5868,0x0000000746e80000)
 Metaspace       used 36708K, capacity 37616K, committed 37848K, reserved 1081344K
  class space    used 5101K, capacity 5510K, committed 5632K, reserved 1048576K
Event: 9.983 GC heap after
Heap after GC invocations=11 (full 2):
 PSYoungGen      total 146432K, used 13209K [0x0000000795580000, 0x00000007a1000000, 0x00000007c0000000)
  eden space 130560K, 0% used [0x0000000795580000,0x0000000795580000,0x000000079d500000)
  from space 15872K, 83% used [0x000000079d500000,0x000000079e1e6400,0x000000079e480000)
  to   space 16896K, 0% used [0x000000079ff80000,0x000000079ff80000,0x00000007a1000000)
 ParOldGen       total 113152K, used 24542K [0x0000000740000000, 0x0000000746e80000, 0x0000000795580000)
  object space 113152K, 21% used [0x0000000740000000,0x00000007417f7868,0x0000000746e80000)
 Metaspace       used 36708K, capacity 37616K, committed 37848K, reserved 1081344K
  class space    used 5101K, capacity 5510K, committed 5632K, reserved 1048576K
}

