# JRE version: Java(TM) SE Runtime Environment (8.0_101-b13) (build 1.8.0_101-b13)
# Java VM: Java HotSpot(TM) 64-Bit Server VM (25.101-b13 mixed mode bsd-amd64 compressed oops)
Heap:
 PSYoungGen      total 210432K, used 164111K [0x0000000795580000, 0x00000007a4080000, 0x00000007c0000000)
  eden space 195072K, 84% used [0x0000000795580000,0x000000079f5c3da8,0x00000007a1400000)
  from space 15360K, 0% used [0x00000007a2580000,0x00000007a2580000,0x00000007a3480000)
  to   space 17920K, 0% used [0x00000007a1400000,0x00000007a1400000,0x00000007a2580000)
 ParOldGen       total 115712K, used 27318K [0x0000000740000000, 0x0000000747100000, 0x0000000795580000)
  object space 115712K, 23% used [0x0000000740000000,0x0000000741aad988,0x0000000747100000)
 Metaspace       used 37833K, capacity 38954K, committed 39128K, reserved 1083392K
  class space    used 5322K, capacity 5795K, committed 5888K, reserved 1048576K
GC Heap History (10 events):
Event: 2.893 GC heap before
{Heap before GC invocations=4 (full 0):
 PSYoungGen      total 71680K, used 26437K [0x0000000795580000, 0x000000079e180000, 0x00000007c0000000)
  eden space 66560K, 32% used [0x0000000795580000,0x0000000796a55690,0x0000000799680000)
  from space 5120K, 99% used [0x0000000799680000,0x0000000799b7c030,0x0000000799b80000)
  to   space 5120K, 0% used [0x000000079dc80000,0x000000079dc80000,0x000000079e180000)
 ParOldGen       total 87552K, used 7224K [0x0000000740000000, 0x0000000745580000, 0x0000000795580000)
  object space 87552K, 8% used [0x0000000740000000,0x000000074070e138,0x0000000745580000)
 Metaspace       used 20801K, capacity 21118K, committed 21248K, reserved 1067008K
  class space    used 2828K, capacity 2978K, committed 3072K, reserved 1048576K
Event: 2.904 GC heap after
Heap after GC invocations=4 (full 0):
 PSYoungGen      total 138240K, used 5088K [0x0000000795580000, 0x000000079e180000, 0x00000007c0000000)
  eden space 133120K, 0% used [0x0000000795580000,0x0000000795580000,0x000000079d780000)
  from space 5120K, 99% used [0x000000079dc80000,0x000000079e178040,0x000000079e180000)
  to   space 5120K, 0% used [0x000000079d780000,0x000000079d780000,0x000000079dc80000)
 ParOldGen       total 87552K, used 9452K [0x0000000740000000, 0x0000000745580000, 0x0000000795580000)
  object space 87552K, 10% used [0x0000000740000000,0x000000074093b310,0x0000000745580000)
 Metaspace       used 20801K, capacity 21118K, committed 21248K, reserved 1067008K
  class space    used 2828K, capacity 2978K, committed 3072K, reserved 1048576K
}
Event: 2.904 GC heap before
{Heap before GC invocations=5 (full 1):
 PSYoungGen      total 138240K, used 5088K [0x0000000795580000, 0x000000079e180000, 0x00000007c0000000)
  eden space 133120K, 0% used [0x0000000795580000,0x0000000795580000,0x000000079d780000)
  from space 5120K, 99% used [0x000000079dc80000,0x000000079e178040,0x000000079e180000)
  to   space 5120K, 0% used [0x000000079d780000,0x000000079d780000,0x000000079dc80000)
 ParOldGen       total 87552K, used 9452K [0x0000000740000000, 0x0000000745580000, 0x0000000795580000)
  object space 87552K, 10% used [0x0000000740000000,0x000000074093b310,0x0000000745580000)
 Metaspace       used 20801K, capacity 21118K, committed 21248K, reserved 1067008K
  class space    used 2828K, capacity 2978K, committed 3072K, reserved 1048576K
Event: 2.957 GC heap after
Heap after GC invocations=5 (full 1):
 PSYoungGen      total 138240K, used 0K [0x0000000795580000, 0x000000079e180000, 0x00000007c0000000)
  eden space 133120K, 0% used [0x0000000795580000,0x0000000795580000,0x000000079d780000)
  from space 5120K, 0% used [0x000000079dc80000,0x000000079dc80000,0x000000079e180000)
  to   space 5120K, 0% used [0x000000079d780000,0x000000079d780000,0x000000079dc80000)
 ParOldGen       total 65024K, used 8909K [0x0000000740000000, 0x0000000743f80000, 0x0000000795580000)
  object space 65024K, 13% used [0x0000000740000000,0x00000007408b3540,0x0000000743f80000)
 Metaspace       used 20801K, capacity 21118K, committed 21248K, reserved 1067008K
  class space    used 2828K, capacity 2978K, committed 3072K, reserved 1048576K
}
Event: 5.247 GC heap before
{Heap before GC invocations=6 (full 1):
 PSYoungGen      total 138240K, used 133120K [0x0000000795580000, 0x000000079e180000, 0x00000007c0000000)
  eden space 133120K, 100% used [0x0000000795580000,0x000000079d780000,0x000000079d780000)
  from space 5120K, 0% used [0x000000079dc80000,0x000000079dc80000,0x000000079e180000)
  to   space 5120K, 0% used [0x000000079d780000,0x000000079d780000,0x000000079dc80000)
 ParOldGen       total 65024K, used 8909K [0x0000000740000000, 0x0000000743f80000, 0x0000000795580000)
  object space 65024K, 13% used [0x0000000740000000,0x00000007408b3540,0x0000000743f80000)
 Metaspace       used 29597K, capacity 30418K, committed 30592K, reserved 1075200K
  class space    used 4059K, capacity 4381K, committed 4480K, reserved 1048576K
Event: 5.278 GC heap after
Heap after GC invocations=6 (full 1):
 PSYoungGen      total 138240K, used 5108K [0x0000000795580000, 0x00000007a3480000, 0x00000007c0000000)
  eden space 133120K, 0% used [0x0000000795580000,0x0000000795580000,0x000000079d780000)
  from space 5120K, 99% used [0x000000079d780000,0x000000079dc7d010,0x000000079dc80000)
  to   space 15360K, 0% used [0x00000007a2580000,0x00000007a2580000,0x00000007a3480000)
 ParOldGen       total 65024K, used 18371K [0x0000000740000000, 0x0000000743f80000, 0x0000000795580000)
  object space 65024K, 28% used [0x0000000740000000,0x00000007411f0ca0,0x0000000743f80000)
 Metaspace       used 29597K, capacity 30418K, committed 30592K, reserved 1075200K
  class space    used 4059K, capacity 4381K, committed 4480K, reserved 1048576K
}
Event: 6.437 GC heap before
{Heap before GC invocations=7 (full 1):
 PSYoungGen      total 138240K, used 86599K [0x0000000795580000, 0x00000007a3480000, 0x00000007c0000000)
  eden space 133120K, 61% used [0x0000000795580000,0x000000079a514db0,0x000000079d780000)
  from space 5120K, 99% used [0x000000079d780000,0x000000079dc7d010,0x000000079dc80000)
  to   space 15360K, 0% used [0x00000007a2580000,0x00000007a2580000,0x00000007a3480000)
 ParOldGen       total 65024K, used 18371K [0x0000000740000000, 0x0000000743f80000, 0x0000000795580000)
  object space 65024K, 28% used [0x0000000740000000,0x00000007411f0ca0,0x0000000743f80000)
 Metaspace       used 34353K, capacity 35304K, committed 35416K, reserved 1079296K
  class space    used 4784K, capacity 5198K, committed 5248K, reserved 1048576K
Event: 6.477 GC heap after
Heap after GC invocations=7 (full 1):
 PSYoungGen      total 210432K, used 15339K [0x0000000795580000, 0x00000007a4080000, 0x00000007c0000000)
  eden space 195072K, 0% used [0x0000000795580000,0x0000000795580000,0x00000007a1400000)
  from space 15360K, 99% used [0x00000007a2580000,0x00000007a347ae80,0x00000007a3480000)
  to   space 17920K, 0% used [0x00000007a1400000,0x00000007a1400000,0x00000007a2580000)
 ParOldGen       total 65024K, used 18633K [0x0000000740000000, 0x0000000743f80000, 0x0000000795580000)
  object space 65024K, 28% used [0x0000000740000000,0x0000000741232558,0x0000000743f80000)
 Metaspace       used 34353K, capacity 35304K, committed 35416K, reserved 1079296K
  class space    used 4784K, capacity 5198K, committed 5248K, reserved 1048576K
}
Event: 6.477 GC heap before
{Heap before GC invocations=8 (full 2):
 PSYoungGen      total 210432K, used 15339K [0x0000000795580000, 0x00000007a4080000, 0x00000007c0000000)
  eden space 195072K, 0% used [0x0000000795580000,0x0000000795580000,0x00000007a1400000)
  from space 15360K, 99% used [0x00000007a2580000,0x00000007a347ae80,0x00000007a3480000)
  to   space 17920K, 0% used [0x00000007a1400000,0x00000007a1400000,0x00000007a2580000)
 ParOldGen       total 65024K, used 18633K [0x0000000740000000, 0x0000000743f80000, 0x0000000795580000)
  object space 65024K, 28% used [0x0000000740000000,0x0000000741232558,0x0000000743f80000)
 Metaspace       used 34353K, capacity 35304K, committed 35416K, reserved 1079296K
  class space    used 4784K, capacity 5198K, committed 5248K, reserved 1048576K
Event: 6.600 GC heap after
Heap after GC invocations=8 (full 2):
 PSYoungGen      total 210432K, used 0K [0x0000000795580000, 0x00000007a4080000, 0x00000007c0000000)
  eden space 195072K, 0% used [0x0000000795580000,0x0000000795580000,0x00000007a1400000)
  from space 15360K, 0% used [0x00000007a2580000,0x00000007a2580000,0x00000007a3480000)
  to   space 17920K, 0% used [0x00000007a1400000,0x00000007a1400000,0x00000007a2580000)
 ParOldGen       total 115712K, used 27318K [0x0000000740000000, 0x0000000747100000, 0x0000000795580000)
  object space 115712K, 23% used [0x0000000740000000,0x0000000741aad988,0x0000000747100000)
 Metaspace       used 34353K, capacity 35304K, committed 35416K, reserved 1079296K
  class space    used 4784K, capacity 5198K, committed 5248K, reserved 1048576K
}

