# JRE version: Java(TM) SE Runtime Environment (8.0_101-b13) (build 1.8.0_101-b13)
# Java VM: Java HotSpot(TM) 64-Bit Server VM (25.101-b13 mixed mode bsd-amd64 compressed oops)
Heap:
 PSYoungGen      total 123904K, used 48258K [0x0000000795580000, 0x000000079e180000, 0x00000007c0000000)
  eden space 114176K, 33% used [0x0000000795580000,0x0000000797b23960,0x000000079c500000)
  from space 9728K, 99% used [0x000000079d480000,0x000000079ddfd010,0x000000079de00000)
  to   space 3584K, 0% used [0x000000079de00000,0x000000079de00000,0x000000079e180000)
 ParOldGen       total 68096K, used 14290K [0x0000000740000000, 0x0000000744280000, 0x0000000795580000)
  object space 68096K, 20% used [0x0000000740000000,0x0000000740df4870,0x0000000744280000)
 Metaspace       used 32598K, capacity 33572K, committed 33664K, reserved 1077248K
  class space    used 4552K, capacity 4959K, committed 4992K, reserved 1048576K
GC Heap History (10 events):
Event: 2.702 GC heap before
{Heap before GC invocations=4 (full 0):
 PSYoungGen      total 38400K, used 38384K [0x0000000795580000, 0x000000079a080000, 0x00000007c0000000)
  eden space 33280K, 100% used [0x0000000795580000,0x0000000797600000,0x0000000797600000)
  from space 5120K, 99% used [0x0000000797600000,0x0000000797afc030,0x0000000797b00000)
  to   space 5120K, 0% used [0x0000000799b80000,0x0000000799b80000,0x000000079a080000)
 ParOldGen       total 87552K, used 3560K [0x0000000740000000, 0x0000000745580000, 0x0000000795580000)
  object space 87552K, 4% used [0x0000000740000000,0x000000074037a398,0x0000000745580000)
 Metaspace       used 19730K, capacity 20116K, committed 20224K, reserved 1067008K
  class space    used 2641K, capacity 2816K, committed 2816K, reserved 1048576K
Event: 2.716 GC heap after
Heap after GC invocations=4 (full 0):
 PSYoungGen      total 71680K, used 5104K [0x0000000795580000, 0x000000079a080000, 0x00000007c0000000)
  eden space 66560K, 0% used [0x0000000795580000,0x0000000795580000,0x0000000799680000)
  from space 5120K, 99% used [0x0000000799b80000,0x000000079a07c010,0x000000079a080000)
  to   space 5120K, 0% used [0x0000000799680000,0x0000000799680000,0x0000000799b80000)
 ParOldGen       total 87552K, used 7122K [0x0000000740000000, 0x0000000745580000, 0x0000000795580000)
  object space 87552K, 8% used [0x0000000740000000,0x00000007406f4a60,0x0000000745580000)
 Metaspace       used 19730K, capacity 20116K, committed 20224K, reserved 1067008K
  class space    used 2641K, capacity 2816K, committed 2816K, reserved 1048576K
}
Event: 3.040 GC heap before
{Heap before GC invocations=5 (full 0):
 PSYoungGen      total 71680K, used 26235K [0x0000000795580000, 0x000000079a080000, 0x00000007c0000000)
  eden space 66560K, 31% used [0x0000000795580000,0x0000000796a22ef8,0x0000000799680000)
  from space 5120K, 99% used [0x0000000799b80000,0x000000079a07c010,0x000000079a080000)
  to   space 5120K, 0% used [0x0000000799680000,0x0000000799680000,0x0000000799b80000)
 ParOldGen       total 87552K, used 7122K [0x0000000740000000, 0x0000000745580000, 0x0000000795580000)
  object space 87552K, 8% used [0x0000000740000000,0x00000007406f4a60,0x0000000745580000)
 Metaspace       used 20779K, capacity 21118K, committed 21248K, reserved 1067008K
  class space    used 2825K, capacity 2978K, committed 3072K, reserved 1048576K
Event: 3.050 GC heap after
Heap after GC invocations=5 (full 0):
 PSYoungGen      total 71680K, used 5088K [0x0000000795580000, 0x000000079ea80000, 0x00000007c0000000)
  eden space 66560K, 0% used [0x0000000795580000,0x0000000795580000,0x0000000799680000)
  from space 5120K, 99% used [0x0000000799680000,0x0000000799b78040,0x0000000799b80000)
  to   space 9728K, 0% used [0x000000079e100000,0x000000079e100000,0x000000079ea80000)
 ParOldGen       total 87552K, used 9349K [0x0000000740000000, 0x0000000745580000, 0x0000000795580000)
  object space 87552K, 10% used [0x0000000740000000,0x00000007409215a0,0x0000000745580000)
 Metaspace       used 20779K, capacity 21118K, committed 21248K, reserved 1067008K
  class space    used 2825K, capacity 2978K, committed 3072K, reserved 1048576K
}
Event: 3.050 GC heap before
{Heap before GC invocations=6 (full 1):
 PSYoungGen      total 71680K, used 5088K [0x0000000795580000, 0x000000079ea80000, 0x00000007c0000000)
  eden space 66560K, 0% used [0x0000000795580000,0x0000000795580000,0x0000000799680000)
  from space 5120K, 99% used [0x0000000799680000,0x0000000799b78040,0x0000000799b80000)
  to   space 9728K, 0% used [0x000000079e100000,0x000000079e100000,0x000000079ea80000)
 ParOldGen       total 87552K, used 9349K [0x0000000740000000, 0x0000000745580000, 0x0000000795580000)
  object space 87552K, 10% used [0x0000000740000000,0x00000007409215a0,0x0000000745580000)
 Metaspace       used 20779K, capacity 21118K, committed 21248K, reserved 1067008K
  class space    used 2825K, capacity 2978K, committed 3072K, reserved 1048576K
Event: 3.175 GC heap after
Heap after GC invocations=6 (full 1):
 PSYoungGen      total 71680K, used 0K [0x0000000795580000, 0x000000079ea80000, 0x00000007c0000000)
  eden space 66560K, 0% used [0x0000000795580000,0x0000000795580000,0x0000000799680000)
  from space 5120K, 0% used [0x0000000799680000,0x0000000799680000,0x0000000799b80000)
  to   space 9728K, 0% used [0x000000079e100000,0x000000079e100000,0x000000079ea80000)
 ParOldGen       total 68096K, used 8903K [0x0000000740000000, 0x0000000744280000, 0x0000000795580000)
  object space 68096K, 13% used [0x0000000740000000,0x00000007408b1dc8,0x0000000744280000)
 Metaspace       used 20779K, capacity 21118K, committed 21248K, reserved 1067008K
  class space    used 2825K, capacity 2978K, committed 3072K, reserved 1048576K
}
Event: 4.339 GC heap before
{Heap before GC invocations=7 (full 1):
 PSYoungGen      total 71680K, used 66560K [0x0000000795580000, 0x000000079ea80000, 0x00000007c0000000)
  eden space 66560K, 100% used [0x0000000795580000,0x0000000799680000,0x0000000799680000)
  from space 5120K, 0% used [0x0000000799680000,0x0000000799680000,0x0000000799b80000)
  to   space 9728K, 0% used [0x000000079e100000,0x000000079e100000,0x000000079ea80000)
 ParOldGen       total 68096K, used 8903K [0x0000000740000000, 0x0000000744280000, 0x0000000795580000)
  object space 68096K, 13% used [0x0000000740000000,0x00000007408b1dc8,0x0000000744280000)
 Metaspace       used 25323K, capacity 25984K, committed 26240K, reserved 1071104K
  class space    used 3433K, capacity 3673K, committed 3712K, reserved 1048576K
Event: 4.347 GC heap after
Heap after GC invocations=7 (full 1):
 PSYoungGen      total 94208K, used 6150K [0x0000000795580000, 0x000000079e780000, 0x00000007c0000000)
  eden space 87552K, 0% used [0x0000000795580000,0x0000000795580000,0x000000079ab00000)
  from space 6656K, 92% used [0x000000079e100000,0x000000079e701a70,0x000000079e780000)
  to   space 9728K, 0% used [0x000000079d480000,0x000000079d480000,0x000000079de00000)
 ParOldGen       total 68096K, used 8975K [0x0000000740000000, 0x0000000744280000, 0x0000000795580000)
  object space 68096K, 13% used [0x0000000740000000,0x00000007408c3dd8,0x0000000744280000)
 Metaspace       used 25323K, capacity 25984K, committed 26240K, reserved 1071104K
  class space    used 3433K, capacity 3673K, committed 3712K, reserved 1048576K
}
Event: 6.139 GC heap before
{Heap before GC invocations=8 (full 1):
 PSYoungGen      total 94208K, used 93702K [0x0000000795580000, 0x000000079e780000, 0x00000007c0000000)
  eden space 87552K, 100% used [0x0000000795580000,0x000000079ab00000,0x000000079ab00000)
  from space 6656K, 92% used [0x000000079e100000,0x000000079e701a70,0x000000079e780000)
  to   space 9728K, 0% used [0x000000079d480000,0x000000079d480000,0x000000079de00000)
 ParOldGen       total 68096K, used 8975K [0x0000000740000000, 0x0000000744280000, 0x0000000795580000)
  object space 68096K, 13% used [0x0000000740000000,0x00000007408c3dd8,0x0000000744280000)
 Metaspace       used 31801K, capacity 32680K, committed 32768K, reserved 1077248K
  class space    used 4423K, capacity 4791K, committed 4864K, reserved 1048576K
Event: 6.165 GC heap after
Heap after GC invocations=8 (full 1):
 PSYoungGen      total 123904K, used 9716K [0x0000000795580000, 0x000000079e180000, 0x00000007c0000000)
  eden space 114176K, 0% used [0x0000000795580000,0x0000000795580000,0x000000079c500000)
  from space 9728K, 99% used [0x000000079d480000,0x000000079ddfd010,0x000000079de00000)
  to   space 3584K, 0% used [0x000000079de00000,0x000000079de00000,0x000000079e180000)
 ParOldGen       total 68096K, used 14290K [0x0000000740000000, 0x0000000744280000, 0x0000000795580000)
  object space 68096K, 20% used [0x0000000740000000,0x0000000740df4870,0x0000000744280000)
 Metaspace       used 31801K, capacity 32680K, committed 32768K, reserved 1077248K
  class space    used 4423K, capacity 4791K, committed 4864K, reserved 1048576K
}

