# JRE version: Java(TM) SE Runtime Environment (8.0_101-b13) (build 1.8.0_101-b13)
# Java VM: Java HotSpot(TM) 64-Bit Server VM (25.101-b13 mixed mode bsd-amd64 compressed oops)
Heap:
 PSYoungGen      total 103936K, used 17522K [0x0000000795580000, 0x000000079dc80000, 0x00000007c0000000)
  eden space 88064K, 19% used [0x0000000795580000,0x000000079669caf8,0x000000079ab80000)
  from space 15872K, 0% used [0x000000079bb80000,0x000000079bb80000,0x000000079cb00000)
  to   space 16384K, 0% used [0x000000079ab80000,0x000000079ab80000,0x000000079bb80000)
 ParOldGen       total 92160K, used 26136K [0x0000000740000000, 0x0000000745a00000, 0x0000000795580000)
  object space 92160K, 28% used [0x0000000740000000,0x0000000741986080,0x0000000745a00000)
 Metaspace       used 34860K, capacity 35808K, committed 35928K, reserved 1079296K
  class space    used 4836K, capacity 5234K, committed 5248K, reserved 1048576K
GC Heap History (10 events):
Event: 5.031 GC heap before
{Heap before GC invocations=8 (full 1):
 PSYoungGen      total 51712K, used 51554K [0x0000000795580000, 0x000000079a380000, 0x00000007c0000000)
  eden space 48128K, 100% used [0x0000000795580000,0x0000000798480000,0x0000000798480000)
  from space 3584K, 95% used [0x000000079a000000,0x000000079a358818,0x000000079a380000)
  to   space 10240K, 0% used [0x0000000798f80000,0x0000000798f80000,0x0000000799980000)
 ParOldGen       total 64000K, used 8902K [0x0000000740000000, 0x0000000743e80000, 0x0000000795580000)
  object space 64000K, 13% used [0x0000000740000000,0x00000007408b19e8,0x0000000743e80000)
 Metaspace       used 26601K, capacity 27438K, committed 27776K, reserved 1073152K
  class space    used 3569K, capacity 3879K, committed 3968K, reserved 1048576K
Event: 5.047 GC heap after
Heap after GC invocations=8 (full 1):
 PSYoungGen      total 69632K, used 6387K [0x0000000795580000, 0x000000079ad00000, 0x00000007c0000000)
  eden space 59392K, 0% used [0x0000000795580000,0x0000000795580000,0x0000000798f80000)
  from space 10240K, 62% used [0x0000000798f80000,0x00000007995bcfc8,0x0000000799980000)
  to   space 9728K, 0% used [0x000000079a380000,0x000000079a380000,0x000000079ad00000)
 ParOldGen       total 64000K, used 8974K [0x0000000740000000, 0x0000000743e80000, 0x0000000795580000)
  object space 64000K, 14% used [0x0000000740000000,0x00000007408c39f8,0x0000000743e80000)
 Metaspace       used 26601K, capacity 27438K, committed 27776K, reserved 1073152K
  class space    used 3569K, capacity 3879K, committed 3968K, reserved 1048576K
}
Event: 6.204 GC heap before
{Heap before GC invocations=9 (full 1):
 PSYoungGen      total 69632K, used 65779K [0x0000000795580000, 0x000000079ad00000, 0x00000007c0000000)
  eden space 59392K, 100% used [0x0000000795580000,0x0000000798f80000,0x0000000798f80000)
  from space 10240K, 62% used [0x0000000798f80000,0x00000007995bcfc8,0x0000000799980000)
  to   space 9728K, 0% used [0x000000079a380000,0x000000079a380000,0x000000079ad00000)
 ParOldGen       total 64000K, used 8974K [0x0000000740000000, 0x0000000743e80000, 0x0000000795580000)
  object space 64000K, 14% used [0x0000000740000000,0x00000007408c39f8,0x0000000743e80000)
 Metaspace       used 29814K, capacity 30634K, committed 30848K, reserved 1075200K
  class space    used 4091K, capacity 4389K, committed 4480K, reserved 1048576K
Event: 6.222 GC heap after
Heap after GC invocations=9 (full 1):
 PSYoungGen      total 77824K, used 9706K [0x0000000795580000, 0x000000079c180000, 0x00000007c0000000)
  eden space 68096K, 0% used [0x0000000795580000,0x0000000795580000,0x0000000799800000)
  from space 9728K, 99% used [0x000000079a380000,0x000000079acfa970,0x000000079ad00000)
  to   space 11776K, 0% used [0x0000000799800000,0x0000000799800000,0x000000079a380000)
 ParOldGen       total 64000K, used 11068K [0x0000000740000000, 0x0000000743e80000, 0x0000000795580000)
  object space 64000K, 17% used [0x0000000740000000,0x0000000740acf338,0x0000000743e80000)
 Metaspace       used 29814K, capacity 30634K, committed 30848K, reserved 1075200K
  class space    used 4091K, capacity 4389K, committed 4480K, reserved 1048576K
}
Event: 7.272 GC heap before
{Heap before GC invocations=10 (full 1):
 PSYoungGen      total 77824K, used 77802K [0x0000000795580000, 0x000000079c180000, 0x00000007c0000000)
  eden space 68096K, 100% used [0x0000000795580000,0x0000000799800000,0x0000000799800000)
  from space 9728K, 99% used [0x000000079a380000,0x000000079acfa970,0x000000079ad00000)
  to   space 11776K, 0% used [0x0000000799800000,0x0000000799800000,0x000000079a380000)
 ParOldGen       total 64000K, used 11068K [0x0000000740000000, 0x0000000743e80000, 0x0000000795580000)
  object space 64000K, 17% used [0x0000000740000000,0x0000000740acf338,0x0000000743e80000)
 Metaspace       used 34254K, capacity 35208K, committed 35416K, reserved 1079296K
  class space    used 4766K, capacity 5166K, committed 5248K, reserved 1048576K
Event: 7.296 GC heap after
Heap after GC invocations=10 (full 1):
 PSYoungGen      total 79872K, used 11776K [0x0000000795580000, 0x000000079cb00000, 0x00000007c0000000)
  eden space 68096K, 0% used [0x0000000795580000,0x0000000795580000,0x0000000799800000)
  from space 11776K, 100% used [0x0000000799800000,0x000000079a380000,0x000000079a380000)
  to   space 15872K, 0% used [0x000000079bb80000,0x000000079bb80000,0x000000079cb00000)
 ParOldGen       total 64000K, used 17717K [0x0000000740000000, 0x0000000743e80000, 0x0000000795580000)
  object space 64000K, 27% used [0x0000000740000000,0x000000074114d5d0,0x0000000743e80000)
 Metaspace       used 34254K, capacity 35208K, committed 35416K, reserved 1079296K
  class space    used 4766K, capacity 5166K, committed 5248K, reserved 1048576K
}
Event: 7.315 GC heap before
{Heap before GC invocations=11 (full 1):
 PSYoungGen      total 79872K, used 14503K [0x0000000795580000, 0x000000079cb00000, 0x00000007c0000000)
  eden space 68096K, 4% used [0x0000000795580000,0x0000000795829c00,0x0000000799800000)
  from space 11776K, 100% used [0x0000000799800000,0x000000079a380000,0x000000079a380000)
  to   space 15872K, 0% used [0x000000079bb80000,0x000000079bb80000,0x000000079cb00000)
 ParOldGen       total 64000K, used 17717K [0x0000000740000000, 0x0000000743e80000, 0x0000000795580000)
  object space 64000K, 27% used [0x0000000740000000,0x000000074114d5d0,0x0000000743e80000)
 Metaspace       used 34346K, capacity 35272K, committed 35416K, reserved 1079296K
  class space    used 4780K, capacity 5166K, committed 5248K, reserved 1048576K
Event: 7.342 GC heap after
Heap after GC invocations=11 (full 1):
 PSYoungGen      total 103936K, used 11968K [0x0000000795580000, 0x000000079dc80000, 0x00000007c0000000)
  eden space 88064K, 0% used [0x0000000795580000,0x0000000795580000,0x000000079ab80000)
  from space 15872K, 75% used [0x000000079bb80000,0x000000079c730000,0x000000079cb00000)
  to   space 16384K, 0% used [0x000000079ab80000,0x000000079ab80000,0x000000079bb80000)
 ParOldGen       total 64000K, used 17725K [0x0000000740000000, 0x0000000743e80000, 0x0000000795580000)
  object space 64000K, 27% used [0x0000000740000000,0x000000074114f5d0,0x0000000743e80000)
 Metaspace       used 34346K, capacity 35272K, committed 35416K, reserved 1079296K
  class space    used 4780K, capacity 5166K, committed 5248K, reserved 1048576K
}
Event: 7.342 GC heap before
{Heap before GC invocations=12 (full 2):
 PSYoungGen      total 103936K, used 11968K [0x0000000795580000, 0x000000079dc80000, 0x00000007c0000000)
  eden space 88064K, 0% used [0x0000000795580000,0x0000000795580000,0x000000079ab80000)
  from space 15872K, 75% used [0x000000079bb80000,0x000000079c730000,0x000000079cb00000)
  to   space 16384K, 0% used [0x000000079ab80000,0x000000079ab80000,0x000000079bb80000)
 ParOldGen       total 64000K, used 17725K [0x0000000740000000, 0x0000000743e80000, 0x0000000795580000)
  object space 64000K, 27% used [0x0000000740000000,0x000000074114f5d0,0x0000000743e80000)
 Metaspace       used 34346K, capacity 35272K, committed 35416K, reserved 1079296K
  class space    used 4780K, capacity 5166K, committed 5248K, reserved 1048576K
Event: 7.566 GC heap after
Heap after GC invocations=12 (full 2):
 PSYoungGen      total 103936K, used 0K [0x0000000795580000, 0x000000079dc80000, 0x00000007c0000000)
  eden space 88064K, 0% used [0x0000000795580000,0x0000000795580000,0x000000079ab80000)
  from space 15872K, 0% used [0x000000079bb80000,0x000000079bb80000,0x000000079cb00000)
  to   space 16384K, 0% used [0x000000079ab80000,0x000000079ab80000,0x000000079bb80000)
 ParOldGen       total 92160K, used 26136K [0x0000000740000000, 0x0000000745a00000, 0x0000000795580000)
  object space 92160K, 28% used [0x0000000740000000,0x0000000741986080,0x0000000745a00000)
 Metaspace       used 34346K, capacity 35272K, committed 35416K, reserved 1079296K
  class space    used 4780K, capacity 5166K, committed 5248K, reserved 1048576K
}

