# JRE version: Java(TM) SE Runtime Environment (8.0_101-b13) (build 1.8.0_101-b13)
# Java VM: Java HotSpot(TM) 64-Bit Server VM (25.101-b13 mixed mode bsd-amd64 compressed oops)
Heap:
 PSYoungGen      total 154624K, used 72856K [0x0000000795580000, 0x00000007a2100000, 0x00000007c0000000)
  eden space 138752K, 41% used [0x0000000795580000,0x0000000798e2ff98,0x000000079dd00000)
  from space 15872K, 93% used [0x000000079dd00000,0x000000079eb76400,0x000000079ec80000)
  to   space 17920K, 0% used [0x00000007a0f80000,0x00000007a0f80000,0x00000007a2100000)
 ParOldGen       total 113664K, used 24603K [0x0000000740000000, 0x0000000746f00000, 0x0000000795580000)
  object space 113664K, 21% used [0x0000000740000000,0x0000000741806f80,0x0000000746f00000)
 Metaspace       used 39157K, capacity 40394K, committed 40664K, reserved 1083392K
  class space    used 5505K, capacity 6028K, committed 6144K, reserved 1048576K
GC Heap History (10 events):
Event: 7.038 GC heap before
{Heap before GC invocations=7 (full 1):
 PSYoungGen      total 71680K, used 66560K [0x0000000795580000, 0x000000079ea80000, 0x00000007c0000000)
  eden space 66560K, 100% used [0x0000000795580000,0x0000000799680000,0x0000000799680000)
  from space 5120K, 0% used [0x0000000799680000,0x0000000799680000,0x0000000799b80000)
  to   space 9728K, 0% used [0x000000079e100000,0x000000079e100000,0x000000079ea80000)
 ParOldGen       total 64512K, used 8928K [0x0000000740000000, 0x0000000743f00000, 0x0000000795580000)
  object space 64512K, 13% used [0x0000000740000000,0x00000007408b8120,0x0000000743f00000)
 Metaspace       used 25371K, capacity 25952K, committed 26240K, reserved 1071104K
  class space    used 3430K, capacity 3641K, committed 3712K, reserved 1048576K
Event: 7.051 GC heap after
Heap after GC invocations=7 (full 1):
 PSYoungGen      total 101888K, used 6134K [0x0000000795580000, 0x000000079e700000, 0x00000007c0000000)
  eden space 95744K, 0% used [0x0000000795580000,0x0000000795580000,0x000000079b300000)
  from space 6144K, 99% used [0x000000079e100000,0x000000079e6fda80,0x000000079e700000)
  to   space 9216K, 0% used [0x000000079d500000,0x000000079d500000,0x000000079de00000)
 ParOldGen       total 64512K, used 9000K [0x0000000740000000, 0x0000000743f00000, 0x0000000795580000)
  object space 64512K, 13% used [0x0000000740000000,0x00000007408ca130,0x0000000743f00000)
 Metaspace       used 25371K, capacity 25952K, committed 26240K, reserved 1071104K
  class space    used 3430K, capacity 3641K, committed 3712K, reserved 1048576K
}
Event: 9.035 GC heap before
{Heap before GC invocations=8 (full 1):
 PSYoungGen      total 101888K, used 101878K [0x0000000795580000, 0x000000079e700000, 0x00000007c0000000)
  eden space 95744K, 100% used [0x0000000795580000,0x000000079b300000,0x000000079b300000)
  from space 6144K, 99% used [0x000000079e100000,0x000000079e6fda80,0x000000079e700000)
  to   space 9216K, 0% used [0x000000079d500000,0x000000079d500000,0x000000079de00000)
 ParOldGen       total 64512K, used 9000K [0x0000000740000000, 0x0000000743f00000, 0x0000000795580000)
  object space 64512K, 13% used [0x0000000740000000,0x00000007408ca130,0x0000000743f00000)
 Metaspace       used 32039K, capacity 32974K, committed 33280K, reserved 1077248K
  class space    used 4451K, capacity 4803K, committed 4864K, reserved 1048576K
Event: 9.075 GC heap after
Heap after GC invocations=8 (full 1):
 PSYoungGen      total 139776K, used 9216K [0x0000000795580000, 0x000000079fa00000, 0x00000007c0000000)
  eden space 130560K, 0% used [0x0000000795580000,0x0000000795580000,0x000000079d500000)
  from space 9216K, 100% used [0x000000079d500000,0x000000079de00000,0x000000079de00000)
  to   space 13824K, 0% used [0x000000079ec80000,0x000000079ec80000,0x000000079fa00000)
 ParOldGen       total 64512K, used 16104K [0x0000000740000000, 0x0000000743f00000, 0x0000000795580000)
  object space 64512K, 24% used [0x0000000740000000,0x0000000740fba158,0x0000000743f00000)
 Metaspace       used 32039K, capacity 32974K, committed 33280K, reserved 1077248K
  class space    used 4451K, capacity 4803K, committed 4864K, reserved 1048576K
}
Event: 10.442 GC heap before
{Heap before GC invocations=9 (full 1):
 PSYoungGen      total 139776K, used 55979K [0x0000000795580000, 0x000000079fa00000, 0x00000007c0000000)
  eden space 130560K, 35% used [0x0000000795580000,0x000000079832ae08,0x000000079d500000)
  from space 9216K, 100% used [0x000000079d500000,0x000000079de00000,0x000000079de00000)
  to   space 13824K, 0% used [0x000000079ec80000,0x000000079ec80000,0x000000079fa00000)
 ParOldGen       total 64512K, used 16104K [0x0000000740000000, 0x0000000743f00000, 0x0000000795580000)
  object space 64512K, 24% used [0x0000000740000000,0x0000000740fba158,0x0000000743f00000)
 Metaspace       used 34358K, capacity 35272K, committed 35416K, reserved 1079296K
  class space    used 4782K, capacity 5166K, committed 5248K, reserved 1048576K
Event: 10.491 GC heap after
Heap after GC invocations=9 (full 1):
 PSYoungGen      total 152576K, used 13792K [0x0000000795580000, 0x00000007a3980000, 0x00000007c0000000)
  eden space 138752K, 0% used [0x0000000795580000,0x0000000795580000,0x000000079dd00000)
  from space 13824K, 99% used [0x000000079ec80000,0x000000079f9f81f0,0x000000079fa00000)
  to   space 15872K, 0% used [0x000000079dd00000,0x000000079dd00000,0x000000079ec80000)
 ParOldGen       total 64512K, used 17080K [0x0000000740000000, 0x0000000743f00000, 0x0000000795580000)
  object space 64512K, 26% used [0x0000000740000000,0x00000007410ae160,0x0000000743f00000)
 Metaspace       used 34358K, capacity 35272K, committed 35416K, reserved 1079296K
  class space    used 4782K, capacity 5166K, committed 5248K, reserved 1048576K
}
Event: 10.491 GC heap before
{Heap before GC invocations=10 (full 2):
 PSYoungGen      total 152576K, used 13792K [0x0000000795580000, 0x00000007a3980000, 0x00000007c0000000)
  eden space 138752K, 0% used [0x0000000795580000,0x0000000795580000,0x000000079dd00000)
  from space 13824K, 99% used [0x000000079ec80000,0x000000079f9f81f0,0x000000079fa00000)
  to   space 15872K, 0% used [0x000000079dd00000,0x000000079dd00000,0x000000079ec80000)
 ParOldGen       total 64512K, used 17080K [0x0000000740000000, 0x0000000743f00000, 0x0000000795580000)
  object space 64512K, 26% used [0x0000000740000000,0x00000007410ae160,0x0000000743f00000)
 Metaspace       used 34358K, capacity 35272K, committed 35416K, reserved 1079296K
  class space    used 4782K, capacity 5166K, committed 5248K, reserved 1048576K
Event: 10.738 GC heap after
Heap after GC invocations=10 (full 2):
 PSYoungGen      total 152576K, used 0K [0x0000000795580000, 0x00000007a3980000, 0x00000007c0000000)
  eden space 138752K, 0% used [0x0000000795580000,0x0000000795580000,0x000000079dd00000)
  from space 13824K, 0% used [0x000000079ec80000,0x000000079ec80000,0x000000079fa00000)
  to   space 15872K, 0% used [0x000000079dd00000,0x000000079dd00000,0x000000079ec80000)
 ParOldGen       total 113664K, used 24595K [0x0000000740000000, 0x0000000746f00000, 0x0000000795580000)
  object space 113664K, 21% used [0x0000000740000000,0x0000000741804f80,0x0000000746f00000)
 Metaspace       used 34358K, capacity 35272K, committed 35416K, reserved 1079296K
  class space    used 4782K, capacity 5166K, committed 5248K, reserved 1048576K
}
Event: 13.801 GC heap before
{Heap before GC invocations=11 (full 2):
 PSYoungGen      total 152576K, used 138752K [0x0000000795580000, 0x00000007a3980000, 0x00000007c0000000)
  eden space 138752K, 100% used [0x0000000795580000,0x000000079dd00000,0x000000079dd00000)
  from space 13824K, 0% used [0x000000079ec80000,0x000000079ec80000,0x000000079fa00000)
  to   space 15872K, 0% used [0x000000079dd00000,0x000000079dd00000,0x000000079ec80000)
 ParOldGen       total 113664K, used 24595K [0x0000000740000000, 0x0000000746f00000, 0x0000000795580000)
  object space 113664K, 21% used [0x0000000740000000,0x0000000741804f80,0x0000000746f00000)
 Metaspace       used 36945K, capacity 37912K, committed 38104K, reserved 1081344K
  class space    used 5150K, capacity 5546K, committed 5632K, reserved 1048576K
Event: 13.877 GC heap after
Heap after GC invocations=11 (full 2):
 PSYoungGen      total 154624K, used 14809K [0x0000000795580000, 0x00000007a2100000, 0x00000007c0000000)
  eden space 138752K, 0% used [0x0000000795580000,0x0000000795580000,0x000000079dd00000)
  from space 15872K, 93% used [0x000000079dd00000,0x000000079eb76400,0x000000079ec80000)
  to   space 17920K, 0% used [0x00000007a0f80000,0x00000007a0f80000,0x00000007a2100000)
 ParOldGen       total 113664K, used 24603K [0x0000000740000000, 0x0000000746f00000, 0x0000000795580000)
  object space 113664K, 21% used [0x0000000740000000,0x0000000741806f80,0x0000000746f00000)
 Metaspace       used 36945K, capacity 37912K, committed 38104K, reserved 1081344K
  class space    used 5150K, capacity 5546K, committed 5632K, reserved 1048576K
}

