# JRE version: Java(TM) SE Runtime Environment (8.0_101-b13) (build 1.8.0_101-b13)
# Java VM: Java HotSpot(TM) 64-Bit Server VM (25.101-b13 mixed mode bsd-amd64 compressed oops)
Heap:
 PSYoungGen      total 156672K, used 115412K [0x0000000795580000, 0x00000007a2380000, 0x00000007c0000000)
  eden space 140288K, 72% used [0x0000000795580000,0x000000079b846eb8,0x000000079de80000)
  from space 16384K, 87% used [0x000000079de80000,0x000000079ec6e400,0x000000079ee80000)
  to   space 17920K, 0% used [0x00000007a1200000,0x00000007a1200000,0x00000007a2380000)
 ParOldGen       total 108544K, used 24520K [0x0000000740000000, 0x0000000746a00000, 0x0000000795580000)
  object space 108544K, 22% used [0x0000000740000000,0x00000007417f2278,0x0000000746a00000)
 Metaspace       used 40004K, capacity 41346K, committed 41560K, reserved 1085440K
  class space    used 5632K, capacity 6178K, committed 6272K, reserved 1048576K
GC Heap History (10 events):
Event: 4.122 GC heap before
{Heap before GC invocations=7 (full 1):
 PSYoungGen      total 71680K, used 66560K [0x0000000795580000, 0x000000079ea80000, 0x00000007c0000000)
  eden space 66560K, 100% used [0x0000000795580000,0x0000000799680000,0x0000000799680000)
  from space 5120K, 0% used [0x0000000799680000,0x0000000799680000,0x0000000799b80000)
  to   space 9728K, 0% used [0x000000079e100000,0x000000079e100000,0x000000079ea80000)
 ParOldGen       total 62464K, used 8889K [0x0000000740000000, 0x0000000743d00000, 0x0000000795580000)
  object space 62464K, 14% used [0x0000000740000000,0x00000007408ae6c0,0x0000000743d00000)
 Metaspace       used 25366K, capacity 26048K, committed 26240K, reserved 1071104K
  class space    used 3432K, capacity 3673K, committed 3712K, reserved 1048576K
Event: 4.131 GC heap after
Heap after GC invocations=7 (full 1):
 PSYoungGen      total 104448K, used 5846K [0x0000000795580000, 0x000000079e700000, 0x00000007c0000000)
  eden space 98304K, 0% used [0x0000000795580000,0x0000000795580000,0x000000079b580000)
  from space 6144K, 95% used [0x000000079e100000,0x000000079e6b5a80,0x000000079e700000)
  to   space 9728K, 0% used [0x000000079d400000,0x000000079d400000,0x000000079dd80000)
 ParOldGen       total 62464K, used 8961K [0x0000000740000000, 0x0000000743d00000, 0x0000000795580000)
  object space 62464K, 14% used [0x0000000740000000,0x00000007408c06d0,0x0000000743d00000)
 Metaspace       used 25366K, capacity 26048K, committed 26240K, reserved 1071104K
  class space    used 3432K, capacity 3673K, committed 3712K, reserved 1048576K
}
Event: 5.834 GC heap before
{Heap before GC invocations=8 (full 1):
 PSYoungGen      total 104448K, used 104150K [0x0000000795580000, 0x000000079e700000, 0x00000007c0000000)
  eden space 98304K, 100% used [0x0000000795580000,0x000000079b580000,0x000000079b580000)
  from space 6144K, 95% used [0x000000079e100000,0x000000079e6b5a80,0x000000079e700000)
  to   space 9728K, 0% used [0x000000079d400000,0x000000079d400000,0x000000079dd80000)
 ParOldGen       total 62464K, used 8961K [0x0000000740000000, 0x0000000743d00000, 0x0000000795580000)
  object space 62464K, 14% used [0x0000000740000000,0x00000007408c06d0,0x0000000743d00000)
 Metaspace       used 32065K, capacity 32974K, committed 33280K, reserved 1077248K
  class space    used 4448K, capacity 4803K, committed 4864K, reserved 1048576K
Event: 5.859 GC heap after
Heap after GC invocations=8 (full 1):
 PSYoungGen      total 139264K, used 9728K [0x0000000795580000, 0x000000079fc00000, 0x00000007c0000000)
  eden space 129536K, 0% used [0x0000000795580000,0x0000000795580000,0x000000079d400000)
  from space 9728K, 100% used [0x000000079d400000,0x000000079dd80000,0x000000079dd80000)
  to   space 13824K, 0% used [0x000000079ee80000,0x000000079ee80000,0x000000079fc00000)
 ParOldGen       total 62464K, used 15633K [0x0000000740000000, 0x0000000743d00000, 0x0000000795580000)
  object space 62464K, 25% used [0x0000000740000000,0x0000000740f44660,0x0000000743d00000)
 Metaspace       used 32065K, capacity 32974K, committed 33280K, reserved 1077248K
  class space    used 4448K, capacity 4803K, committed 4864K, reserved 1048576K
}
Event: 6.584 GC heap before
{Heap before GC invocations=9 (full 1):
 PSYoungGen      total 139264K, used 55987K [0x0000000795580000, 0x000000079fc00000, 0x00000007c0000000)
  eden space 129536K, 35% used [0x0000000795580000,0x00000007982acde8,0x000000079d400000)
  from space 9728K, 100% used [0x000000079d400000,0x000000079dd80000,0x000000079dd80000)
  to   space 13824K, 0% used [0x000000079ee80000,0x000000079ee80000,0x000000079fc00000)
 ParOldGen       total 62464K, used 15633K [0x0000000740000000, 0x0000000743d00000, 0x0000000795580000)
  object space 62464K, 25% used [0x0000000740000000,0x0000000740f44660,0x0000000743d00000)
 Metaspace       used 34285K, capacity 35272K, committed 35416K, reserved 1079296K
  class space    used 4761K, capacity 5166K, committed 5248K, reserved 1048576K
Event: 6.608 GC heap after
Heap after GC invocations=9 (full 1):
 PSYoungGen      total 154112K, used 13808K [0x0000000795580000, 0x00000007a3180000, 0x00000007c0000000)
  eden space 140288K, 0% used [0x0000000795580000,0x0000000795580000,0x000000079de80000)
  from space 13824K, 99% used [0x000000079ee80000,0x000000079fbfc010,0x000000079fc00000)
  to   space 16384K, 0% used [0x000000079de80000,0x000000079de80000,0x000000079ee80000)
 ParOldGen       total 62464K, used 16942K [0x0000000740000000, 0x0000000743d00000, 0x0000000795580000)
  object space 62464K, 27% used [0x0000000740000000,0x000000074108baa0,0x0000000743d00000)
 Metaspace       used 34285K, capacity 35272K, committed 35416K, reserved 1079296K
  class space    used 4761K, capacity 5166K, committed 5248K, reserved 1048576K
}
Event: 6.608 GC heap before
{Heap before GC invocations=10 (full 2):
 PSYoungGen      total 154112K, used 13808K [0x0000000795580000, 0x00000007a3180000, 0x00000007c0000000)
  eden space 140288K, 0% used [0x0000000795580000,0x0000000795580000,0x000000079de80000)
  from space 13824K, 99% used [0x000000079ee80000,0x000000079fbfc010,0x000000079fc00000)
  to   space 16384K, 0% used [0x000000079de80000,0x000000079de80000,0x000000079ee80000)
 ParOldGen       total 62464K, used 16942K [0x0000000740000000, 0x0000000743d00000, 0x0000000795580000)
  object space 62464K, 27% used [0x0000000740000000,0x000000074108baa0,0x0000000743d00000)
 Metaspace       used 34285K, capacity 35272K, committed 35416K, reserved 1079296K
  class space    used 4761K, capacity 5166K, committed 5248K, reserved 1048576K
Event: 6.750 GC heap after
Heap after GC invocations=10 (full 2):
 PSYoungGen      total 154112K, used 0K [0x0000000795580000, 0x00000007a3180000, 0x00000007c0000000)
  eden space 140288K, 0% used [0x0000000795580000,0x0000000795580000,0x000000079de80000)
  from space 13824K, 0% used [0x000000079ee80000,0x000000079ee80000,0x000000079fc00000)
  to   space 16384K, 0% used [0x000000079de80000,0x000000079de80000,0x000000079ee80000)
 ParOldGen       total 108544K, used 24512K [0x0000000740000000, 0x0000000746a00000, 0x0000000795580000)
  object space 108544K, 22% used [0x0000000740000000,0x00000007417f0278,0x0000000746a00000)
 Metaspace       used 34285K, capacity 35272K, committed 35416K, reserved 1079296K
  class space    used 4761K, capacity 5166K, committed 5248K, reserved 1048576K
}
Event: 8.472 GC heap before
{Heap before GC invocations=11 (full 2):
 PSYoungGen      total 154112K, used 140288K [0x0000000795580000, 0x00000007a3180000, 0x00000007c0000000)
  eden space 140288K, 100% used [0x0000000795580000,0x000000079de80000,0x000000079de80000)
  from space 13824K, 0% used [0x000000079ee80000,0x000000079ee80000,0x000000079fc00000)
  to   space 16384K, 0% used [0x000000079de80000,0x000000079de80000,0x000000079ee80000)
 ParOldGen       total 108544K, used 24512K [0x0000000740000000, 0x0000000746a00000, 0x0000000795580000)
  object space 108544K, 22% used [0x0000000740000000,0x00000007417f0278,0x0000000746a00000)
 Metaspace       used 36796K, capacity 37842K, committed 38104K, reserved 1081344K
  class space    used 5115K, capacity 5544K, committed 5632K, reserved 1048576K
Event: 8.501 GC heap after
Heap after GC invocations=11 (full 2):
 PSYoungGen      total 156672K, used 14265K [0x0000000795580000, 0x00000007a2380000, 0x00000007c0000000)
  eden space 140288K, 0% used [0x0000000795580000,0x0000000795580000,0x000000079de80000)
  from space 16384K, 87% used [0x000000079de80000,0x000000079ec6e400,0x000000079ee80000)
  to   space 17920K, 0% used [0x00000007a1200000,0x00000007a1200000,0x00000007a2380000)
 ParOldGen       total 108544K, used 24520K [0x0000000740000000, 0x0000000746a00000, 0x0000000795580000)
  object space 108544K, 22% used [0x0000000740000000,0x00000007417f2278,0x0000000746a00000)
 Metaspace       used 36796K, capacity 37842K, committed 38104K, reserved 1081344K
  class space    used 5115K, capacity 5544K, committed 5632K, reserved 1048576K
}

