# JRE version: Java(TM) SE Runtime Environment (8.0_101-b13) (build 1.8.0_101-b13)
# Java VM: Java HotSpot(TM) 64-Bit Server VM (25.101-b13 mixed mode bsd-amd64 compressed oops)
Heap:
 PSYoungGen      total 76800K, used 58366K [0x0000000795580000, 0x000000079b700000, 0x00000007c0000000)
  eden space 62464K, 93% used [0x0000000795580000,0x0000000798e7f808,0x0000000799280000)
  from space 14336K, 0% used [0x000000079a280000,0x000000079a280000,0x000000079b080000)
  to   space 16384K, 0% used [0x0000000799280000,0x0000000799280000,0x000000079a280000)
 ParOldGen       total 124416K, used 24432K [0x0000000740000000, 0x0000000747980000, 0x0000000795580000)
  object space 124416K, 19% used [0x0000000740000000,0x00000007417dc1f0,0x0000000747980000)
 Metaspace       used 35498K, capacity 36478K, committed 36568K, reserved 1081344K
  class space    used 4916K, capacity 5348K, committed 5376K, reserved 1048576K
GC Heap History (10 events):
Event: 7.835 GC heap before
{Heap before GC invocations=8 (full 1):
 PSYoungGen      total 46080K, used 45877K [0x0000000795580000, 0x000000079a380000, 0x00000007c0000000)
  eden space 42496K, 100% used [0x0000000795580000,0x0000000797f00000,0x0000000797f00000)
  from space 3584K, 94% used [0x000000079a000000,0x000000079a34d420,0x000000079a380000)
  to   space 10240K, 0% used [0x0000000798f80000,0x0000000798f80000,0x0000000799980000)
 ParOldGen       total 70144K, used 8864K [0x0000000740000000, 0x0000000744480000, 0x0000000795580000)
  object space 70144K, 12% used [0x0000000740000000,0x00000007408a8180,0x0000000744480000)
 Metaspace       used 25777K, capacity 26638K, committed 26880K, reserved 1073152K
  class space    used 3474K, capacity 3783K, committed 3840K, reserved 1048576K
Event: 7.844 GC heap after
Heap after GC invocations=8 (full 1):
 PSYoungGen      total 58880K, used 5183K [0x0000000795580000, 0x000000079a080000, 0x00000007c0000000)
  eden space 53248K, 0% used [0x0000000795580000,0x0000000795580000,0x0000000798980000)
  from space 5632K, 92% used [0x0000000798f80000,0x000000079948fc20,0x0000000799500000)
  to   space 9728K, 0% used [0x0000000799700000,0x0000000799700000,0x000000079a080000)
 ParOldGen       total 70144K, used 8936K [0x0000000740000000, 0x0000000744480000, 0x0000000795580000)
  object space 70144K, 12% used [0x0000000740000000,0x00000007408ba190,0x0000000744480000)
 Metaspace       used 25777K, capacity 26638K, committed 26880K, reserved 1073152K
  class space    used 3474K, capacity 3783K, committed 3840K, reserved 1048576K
}
Event: 9.902 GC heap before
{Heap before GC invocations=9 (full 1):
 PSYoungGen      total 58880K, used 58431K [0x0000000795580000, 0x000000079a080000, 0x00000007c0000000)
  eden space 53248K, 100% used [0x0000000795580000,0x0000000798980000,0x0000000798980000)
  from space 5632K, 92% used [0x0000000798f80000,0x000000079948fc20,0x0000000799500000)
  to   space 9728K, 0% used [0x0000000799700000,0x0000000799700000,0x000000079a080000)
 ParOldGen       total 70144K, used 8936K [0x0000000740000000, 0x0000000744480000, 0x0000000795580000)
  object space 70144K, 12% used [0x0000000740000000,0x00000007408ba190,0x0000000744480000)
 Metaspace       used 29409K, capacity 30246K, committed 30464K, reserved 1075200K
  class space    used 4014K, capacity 4281K, committed 4352K, reserved 1048576K
Event: 9.921 GC heap after
Heap after GC invocations=9 (full 1):
 PSYoungGen      total 65536K, used 9706K [0x0000000795580000, 0x000000079ac00000, 0x00000007c0000000)
  eden space 55808K, 0% used [0x0000000795580000,0x0000000795580000,0x0000000798c00000)
  from space 9728K, 99% used [0x0000000799700000,0x000000079a07a900,0x000000079a080000)
  to   space 11264K, 0% used [0x0000000798c00000,0x0000000798c00000,0x0000000799700000)
 ParOldGen       total 70144K, used 9737K [0x0000000740000000, 0x0000000744480000, 0x0000000795580000)
  object space 70144K, 13% used [0x0000000740000000,0x0000000740982648,0x0000000744480000)
 Metaspace       used 29409K, capacity 30246K, committed 30464K, reserved 1075200K
  class space    used 4014K, capacity 4281K, committed 4352K, reserved 1048576K
}
Event: 12.043 GC heap before
{Heap before GC invocations=10 (full 1):
 PSYoungGen      total 65536K, used 65514K [0x0000000795580000, 0x000000079ac00000, 0x00000007c0000000)
  eden space 55808K, 100% used [0x0000000795580000,0x0000000798c00000,0x0000000798c00000)
  from space 9728K, 99% used [0x0000000799700000,0x000000079a07a900,0x000000079a080000)
  to   space 11264K, 0% used [0x0000000798c00000,0x0000000798c00000,0x0000000799700000)
 ParOldGen       total 70144K, used 9737K [0x0000000740000000, 0x0000000744480000, 0x0000000795580000)
  object space 70144K, 13% used [0x0000000740000000,0x0000000740982648,0x0000000744480000)
 Metaspace       used 32432K, capacity 33476K, committed 33664K, reserved 1077248K
  class space    used 4522K, capacity 4927K, committed 4992K, reserved 1048576K
Event: 12.077 GC heap after
Heap after GC invocations=10 (full 1):
 PSYoungGen      total 67072K, used 11248K [0x0000000795580000, 0x000000079b080000, 0x00000007c0000000)
  eden space 55808K, 0% used [0x0000000795580000,0x0000000795580000,0x0000000798c00000)
  from space 11264K, 99% used [0x0000000798c00000,0x00000007996fc010,0x0000000799700000)
  to   space 14336K, 0% used [0x000000079a280000,0x000000079a280000,0x000000079b080000)
 ParOldGen       total 70144K, used 14293K [0x0000000740000000, 0x0000000744480000, 0x0000000795580000)
  object space 70144K, 20% used [0x0000000740000000,0x0000000740df5748,0x0000000744480000)
 Metaspace       used 32432K, capacity 33476K, committed 33664K, reserved 1077248K
  class space    used 4522K, capacity 4927K, committed 4992K, reserved 1048576K
}
Event: 13.145 GC heap before
{Heap before GC invocations=11 (full 1):
 PSYoungGen      total 67072K, used 37873K [0x0000000795580000, 0x000000079b080000, 0x00000007c0000000)
  eden space 55808K, 47% used [0x0000000795580000,0x0000000796f805d0,0x0000000798c00000)
  from space 11264K, 99% used [0x0000000798c00000,0x00000007996fc010,0x0000000799700000)
  to   space 14336K, 0% used [0x000000079a280000,0x000000079a280000,0x000000079b080000)
 ParOldGen       total 70144K, used 14293K [0x0000000740000000, 0x0000000744480000, 0x0000000795580000)
  object space 70144K, 20% used [0x0000000740000000,0x0000000740df5748,0x0000000744480000)
 Metaspace       used 34372K, capacity 35304K, committed 35416K, reserved 1079296K
  class space    used 4785K, capacity 5198K, committed 5248K, reserved 1048576K
Event: 13.180 GC heap after
Heap after GC invocations=11 (full 1):
 PSYoungGen      total 76800K, used 14287K [0x0000000795580000, 0x000000079b700000, 0x00000007c0000000)
  eden space 62464K, 0% used [0x0000000795580000,0x0000000795580000,0x0000000799280000)
  from space 14336K, 99% used [0x000000079a280000,0x000000079b073f10,0x000000079b080000)
  to   space 16384K, 0% used [0x0000000799280000,0x0000000799280000,0x000000079a280000)
 ParOldGen       total 70144K, used 14301K [0x0000000740000000, 0x0000000744480000, 0x0000000795580000)
  object space 70144K, 20% used [0x0000000740000000,0x0000000740df7748,0x0000000744480000)
 Metaspace       used 34372K, capacity 35304K, committed 35416K, reserved 1079296K
  class space    used 4785K, capacity 5198K, committed 5248K, reserved 1048576K
}
Event: 13.180 GC heap before
{Heap before GC invocations=12 (full 2):
 PSYoungGen      total 76800K, used 14287K [0x0000000795580000, 0x000000079b700000, 0x00000007c0000000)
  eden space 62464K, 0% used [0x0000000795580000,0x0000000795580000,0x0000000799280000)
  from space 14336K, 99% used [0x000000079a280000,0x000000079b073f10,0x000000079b080000)
  to   space 16384K, 0% used [0x0000000799280000,0x0000000799280000,0x000000079a280000)
 ParOldGen       total 70144K, used 14301K [0x0000000740000000, 0x0000000744480000, 0x0000000795580000)
  object space 70144K, 20% used [0x0000000740000000,0x0000000740df7748,0x0000000744480000)
 Metaspace       used 34372K, capacity 35304K, committed 35416K, reserved 1079296K
  class space    used 4785K, capacity 5198K, committed 5248K, reserved 1048576K
Event: 13.416 GC heap after
Heap after GC invocations=12 (full 2):
 PSYoungGen      total 76800K, used 0K [0x0000000795580000, 0x000000079b700000, 0x00000007c0000000)
  eden space 62464K, 0% used [0x0000000795580000,0x0000000795580000,0x0000000799280000)
  from space 14336K, 0% used [0x000000079a280000,0x000000079a280000,0x000000079b080000)
  to   space 16384K, 0% used [0x0000000799280000,0x0000000799280000,0x000000079a280000)
 ParOldGen       total 124416K, used 24432K [0x0000000740000000, 0x0000000747980000, 0x0000000795580000)
  object space 124416K, 19% used [0x0000000740000000,0x00000007417dc1f0,0x0000000747980000)
 Metaspace       used 34372K, capacity 35304K, committed 35416K, reserved 1079296K
  class space    used 4785K, capacity 5198K, committed 5248K, reserved 1048576K
}

