# JRE version: Java(TM) SE Runtime Environment (8.0_101-b13) (build 1.8.0_101-b13)
# Java VM: Java HotSpot(TM) 64-Bit Server VM (25.101-b13 mixed mode bsd-amd64 compressed oops)
Heap:
 PSYoungGen      total 77312K, used 11038K [0x0000000795580000, 0x000000079c480000, 0x00000007c0000000)
  eden space 67584K, 1% used [0x0000000795580000,0x00000007956ce960,0x0000000799780000)
  from space 9728K, 99% used [0x000000079a300000,0x000000079ac79030,0x000000079ac80000)
  to   space 11776K, 0% used [0x0000000799780000,0x0000000799780000,0x000000079a300000)
 ParOldGen       total 66048K, used 12895K [0x0000000740000000, 0x0000000744080000, 0x0000000795580000)
  object space 66048K, 19% used [0x0000000740000000,0x0000000740c97ed8,0x0000000744080000)
 Metaspace       used 29939K, capacity 30856K, committed 30976K, reserved 1075200K
  class space    used 4113K, capacity 4503K, committed 4608K, reserved 1048576K
GC Heap History (10 events):
Event: 4.180 GC heap before
{Heap before GC invocations=5 (full 0):
 PSYoungGen      total 38400K, used 24975K [0x0000000795580000, 0x000000079a080000, 0x00000007c0000000)
  eden space 33280K, 59% used [0x0000000795580000,0x00000007968e7cc0,0x0000000797600000)
  from space 5120K, 99% used [0x0000000797b00000,0x0000000797ffc030,0x0000000798000000)
  to   space 5120K, 0% used [0x0000000797600000,0x0000000797600000,0x0000000797b00000)
 ParOldGen       total 87552K, used 7127K [0x0000000740000000, 0x0000000745580000, 0x0000000795580000)
  object space 87552K, 8% used [0x0000000740000000,0x00000007406f5cf8,0x0000000745580000)
 Metaspace       used 20809K, capacity 21118K, committed 21248K, reserved 1067008K
  class space    used 2825K, capacity 2978K, committed 3072K, reserved 1048576K
Event: 4.190 GC heap after
Heap after GC invocations=5 (full 0):
 PSYoungGen      total 38400K, used 5104K [0x0000000795580000, 0x000000079a980000, 0x00000007c0000000)
  eden space 33280K, 0% used [0x0000000795580000,0x0000000795580000,0x0000000797600000)
  from space 5120K, 99% used [0x0000000797600000,0x0000000797afc030,0x0000000797b00000)
  to   space 9728K, 0% used [0x000000079a000000,0x000000079a000000,0x000000079a980000)
 ParOldGen       total 87552K, used 9367K [0x0000000740000000, 0x0000000745580000, 0x0000000795580000)
  object space 87552K, 10% used [0x0000000740000000,0x0000000740925cc8,0x0000000745580000)
 Metaspace       used 20809K, capacity 21118K, committed 21248K, reserved 1067008K
  class space    used 2825K, capacity 2978K, committed 3072K, reserved 1048576K
}
Event: 4.190 GC heap before
{Heap before GC invocations=6 (full 1):
 PSYoungGen      total 38400K, used 5104K [0x0000000795580000, 0x000000079a980000, 0x00000007c0000000)
  eden space 33280K, 0% used [0x0000000795580000,0x0000000795580000,0x0000000797600000)
  from space 5120K, 99% used [0x0000000797600000,0x0000000797afc030,0x0000000797b00000)
  to   space 9728K, 0% used [0x000000079a000000,0x000000079a000000,0x000000079a980000)
 ParOldGen       total 87552K, used 9367K [0x0000000740000000, 0x0000000745580000, 0x0000000795580000)
  object space 87552K, 10% used [0x0000000740000000,0x0000000740925cc8,0x0000000745580000)
 Metaspace       used 20809K, capacity 21118K, committed 21248K, reserved 1067008K
  class space    used 2825K, capacity 2978K, committed 3072K, reserved 1048576K
Event: 4.256 GC heap after
Heap after GC invocations=6 (full 1):
 PSYoungGen      total 38400K, used 0K [0x0000000795580000, 0x000000079a980000, 0x00000007c0000000)
  eden space 33280K, 0% used [0x0000000795580000,0x0000000795580000,0x0000000797600000)
  from space 5120K, 0% used [0x0000000797600000,0x0000000797600000,0x0000000797b00000)
  to   space 9728K, 0% used [0x000000079a000000,0x000000079a000000,0x000000079a980000)
 ParOldGen       total 66048K, used 10653K [0x0000000740000000, 0x0000000744080000, 0x0000000795580000)
  object space 66048K, 16% used [0x0000000740000000,0x0000000740a675e8,0x0000000744080000)
 Metaspace       used 20809K, capacity 21118K, committed 21248K, reserved 1067008K
  class space    used 2825K, capacity 2978K, committed 3072K, reserved 1048576K
}
Event: 4.775 GC heap before
{Heap before GC invocations=7 (full 1):
 PSYoungGen      total 38400K, used 33280K [0x0000000795580000, 0x000000079a980000, 0x00000007c0000000)
  eden space 33280K, 100% used [0x0000000795580000,0x0000000797600000,0x0000000797600000)
  from space 5120K, 0% used [0x0000000797600000,0x0000000797600000,0x0000000797b00000)
  to   space 9728K, 0% used [0x000000079a000000,0x000000079a000000,0x000000079a980000)
 ParOldGen       total 66048K, used 10653K [0x0000000740000000, 0x0000000744080000, 0x0000000795580000)
  object space 66048K, 16% used [0x0000000740000000,0x0000000740a675e8,0x0000000744080000)
 Metaspace       used 22937K, capacity 23374K, committed 23680K, reserved 1069056K
  class space    used 3155K, capacity 3341K, committed 3456K, reserved 1048576K
Event: 4.781 GC heap after
Heap after GC invocations=7 (full 1):
 PSYoungGen      total 52224K, used 3433K [0x0000000795580000, 0x000000079a380000, 0x00000007c0000000)
  eden space 48640K, 0% used [0x0000000795580000,0x0000000795580000,0x0000000798500000)
  from space 3584K, 95% used [0x000000079a000000,0x000000079a35a510,0x000000079a380000)
  to   space 10240K, 0% used [0x0000000798f80000,0x0000000798f80000,0x0000000799980000)
 ParOldGen       total 66048K, used 10661K [0x0000000740000000, 0x0000000744080000, 0x0000000795580000)
  object space 66048K, 16% used [0x0000000740000000,0x0000000740a695e8,0x0000000744080000)
 Metaspace       used 22937K, capacity 23374K, committed 23680K, reserved 1069056K
  class space    used 3155K, capacity 3341K, committed 3456K, reserved 1048576K
}
Event: 6.105 GC heap before
{Heap before GC invocations=8 (full 1):
 PSYoungGen      total 52224K, used 52073K [0x0000000795580000, 0x000000079a380000, 0x00000007c0000000)
  eden space 48640K, 100% used [0x0000000795580000,0x0000000798500000,0x0000000798500000)
  from space 3584K, 95% used [0x000000079a000000,0x000000079a35a510,0x000000079a380000)
  to   space 10240K, 0% used [0x0000000798f80000,0x0000000798f80000,0x0000000799980000)
 ParOldGen       total 66048K, used 10661K [0x0000000740000000, 0x0000000744080000, 0x0000000795580000)
  object space 66048K, 16% used [0x0000000740000000,0x0000000740a695e8,0x0000000744080000)
 Metaspace       used 26647K, capacity 27446K, committed 27776K, reserved 1073152K
  class space    used 3574K, capacity 3883K, committed 3968K, reserved 1048576K
Event: 6.113 GC heap after
Heap after GC invocations=8 (full 1):
 PSYoungGen      total 69632K, used 6518K [0x0000000795580000, 0x000000079ac80000, 0x00000007c0000000)
  eden space 59392K, 0% used [0x0000000795580000,0x0000000795580000,0x0000000798f80000)
  from space 10240K, 63% used [0x0000000798f80000,0x00000007995dd9d8,0x0000000799980000)
  to   space 9728K, 0% used [0x000000079a300000,0x000000079a300000,0x000000079ac80000)
 ParOldGen       total 66048K, used 10669K [0x0000000740000000, 0x0000000744080000, 0x0000000795580000)
  object space 66048K, 16% used [0x0000000740000000,0x0000000740a6b5e8,0x0000000744080000)
 Metaspace       used 26647K, capacity 27446K, committed 27776K, reserved 1073152K
  class space    used 3574K, capacity 3883K, committed 3968K, reserved 1048576K
}
Event: 7.068 GC heap before
{Heap before GC invocations=9 (full 1):
 PSYoungGen      total 69632K, used 65910K [0x0000000795580000, 0x000000079ac80000, 0x00000007c0000000)
  eden space 59392K, 100% used [0x0000000795580000,0x0000000798f80000,0x0000000798f80000)
  from space 10240K, 63% used [0x0000000798f80000,0x00000007995dd9d8,0x0000000799980000)
  to   space 9728K, 0% used [0x000000079a300000,0x000000079a300000,0x000000079ac80000)
 ParOldGen       total 66048K, used 10669K [0x0000000740000000, 0x0000000744080000, 0x0000000795580000)
  object space 66048K, 16% used [0x0000000740000000,0x0000000740a6b5e8,0x0000000744080000)
 Metaspace       used 29862K, capacity 30750K, committed 30848K, reserved 1075200K
  class space    used 4100K, capacity 4429K, committed 4480K, reserved 1048576K
Event: 7.100 GC heap after
Heap after GC invocations=9 (full 1):
 PSYoungGen      total 77312K, used 9700K [0x0000000795580000, 0x000000079c480000, 0x00000007c0000000)
  eden space 67584K, 0% used [0x0000000795580000,0x0000000795580000,0x0000000799780000)
  from space 9728K, 99% used [0x000000079a300000,0x000000079ac79030,0x000000079ac80000)
  to   space 11776K, 0% used [0x0000000799780000,0x0000000799780000,0x000000079a300000)
 ParOldGen       total 66048K, used 12895K [0x0000000740000000, 0x0000000744080000, 0x0000000795580000)
  object space 66048K, 19% used [0x0000000740000000,0x0000000740c97ed8,0x0000000744080000)
 Metaspace       used 29862K, capacity 30750K, committed 30848K, reserved 1075200K
  class space    used 4100K, capacity 4429K, committed 4480K, reserved 1048576K
}

