# JRE version: Java(TM) SE Runtime Environment (8.0_101-b13) (build 1.8.0_101-b13)
# Java VM: Java HotSpot(TM) 64-Bit Server VM (25.101-b13 mixed mode bsd-amd64 compressed oops)
Heap:
 PSYoungGen      total 172544K, used 94957K [0x0000000795580000, 0x00000007a2f80000, 0x00000007c0000000)
  eden space 156160K, 50% used [0x0000000795580000,0x000000079a23d1d0,0x000000079ee00000)
  from space 16384K, 99% used [0x000000079ee00000,0x000000079fdfe400,0x000000079fe00000)
  to   space 18944K, 0% used [0x00000007a1d00000,0x00000007a1d00000,0x00000007a2f80000)
 ParOldGen       total 110080K, used 25035K [0x0000000740000000, 0x0000000746b80000, 0x0000000795580000)
  object space 110080K, 22% used [0x0000000740000000,0x0000000741872ed8,0x0000000746b80000)
 Metaspace       used 39954K, capacity 41218K, committed 41560K, reserved 1085440K
  class space    used 5630K, capacity 6178K, committed 6272K, reserved 1048576K
GC Heap History (10 events):
Event: 4.975 GC heap before
{Heap before GC invocations=7 (full 1):
 PSYoungGen      total 71680K, used 66560K [0x0000000795580000, 0x000000079ea80000, 0x00000007c0000000)
  eden space 66560K, 100% used [0x0000000795580000,0x0000000799680000,0x0000000799680000)
  from space 5120K, 0% used [0x0000000799680000,0x0000000799680000,0x0000000799b80000)
  to   space 9728K, 0% used [0x000000079e100000,0x000000079e100000,0x000000079ea80000)
 ParOldGen       total 60416K, used 8850K [0x0000000740000000, 0x0000000743b00000, 0x0000000795580000)
  object space 60416K, 14% used [0x0000000740000000,0x00000007408a4880,0x0000000743b00000)
 Metaspace       used 25339K, capacity 25984K, committed 26240K, reserved 1071104K
  class space    used 3431K, capacity 3673K, committed 3712K, reserved 1048576K
Event: 4.986 GC heap after
Heap after GC invocations=7 (full 1):
 PSYoungGen      total 109056K, used 5962K [0x0000000795580000, 0x000000079e700000, 0x00000007c0000000)
  eden space 102912K, 0% used [0x0000000795580000,0x0000000795580000,0x000000079ba00000)
  from space 6144K, 97% used [0x000000079e100000,0x000000079e6d28a8,0x000000079e700000)
  to   space 9728K, 0% used [0x000000079d400000,0x000000079d400000,0x000000079dd80000)
 ParOldGen       total 60416K, used 8922K [0x0000000740000000, 0x0000000743b00000, 0x0000000795580000)
  object space 60416K, 14% used [0x0000000740000000,0x00000007408b6890,0x0000000743b00000)
 Metaspace       used 25339K, capacity 25984K, committed 26240K, reserved 1071104K
  class space    used 3431K, capacity 3673K, committed 3712K, reserved 1048576K
}
Event: 7.129 GC heap before
{Heap before GC invocations=8 (full 1):
 PSYoungGen      total 109056K, used 108874K [0x0000000795580000, 0x000000079e700000, 0x00000007c0000000)
  eden space 102912K, 100% used [0x0000000795580000,0x000000079ba00000,0x000000079ba00000)
  from space 6144K, 97% used [0x000000079e100000,0x000000079e6d28a8,0x000000079e700000)
  to   space 9728K, 0% used [0x000000079d400000,0x000000079d400000,0x000000079dd80000)
 ParOldGen       total 60416K, used 8922K [0x0000000740000000, 0x0000000743b00000, 0x0000000795580000)
  object space 60416K, 14% used [0x0000000740000000,0x00000007408b6890,0x0000000743b00000)
 Metaspace       used 32149K, capacity 33082K, committed 33280K, reserved 1077248K
  class space    used 4464K, capacity 4838K, committed 4864K, reserved 1048576K
Event: 7.161 GC heap after
Heap after GC invocations=8 (full 1):
 PSYoungGen      total 139264K, used 9716K [0x0000000795580000, 0x00000007a0c00000, 0x00000007c0000000)
  eden space 129536K, 0% used [0x0000000795580000,0x0000000795580000,0x000000079d400000)
  from space 9728K, 99% used [0x000000079d400000,0x000000079dd7d010,0x000000079dd80000)
  to   space 14336K, 0% used [0x000000079fe00000,0x000000079fe00000,0x00000007a0c00000)
 ParOldGen       total 60416K, used 16268K [0x0000000740000000, 0x0000000743b00000, 0x0000000795580000)
  object space 60416K, 26% used [0x0000000740000000,0x0000000740fe3270,0x0000000743b00000)
 Metaspace       used 32149K, capacity 33082K, committed 33280K, reserved 1077248K
  class space    used 4464K, capacity 4838K, committed 4864K, reserved 1048576K
}
Event: 7.892 GC heap before
{Heap before GC invocations=9 (full 1):
 PSYoungGen      total 139264K, used 53471K [0x0000000795580000, 0x00000007a0c00000, 0x00000007c0000000)
  eden space 129536K, 33% used [0x0000000795580000,0x000000079803ad68,0x000000079d400000)
  from space 9728K, 99% used [0x000000079d400000,0x000000079dd7d010,0x000000079dd80000)
  to   space 14336K, 0% used [0x000000079fe00000,0x000000079fe00000,0x00000007a0c00000)
 ParOldGen       total 60416K, used 16268K [0x0000000740000000, 0x0000000743b00000, 0x0000000795580000)
  object space 60416K, 26% used [0x0000000740000000,0x0000000740fe3270,0x0000000743b00000)
 Metaspace       used 34355K, capacity 35272K, committed 35416K, reserved 1079296K
  class space    used 4776K, capacity 5166K, committed 5248K, reserved 1048576K
Event: 7.919 GC heap after
Heap after GC invocations=9 (full 1):
 PSYoungGen      total 170496K, used 14310K [0x0000000795580000, 0x00000007a4000000, 0x00000007c0000000)
  eden space 156160K, 0% used [0x0000000795580000,0x0000000795580000,0x000000079ee00000)
  from space 14336K, 99% used [0x000000079fe00000,0x00000007a0bf9850,0x00000007a0c00000)
  to   space 16384K, 0% used [0x000000079ee00000,0x000000079ee00000,0x000000079fe00000)
 ParOldGen       total 60416K, used 16518K [0x0000000740000000, 0x0000000743b00000, 0x0000000795580000)
  object space 60416K, 27% used [0x0000000740000000,0x0000000741021928,0x0000000743b00000)
 Metaspace       used 34355K, capacity 35272K, committed 35416K, reserved 1079296K
  class space    used 4776K, capacity 5166K, committed 5248K, reserved 1048576K
}
Event: 7.919 GC heap before
{Heap before GC invocations=10 (full 2):
 PSYoungGen      total 170496K, used 14310K [0x0000000795580000, 0x00000007a4000000, 0x00000007c0000000)
  eden space 156160K, 0% used [0x0000000795580000,0x0000000795580000,0x000000079ee00000)
  from space 14336K, 99% used [0x000000079fe00000,0x00000007a0bf9850,0x00000007a0c00000)
  to   space 16384K, 0% used [0x000000079ee00000,0x000000079ee00000,0x000000079fe00000)
 ParOldGen       total 60416K, used 16518K [0x0000000740000000, 0x0000000743b00000, 0x0000000795580000)
  object space 60416K, 27% used [0x0000000740000000,0x0000000741021928,0x0000000743b00000)
 Metaspace       used 34355K, capacity 35272K, committed 35416K, reserved 1079296K
  class space    used 4776K, capacity 5166K, committed 5248K, reserved 1048576K
Event: 8.214 GC heap after
Heap after GC invocations=10 (full 2):
 PSYoungGen      total 170496K, used 0K [0x0000000795580000, 0x00000007a4000000, 0x00000007c0000000)
  eden space 156160K, 0% used [0x0000000795580000,0x0000000795580000,0x000000079ee00000)
  from space 14336K, 0% used [0x000000079fe00000,0x000000079fe00000,0x00000007a0c00000)
  to   space 16384K, 0% used [0x000000079ee00000,0x000000079ee00000,0x000000079fe00000)
 ParOldGen       total 110080K, used 24549K [0x0000000740000000, 0x0000000746b80000, 0x0000000795580000)
  object space 110080K, 22% used [0x0000000740000000,0x00000007417f9470,0x0000000746b80000)
 Metaspace       used 34355K, capacity 35272K, committed 35416K, reserved 1079296K
  class space    used 4776K, capacity 5166K, committed 5248K, reserved 1048576K
}
Event: 11.329 GC heap before
{Heap before GC invocations=11 (full 2):
 PSYoungGen      total 170496K, used 156160K [0x0000000795580000, 0x00000007a4000000, 0x00000007c0000000)
  eden space 156160K, 100% used [0x0000000795580000,0x000000079ee00000,0x000000079ee00000)
  from space 14336K, 0% used [0x000000079fe00000,0x000000079fe00000,0x00000007a0c00000)
  to   space 16384K, 0% used [0x000000079ee00000,0x000000079ee00000,0x000000079fe00000)
 ParOldGen       total 110080K, used 24549K [0x0000000740000000, 0x0000000746b80000, 0x0000000795580000)
  object space 110080K, 22% used [0x0000000740000000,0x00000007417f9470,0x0000000746b80000)
 Metaspace       used 37819K, capacity 38954K, committed 39128K, reserved 1083392K
  class space    used 5314K, capacity 5795K, committed 5888K, reserved 1048576K
Event: 11.357 GC heap after
Heap after GC invocations=11 (full 2):
 PSYoungGen      total 172544K, used 16377K [0x0000000795580000, 0x00000007a2f80000, 0x00000007c0000000)
  eden space 156160K, 0% used [0x0000000795580000,0x0000000795580000,0x000000079ee00000)
  from space 16384K, 99% used [0x000000079ee00000,0x000000079fdfe400,0x000000079fe00000)
  to   space 18944K, 0% used [0x00000007a1d00000,0x00000007a1d00000,0x00000007a2f80000)
 ParOldGen       total 110080K, used 25035K [0x0000000740000000, 0x0000000746b80000, 0x0000000795580000)
  object space 110080K, 22% used [0x0000000740000000,0x0000000741872ed8,0x0000000746b80000)
 Metaspace       used 37819K, capacity 38954K, committed 39128K, reserved 1083392K
  class space    used 5314K, capacity 5795K, committed 5888K, reserved 1048576K
}

