# JRE version: Java(TM) SE Runtime Environment (8.0_101-b13) (build 1.8.0_101-b13)
# Java VM: Java HotSpot(TM) 64-Bit Server VM (25.101-b13 mixed mode bsd-amd64 compressed oops)
Heap:
 PSYoungGen      total 167936K, used 98491K [0x0000000795580000, 0x00000007a3580000, 0x00000007c0000000)
  eden space 151552K, 54% used [0x0000000795580000,0x000000079a5b41b8,0x000000079e980000)
  from space 16384K, 99% used [0x000000079e980000,0x000000079f97ad80,0x000000079f980000)
  to   space 18432K, 0% used [0x00000007a2380000,0x00000007a2380000,0x00000007a3580000)
 ParOldGen       total 104960K, used 24645K [0x0000000740000000, 0x0000000746680000, 0x0000000795580000)
  object space 104960K, 23% used [0x0000000740000000,0x0000000741811710,0x0000000746680000)
 Metaspace       used 39983K, capacity 41314K, committed 41560K, reserved 1085440K
  class space    used 5638K, capacity 6210K, committed 6272K, reserved 1048576K
GC Heap History (10 events):
Event: 2.993 GC heap before
{Heap before GC invocations=7 (full 1):
 PSYoungGen      total 71680K, used 66560K [0x0000000795580000, 0x000000079ea80000, 0x00000007c0000000)
  eden space 66560K, 100% used [0x0000000795580000,0x0000000799680000,0x0000000799680000)
  from space 5120K, 0% used [0x0000000799680000,0x0000000799680000,0x0000000799b80000)
  to   space 9728K, 0% used [0x000000079e100000,0x000000079e100000,0x000000079ea80000)
 ParOldGen       total 61952K, used 8893K [0x0000000740000000, 0x0000000743c80000, 0x0000000795580000)
  object space 61952K, 14% used [0x0000000740000000,0x00000007408af630,0x0000000743c80000)
 Metaspace       used 25326K, capacity 25984K, committed 26240K, reserved 1071104K
  class space    used 3436K, capacity 3673K, committed 3712K, reserved 1048576K
Event: 3.002 GC heap after
Heap after GC invocations=7 (full 1):
 PSYoungGen      total 106496K, used 5862K [0x0000000795580000, 0x000000079e700000, 0x00000007c0000000)
  eden space 100352K, 0% used [0x0000000795580000,0x0000000795580000,0x000000079b780000)
  from space 6144K, 95% used [0x000000079e100000,0x000000079e6b9a70,0x000000079e700000)
  to   space 9728K, 0% used [0x000000079d400000,0x000000079d400000,0x000000079dd80000)
 ParOldGen       total 61952K, used 8965K [0x0000000740000000, 0x0000000743c80000, 0x0000000795580000)
  object space 61952K, 14% used [0x0000000740000000,0x00000007408c1640,0x0000000743c80000)
 Metaspace       used 25326K, capacity 25984K, committed 26240K, reserved 1071104K
  class space    used 3436K, capacity 3673K, committed 3712K, reserved 1048576K
}
Event: 4.104 GC heap before
{Heap before GC invocations=8 (full 1):
 PSYoungGen      total 106496K, used 106214K [0x0000000795580000, 0x000000079e700000, 0x00000007c0000000)
  eden space 100352K, 100% used [0x0000000795580000,0x000000079b780000,0x000000079b780000)
  from space 6144K, 95% used [0x000000079e100000,0x000000079e6b9a70,0x000000079e700000)
  to   space 9728K, 0% used [0x000000079d400000,0x000000079d400000,0x000000079dd80000)
 ParOldGen       total 61952K, used 8965K [0x0000000740000000, 0x0000000743c80000, 0x0000000795580000)
  object space 61952K, 14% used [0x0000000740000000,0x00000007408c1640,0x0000000743c80000)
 Metaspace       used 32042K, capacity 33006K, committed 33280K, reserved 1077248K
  class space    used 4457K, capacity 4835K, committed 4864K, reserved 1048576K
Event: 4.144 GC heap after
Heap after GC invocations=8 (full 1):
 PSYoungGen      total 139264K, used 9716K [0x0000000795580000, 0x00000007a0780000, 0x00000007c0000000)
  eden space 129536K, 0% used [0x0000000795580000,0x0000000795580000,0x000000079d400000)
  from space 9728K, 99% used [0x000000079d400000,0x000000079dd7d010,0x000000079dd80000)
  to   space 14336K, 0% used [0x000000079f980000,0x000000079f980000,0x00000007a0780000)
 ParOldGen       total 61952K, used 15922K [0x0000000740000000, 0x0000000743c80000, 0x0000000795580000)
  object space 61952K, 25% used [0x0000000740000000,0x0000000740f8cbd8,0x0000000743c80000)
 Metaspace       used 32042K, capacity 33006K, committed 33280K, reserved 1077248K
  class space    used 4457K, capacity 4835K, committed 4864K, reserved 1048576K
}
Event: 4.677 GC heap before
{Heap before GC invocations=9 (full 1):
 PSYoungGen      total 139264K, used 55877K [0x0000000795580000, 0x00000007a0780000, 0x00000007c0000000)
  eden space 129536K, 35% used [0x0000000795580000,0x00000007982944a8,0x000000079d400000)
  from space 9728K, 99% used [0x000000079d400000,0x000000079dd7d010,0x000000079dd80000)
  to   space 14336K, 0% used [0x000000079f980000,0x000000079f980000,0x00000007a0780000)
 ParOldGen       total 61952K, used 15922K [0x0000000740000000, 0x0000000743c80000, 0x0000000795580000)
  object space 61952K, 25% used [0x0000000740000000,0x0000000740f8cbd8,0x0000000743c80000)
 Metaspace       used 34339K, capacity 35304K, committed 35416K, reserved 1079296K
  class space    used 4787K, capacity 5198K, committed 5248K, reserved 1048576K
Event: 4.715 GC heap after
Heap after GC invocations=9 (full 1):
 PSYoungGen      total 165888K, used 14325K [0x0000000795580000, 0x00000007a4080000, 0x00000007c0000000)
  eden space 151552K, 0% used [0x0000000795580000,0x0000000795580000,0x000000079e980000)
  from space 14336K, 99% used [0x000000079f980000,0x00000007a077d4c8,0x00000007a0780000)
  to   space 16384K, 0% used [0x000000079e980000,0x000000079e980000,0x000000079f980000)
 ParOldGen       total 61952K, used 16501K [0x0000000740000000, 0x0000000743c80000, 0x0000000795580000)
  object space 61952K, 26% used [0x0000000740000000,0x000000074101d6c8,0x0000000743c80000)
 Metaspace       used 34339K, capacity 35304K, committed 35416K, reserved 1079296K
  class space    used 4787K, capacity 5198K, committed 5248K, reserved 1048576K
}
Event: 4.715 GC heap before
{Heap before GC invocations=10 (full 2):
 PSYoungGen      total 165888K, used 14325K [0x0000000795580000, 0x00000007a4080000, 0x00000007c0000000)
  eden space 151552K, 0% used [0x0000000795580000,0x0000000795580000,0x000000079e980000)
  from space 14336K, 99% used [0x000000079f980000,0x00000007a077d4c8,0x00000007a0780000)
  to   space 16384K, 0% used [0x000000079e980000,0x000000079e980000,0x000000079f980000)
 ParOldGen       total 61952K, used 16501K [0x0000000740000000, 0x0000000743c80000, 0x0000000795580000)
  object space 61952K, 26% used [0x0000000740000000,0x000000074101d6c8,0x0000000743c80000)
 Metaspace       used 34339K, capacity 35304K, committed 35416K, reserved 1079296K
  class space    used 4787K, capacity 5198K, committed 5248K, reserved 1048576K
Event: 4.861 GC heap after
Heap after GC invocations=10 (full 2):
 PSYoungGen      total 165888K, used 0K [0x0000000795580000, 0x00000007a4080000, 0x00000007c0000000)
  eden space 151552K, 0% used [0x0000000795580000,0x0000000795580000,0x000000079e980000)
  from space 14336K, 0% used [0x000000079f980000,0x000000079f980000,0x00000007a0780000)
  to   space 16384K, 0% used [0x000000079e980000,0x000000079e980000,0x000000079f980000)
 ParOldGen       total 104960K, used 24585K [0x0000000740000000, 0x0000000746680000, 0x0000000795580000)
  object space 104960K, 23% used [0x0000000740000000,0x0000000741802640,0x0000000746680000)
 Metaspace       used 34339K, capacity 35304K, committed 35416K, reserved 1079296K
  class space    used 4787K, capacity 5198K, committed 5248K, reserved 1048576K
}
Event: 6.340 GC heap before
{Heap before GC invocations=11 (full 2):
 PSYoungGen      total 165888K, used 151552K [0x0000000795580000, 0x00000007a4080000, 0x00000007c0000000)
  eden space 151552K, 100% used [0x0000000795580000,0x000000079e980000,0x000000079e980000)
  from space 14336K, 0% used [0x000000079f980000,0x000000079f980000,0x00000007a0780000)
  to   space 16384K, 0% used [0x000000079e980000,0x000000079e980000,0x000000079f980000)
 ParOldGen       total 104960K, used 24585K [0x0000000740000000, 0x0000000746680000, 0x0000000795580000)
  object space 104960K, 23% used [0x0000000740000000,0x0000000741802640,0x0000000746680000)
 Metaspace       used 37696K, capacity 38808K, committed 39128K, reserved 1083392K
  class space    used 5306K, capacity 5792K, committed 5888K, reserved 1048576K
Event: 6.365 GC heap after
Heap after GC invocations=11 (full 2):
 PSYoungGen      total 167936K, used 16363K [0x0000000795580000, 0x00000007a3580000, 0x00000007c0000000)
  eden space 151552K, 0% used [0x0000000795580000,0x0000000795580000,0x000000079e980000)
  from space 16384K, 99% used [0x000000079e980000,0x000000079f97ad80,0x000000079f980000)
  to   space 18432K, 0% used [0x00000007a2380000,0x00000007a2380000,0x00000007a3580000)
 ParOldGen       total 104960K, used 24645K [0x0000000740000000, 0x0000000746680000, 0x0000000795580000)
  object space 104960K, 23% used [0x0000000740000000,0x0000000741811710,0x0000000746680000)
 Metaspace       used 37696K, capacity 38808K, committed 39128K, reserved 1083392K
  class space    used 5306K, capacity 5792K, committed 5888K, reserved 1048576K
}

