# JRE version: Java(TM) SE Runtime Environment (8.0_101-b13) (build 1.8.0_101-b13)
# Java VM: Java HotSpot(TM) 64-Bit Server VM (25.101-b13 mixed mode bsd-amd64 compressed oops)
Heap:
 PSYoungGen      total 208384K, used 4112K [0x0000000795580000, 0x00000007a3880000, 0x00000007c0000000)
  eden space 193536K, 2% used [0x0000000795580000,0x00000007959840d0,0x00000007a1280000)
  from space 14848K, 0% used [0x00000007a2400000,0x00000007a2400000,0x00000007a3280000)
  to   space 17920K, 0% used [0x00000007a1280000,0x00000007a1280000,0x00000007a2400000)
 ParOldGen       total 118272K, used 26340K [0x0000000740000000, 0x0000000747380000, 0x0000000795580000)
  object space 118272K, 22% used [0x0000000740000000,0x00000007419b9008,0x0000000747380000)
 Metaspace       used 34413K, capacity 35400K, committed 35672K, reserved 1079296K
  class space    used 4788K, capacity 5166K, committed 5248K, reserved 1048576K
GC Heap History (10 events):
Event: 5.004 GC heap before
{Heap before GC invocations=4 (full 0):
 PSYoungGen      total 71680K, used 25010K [0x0000000795580000, 0x000000079e180000, 0x00000007c0000000)
  eden space 66560K, 29% used [0x0000000795580000,0x00000007968f0918,0x0000000799680000)
  from space 5120K, 99% used [0x0000000799680000,0x0000000799b7c010,0x0000000799b80000)
  to   space 5120K, 0% used [0x000000079dc80000,0x000000079dc80000,0x000000079e180000)
 ParOldGen       total 87552K, used 7267K [0x0000000740000000, 0x0000000745580000, 0x0000000795580000)
  object space 87552K, 8% used [0x0000000740000000,0x0000000740718c98,0x0000000745580000)
 Metaspace       used 20788K, capacity 21118K, committed 21248K, reserved 1067008K
  class space    used 2822K, capacity 2978K, committed 3072K, reserved 1048576K
Event: 5.015 GC heap after
Heap after GC invocations=4 (full 0):
 PSYoungGen      total 138240K, used 5088K [0x0000000795580000, 0x000000079e180000, 0x00000007c0000000)
  eden space 133120K, 0% used [0x0000000795580000,0x0000000795580000,0x000000079d780000)
  from space 5120K, 99% used [0x000000079dc80000,0x000000079e178060,0x000000079e180000)
  to   space 5120K, 0% used [0x000000079d780000,0x000000079d780000,0x000000079dc80000)
 ParOldGen       total 87552K, used 9413K [0x0000000740000000, 0x0000000745580000, 0x0000000795580000)
  object space 87552K, 10% used [0x0000000740000000,0x00000007409317f8,0x0000000745580000)
 Metaspace       used 20788K, capacity 21118K, committed 21248K, reserved 1067008K
  class space    used 2822K, capacity 2978K, committed 3072K, reserved 1048576K
}
Event: 5.015 GC heap before
{Heap before GC invocations=5 (full 1):
 PSYoungGen      total 138240K, used 5088K [0x0000000795580000, 0x000000079e180000, 0x00000007c0000000)
  eden space 133120K, 0% used [0x0000000795580000,0x0000000795580000,0x000000079d780000)
  from space 5120K, 99% used [0x000000079dc80000,0x000000079e178060,0x000000079e180000)
  to   space 5120K, 0% used [0x000000079d780000,0x000000079d780000,0x000000079dc80000)
 ParOldGen       total 87552K, used 9413K [0x0000000740000000, 0x0000000745580000, 0x0000000795580000)
  object space 87552K, 10% used [0x0000000740000000,0x00000007409317f8,0x0000000745580000)
 Metaspace       used 20788K, capacity 21118K, committed 21248K, reserved 1067008K
  class space    used 2822K, capacity 2978K, committed 3072K, reserved 1048576K
Event: 5.091 GC heap after
Heap after GC invocations=5 (full 1):
 PSYoungGen      total 138240K, used 0K [0x0000000795580000, 0x000000079e180000, 0x00000007c0000000)
  eden space 133120K, 0% used [0x0000000795580000,0x0000000795580000,0x000000079d780000)
  from space 5120K, 0% used [0x000000079dc80000,0x000000079dc80000,0x000000079e180000)
  to   space 5120K, 0% used [0x000000079d780000,0x000000079d780000,0x000000079dc80000)
 ParOldGen       total 65536K, used 8864K [0x0000000740000000, 0x0000000744000000, 0x0000000795580000)
  object space 65536K, 13% used [0x0000000740000000,0x00000007408a8088,0x0000000744000000)
 Metaspace       used 20788K, capacity 21118K, committed 21248K, reserved 1067008K
  class space    used 2822K, capacity 2978K, committed 3072K, reserved 1048576K
}
Event: 8.731 GC heap before
{Heap before GC invocations=6 (full 1):
 PSYoungGen      total 138240K, used 133120K [0x0000000795580000, 0x000000079e180000, 0x00000007c0000000)
  eden space 133120K, 100% used [0x0000000795580000,0x000000079d780000,0x000000079d780000)
  from space 5120K, 0% used [0x000000079dc80000,0x000000079dc80000,0x000000079e180000)
  to   space 5120K, 0% used [0x000000079d780000,0x000000079d780000,0x000000079dc80000)
 ParOldGen       total 65536K, used 8864K [0x0000000740000000, 0x0000000744000000, 0x0000000795580000)
  object space 65536K, 13% used [0x0000000740000000,0x00000007408a8088,0x0000000744000000)
 Metaspace       used 29450K, capacity 30278K, committed 30464K, reserved 1075200K
  class space    used 4028K, capacity 4313K, committed 4352K, reserved 1048576K
Event: 8.771 GC heap after
Heap after GC invocations=6 (full 1):
 PSYoungGen      total 138240K, used 5092K [0x0000000795580000, 0x00000007a3280000, 0x00000007c0000000)
  eden space 133120K, 0% used [0x0000000795580000,0x0000000795580000,0x000000079d780000)
  from space 5120K, 99% used [0x000000079d780000,0x000000079dc79020,0x000000079dc80000)
  to   space 14848K, 0% used [0x00000007a2400000,0x00000007a2400000,0x00000007a3280000)
 ParOldGen       total 65536K, used 17902K [0x0000000740000000, 0x0000000744000000, 0x0000000795580000)
  object space 65536K, 27% used [0x0000000740000000,0x000000074117b8a0,0x0000000744000000)
 Metaspace       used 29450K, capacity 30278K, committed 30464K, reserved 1075200K
  class space    used 4028K, capacity 4313K, committed 4352K, reserved 1048576K
}
Event: 10.466 GC heap before
{Heap before GC invocations=7 (full 1):
 PSYoungGen      total 138240K, used 88757K [0x0000000795580000, 0x00000007a3280000, 0x00000007c0000000)
  eden space 133120K, 62% used [0x0000000795580000,0x000000079a734490,0x000000079d780000)
  from space 5120K, 99% used [0x000000079d780000,0x000000079dc79020,0x000000079dc80000)
  to   space 14848K, 0% used [0x00000007a2400000,0x00000007a2400000,0x00000007a3280000)
 ParOldGen       total 65536K, used 17902K [0x0000000740000000, 0x0000000744000000, 0x0000000795580000)
  object space 65536K, 27% used [0x0000000740000000,0x000000074117b8a0,0x0000000744000000)
 Metaspace       used 34332K, capacity 35272K, committed 35416K, reserved 1079296K
  class space    used 4779K, capacity 5166K, committed 5248K, reserved 1048576K
Event: 10.490 GC heap after
Heap after GC invocations=7 (full 1):
 PSYoungGen      total 208384K, used 14824K [0x0000000795580000, 0x00000007a3880000, 0x00000007c0000000)
  eden space 193536K, 0% used [0x0000000795580000,0x0000000795580000,0x00000007a1280000)
  from space 14848K, 99% used [0x00000007a2400000,0x00000007a327a330,0x00000007a3280000)
  to   space 17920K, 0% used [0x00000007a1280000,0x00000007a1280000,0x00000007a2400000)
 ParOldGen       total 65536K, used 19145K [0x0000000740000000, 0x0000000744000000, 0x0000000795580000)
  object space 65536K, 29% used [0x0000000740000000,0x00000007412b2448,0x0000000744000000)
 Metaspace       used 34332K, capacity 35272K, committed 35416K, reserved 1079296K
  class space    used 4779K, capacity 5166K, committed 5248K, reserved 1048576K
}
Event: 10.490 GC heap before
{Heap before GC invocations=8 (full 2):
 PSYoungGen      total 208384K, used 14824K [0x0000000795580000, 0x00000007a3880000, 0x00000007c0000000)
  eden space 193536K, 0% used [0x0000000795580000,0x0000000795580000,0x00000007a1280000)
  from space 14848K, 99% used [0x00000007a2400000,0x00000007a327a330,0x00000007a3280000)
  to   space 17920K, 0% used [0x00000007a1280000,0x00000007a1280000,0x00000007a2400000)
 ParOldGen       total 65536K, used 19145K [0x0000000740000000, 0x0000000744000000, 0x0000000795580000)
  object space 65536K, 29% used [0x0000000740000000,0x00000007412b2448,0x0000000744000000)
 Metaspace       used 34332K, capacity 35272K, committed 35416K, reserved 1079296K
  class space    used 4779K, capacity 5166K, committed 5248K, reserved 1048576K
Event: 10.651 GC heap after
Heap after GC invocations=8 (full 2):
 PSYoungGen      total 208384K, used 0K [0x0000000795580000, 0x00000007a3880000, 0x00000007c0000000)
  eden space 193536K, 0% used [0x0000000795580000,0x0000000795580000,0x00000007a1280000)
  from space 14848K, 0% used [0x00000007a2400000,0x00000007a2400000,0x00000007a3280000)
  to   space 17920K, 0% used [0x00000007a1280000,0x00000007a1280000,0x00000007a2400000)
 ParOldGen       total 118272K, used 26340K [0x0000000740000000, 0x0000000747380000, 0x0000000795580000)
  object space 118272K, 22% used [0x0000000740000000,0x00000007419b9008,0x0000000747380000)
 Metaspace       used 34332K, capacity 35272K, committed 35416K, reserved 1079296K
  class space    used 4779K, capacity 5166K, committed 5248K, reserved 1048576K
}

