# JRE version: Java(TM) SE Runtime Environment (8.0_101-b13) (build 1.8.0_101-b13)
# Java VM: Java HotSpot(TM) 64-Bit Server VM (25.101-b13 mixed mode bsd-amd64 compressed oops)
Heap:
 PSYoungGen      total 217600K, used 44226K [0x0000000795580000, 0x00000007a4280000, 0x00000007c0000000)
  eden space 202240K, 21% used [0x0000000795580000,0x00000007980b0b28,0x00000007a1b00000)
  from space 15360K, 0% used [0x00000007a2d00000,0x00000007a2d00000,0x00000007a3c00000)
  to   space 18432K, 0% used [0x00000007a1b00000,0x00000007a1b00000,0x00000007a2d00000)
 ParOldGen       total 110080K, used 27521K [0x0000000740000000, 0x0000000746b80000, 0x0000000795580000)
  object space 110080K, 25% used [0x0000000740000000,0x0000000741ae0498,0x0000000746b80000)
 Metaspace       used 35290K, capacity 36318K, committed 36568K, reserved 1081344K
  class space    used 4897K, capacity 5316K, committed 5376K, reserved 1048576K
GC Heap History (10 events):
Event: 6.175 GC heap before
{Heap before GC invocations=4 (full 0):
 PSYoungGen      total 71680K, used 21296K [0x0000000795580000, 0x000000079e180000, 0x00000007c0000000)
  eden space 66560K, 24% used [0x0000000795580000,0x0000000796550288,0x0000000799680000)
  from space 5120K, 99% used [0x0000000799680000,0x0000000799b7c010,0x0000000799b80000)
  to   space 5120K, 0% used [0x000000079dc80000,0x000000079dc80000,0x000000079e180000)
 ParOldGen       total 87552K, used 7226K [0x0000000740000000, 0x0000000745580000, 0x0000000795580000)
  object space 87552K, 8% used [0x0000000740000000,0x000000074070e838,0x0000000745580000)
 Metaspace       used 20797K, capacity 21118K, committed 21248K, reserved 1067008K
  class space    used 2823K, capacity 2978K, committed 3072K, reserved 1048576K
Event: 6.188 GC heap after
Heap after GC invocations=4 (full 0):
 PSYoungGen      total 138240K, used 5104K [0x0000000795580000, 0x000000079e180000, 0x00000007c0000000)
  eden space 133120K, 0% used [0x0000000795580000,0x0000000795580000,0x000000079d780000)
  from space 5120K, 99% used [0x000000079dc80000,0x000000079e17c040,0x000000079e180000)
  to   space 5120K, 0% used [0x000000079d780000,0x000000079d780000,0x000000079dc80000)
 ParOldGen       total 87552K, used 8943K [0x0000000740000000, 0x0000000745580000, 0x0000000795580000)
  object space 87552K, 10% used [0x0000000740000000,0x00000007408bbe98,0x0000000745580000)
 Metaspace       used 20797K, capacity 21118K, committed 21248K, reserved 1067008K
  class space    used 2823K, capacity 2978K, committed 3072K, reserved 1048576K
}
Event: 6.188 GC heap before
{Heap before GC invocations=5 (full 1):
 PSYoungGen      total 138240K, used 5104K [0x0000000795580000, 0x000000079e180000, 0x00000007c0000000)
  eden space 133120K, 0% used [0x0000000795580000,0x0000000795580000,0x000000079d780000)
  from space 5120K, 99% used [0x000000079dc80000,0x000000079e17c040,0x000000079e180000)
  to   space 5120K, 0% used [0x000000079d780000,0x000000079d780000,0x000000079dc80000)
 ParOldGen       total 87552K, used 8943K [0x0000000740000000, 0x0000000745580000, 0x0000000795580000)
  object space 87552K, 10% used [0x0000000740000000,0x00000007408bbe98,0x0000000745580000)
 Metaspace       used 20797K, capacity 21118K, committed 21248K, reserved 1067008K
  class space    used 2823K, capacity 2978K, committed 3072K, reserved 1048576K
Event: 6.257 GC heap after
Heap after GC invocations=5 (full 1):
 PSYoungGen      total 138240K, used 0K [0x0000000795580000, 0x000000079e180000, 0x00000007c0000000)
  eden space 133120K, 0% used [0x0000000795580000,0x0000000795580000,0x000000079d780000)
  from space 5120K, 0% used [0x000000079dc80000,0x000000079dc80000,0x000000079e180000)
  to   space 5120K, 0% used [0x000000079d780000,0x000000079d780000,0x000000079dc80000)
 ParOldGen       total 62464K, used 8499K [0x0000000740000000, 0x0000000743d00000, 0x0000000795580000)
  object space 62464K, 13% used [0x0000000740000000,0x000000074084cc30,0x0000000743d00000)
 Metaspace       used 20797K, capacity 21118K, committed 21248K, reserved 1067008K
  class space    used 2823K, capacity 2978K, committed 3072K, reserved 1048576K
}
Event: 10.397 GC heap before
{Heap before GC invocations=6 (full 1):
 PSYoungGen      total 138240K, used 133120K [0x0000000795580000, 0x000000079e180000, 0x00000007c0000000)
  eden space 133120K, 100% used [0x0000000795580000,0x000000079d780000,0x000000079d780000)
  from space 5120K, 0% used [0x000000079dc80000,0x000000079dc80000,0x000000079e180000)
  to   space 5120K, 0% used [0x000000079d780000,0x000000079d780000,0x000000079dc80000)
 ParOldGen       total 62464K, used 8499K [0x0000000740000000, 0x0000000743d00000, 0x0000000795580000)
  object space 62464K, 13% used [0x0000000740000000,0x000000074084cc30,0x0000000743d00000)
 Metaspace       used 29311K, capacity 30118K, committed 30464K, reserved 1075200K
  class space    used 4005K, capacity 4281K, committed 4352K, reserved 1048576K
Event: 10.427 GC heap after
Heap after GC invocations=6 (full 1):
 PSYoungGen      total 138240K, used 5120K [0x0000000795580000, 0x00000007a3c00000, 0x00000007c0000000)
  eden space 133120K, 0% used [0x0000000795580000,0x0000000795580000,0x000000079d780000)
  from space 5120K, 100% used [0x000000079d780000,0x000000079dc80000,0x000000079dc80000)
  to   space 15360K, 0% used [0x00000007a2d00000,0x00000007a2d00000,0x00000007a3c00000)
 ParOldGen       total 62464K, used 17657K [0x0000000740000000, 0x0000000743d00000, 0x0000000795580000)
  object space 62464K, 28% used [0x0000000740000000,0x000000074113e740,0x0000000743d00000)
 Metaspace       used 29311K, capacity 30118K, committed 30464K, reserved 1075200K
  class space    used 4005K, capacity 4281K, committed 4352K, reserved 1048576K
}
Event: 12.088 GC heap before
{Heap before GC invocations=7 (full 1):
 PSYoungGen      total 138240K, used 90465K [0x0000000795580000, 0x00000007a3c00000, 0x00000007c0000000)
  eden space 133120K, 64% used [0x0000000795580000,0x000000079a8d8408,0x000000079d780000)
  from space 5120K, 100% used [0x000000079d780000,0x000000079dc80000,0x000000079dc80000)
  to   space 15360K, 0% used [0x00000007a2d00000,0x00000007a2d00000,0x00000007a3c00000)
 ParOldGen       total 62464K, used 17657K [0x0000000740000000, 0x0000000743d00000, 0x0000000795580000)
  object space 62464K, 28% used [0x0000000740000000,0x000000074113e740,0x0000000743d00000)
 Metaspace       used 34339K, capacity 35304K, committed 35416K, reserved 1079296K
  class space    used 4790K, capacity 5198K, committed 5248K, reserved 1048576K
Event: 12.112 GC heap after
Heap after GC invocations=7 (full 1):
 PSYoungGen      total 217600K, used 15338K [0x0000000795580000, 0x00000007a4280000, 0x00000007c0000000)
  eden space 202240K, 0% used [0x0000000795580000,0x0000000795580000,0x00000007a1b00000)
  from space 15360K, 99% used [0x00000007a2d00000,0x00000007a3bfa850,0x00000007a3c00000)
  to   space 18432K, 0% used [0x00000007a1b00000,0x00000007a1b00000,0x00000007a2d00000)
 ParOldGen       total 62464K, used 18730K [0x0000000740000000, 0x0000000743d00000, 0x0000000795580000)
  object space 62464K, 29% used [0x0000000740000000,0x000000074124a8b0,0x0000000743d00000)
 Metaspace       used 34339K, capacity 35304K, committed 35416K, reserved 1079296K
  class space    used 4790K, capacity 5198K, committed 5248K, reserved 1048576K
}
Event: 12.112 GC heap before
{Heap before GC invocations=8 (full 2):
 PSYoungGen      total 217600K, used 15338K [0x0000000795580000, 0x00000007a4280000, 0x00000007c0000000)
  eden space 202240K, 0% used [0x0000000795580000,0x0000000795580000,0x00000007a1b00000)
  from space 15360K, 99% used [0x00000007a2d00000,0x00000007a3bfa850,0x00000007a3c00000)
  to   space 18432K, 0% used [0x00000007a1b00000,0x00000007a1b00000,0x00000007a2d00000)
 ParOldGen       total 62464K, used 18730K [0x0000000740000000, 0x0000000743d00000, 0x0000000795580000)
  object space 62464K, 29% used [0x0000000740000000,0x000000074124a8b0,0x0000000743d00000)
 Metaspace       used 34339K, capacity 35304K, committed 35416K, reserved 1079296K
  class space    used 4790K, capacity 5198K, committed 5248K, reserved 1048576K
Event: 12.219 GC heap after
Heap after GC invocations=8 (full 2):
 PSYoungGen      total 217600K, used 0K [0x0000000795580000, 0x00000007a4280000, 0x00000007c0000000)
  eden space 202240K, 0% used [0x0000000795580000,0x0000000795580000,0x00000007a1b00000)
  from space 15360K, 0% used [0x00000007a2d00000,0x00000007a2d00000,0x00000007a3c00000)
  to   space 18432K, 0% used [0x00000007a1b00000,0x00000007a1b00000,0x00000007a2d00000)
 ParOldGen       total 110080K, used 27521K [0x0000000740000000, 0x0000000746b80000, 0x0000000795580000)
  object space 110080K, 25% used [0x0000000740000000,0x0000000741ae0498,0x0000000746b80000)
 Metaspace       used 34339K, capacity 35304K, committed 35416K, reserved 1079296K
  class space    used 4790K, capacity 5198K, committed 5248K, reserved 1048576K
}

