# JRE version: Java(TM) SE Runtime Environment (8.0_101-b13) (build 1.8.0_101-b13)
# Java VM: Java HotSpot(TM) 64-Bit Server VM (25.101-b13 mixed mode bsd-amd64 compressed oops)
Heap:
 PSYoungGen      total 159744K, used 98849K [0x0000000795580000, 0x00000007a2380000, 0x00000007c0000000)
  eden space 143360K, 58% used [0x0000000795580000,0x000000079a7ba278,0x000000079e180000)
  from space 16384K, 89% used [0x000000079e180000,0x000000079efce400,0x000000079f180000)
  to   space 17920K, 0% used [0x00000007a1200000,0x00000007a1200000,0x00000007a2380000)
 ParOldGen       total 110080K, used 24590K [0x0000000740000000, 0x0000000746b80000, 0x0000000795580000)
  object space 110080K, 22% used [0x0000000740000000,0x0000000741803868,0x0000000746b80000)
 Metaspace       used 39498K, capacity 40744K, committed 40920K, reserved 1083392K
  class space    used 5550K, capacity 6077K, committed 6144K, reserved 1048576K
GC Heap History (10 events):
Event: 4.633 GC heap before
{Heap before GC invocations=7 (full 1):
 PSYoungGen      total 71680K, used 66560K [0x0000000795580000, 0x000000079ea80000, 0x00000007c0000000)
  eden space 66560K, 100% used [0x0000000795580000,0x0000000799680000,0x0000000799680000)
  from space 5120K, 0% used [0x0000000799680000,0x0000000799680000,0x0000000799b80000)
  to   space 9728K, 0% used [0x000000079e100000,0x000000079e100000,0x000000079ea80000)
 ParOldGen       total 62464K, used 8896K [0x0000000740000000, 0x0000000743d00000, 0x0000000795580000)
  object space 62464K, 14% used [0x0000000740000000,0x00000007408b0298,0x0000000743d00000)
 Metaspace       used 25380K, capacity 26048K, committed 26240K, reserved 1071104K
  class space    used 3436K, capacity 3673K, committed 3712K, reserved 1048576K
Event: 4.648 GC heap after
Heap after GC invocations=7 (full 1):
 PSYoungGen      total 105472K, used 6066K [0x0000000795580000, 0x000000079e700000, 0x00000007c0000000)
  eden space 99328K, 0% used [0x0000000795580000,0x0000000795580000,0x000000079b680000)
  from space 6144K, 98% used [0x000000079e100000,0x000000079e6eca18,0x000000079e700000)
  to   space 9728K, 0% used [0x000000079d400000,0x000000079d400000,0x000000079dd80000)
 ParOldGen       total 62464K, used 8968K [0x0000000740000000, 0x0000000743d00000, 0x0000000795580000)
  object space 62464K, 14% used [0x0000000740000000,0x00000007408c22a8,0x0000000743d00000)
 Metaspace       used 25380K, capacity 26048K, committed 26240K, reserved 1071104K
  class space    used 3436K, capacity 3673K, committed 3712K, reserved 1048576K
}
Event: 6.570 GC heap before
{Heap before GC invocations=8 (full 1):
 PSYoungGen      total 105472K, used 105394K [0x0000000795580000, 0x000000079e700000, 0x00000007c0000000)
  eden space 99328K, 100% used [0x0000000795580000,0x000000079b680000,0x000000079b680000)
  from space 6144K, 98% used [0x000000079e100000,0x000000079e6eca18,0x000000079e700000)
  to   space 9728K, 0% used [0x000000079d400000,0x000000079d400000,0x000000079dd80000)
 ParOldGen       total 62464K, used 8968K [0x0000000740000000, 0x0000000743d00000, 0x0000000795580000)
  object space 62464K, 14% used [0x0000000740000000,0x00000007408c22a8,0x0000000743d00000)
 Metaspace       used 32090K, capacity 33006K, committed 33280K, reserved 1077248K
  class space    used 4456K, capacity 4835K, committed 4864K, reserved 1048576K
Event: 6.593 GC heap after
Heap after GC invocations=8 (full 1):
 PSYoungGen      total 139264K, used 9712K [0x0000000795580000, 0x000000079ff00000, 0x00000007c0000000)
  eden space 129536K, 0% used [0x0000000795580000,0x0000000795580000,0x000000079d400000)
  from space 9728K, 99% used [0x000000079d400000,0x000000079dd7c010,0x000000079dd80000)
  to   space 13824K, 0% used [0x000000079f180000,0x000000079f180000,0x000000079ff00000)
 ParOldGen       total 62464K, used 15885K [0x0000000740000000, 0x0000000743d00000, 0x0000000795580000)
  object space 62464K, 25% used [0x0000000740000000,0x0000000740f834c0,0x0000000743d00000)
 Metaspace       used 32090K, capacity 33006K, committed 33280K, reserved 1077248K
  class space    used 4456K, capacity 4835K, committed 4864K, reserved 1048576K
}
Event: 7.433 GC heap before
{Heap before GC invocations=9 (full 1):
 PSYoungGen      total 139264K, used 56085K [0x0000000795580000, 0x000000079ff00000, 0x00000007c0000000)
  eden space 129536K, 35% used [0x0000000795580000,0x00000007982c96e0,0x000000079d400000)
  from space 9728K, 99% used [0x000000079d400000,0x000000079dd7c010,0x000000079dd80000)
  to   space 13824K, 0% used [0x000000079f180000,0x000000079f180000,0x000000079ff00000)
 ParOldGen       total 62464K, used 15885K [0x0000000740000000, 0x0000000743d00000, 0x0000000795580000)
  object space 62464K, 25% used [0x0000000740000000,0x0000000740f834c0,0x0000000743d00000)
 Metaspace       used 34370K, capacity 35304K, committed 35416K, reserved 1079296K
  class space    used 4784K, capacity 5198K, committed 5248K, reserved 1048576K
Event: 7.453 GC heap after
Heap after GC invocations=9 (full 1):
 PSYoungGen      total 157184K, used 13808K [0x0000000795580000, 0x00000007a3280000, 0x00000007c0000000)
  eden space 143360K, 0% used [0x0000000795580000,0x0000000795580000,0x000000079e180000)
  from space 13824K, 99% used [0x000000079f180000,0x000000079fefc010,0x000000079ff00000)
  to   space 16384K, 0% used [0x000000079e180000,0x000000079e180000,0x000000079f180000)
 ParOldGen       total 62464K, used 17017K [0x0000000740000000, 0x0000000743d00000, 0x0000000795580000)
  object space 62464K, 27% used [0x0000000740000000,0x000000074109e7b0,0x0000000743d00000)
 Metaspace       used 34370K, capacity 35304K, committed 35416K, reserved 1079296K
  class space    used 4784K, capacity 5198K, committed 5248K, reserved 1048576K
}
Event: 7.453 GC heap before
{Heap before GC invocations=10 (full 2):
 PSYoungGen      total 157184K, used 13808K [0x0000000795580000, 0x00000007a3280000, 0x00000007c0000000)
  eden space 143360K, 0% used [0x0000000795580000,0x0000000795580000,0x000000079e180000)
  from space 13824K, 99% used [0x000000079f180000,0x000000079fefc010,0x000000079ff00000)
  to   space 16384K, 0% used [0x000000079e180000,0x000000079e180000,0x000000079f180000)
 ParOldGen       total 62464K, used 17017K [0x0000000740000000, 0x0000000743d00000, 0x0000000795580000)
  object space 62464K, 27% used [0x0000000740000000,0x000000074109e7b0,0x0000000743d00000)
 Metaspace       used 34370K, capacity 35304K, committed 35416K, reserved 1079296K
  class space    used 4784K, capacity 5198K, committed 5248K, reserved 1048576K
Event: 7.618 GC heap after
Heap after GC invocations=10 (full 2):
 PSYoungGen      total 157184K, used 0K [0x0000000795580000, 0x00000007a3280000, 0x00000007c0000000)
  eden space 143360K, 0% used [0x0000000795580000,0x0000000795580000,0x000000079e180000)
  from space 13824K, 0% used [0x000000079f180000,0x000000079f180000,0x000000079ff00000)
  to   space 16384K, 0% used [0x000000079e180000,0x000000079e180000,0x000000079f180000)
 ParOldGen       total 110080K, used 24582K [0x0000000740000000, 0x0000000746b80000, 0x0000000795580000)
  object space 110080K, 22% used [0x0000000740000000,0x0000000741801868,0x0000000746b80000)
 Metaspace       used 34370K, capacity 35304K, committed 35416K, reserved 1079296K
  class space    used 4784K, capacity 5198K, committed 5248K, reserved 1048576K
}
Event: 10.104 GC heap before
{Heap before GC invocations=11 (full 2):
 PSYoungGen      total 157184K, used 143360K [0x0000000795580000, 0x00000007a3280000, 0x00000007c0000000)
  eden space 143360K, 100% used [0x0000000795580000,0x000000079e180000,0x000000079e180000)
  from space 13824K, 0% used [0x000000079f180000,0x000000079f180000,0x000000079ff00000)
  to   space 16384K, 0% used [0x000000079e180000,0x000000079e180000,0x000000079f180000)
 ParOldGen       total 110080K, used 24582K [0x0000000740000000, 0x0000000746b80000, 0x0000000795580000)
  object space 110080K, 22% used [0x0000000740000000,0x0000000741801868,0x0000000746b80000)
 Metaspace       used 36943K, capacity 37912K, committed 38104K, reserved 1081344K
  class space    used 5150K, capacity 5546K, committed 5632K, reserved 1048576K
Event: 10.127 GC heap after
Heap after GC invocations=11 (full 2):
 PSYoungGen      total 159744K, used 14649K [0x0000000795580000, 0x00000007a2380000, 0x00000007c0000000)
  eden space 143360K, 0% used [0x0000000795580000,0x0000000795580000,0x000000079e180000)
  from space 16384K, 89% used [0x000000079e180000,0x000000079efce400,0x000000079f180000)
  to   space 17920K, 0% used [0x00000007a1200000,0x00000007a1200000,0x00000007a2380000)
 ParOldGen       total 110080K, used 24590K [0x0000000740000000, 0x0000000746b80000, 0x0000000795580000)
  object space 110080K, 22% used [0x0000000740000000,0x0000000741803868,0x0000000746b80000)
 Metaspace       used 36943K, capacity 37912K, committed 38104K, reserved 1081344K
  class space    used 5150K, capacity 5546K, committed 5632K, reserved 1048576K
}

