# JRE version: Java(TM) SE Runtime Environment (8.0_101-b13) (build 1.8.0_101-b13)
# Java VM: Java HotSpot(TM) 64-Bit Server VM (25.101-b13 mixed mode bsd-amd64 compressed oops)
Heap:
 PSYoungGen      total 138752K, used 17555K [0x0000000795580000, 0x00000007a2980000, 0x00000007c0000000)
  eden space 124928K, 14% used [0x0000000795580000,0x00000007966a4da8,0x000000079cf80000)
  from space 13824K, 0% used [0x000000079df80000,0x000000079df80000,0x000000079ed00000)
  to   space 16384K, 0% used [0x000000079cf80000,0x000000079cf80000,0x000000079df80000)
 ParOldGen       total 116224K, used 24568K [0x0000000740000000, 0x0000000747180000, 0x0000000795580000)
  object space 116224K, 21% used [0x0000000740000000,0x00000007417fe038,0x0000000747180000)
 Metaspace       used 34869K, capacity 35828K, committed 36056K, reserved 1079296K
  class space    used 4839K, capacity 5264K, committed 5376K, reserved 1048576K
GC Heap History (10 events):
Event: 4.126 GC heap before
{Heap before GC invocations=6 (full 1):
 PSYoungGen      total 71680K, used 5104K [0x0000000795580000, 0x000000079ea80000, 0x00000007c0000000)
  eden space 66560K, 0% used [0x0000000795580000,0x0000000795580000,0x0000000799680000)
  from space 5120K, 99% used [0x0000000799680000,0x0000000799b7c050,0x0000000799b80000)
  to   space 9728K, 0% used [0x000000079e100000,0x000000079e100000,0x000000079ea80000)
 ParOldGen       total 87552K, used 9462K [0x0000000740000000, 0x0000000745580000, 0x0000000795580000)
  object space 87552K, 10% used [0x0000000740000000,0x000000074093daa0,0x0000000745580000)
 Metaspace       used 20791K, capacity 21118K, committed 21248K, reserved 1067008K
  class space    used 2821K, capacity 2978K, committed 3072K, reserved 1048576K
Event: 4.214 GC heap after
Heap after GC invocations=6 (full 1):
 PSYoungGen      total 71680K, used 0K [0x0000000795580000, 0x000000079ea80000, 0x00000007c0000000)
  eden space 66560K, 0% used [0x0000000795580000,0x0000000795580000,0x0000000799680000)
  from space 5120K, 0% used [0x0000000799680000,0x0000000799680000,0x0000000799b80000)
  to   space 9728K, 0% used [0x000000079e100000,0x000000079e100000,0x000000079ea80000)
 ParOldGen       total 66048K, used 8881K [0x0000000740000000, 0x0000000744080000, 0x0000000795580000)
  object space 66048K, 13% used [0x0000000740000000,0x00000007408ac568,0x0000000744080000)
 Metaspace       used 20791K, capacity 21118K, committed 21248K, reserved 1067008K
  class space    used 2821K, capacity 2978K, committed 3072K, reserved 1048576K
}
Event: 6.076 GC heap before
{Heap before GC invocations=7 (full 1):
 PSYoungGen      total 71680K, used 66560K [0x0000000795580000, 0x000000079ea80000, 0x00000007c0000000)
  eden space 66560K, 100% used [0x0000000795580000,0x0000000799680000,0x0000000799680000)
  from space 5120K, 0% used [0x0000000799680000,0x0000000799680000,0x0000000799b80000)
  to   space 9728K, 0% used [0x000000079e100000,0x000000079e100000,0x000000079ea80000)
 ParOldGen       total 66048K, used 8881K [0x0000000740000000, 0x0000000744080000, 0x0000000795580000)
  object space 66048K, 13% used [0x0000000740000000,0x00000007408ac568,0x0000000744080000)
 Metaspace       used 25324K, capacity 25984K, committed 26240K, reserved 1071104K
  class space    used 3432K, capacity 3673K, committed 3712K, reserved 1048576K
Event: 6.092 GC heap after
Heap after GC invocations=7 (full 1):
 PSYoungGen      total 98304K, used 6026K [0x0000000795580000, 0x000000079e700000, 0x00000007c0000000)
  eden space 92160K, 0% used [0x0000000795580000,0x0000000795580000,0x000000079af80000)
  from space 6144K, 98% used [0x000000079e100000,0x000000079e6e28a8,0x000000079e700000)
  to   space 9728K, 0% used [0x000000079d400000,0x000000079d400000,0x000000079dd80000)
 ParOldGen       total 66048K, used 8953K [0x0000000740000000, 0x0000000744080000, 0x0000000795580000)
  object space 66048K, 13% used [0x0000000740000000,0x00000007408be578,0x0000000744080000)
 Metaspace       used 25324K, capacity 25984K, committed 26240K, reserved 1071104K
  class space    used 3432K, capacity 3673K, committed 3712K, reserved 1048576K
}
Event: 8.201 GC heap before
{Heap before GC invocations=8 (full 1):
 PSYoungGen      total 98304K, used 98186K [0x0000000795580000, 0x000000079e700000, 0x00000007c0000000)
  eden space 92160K, 100% used [0x0000000795580000,0x000000079af80000,0x000000079af80000)
  from space 6144K, 98% used [0x000000079e100000,0x000000079e6e28a8,0x000000079e700000)
  to   space 9728K, 0% used [0x000000079d400000,0x000000079d400000,0x000000079dd80000)
 ParOldGen       total 66048K, used 8953K [0x0000000740000000, 0x0000000744080000, 0x0000000795580000)
  object space 66048K, 13% used [0x0000000740000000,0x00000007408be578,0x0000000744080000)
 Metaspace       used 31913K, capacity 32808K, committed 33024K, reserved 1077248K
  class space    used 4439K, capacity 4791K, committed 4864K, reserved 1048576K
Event: 8.229 GC heap after
Heap after GC invocations=8 (full 1):
 PSYoungGen      total 137216K, used 9728K [0x0000000795580000, 0x000000079ed00000, 0x00000007c0000000)
  eden space 127488K, 0% used [0x0000000795580000,0x0000000795580000,0x000000079d200000)
  from space 9728K, 100% used [0x000000079d400000,0x000000079dd80000,0x000000079dd80000)
  to   space 13824K, 0% used [0x000000079df80000,0x000000079df80000,0x000000079ed00000)
 ParOldGen       total 66048K, used 14851K [0x0000000740000000, 0x0000000744080000, 0x0000000795580000)
  object space 66048K, 22% used [0x0000000740000000,0x0000000740e80d08,0x0000000744080000)
 Metaspace       used 31913K, capacity 32808K, committed 33024K, reserved 1077248K
  class space    used 4439K, capacity 4791K, committed 4864K, reserved 1048576K
}
Event: 9.329 GC heap before
{Heap before GC invocations=9 (full 1):
 PSYoungGen      total 137216K, used 63158K [0x0000000795580000, 0x000000079ed00000, 0x00000007c0000000)
  eden space 127488K, 41% used [0x0000000795580000,0x00000007989ad9f0,0x000000079d200000)
  from space 9728K, 100% used [0x000000079d400000,0x000000079dd80000,0x000000079dd80000)
  to   space 13824K, 0% used [0x000000079df80000,0x000000079df80000,0x000000079ed00000)
 ParOldGen       total 66048K, used 14851K [0x0000000740000000, 0x0000000744080000, 0x0000000795580000)
  object space 66048K, 22% used [0x0000000740000000,0x0000000740e80d08,0x0000000744080000)
 Metaspace       used 34282K, capacity 35272K, committed 35416K, reserved 1079296K
  class space    used 4772K, capacity 5166K, committed 5248K, reserved 1048576K
Event: 9.361 GC heap after
Heap after GC invocations=9 (full 1):
 PSYoungGen      total 138752K, used 13812K [0x0000000795580000, 0x00000007a2980000, 0x00000007c0000000)
  eden space 124928K, 0% used [0x0000000795580000,0x0000000795580000,0x000000079cf80000)
  from space 13824K, 99% used [0x000000079df80000,0x000000079ecfd010,0x000000079ed00000)
  to   space 16384K, 0% used [0x000000079cf80000,0x000000079cf80000,0x000000079df80000)
 ParOldGen       total 66048K, used 16896K [0x0000000740000000, 0x0000000744080000, 0x0000000795580000)
  object space 66048K, 25% used [0x0000000740000000,0x00000007410800b8,0x0000000744080000)
 Metaspace       used 34282K, capacity 35272K, committed 35416K, reserved 1079296K
  class space    used 4772K, capacity 5166K, committed 5248K, reserved 1048576K
}
Event: 9.361 GC heap before
{Heap before GC invocations=10 (full 2):
 PSYoungGen      total 138752K, used 13812K [0x0000000795580000, 0x00000007a2980000, 0x00000007c0000000)
  eden space 124928K, 0% used [0x0000000795580000,0x0000000795580000,0x000000079cf80000)
  from space 13824K, 99% used [0x000000079df80000,0x000000079ecfd010,0x000000079ed00000)
  to   space 16384K, 0% used [0x000000079cf80000,0x000000079cf80000,0x000000079df80000)
 ParOldGen       total 66048K, used 16896K [0x0000000740000000, 0x0000000744080000, 0x0000000795580000)
  object space 66048K, 25% used [0x0000000740000000,0x00000007410800b8,0x0000000744080000)
 Metaspace       used 34282K, capacity 35272K, committed 35416K, reserved 1079296K
  class space    used 4772K, capacity 5166K, committed 5248K, reserved 1048576K
Event: 9.535 GC heap after
Heap after GC invocations=10 (full 2):
 PSYoungGen      total 138752K, used 0K [0x0000000795580000, 0x00000007a2980000, 0x00000007c0000000)
  eden space 124928K, 0% used [0x0000000795580000,0x0000000795580000,0x000000079cf80000)
  from space 13824K, 0% used [0x000000079df80000,0x000000079df80000,0x000000079ed00000)
  to   space 16384K, 0% used [0x000000079cf80000,0x000000079cf80000,0x000000079df80000)
 ParOldGen       total 116224K, used 24568K [0x0000000740000000, 0x0000000747180000, 0x0000000795580000)
  object space 116224K, 21% used [0x0000000740000000,0x00000007417fe038,0x0000000747180000)
 Metaspace       used 34282K, capacity 35272K, committed 35416K, reserved 1079296K
  class space    used 4772K, capacity 5166K, committed 5248K, reserved 1048576K
}

