# JRE version: Java(TM) SE Runtime Environment (8.0_101-b13) (build 1.8.0_101-b13)
# Java VM: Java HotSpot(TM) 64-Bit Server VM (25.101-b13 mixed mode bsd-amd64 compressed oops)
Heap:
 PSYoungGen      total 164352K, used 131008K [0x0000000795580000, 0x00000007a3a80000, 0x00000007c0000000)
  eden space 150016K, 87% used [0x0000000795580000,0x000000079d5700d0,0x000000079e800000)
  from space 14336K, 0% used [0x000000079f800000,0x000000079f800000,0x00000007a0600000)
  to   space 16384K, 0% used [0x000000079e800000,0x000000079e800000,0x000000079f800000)
 ParOldGen       total 107008K, used 24564K [0x0000000740000000, 0x0000000746880000, 0x0000000795580000)
  object space 107008K, 22% used [0x0000000740000000,0x00000007417fd150,0x0000000746880000)
 Metaspace       used 36706K, capacity 37776K, committed 38104K, reserved 1081344K
  class space    used 5102K, capacity 5542K, committed 5632K, reserved 1048576K
GC Heap History (10 events):
Event: 2.058 GC heap before
{Heap before GC invocations=6 (full 1):
 PSYoungGen      total 71680K, used 5088K [0x0000000795580000, 0x000000079ea80000, 0x00000007c0000000)
  eden space 66560K, 0% used [0x0000000795580000,0x0000000795580000,0x0000000799680000)
  from space 5120K, 99% used [0x0000000799680000,0x0000000799b78020,0x0000000799b80000)
  to   space 9728K, 0% used [0x000000079e100000,0x000000079e100000,0x000000079ea80000)
 ParOldGen       total 87552K, used 9455K [0x0000000740000000, 0x0000000745580000, 0x0000000795580000)
  object space 87552K, 10% used [0x0000000740000000,0x000000074093bdd8,0x0000000745580000)
 Metaspace       used 20801K, capacity 21118K, committed 21248K, reserved 1067008K
  class space    used 2823K, capacity 2978K, committed 3072K, reserved 1048576K
Event: 2.102 GC heap after
Heap after GC invocations=6 (full 1):
 PSYoungGen      total 71680K, used 0K [0x0000000795580000, 0x000000079ea80000, 0x00000007c0000000)
  eden space 66560K, 0% used [0x0000000795580000,0x0000000795580000,0x0000000799680000)
  from space 5120K, 0% used [0x0000000799680000,0x0000000799680000,0x0000000799b80000)
  to   space 9728K, 0% used [0x000000079e100000,0x000000079e100000,0x000000079ea80000)
 ParOldGen       total 61440K, used 8896K [0x0000000740000000, 0x0000000743c00000, 0x0000000795580000)
  object space 61440K, 14% used [0x0000000740000000,0x00000007408b0118,0x0000000743c00000)
 Metaspace       used 20801K, capacity 21118K, committed 21248K, reserved 1067008K
  class space    used 2823K, capacity 2978K, committed 3072K, reserved 1048576K
}
Event: 2.878 GC heap before
{Heap before GC invocations=7 (full 1):
 PSYoungGen      total 71680K, used 66560K [0x0000000795580000, 0x000000079ea80000, 0x00000007c0000000)
  eden space 66560K, 100% used [0x0000000795580000,0x0000000799680000,0x0000000799680000)
  from space 5120K, 0% used [0x0000000799680000,0x0000000799680000,0x0000000799b80000)
  to   space 9728K, 0% used [0x000000079e100000,0x000000079e100000,0x000000079ea80000)
 ParOldGen       total 61440K, used 8896K [0x0000000740000000, 0x0000000743c00000, 0x0000000795580000)
  object space 61440K, 14% used [0x0000000740000000,0x00000007408b0118,0x0000000743c00000)
 Metaspace       used 25320K, capacity 25952K, committed 26240K, reserved 1071104K
  class space    used 3431K, capacity 3641K, committed 3712K, reserved 1048576K
Event: 2.885 GC heap after
Heap after GC invocations=7 (full 1):
 PSYoungGen      total 107008K, used 5897K [0x0000000795580000, 0x000000079e700000, 0x00000007c0000000)
  eden space 100864K, 0% used [0x0000000795580000,0x0000000795580000,0x000000079b800000)
  from space 6144K, 95% used [0x000000079e100000,0x000000079e6c2700,0x000000079e700000)
  to   space 9728K, 0% used [0x000000079d400000,0x000000079d400000,0x000000079dd80000)
 ParOldGen       total 61440K, used 8968K [0x0000000740000000, 0x0000000743c00000, 0x0000000795580000)
  object space 61440K, 14% used [0x0000000740000000,0x00000007408c2128,0x0000000743c00000)
 Metaspace       used 25320K, capacity 25952K, committed 26240K, reserved 1071104K
  class space    used 3431K, capacity 3641K, committed 3712K, reserved 1048576K
}
Event: 3.932 GC heap before
{Heap before GC invocations=8 (full 1):
 PSYoungGen      total 107008K, used 106761K [0x0000000795580000, 0x000000079e700000, 0x00000007c0000000)
  eden space 100864K, 100% used [0x0000000795580000,0x000000079b800000,0x000000079b800000)
  from space 6144K, 95% used [0x000000079e100000,0x000000079e6c2700,0x000000079e700000)
  to   space 9728K, 0% used [0x000000079d400000,0x000000079d400000,0x000000079dd80000)
 ParOldGen       total 61440K, used 8968K [0x0000000740000000, 0x0000000743c00000, 0x0000000795580000)
  object space 61440K, 14% used [0x0000000740000000,0x00000007408c2128,0x0000000743c00000)
 Metaspace       used 32091K, capacity 33006K, committed 33280K, reserved 1077248K
  class space    used 4461K, capacity 4835K, committed 4864K, reserved 1048576K
Event: 3.954 GC heap after
Heap after GC invocations=8 (full 1):
 PSYoungGen      total 139264K, used 9716K [0x0000000795580000, 0x00000007a0600000, 0x00000007c0000000)
  eden space 129536K, 0% used [0x0000000795580000,0x0000000795580000,0x000000079d400000)
  from space 9728K, 99% used [0x000000079d400000,0x000000079dd7d010,0x000000079dd80000)
  to   space 14336K, 0% used [0x000000079f800000,0x000000079f800000,0x00000007a0600000)
 ParOldGen       total 61440K, used 15979K [0x0000000740000000, 0x0000000743c00000, 0x0000000795580000)
  object space 61440K, 26% used [0x0000000740000000,0x0000000740f9aec0,0x0000000743c00000)
 Metaspace       used 32091K, capacity 33006K, committed 33280K, reserved 1077248K
  class space    used 4461K, capacity 4835K, committed 4864K, reserved 1048576K
}
Event: 4.423 GC heap before
{Heap before GC invocations=9 (full 1):
 PSYoungGen      total 139264K, used 56057K [0x0000000795580000, 0x00000007a0600000, 0x00000007c0000000)
  eden space 129536K, 35% used [0x0000000795580000,0x00000007982c1520,0x000000079d400000)
  from space 9728K, 99% used [0x000000079d400000,0x000000079dd7d010,0x000000079dd80000)
  to   space 14336K, 0% used [0x000000079f800000,0x000000079f800000,0x00000007a0600000)
 ParOldGen       total 61440K, used 15979K [0x0000000740000000, 0x0000000743c00000, 0x0000000795580000)
  object space 61440K, 26% used [0x0000000740000000,0x0000000740f9aec0,0x0000000743c00000)
 Metaspace       used 34341K, capacity 35272K, committed 35416K, reserved 1079296K
  class space    used 4783K, capacity 5166K, committed 5248K, reserved 1048576K
Event: 4.443 GC heap after
Heap after GC invocations=9 (full 1):
 PSYoungGen      total 164352K, used 14315K [0x0000000795580000, 0x00000007a3a80000, 0x00000007c0000000)
  eden space 150016K, 0% used [0x0000000795580000,0x0000000795580000,0x000000079e800000)
  from space 14336K, 99% used [0x000000079f800000,0x00000007a05fac40,0x00000007a0600000)
  to   space 16384K, 0% used [0x000000079e800000,0x000000079e800000,0x000000079f800000)
 ParOldGen       total 61440K, used 16535K [0x0000000740000000, 0x0000000743c00000, 0x0000000795580000)
  object space 61440K, 26% used [0x0000000740000000,0x0000000741025db0,0x0000000743c00000)
 Metaspace       used 34341K, capacity 35272K, committed 35416K, reserved 1079296K
  class space    used 4783K, capacity 5166K, committed 5248K, reserved 1048576K
}
Event: 4.443 GC heap before
{Heap before GC invocations=10 (full 2):
 PSYoungGen      total 164352K, used 14315K [0x0000000795580000, 0x00000007a3a80000, 0x00000007c0000000)
  eden space 150016K, 0% used [0x0000000795580000,0x0000000795580000,0x000000079e800000)
  from space 14336K, 99% used [0x000000079f800000,0x00000007a05fac40,0x00000007a0600000)
  to   space 16384K, 0% used [0x000000079e800000,0x000000079e800000,0x000000079f800000)
 ParOldGen       total 61440K, used 16535K [0x0000000740000000, 0x0000000743c00000, 0x0000000795580000)
  object space 61440K, 26% used [0x0000000740000000,0x0000000741025db0,0x0000000743c00000)
 Metaspace       used 34341K, capacity 35272K, committed 35416K, reserved 1079296K
  class space    used 4783K, capacity 5166K, committed 5248K, reserved 1048576K
Event: 4.564 GC heap after
Heap after GC invocations=10 (full 2):
 PSYoungGen      total 164352K, used 0K [0x0000000795580000, 0x00000007a3a80000, 0x00000007c0000000)
  eden space 150016K, 0% used [0x0000000795580000,0x0000000795580000,0x000000079e800000)
  from space 14336K, 0% used [0x000000079f800000,0x000000079f800000,0x00000007a0600000)
  to   space 16384K, 0% used [0x000000079e800000,0x000000079e800000,0x000000079f800000)
 ParOldGen       total 107008K, used 24564K [0x0000000740000000, 0x0000000746880000, 0x0000000795580000)
  object space 107008K, 22% used [0x0000000740000000,0x00000007417fd150,0x0000000746880000)
 Metaspace       used 34341K, capacity 35272K, committed 35416K, reserved 1079296K
  class space    used 4783K, capacity 5166K, committed 5248K, reserved 1048576K
}

