# JRE version: Java(TM) SE Runtime Environment (8.0_101-b13) (build 1.8.0_101-b13)
# Java VM: Java HotSpot(TM) 64-Bit Server VM (25.101-b13 mixed mode bsd-amd64 compressed oops)
Heap:
 PSYoungGen      total 174592K, used 9692K [0x0000000795580000, 0x00000007a4200000, 0x00000007c0000000)
  eden space 160256K, 6% used [0x0000000795580000,0x0000000795ef7018,0x000000079f200000)
  from space 14336K, 0% used [0x00000007a0200000,0x00000007a0200000,0x00000007a1000000)
  to   space 16384K, 0% used [0x000000079f200000,0x000000079f200000,0x00000007a0200000)
 ParOldGen       total 103936K, used 24550K [0x0000000740000000, 0x0000000746580000, 0x0000000795580000)
  object space 103936K, 23% used [0x0000000740000000,0x00000007417f99f0,0x0000000746580000)
 Metaspace       used 34522K, capacity 35496K, committed 35672K, reserved 1079296K
  class space    used 4794K, capacity 5198K, committed 5248K, reserved 1048576K
GC Heap History (10 events):
Event: 2.851 GC heap before
{Heap before GC invocations=6 (full 1):
 PSYoungGen      total 71680K, used 5088K [0x0000000795580000, 0x000000079ea80000, 0x00000007c0000000)
  eden space 66560K, 0% used [0x0000000795580000,0x0000000795580000,0x0000000799680000)
  from space 5120K, 99% used [0x0000000799680000,0x0000000799b78060,0x0000000799b80000)
  to   space 9728K, 0% used [0x000000079e100000,0x000000079e100000,0x000000079ea80000)
 ParOldGen       total 87552K, used 9416K [0x0000000740000000, 0x0000000745580000, 0x0000000795580000)
  object space 87552K, 10% used [0x0000000740000000,0x0000000740932220,0x0000000745580000)
 Metaspace       used 20798K, capacity 21118K, committed 21248K, reserved 1067008K
  class space    used 2825K, capacity 2978K, committed 3072K, reserved 1048576K
Event: 2.899 GC heap after
Heap after GC invocations=6 (full 1):
 PSYoungGen      total 71680K, used 0K [0x0000000795580000, 0x000000079ea80000, 0x00000007c0000000)
  eden space 66560K, 0% used [0x0000000795580000,0x0000000795580000,0x0000000799680000)
  from space 5120K, 0% used [0x0000000799680000,0x0000000799680000,0x0000000799b80000)
  to   space 9728K, 0% used [0x000000079e100000,0x000000079e100000,0x000000079ea80000)
 ParOldGen       total 60416K, used 8897K [0x0000000740000000, 0x0000000743b00000, 0x0000000795580000)
  object space 60416K, 14% used [0x0000000740000000,0x00000007408b0598,0x0000000743b00000)
 Metaspace       used 20798K, capacity 21118K, committed 21248K, reserved 1067008K
  class space    used 2825K, capacity 2978K, committed 3072K, reserved 1048576K
}
Event: 4.051 GC heap before
{Heap before GC invocations=7 (full 1):
 PSYoungGen      total 71680K, used 66560K [0x0000000795580000, 0x000000079ea80000, 0x00000007c0000000)
  eden space 66560K, 100% used [0x0000000795580000,0x0000000799680000,0x0000000799680000)
  from space 5120K, 0% used [0x0000000799680000,0x0000000799680000,0x0000000799b80000)
  to   space 9728K, 0% used [0x000000079e100000,0x000000079e100000,0x000000079ea80000)
 ParOldGen       total 60416K, used 8897K [0x0000000740000000, 0x0000000743b00000, 0x0000000795580000)
  object space 60416K, 14% used [0x0000000740000000,0x00000007408b0598,0x0000000743b00000)
 Metaspace       used 25359K, capacity 25984K, committed 26240K, reserved 1071104K
  class space    used 3432K, capacity 3673K, committed 3712K, reserved 1048576K
Event: 4.062 GC heap after
Heap after GC invocations=7 (full 1):
 PSYoungGen      total 109568K, used 5990K [0x0000000795580000, 0x000000079e700000, 0x00000007c0000000)
  eden space 103424K, 0% used [0x0000000795580000,0x0000000795580000,0x000000079ba80000)
  from space 6144K, 97% used [0x000000079e100000,0x000000079e6d9a80,0x000000079e700000)
  to   space 9728K, 0% used [0x000000079d400000,0x000000079d400000,0x000000079dd80000)
 ParOldGen       total 60416K, used 8905K [0x0000000740000000, 0x0000000743b00000, 0x0000000795580000)
  object space 60416K, 14% used [0x0000000740000000,0x00000007408b2598,0x0000000743b00000)
 Metaspace       used 25359K, capacity 25984K, committed 26240K, reserved 1071104K
  class space    used 3432K, capacity 3673K, committed 3712K, reserved 1048576K
}
Event: 5.667 GC heap before
{Heap before GC invocations=8 (full 1):
 PSYoungGen      total 109568K, used 109414K [0x0000000795580000, 0x000000079e700000, 0x00000007c0000000)
  eden space 103424K, 100% used [0x0000000795580000,0x000000079ba80000,0x000000079ba80000)
  from space 6144K, 97% used [0x000000079e100000,0x000000079e6d9a80,0x000000079e700000)
  to   space 9728K, 0% used [0x000000079d400000,0x000000079d400000,0x000000079dd80000)
 ParOldGen       total 60416K, used 8905K [0x0000000740000000, 0x0000000743b00000, 0x0000000795580000)
  object space 60416K, 14% used [0x0000000740000000,0x00000007408b2598,0x0000000743b00000)
 Metaspace       used 32206K, capacity 33176K, committed 33280K, reserved 1077248K
  class space    used 4480K, capacity 4848K, committed 4864K, reserved 1048576K
Event: 5.708 GC heap after
Heap after GC invocations=8 (full 1):
 PSYoungGen      total 139264K, used 9700K [0x0000000795580000, 0x00000007a1000000, 0x00000007c0000000)
  eden space 129536K, 0% used [0x0000000795580000,0x0000000795580000,0x000000079d400000)
  from space 9728K, 99% used [0x000000079d400000,0x000000079dd79020,0x000000079dd80000)
  to   space 14336K, 0% used [0x00000007a0200000,0x00000007a0200000,0x00000007a1000000)
 ParOldGen       total 60416K, used 16676K [0x0000000740000000, 0x0000000743b00000, 0x0000000795580000)
  object space 60416K, 27% used [0x0000000740000000,0x0000000741049040,0x0000000743b00000)
 Metaspace       used 32206K, capacity 33176K, committed 33280K, reserved 1077248K
  class space    used 4480K, capacity 4848K, committed 4864K, reserved 1048576K
}
Event: 6.196 GC heap before
{Heap before GC invocations=9 (full 1):
 PSYoungGen      total 139264K, used 50831K [0x0000000795580000, 0x00000007a1000000, 0x00000007c0000000)
  eden space 129536K, 31% used [0x0000000795580000,0x0000000797daade8,0x000000079d400000)
  from space 9728K, 99% used [0x000000079d400000,0x000000079dd79020,0x000000079dd80000)
  to   space 14336K, 0% used [0x00000007a0200000,0x00000007a0200000,0x00000007a1000000)
 ParOldGen       total 60416K, used 16676K [0x0000000740000000, 0x0000000743b00000, 0x0000000795580000)
  object space 60416K, 27% used [0x0000000740000000,0x0000000741049040,0x0000000743b00000)
 Metaspace       used 34362K, capacity 35272K, committed 35416K, reserved 1079296K
  class space    used 4779K, capacity 5166K, committed 5248K, reserved 1048576K
Event: 6.217 GC heap after
Heap after GC invocations=9 (full 1):
 PSYoungGen      total 174592K, used 14196K [0x0000000795580000, 0x00000007a4200000, 0x00000007c0000000)
  eden space 160256K, 0% used [0x0000000795580000,0x0000000795580000,0x000000079f200000)
  from space 14336K, 99% used [0x00000007a0200000,0x00000007a0fdd1f8,0x00000007a1000000)
  to   space 16384K, 0% used [0x000000079f200000,0x000000079f200000,0x00000007a0200000)
 ParOldGen       total 60416K, used 16684K [0x0000000740000000, 0x0000000743b00000, 0x0000000795580000)
  object space 60416K, 27% used [0x0000000740000000,0x000000074104b040,0x0000000743b00000)
 Metaspace       used 34362K, capacity 35272K, committed 35416K, reserved 1079296K
  class space    used 4779K, capacity 5166K, committed 5248K, reserved 1048576K
}
Event: 6.217 GC heap before
{Heap before GC invocations=10 (full 2):
 PSYoungGen      total 174592K, used 14196K [0x0000000795580000, 0x00000007a4200000, 0x00000007c0000000)
  eden space 160256K, 0% used [0x0000000795580000,0x0000000795580000,0x000000079f200000)
  from space 14336K, 99% used [0x00000007a0200000,0x00000007a0fdd1f8,0x00000007a1000000)
  to   space 16384K, 0% used [0x000000079f200000,0x000000079f200000,0x00000007a0200000)
 ParOldGen       total 60416K, used 16684K [0x0000000740000000, 0x0000000743b00000, 0x0000000795580000)
  object space 60416K, 27% used [0x0000000740000000,0x000000074104b040,0x0000000743b00000)
 Metaspace       used 34362K, capacity 35272K, committed 35416K, reserved 1079296K
  class space    used 4779K, capacity 5166K, committed 5248K, reserved 1048576K
Event: 6.364 GC heap after
Heap after GC invocations=10 (full 2):
 PSYoungGen      total 174592K, used 0K [0x0000000795580000, 0x00000007a4200000, 0x00000007c0000000)
  eden space 160256K, 0% used [0x0000000795580000,0x0000000795580000,0x000000079f200000)
  from space 14336K, 0% used [0x00000007a0200000,0x00000007a0200000,0x00000007a1000000)
  to   space 16384K, 0% used [0x000000079f200000,0x000000079f200000,0x00000007a0200000)
 ParOldGen       total 103936K, used 24550K [0x0000000740000000, 0x0000000746580000, 0x0000000795580000)
  object space 103936K, 23% used [0x0000000740000000,0x00000007417f99f0,0x0000000746580000)
 Metaspace       used 34362K, capacity 35272K, committed 35416K, reserved 1079296K
  class space    used 4779K, capacity 5166K, committed 5248K, reserved 1048576K
}

