# JRE version: Java(TM) SE Runtime Environment (8.0_101-b13) (build 1.8.0_101-b13)
# Java VM: Java HotSpot(TM) 64-Bit Server VM (25.101-b13 mixed mode bsd-amd64 compressed oops)
Heap:
 PSYoungGen      total 137728K, used 14943K [0x0000000795580000, 0x000000079ec80000, 0x00000007c0000000)
  eden space 128000K, 4% used [0x0000000795580000,0x0000000795a9adf0,0x000000079d280000)
  from space 9728K, 99% used [0x000000079d400000,0x000000079dd7d010,0x000000079dd80000)
  to   space 13312K, 0% used [0x000000079df80000,0x000000079df80000,0x000000079ec80000)
 ParOldGen       total 66048K, used 14861K [0x0000000740000000, 0x0000000744080000, 0x0000000795580000)
  object space 66048K, 22% used [0x0000000740000000,0x0000000740e835f0,0x0000000744080000)
 Metaspace       used 32031K, capacity 32974K, committed 33280K, reserved 1077248K
  class space    used 4448K, capacity 4803K, committed 4864K, reserved 1048576K
GC Heap History (10 events):
Event: 2.759 GC heap before
{Heap before GC invocations=4 (full 0):
 PSYoungGen      total 38400K, used 38368K [0x0000000795580000, 0x000000079a080000, 0x00000007c0000000)
  eden space 33280K, 100% used [0x0000000795580000,0x0000000797600000,0x0000000797600000)
  from space 5120K, 99% used [0x0000000797600000,0x0000000797af8020,0x0000000797b00000)
  to   space 5120K, 0% used [0x0000000799b80000,0x0000000799b80000,0x000000079a080000)
 ParOldGen       total 87552K, used 3682K [0x0000000740000000, 0x0000000745580000, 0x0000000795580000)
  object space 87552K, 4% used [0x0000000740000000,0x0000000740398ab0,0x0000000745580000)
 Metaspace       used 19752K, capacity 20110K, committed 20224K, reserved 1067008K
  class space    used 2639K, capacity 2814K, committed 2816K, reserved 1048576K
Event: 2.771 GC heap after
Heap after GC invocations=4 (full 0):
 PSYoungGen      total 71680K, used 5104K [0x0000000795580000, 0x000000079a080000, 0x00000007c0000000)
  eden space 66560K, 0% used [0x0000000795580000,0x0000000795580000,0x0000000799680000)
  from space 5120K, 99% used [0x0000000799b80000,0x000000079a07c010,0x000000079a080000)
  to   space 5120K, 0% used [0x0000000799680000,0x0000000799680000,0x0000000799b80000)
 ParOldGen       total 87552K, used 7177K [0x0000000740000000, 0x0000000745580000, 0x0000000795580000)
  object space 87552K, 8% used [0x0000000740000000,0x00000007407027d0,0x0000000745580000)
 Metaspace       used 19752K, capacity 20110K, committed 20224K, reserved 1067008K
  class space    used 2639K, capacity 2814K, committed 2816K, reserved 1048576K
}
Event: 3.071 GC heap before
{Heap before GC invocations=5 (full 0):
 PSYoungGen      total 71680K, used 25036K [0x0000000795580000, 0x000000079a080000, 0x00000007c0000000)
  eden space 66560K, 29% used [0x0000000795580000,0x00000007968f7338,0x0000000799680000)
  from space 5120K, 99% used [0x0000000799b80000,0x000000079a07c010,0x000000079a080000)
  to   space 5120K, 0% used [0x0000000799680000,0x0000000799680000,0x0000000799b80000)
 ParOldGen       total 87552K, used 7177K [0x0000000740000000, 0x0000000745580000, 0x0000000795580000)
  object space 87552K, 8% used [0x0000000740000000,0x00000007407027d0,0x0000000745580000)
 Metaspace       used 20804K, capacity 21118K, committed 21248K, reserved 1067008K
  class space    used 2822K, capacity 2978K, committed 3072K, reserved 1048576K
Event: 3.082 GC heap after
Heap after GC invocations=5 (full 0):
 PSYoungGen      total 71680K, used 5088K [0x0000000795580000, 0x000000079ea80000, 0x00000007c0000000)
  eden space 66560K, 0% used [0x0000000795580000,0x0000000795580000,0x0000000799680000)
  from space 5120K, 99% used [0x0000000799680000,0x0000000799b78040,0x0000000799b80000)
  to   space 9728K, 0% used [0x000000079e100000,0x000000079e100000,0x000000079ea80000)
 ParOldGen       total 87552K, used 9395K [0x0000000740000000, 0x0000000745580000, 0x0000000795580000)
  object space 87552K, 10% used [0x0000000740000000,0x000000074092ce48,0x0000000745580000)
 Metaspace       used 20804K, capacity 21118K, committed 21248K, reserved 1067008K
  class space    used 2822K, capacity 2978K, committed 3072K, reserved 1048576K
}
Event: 3.082 GC heap before
{Heap before GC invocations=6 (full 1):
 PSYoungGen      total 71680K, used 5088K [0x0000000795580000, 0x000000079ea80000, 0x00000007c0000000)
  eden space 66560K, 0% used [0x0000000795580000,0x0000000795580000,0x0000000799680000)
  from space 5120K, 99% used [0x0000000799680000,0x0000000799b78040,0x0000000799b80000)
  to   space 9728K, 0% used [0x000000079e100000,0x000000079e100000,0x000000079ea80000)
 ParOldGen       total 87552K, used 9395K [0x0000000740000000, 0x0000000745580000, 0x0000000795580000)
  object space 87552K, 10% used [0x0000000740000000,0x000000074092ce48,0x0000000745580000)
 Metaspace       used 20804K, capacity 21118K, committed 21248K, reserved 1067008K
  class space    used 2822K, capacity 2978K, committed 3072K, reserved 1048576K
Event: 3.159 GC heap after
Heap after GC invocations=6 (full 1):
 PSYoungGen      total 71680K, used 0K [0x0000000795580000, 0x000000079ea80000, 0x00000007c0000000)
  eden space 66560K, 0% used [0x0000000795580000,0x0000000795580000,0x0000000799680000)
  from space 5120K, 0% used [0x0000000799680000,0x0000000799680000,0x0000000799b80000)
  to   space 9728K, 0% used [0x000000079e100000,0x000000079e100000,0x000000079ea80000)
 ParOldGen       total 66048K, used 8874K [0x0000000740000000, 0x0000000744080000, 0x0000000795580000)
  object space 66048K, 13% used [0x0000000740000000,0x00000007408aab78,0x0000000744080000)
 Metaspace       used 20804K, capacity 21118K, committed 21248K, reserved 1067008K
  class space    used 2822K, capacity 2978K, committed 3072K, reserved 1048576K
}
Event: 4.407 GC heap before
{Heap before GC invocations=7 (full 1):
 PSYoungGen      total 71680K, used 66560K [0x0000000795580000, 0x000000079ea80000, 0x00000007c0000000)
  eden space 66560K, 100% used [0x0000000795580000,0x0000000799680000,0x0000000799680000)
  from space 5120K, 0% used [0x0000000799680000,0x0000000799680000,0x0000000799b80000)
  to   space 9728K, 0% used [0x000000079e100000,0x000000079e100000,0x000000079ea80000)
 ParOldGen       total 66048K, used 8874K [0x0000000740000000, 0x0000000744080000, 0x0000000795580000)
  object space 66048K, 13% used [0x0000000740000000,0x00000007408aab78,0x0000000744080000)
 Metaspace       used 25343K, capacity 25984K, committed 26240K, reserved 1071104K
  class space    used 3432K, capacity 3673K, committed 3712K, reserved 1048576K
Event: 4.416 GC heap after
Heap after GC invocations=7 (full 1):
 PSYoungGen      total 98304K, used 6008K [0x0000000795580000, 0x000000079e700000, 0x00000007c0000000)
  eden space 92160K, 0% used [0x0000000795580000,0x0000000795580000,0x000000079af80000)
  from space 6144K, 97% used [0x000000079e100000,0x000000079e6de010,0x000000079e700000)
  to   space 9728K, 0% used [0x000000079d400000,0x000000079d400000,0x000000079dd80000)
 ParOldGen       total 66048K, used 8946K [0x0000000740000000, 0x0000000744080000, 0x0000000795580000)
  object space 66048K, 13% used [0x0000000740000000,0x00000007408bcb88,0x0000000744080000)
 Metaspace       used 25343K, capacity 25984K, committed 26240K, reserved 1071104K
  class space    used 3432K, capacity 3673K, committed 3712K, reserved 1048576K
}
Event: 5.818 GC heap before
{Heap before GC invocations=8 (full 1):
 PSYoungGen      total 98304K, used 98168K [0x0000000795580000, 0x000000079e700000, 0x00000007c0000000)
  eden space 92160K, 100% used [0x0000000795580000,0x000000079af80000,0x000000079af80000)
  from space 6144K, 97% used [0x000000079e100000,0x000000079e6de010,0x000000079e700000)
  to   space 9728K, 0% used [0x000000079d400000,0x000000079d400000,0x000000079dd80000)
 ParOldGen       total 66048K, used 8946K [0x0000000740000000, 0x0000000744080000, 0x0000000795580000)
  object space 66048K, 13% used [0x0000000740000000,0x00000007408bcb88,0x0000000744080000)
 Metaspace       used 31923K, capacity 32808K, committed 33024K, reserved 1077248K
  class space    used 4433K, capacity 4791K, committed 4864K, reserved 1048576K
Event: 5.841 GC heap after
Heap after GC invocations=8 (full 1):
 PSYoungGen      total 137728K, used 9716K [0x0000000795580000, 0x000000079ec80000, 0x00000007c0000000)
  eden space 128000K, 0% used [0x0000000795580000,0x0000000795580000,0x000000079d280000)
  from space 9728K, 99% used [0x000000079d400000,0x000000079dd7d010,0x000000079dd80000)
  to   space 13312K, 0% used [0x000000079df80000,0x000000079df80000,0x000000079ec80000)
 ParOldGen       total 66048K, used 14861K [0x0000000740000000, 0x0000000744080000, 0x0000000795580000)
  object space 66048K, 22% used [0x0000000740000000,0x0000000740e835f0,0x0000000744080000)
 Metaspace       used 31923K, capacity 32808K, committed 33024K, reserved 1077248K
  class space    used 4433K, capacity 4791K, committed 4864K, reserved 1048576K
}

