# JRE version: Java(TM) SE Runtime Environment (8.0_101-b13) (build 1.8.0_101-b13)
# Java VM: Java HotSpot(TM) 64-Bit Server VM (25.101-b13 mixed mode bsd-amd64 compressed oops)
Heap:
 PSYoungGen      total 168960K, used 24591K [0x0000000795580000, 0x00000007a3680000, 0x00000007c0000000)
  eden space 154624K, 15% used [0x0000000795580000,0x0000000796d83df8,0x000000079ec80000)
  from space 14336K, 0% used [0x000000079fc80000,0x000000079fc80000,0x00000007a0a80000)
  to   space 16384K, 0% used [0x000000079ec80000,0x000000079ec80000,0x000000079fc80000)
 ParOldGen       total 104448K, used 24546K [0x0000000740000000, 0x0000000746600000, 0x0000000795580000)
  object space 104448K, 23% used [0x0000000740000000,0x00000007417f8ac0,0x0000000746600000)
 Metaspace       used 35004K, capacity 35910K, committed 36056K, reserved 1079296K
  class space    used 4840K, capacity 5267K, committed 5376K, reserved 1048576K
GC Heap History (10 events):
Event: 4.326 GC heap before
{Heap before GC invocations=6 (full 1):
 PSYoungGen      total 71680K, used 5088K [0x0000000795580000, 0x000000079ea80000, 0x00000007c0000000)
  eden space 66560K, 0% used [0x0000000795580000,0x0000000795580000,0x0000000799680000)
  from space 5120K, 99% used [0x0000000799680000,0x0000000799b78060,0x0000000799b80000)
  to   space 9728K, 0% used [0x000000079e100000,0x000000079e100000,0x000000079ea80000)
 ParOldGen       total 87552K, used 9418K [0x0000000740000000, 0x0000000745580000, 0x0000000795580000)
  object space 87552K, 10% used [0x0000000740000000,0x0000000740932bc8,0x0000000745580000)
 Metaspace       used 20813K, capacity 21118K, committed 21248K, reserved 1067008K
  class space    used 2825K, capacity 2978K, committed 3072K, reserved 1048576K
Event: 4.407 GC heap after
Heap after GC invocations=6 (full 1):
 PSYoungGen      total 71680K, used 0K [0x0000000795580000, 0x000000079ea80000, 0x00000007c0000000)
  eden space 66560K, 0% used [0x0000000795580000,0x0000000795580000,0x0000000799680000)
  from space 5120K, 0% used [0x0000000799680000,0x0000000799680000,0x0000000799b80000)
  to   space 9728K, 0% used [0x000000079e100000,0x000000079e100000,0x000000079ea80000)
 ParOldGen       total 59904K, used 8901K [0x0000000740000000, 0x0000000743a80000, 0x0000000795580000)
  object space 59904K, 14% used [0x0000000740000000,0x00000007408b1780,0x0000000743a80000)
 Metaspace       used 20813K, capacity 21118K, committed 21248K, reserved 1067008K
  class space    used 2825K, capacity 2978K, committed 3072K, reserved 1048576K
}
Event: 6.149 GC heap before
{Heap before GC invocations=7 (full 1):
 PSYoungGen      total 71680K, used 66560K [0x0000000795580000, 0x000000079ea80000, 0x00000007c0000000)
  eden space 66560K, 100% used [0x0000000795580000,0x0000000799680000,0x0000000799680000)
  from space 5120K, 0% used [0x0000000799680000,0x0000000799680000,0x0000000799b80000)
  to   space 9728K, 0% used [0x000000079e100000,0x000000079e100000,0x000000079ea80000)
 ParOldGen       total 59904K, used 8901K [0x0000000740000000, 0x0000000743a80000, 0x0000000795580000)
  object space 59904K, 14% used [0x0000000740000000,0x00000007408b1780,0x0000000743a80000)
 Metaspace       used 25372K, capacity 25952K, committed 26240K, reserved 1071104K
  class space    used 3432K, capacity 3641K, committed 3712K, reserved 1048576K
Event: 6.157 GC heap after
Heap after GC invocations=7 (full 1):
 PSYoungGen      total 109568K, used 5913K [0x0000000795580000, 0x000000079e700000, 0x00000007c0000000)
  eden space 103424K, 0% used [0x0000000795580000,0x0000000795580000,0x000000079ba80000)
  from space 6144K, 96% used [0x000000079e100000,0x000000079e6c6710,0x000000079e700000)
  to   space 9728K, 0% used [0x000000079d400000,0x000000079d400000,0x000000079dd80000)
 ParOldGen       total 59904K, used 8973K [0x0000000740000000, 0x0000000743a80000, 0x0000000795580000)
  object space 59904K, 14% used [0x0000000740000000,0x00000007408c3790,0x0000000743a80000)
 Metaspace       used 25372K, capacity 25952K, committed 26240K, reserved 1071104K
  class space    used 3432K, capacity 3641K, committed 3712K, reserved 1048576K
}
Event: 9.125 GC heap before
{Heap before GC invocations=8 (full 1):
 PSYoungGen      total 109568K, used 109337K [0x0000000795580000, 0x000000079e700000, 0x00000007c0000000)
  eden space 103424K, 100% used [0x0000000795580000,0x000000079ba80000,0x000000079ba80000)
  from space 6144K, 96% used [0x000000079e100000,0x000000079e6c6710,0x000000079e700000)
  to   space 9728K, 0% used [0x000000079d400000,0x000000079d400000,0x000000079dd80000)
 ParOldGen       total 59904K, used 8973K [0x0000000740000000, 0x0000000743a80000, 0x0000000795580000)
  object space 59904K, 14% used [0x0000000740000000,0x00000007408c3790,0x0000000743a80000)
 Metaspace       used 32187K, capacity 33126K, committed 33408K, reserved 1077248K
  class space    used 4475K, capacity 4874K, committed 4992K, reserved 1048576K
Event: 9.157 GC heap after
Heap after GC invocations=8 (full 1):
 PSYoungGen      total 139264K, used 9728K [0x0000000795580000, 0x00000007a0a80000, 0x00000007c0000000)
  eden space 129536K, 0% used [0x0000000795580000,0x0000000795580000,0x000000079d400000)
  from space 9728K, 100% used [0x000000079d400000,0x000000079dd80000,0x000000079dd80000)
  to   space 14336K, 0% used [0x000000079fc80000,0x000000079fc80000,0x00000007a0a80000)
 ParOldGen       total 59904K, used 16438K [0x0000000740000000, 0x0000000743a80000, 0x0000000795580000)
  object space 59904K, 27% used [0x0000000740000000,0x000000074100db80,0x0000000743a80000)
 Metaspace       used 32187K, capacity 33126K, committed 33408K, reserved 1077248K
  class space    used 4475K, capacity 4874K, committed 4992K, reserved 1048576K
}
Event: 10.269 GC heap before
{Heap before GC invocations=9 (full 1):
 PSYoungGen      total 139264K, used 53337K [0x0000000795580000, 0x00000007a0a80000, 0x00000007c0000000)
  eden space 129536K, 33% used [0x0000000795580000,0x00000007980167f8,0x000000079d400000)
  from space 9728K, 100% used [0x000000079d400000,0x000000079dd80000,0x000000079dd80000)
  to   space 14336K, 0% used [0x000000079fc80000,0x000000079fc80000,0x00000007a0a80000)
 ParOldGen       total 59904K, used 16438K [0x0000000740000000, 0x0000000743a80000, 0x0000000795580000)
  object space 59904K, 27% used [0x0000000740000000,0x000000074100db80,0x0000000743a80000)
 Metaspace       used 34367K, capacity 35304K, committed 35416K, reserved 1079296K
  class space    used 4782K, capacity 5198K, committed 5248K, reserved 1048576K
Event: 10.295 GC heap after
Heap after GC invocations=9 (full 1):
 PSYoungGen      total 168960K, used 14311K [0x0000000795580000, 0x00000007a3680000, 0x00000007c0000000)
  eden space 154624K, 0% used [0x0000000795580000,0x0000000795580000,0x000000079ec80000)
  from space 14336K, 99% used [0x000000079fc80000,0x00000007a0a79e70,0x00000007a0a80000)
  to   space 16384K, 0% used [0x000000079ec80000,0x000000079ec80000,0x000000079fc80000)
 ParOldGen       total 59904K, used 16501K [0x0000000740000000, 0x0000000743a80000, 0x0000000795580000)
  object space 59904K, 27% used [0x0000000740000000,0x000000074101d458,0x0000000743a80000)
 Metaspace       used 34367K, capacity 35304K, committed 35416K, reserved 1079296K
  class space    used 4782K, capacity 5198K, committed 5248K, reserved 1048576K
}
Event: 10.295 GC heap before
{Heap before GC invocations=10 (full 2):
 PSYoungGen      total 168960K, used 14311K [0x0000000795580000, 0x00000007a3680000, 0x00000007c0000000)
  eden space 154624K, 0% used [0x0000000795580000,0x0000000795580000,0x000000079ec80000)
  from space 14336K, 99% used [0x000000079fc80000,0x00000007a0a79e70,0x00000007a0a80000)
  to   space 16384K, 0% used [0x000000079ec80000,0x000000079ec80000,0x000000079fc80000)
 ParOldGen       total 59904K, used 16501K [0x0000000740000000, 0x0000000743a80000, 0x0000000795580000)
  object space 59904K, 27% used [0x0000000740000000,0x000000074101d458,0x0000000743a80000)
 Metaspace       used 34367K, capacity 35304K, committed 35416K, reserved 1079296K
  class space    used 4782K, capacity 5198K, committed 5248K, reserved 1048576K
Event: 10.497 GC heap after
Heap after GC invocations=10 (full 2):
 PSYoungGen      total 168960K, used 0K [0x0000000795580000, 0x00000007a3680000, 0x00000007c0000000)
  eden space 154624K, 0% used [0x0000000795580000,0x0000000795580000,0x000000079ec80000)
  from space 14336K, 0% used [0x000000079fc80000,0x000000079fc80000,0x00000007a0a80000)
  to   space 16384K, 0% used [0x000000079ec80000,0x000000079ec80000,0x000000079fc80000)
 ParOldGen       total 104448K, used 24546K [0x0000000740000000, 0x0000000746600000, 0x0000000795580000)
  object space 104448K, 23% used [0x0000000740000000,0x00000007417f8ac0,0x0000000746600000)
 Metaspace       used 34367K, capacity 35304K, committed 35416K, reserved 1079296K
  class space    used 4782K, capacity 5198K, committed 5248K, reserved 1048576K
}

