# JRE version: Java(TM) SE Runtime Environment (8.0_101-b13) (build 1.8.0_101-b13)
# Java VM: Java HotSpot(TM) 64-Bit Server VM (25.101-b13 mixed mode bsd-amd64 compressed oops)
Heap:
 PSYoungGen      total 166912K, used 98689K [0x0000000795580000, 0x00000007a3080000, 0x00000007c0000000)
  eden space 150528K, 55% used [0x0000000795580000,0x000000079a695910,0x000000079e880000)
  from space 16384K, 95% used [0x000000079e880000,0x000000079f7cad80,0x000000079f880000)
  to   space 18432K, 0% used [0x00000007a1e80000,0x00000007a1e80000,0x00000007a3080000)
 ParOldGen       total 109056K, used 24570K [0x0000000740000000, 0x0000000746a80000, 0x0000000795580000)
  object space 109056K, 22% used [0x0000000740000000,0x00000007417fe818,0x0000000746a80000)
 Metaspace       used 39812K, capacity 41098K, committed 41176K, reserved 1085440K
  class space    used 5593K, capacity 6110K, committed 6144K, reserved 1048576K
GC Heap History (10 events):
Event: 2.950 GC heap before
{Heap before GC invocations=7 (full 1):
 PSYoungGen      total 71680K, used 66560K [0x0000000795580000, 0x000000079ea80000, 0x00000007c0000000)
  eden space 66560K, 100% used [0x0000000795580000,0x0000000799680000,0x0000000799680000)
  from space 5120K, 0% used [0x0000000799680000,0x0000000799680000,0x0000000799b80000)
  to   space 9728K, 0% used [0x000000079e100000,0x000000079e100000,0x000000079ea80000)
 ParOldGen       total 62976K, used 8893K [0x0000000740000000, 0x0000000743d80000, 0x0000000795580000)
  object space 62976K, 14% used [0x0000000740000000,0x00000007408af638,0x0000000743d80000)
 Metaspace       used 25343K, capacity 25984K, committed 26240K, reserved 1071104K
  class space    used 3435K, capacity 3673K, committed 3712K, reserved 1048576K
Event: 2.969 GC heap after
Heap after GC invocations=7 (full 1):
 PSYoungGen      total 107520K, used 5878K [0x0000000795580000, 0x000000079e700000, 0x00000007c0000000)
  eden space 101376K, 0% used [0x0000000795580000,0x0000000795580000,0x000000079b880000)
  from space 6144K, 95% used [0x000000079e100000,0x000000079e6bda80,0x000000079e700000)
  to   space 9728K, 0% used [0x000000079d400000,0x000000079d400000,0x000000079dd80000)
 ParOldGen       total 62976K, used 8965K [0x0000000740000000, 0x0000000743d80000, 0x0000000795580000)
  object space 62976K, 14% used [0x0000000740000000,0x00000007408c1648,0x0000000743d80000)
 Metaspace       used 25343K, capacity 25984K, committed 26240K, reserved 1071104K
  class space    used 3435K, capacity 3673K, committed 3712K, reserved 1048576K
}
Event: 4.113 GC heap before
{Heap before GC invocations=8 (full 1):
 PSYoungGen      total 107520K, used 107254K [0x0000000795580000, 0x000000079e700000, 0x00000007c0000000)
  eden space 101376K, 100% used [0x0000000795580000,0x000000079b880000,0x000000079b880000)
  from space 6144K, 95% used [0x000000079e100000,0x000000079e6bda80,0x000000079e700000)
  to   space 9728K, 0% used [0x000000079d400000,0x000000079d400000,0x000000079dd80000)
 ParOldGen       total 62976K, used 8965K [0x0000000740000000, 0x0000000743d80000, 0x0000000795580000)
  object space 62976K, 14% used [0x0000000740000000,0x00000007408c1648,0x0000000743d80000)
 Metaspace       used 32101K, capacity 33006K, committed 33280K, reserved 1077248K
  class space    used 4463K, capacity 4835K, committed 4864K, reserved 1048576K
Event: 4.136 GC heap after
Heap after GC invocations=8 (full 1):
 PSYoungGen      total 139264K, used 9716K [0x0000000795580000, 0x00000007a0680000, 0x00000007c0000000)
  eden space 129536K, 0% used [0x0000000795580000,0x0000000795580000,0x000000079d400000)
  from space 9728K, 99% used [0x000000079d400000,0x000000079dd7d010,0x000000079dd80000)
  to   space 14336K, 0% used [0x000000079f880000,0x000000079f880000,0x00000007a0680000)
 ParOldGen       total 62976K, used 16073K [0x0000000740000000, 0x0000000743d80000, 0x0000000795580000)
  object space 62976K, 25% used [0x0000000740000000,0x0000000740fb2720,0x0000000743d80000)
 Metaspace       used 32101K, capacity 33006K, committed 33280K, reserved 1077248K
  class space    used 4463K, capacity 4835K, committed 4864K, reserved 1048576K
}
Event: 4.621 GC heap before
{Heap before GC invocations=9 (full 1):
 PSYoungGen      total 139264K, used 55859K [0x0000000795580000, 0x00000007a0680000, 0x00000007c0000000)
  eden space 129536K, 35% used [0x0000000795580000,0x000000079828ffb8,0x000000079d400000)
  from space 9728K, 99% used [0x000000079d400000,0x000000079dd7d010,0x000000079dd80000)
  to   space 14336K, 0% used [0x000000079f880000,0x000000079f880000,0x00000007a0680000)
 ParOldGen       total 62976K, used 16073K [0x0000000740000000, 0x0000000743d80000, 0x0000000795580000)
  object space 62976K, 25% used [0x0000000740000000,0x0000000740fb2720,0x0000000743d80000)
 Metaspace       used 34333K, capacity 35304K, committed 35416K, reserved 1079296K
  class space    used 4784K, capacity 5198K, committed 5248K, reserved 1048576K
Event: 4.648 GC heap after
Heap after GC invocations=9 (full 1):
 PSYoungGen      total 164864K, used 14314K [0x0000000795580000, 0x00000007a3d80000, 0x00000007c0000000)
  eden space 150528K, 0% used [0x0000000795580000,0x0000000795580000,0x000000079e880000)
  from space 14336K, 99% used [0x000000079f880000,0x00000007a067a870,0x00000007a0680000)
  to   space 16384K, 0% used [0x000000079e880000,0x000000079e880000,0x000000079f880000)
 ParOldGen       total 62976K, used 16510K [0x0000000740000000, 0x0000000743d80000, 0x0000000795580000)
  object space 62976K, 26% used [0x0000000740000000,0x000000074101fbd0,0x0000000743d80000)
 Metaspace       used 34333K, capacity 35304K, committed 35416K, reserved 1079296K
  class space    used 4784K, capacity 5198K, committed 5248K, reserved 1048576K
}
Event: 4.648 GC heap before
{Heap before GC invocations=10 (full 2):
 PSYoungGen      total 164864K, used 14314K [0x0000000795580000, 0x00000007a3d80000, 0x00000007c0000000)
  eden space 150528K, 0% used [0x0000000795580000,0x0000000795580000,0x000000079e880000)
  from space 14336K, 99% used [0x000000079f880000,0x00000007a067a870,0x00000007a0680000)
  to   space 16384K, 0% used [0x000000079e880000,0x000000079e880000,0x000000079f880000)
 ParOldGen       total 62976K, used 16510K [0x0000000740000000, 0x0000000743d80000, 0x0000000795580000)
  object space 62976K, 26% used [0x0000000740000000,0x000000074101fbd0,0x0000000743d80000)
 Metaspace       used 34333K, capacity 35304K, committed 35416K, reserved 1079296K
  class space    used 4784K, capacity 5198K, committed 5248K, reserved 1048576K
Event: 4.792 GC heap after
Heap after GC invocations=10 (full 2):
 PSYoungGen      total 164864K, used 0K [0x0000000795580000, 0x00000007a3d80000, 0x00000007c0000000)
  eden space 150528K, 0% used [0x0000000795580000,0x0000000795580000,0x000000079e880000)
  from space 14336K, 0% used [0x000000079f880000,0x000000079f880000,0x00000007a0680000)
  to   space 16384K, 0% used [0x000000079e880000,0x000000079e880000,0x000000079f880000)
 ParOldGen       total 109056K, used 24562K [0x0000000740000000, 0x0000000746a80000, 0x0000000795580000)
  object space 109056K, 22% used [0x0000000740000000,0x00000007417fc818,0x0000000746a80000)
 Metaspace       used 34333K, capacity 35304K, committed 35416K, reserved 1079296K
  class space    used 4784K, capacity 5198K, committed 5248K, reserved 1048576K
}
Event: 6.263 GC heap before
{Heap before GC invocations=11 (full 2):
 PSYoungGen      total 164864K, used 150528K [0x0000000795580000, 0x00000007a3d80000, 0x00000007c0000000)
  eden space 150528K, 100% used [0x0000000795580000,0x000000079e880000,0x000000079e880000)
  from space 14336K, 0% used [0x000000079f880000,0x000000079f880000,0x00000007a0680000)
  to   space 16384K, 0% used [0x000000079e880000,0x000000079e880000,0x000000079f880000)
 ParOldGen       total 109056K, used 24562K [0x0000000740000000, 0x0000000746a80000, 0x0000000795580000)
  object space 109056K, 22% used [0x0000000740000000,0x00000007417fc818,0x0000000746a80000)
 Metaspace       used 37178K, capacity 38284K, committed 38488K, reserved 1081344K
  class space    used 5202K, capacity 5696K, committed 5760K, reserved 1048576K
Event: 6.287 GC heap after
Heap after GC invocations=11 (full 2):
 PSYoungGen      total 166912K, used 15659K [0x0000000795580000, 0x00000007a3080000, 0x00000007c0000000)
  eden space 150528K, 0% used [0x0000000795580000,0x0000000795580000,0x000000079e880000)
  from space 16384K, 95% used [0x000000079e880000,0x000000079f7cad80,0x000000079f880000)
  to   space 18432K, 0% used [0x00000007a1e80000,0x00000007a1e80000,0x00000007a3080000)
 ParOldGen       total 109056K, used 24570K [0x0000000740000000, 0x0000000746a80000, 0x0000000795580000)
  object space 109056K, 22% used [0x0000000740000000,0x00000007417fe818,0x0000000746a80000)
 Metaspace       used 37178K, capacity 38284K, committed 38488K, reserved 1081344K
  class space    used 5202K, capacity 5696K, committed 5760K, reserved 1048576K
}

