# JRE version: Java(TM) SE Runtime Environment (8.0_101-b13) (build 1.8.0_101-b13)
# Java VM: Java HotSpot(TM) 64-Bit Server VM (25.101-b13 mixed mode bsd-amd64 compressed oops)
Heap:
 PSYoungGen      total 223232K, used 63859K [0x0000000795580000, 0x00000007a9680000, 0x00000007c0000000)
  eden space 205312K, 22% used [0x0000000795580000,0x000000079826d8b0,0x00000007a1e00000)
  from space 17920K, 99% used [0x00000007a1e00000,0x00000007a2f6f570,0x00000007a2f80000)
  to   space 20992K, 0% used [0x00000007a8200000,0x00000007a8200000,0x00000007a9680000)
 ParOldGen       total 114688K, used 32256K [0x0000000740000000, 0x0000000747000000, 0x0000000795580000)
  object space 114688K, 28% used [0x0000000740000000,0x0000000741f80150,0x0000000747000000)
 Metaspace       used 40107K, capacity 41444K, committed 41560K, reserved 1085440K
  class space    used 5652K, capacity 6212K, committed 6272K, reserved 1048576K
GC Heap History (10 events):
Event: 5.374 GC heap before
{Heap before GC invocations=5 (full 1):
 PSYoungGen      total 138240K, used 5088K [0x0000000795580000, 0x000000079e180000, 0x00000007c0000000)
  eden space 133120K, 0% used [0x0000000795580000,0x0000000795580000,0x000000079d780000)
  from space 5120K, 99% used [0x000000079dc80000,0x000000079e178040,0x000000079e180000)
  to   space 5120K, 0% used [0x000000079d780000,0x000000079d780000,0x000000079dc80000)
 ParOldGen       total 87552K, used 9390K [0x0000000740000000, 0x0000000745580000, 0x0000000795580000)
  object space 87552K, 10% used [0x0000000740000000,0x000000074092ba18,0x0000000745580000)
 Metaspace       used 20809K, capacity 21118K, committed 21248K, reserved 1067008K
  class space    used 2821K, capacity 2978K, committed 3072K, reserved 1048576K
Event: 5.448 GC heap after
Heap after GC invocations=5 (full 1):
 PSYoungGen      total 138240K, used 0K [0x0000000795580000, 0x000000079e180000, 0x00000007c0000000)
  eden space 133120K, 0% used [0x0000000795580000,0x0000000795580000,0x000000079d780000)
  from space 5120K, 0% used [0x000000079dc80000,0x000000079dc80000,0x000000079e180000)
  to   space 5120K, 0% used [0x000000079d780000,0x000000079d780000,0x000000079dc80000)
 ParOldGen       total 66048K, used 13313K [0x0000000740000000, 0x0000000744080000, 0x0000000795580000)
  object space 66048K, 20% used [0x0000000740000000,0x0000000740d006f0,0x0000000744080000)
 Metaspace       used 20809K, capacity 21118K, committed 21248K, reserved 1067008K
  class space    used 2821K, capacity 2978K, committed 3072K, reserved 1048576K
}
Event: 9.722 GC heap before
{Heap before GC invocations=6 (full 1):
 PSYoungGen      total 138240K, used 133120K [0x0000000795580000, 0x000000079e180000, 0x00000007c0000000)
  eden space 133120K, 100% used [0x0000000795580000,0x000000079d780000,0x000000079d780000)
  from space 5120K, 0% used [0x000000079dc80000,0x000000079dc80000,0x000000079e180000)
  to   space 5120K, 0% used [0x000000079d780000,0x000000079d780000,0x000000079dc80000)
 ParOldGen       total 66048K, used 13313K [0x0000000740000000, 0x0000000744080000, 0x0000000795580000)
  object space 66048K, 20% used [0x0000000740000000,0x0000000740d006f0,0x0000000744080000)
 Metaspace       used 29474K, capacity 30284K, committed 30464K, reserved 1075200K
  class space    used 4032K, capacity 4315K, committed 4352K, reserved 1048576K
Event: 9.746 GC heap after
Heap after GC invocations=6 (full 1):
 PSYoungGen      total 138240K, used 5120K [0x0000000795580000, 0x00000007a3e00000, 0x00000007c0000000)
  eden space 133120K, 0% used [0x0000000795580000,0x0000000795580000,0x000000079d780000)
  from space 5120K, 100% used [0x000000079d780000,0x000000079dc80000,0x000000079dc80000)
  to   space 14848K, 0% used [0x00000007a2f80000,0x00000007a2f80000,0x00000007a3e00000)
 ParOldGen       total 66048K, used 22254K [0x0000000740000000, 0x0000000744080000, 0x0000000795580000)
  object space 66048K, 33% used [0x0000000740000000,0x00000007415bbb48,0x0000000744080000)
 Metaspace       used 29474K, capacity 30284K, committed 30464K, reserved 1075200K
  class space    used 4032K, capacity 4315K, committed 4352K, reserved 1048576K
}
Event: 11.727 GC heap before
{Heap before GC invocations=7 (full 1):
 PSYoungGen      total 138240K, used 86095K [0x0000000795580000, 0x00000007a3e00000, 0x00000007c0000000)
  eden space 133120K, 60% used [0x0000000795580000,0x000000079a493d58,0x000000079d780000)
  from space 5120K, 100% used [0x000000079d780000,0x000000079dc80000,0x000000079dc80000)
  to   space 14848K, 0% used [0x00000007a2f80000,0x00000007a2f80000,0x00000007a3e00000)
 ParOldGen       total 66048K, used 22254K [0x0000000740000000, 0x0000000744080000, 0x0000000795580000)
  object space 66048K, 33% used [0x0000000740000000,0x00000007415bbb48,0x0000000744080000)
 Metaspace       used 34321K, capacity 35304K, committed 35416K, reserved 1079296K
  class space    used 4778K, capacity 5198K, committed 5248K, reserved 1048576K
Event: 11.756 GC heap after
Heap after GC invocations=7 (full 1):
 PSYoungGen      total 220160K, used 14839K [0x0000000795580000, 0x00000007a4280000, 0x00000007c0000000)
  eden space 205312K, 0% used [0x0000000795580000,0x0000000795580000,0x00000007a1e00000)
  from space 14848K, 99% used [0x00000007a2f80000,0x00000007a3dfdcd0,0x00000007a3e00000)
  to   space 17920K, 0% used [0x00000007a1e00000,0x00000007a1e00000,0x00000007a2f80000)
 ParOldGen       total 66048K, used 23531K [0x0000000740000000, 0x0000000744080000, 0x0000000795580000)
  object space 66048K, 35% used [0x0000000740000000,0x00000007416fafb8,0x0000000744080000)
 Metaspace       used 34321K, capacity 35304K, committed 35416K, reserved 1079296K
  class space    used 4778K, capacity 5198K, committed 5248K, reserved 1048576K
}
Event: 11.756 GC heap before
{Heap before GC invocations=8 (full 2):
 PSYoungGen      total 220160K, used 14839K [0x0000000795580000, 0x00000007a4280000, 0x00000007c0000000)
  eden space 205312K, 0% used [0x0000000795580000,0x0000000795580000,0x00000007a1e00000)
  from space 14848K, 99% used [0x00000007a2f80000,0x00000007a3dfdcd0,0x00000007a3e00000)
  to   space 17920K, 0% used [0x00000007a1e00000,0x00000007a1e00000,0x00000007a2f80000)
 ParOldGen       total 66048K, used 23531K [0x0000000740000000, 0x0000000744080000, 0x0000000795580000)
  object space 66048K, 35% used [0x0000000740000000,0x00000007416fafb8,0x0000000744080000)
 Metaspace       used 34321K, capacity 35304K, committed 35416K, reserved 1079296K
  class space    used 4778K, capacity 5198K, committed 5248K, reserved 1048576K
Event: 11.956 GC heap after
Heap after GC invocations=8 (full 2):
 PSYoungGen      total 220160K, used 0K [0x0000000795580000, 0x00000007a4280000, 0x00000007c0000000)
  eden space 205312K, 0% used [0x0000000795580000,0x0000000795580000,0x00000007a1e00000)
  from space 14848K, 0% used [0x00000007a2f80000,0x00000007a2f80000,0x00000007a3e00000)
  to   space 17920K, 0% used [0x00000007a1e00000,0x00000007a1e00000,0x00000007a2f80000)
 ParOldGen       total 114688K, used 32248K [0x0000000740000000, 0x0000000747000000, 0x0000000795580000)
  object space 114688K, 28% used [0x0000000740000000,0x0000000741f7e150,0x0000000747000000)
 Metaspace       used 34321K, capacity 35304K, committed 35416K, reserved 1079296K
  class space    used 4778K, capacity 5198K, committed 5248K, reserved 1048576K
}
Event: 16.829 GC heap before
{Heap before GC invocations=9 (full 2):
 PSYoungGen      total 220160K, used 205312K [0x0000000795580000, 0x00000007a4280000, 0x00000007c0000000)
  eden space 205312K, 100% used [0x0000000795580000,0x00000007a1e00000,0x00000007a1e00000)
  from space 14848K, 0% used [0x00000007a2f80000,0x00000007a2f80000,0x00000007a3e00000)
  to   space 17920K, 0% used [0x00000007a1e00000,0x00000007a1e00000,0x00000007a2f80000)
 ParOldGen       total 114688K, used 32248K [0x0000000740000000, 0x0000000747000000, 0x0000000795580000)
  object space 114688K, 28% used [0x0000000740000000,0x0000000741f7e150,0x0000000747000000)
 Metaspace       used 39159K, capacity 40394K, committed 40664K, reserved 1083392K
  class space    used 5509K, capacity 6028K, committed 6144K, reserved 1048576K
Event: 16.869 GC heap after
Heap after GC invocations=9 (full 2):
 PSYoungGen      total 223232K, used 17853K [0x0000000795580000, 0x00000007a9680000, 0x00000007c0000000)
  eden space 205312K, 0% used [0x0000000795580000,0x0000000795580000,0x00000007a1e00000)
  from space 17920K, 99% used [0x00000007a1e00000,0x00000007a2f6f570,0x00000007a2f80000)
  to   space 20992K, 0% used [0x00000007a8200000,0x00000007a8200000,0x00000007a9680000)
 ParOldGen       total 114688K, used 32256K [0x0000000740000000, 0x0000000747000000, 0x0000000795580000)
  object space 114688K, 28% used [0x0000000740000000,0x0000000741f80150,0x0000000747000000)
 Metaspace       used 39159K, capacity 40394K, committed 40664K, reserved 1083392K
  class space    used 5509K, capacity 6028K, committed 6144K, reserved 1048576K
}

