# JRE version: Java(TM) SE Runtime Environment (8.0_101-b13) (build 1.8.0_101-b13)
# Java VM: Java HotSpot(TM) 64-Bit Server VM (25.101-b13 mixed mode bsd-amd64 compressed oops)
Heap:
 PSYoungGen      total 196608K, used 73077K [0x0000000795580000, 0x00000007a6c00000, 0x00000007c0000000)
  eden space 178688K, 31% used [0x0000000795580000,0x0000000798c02a78,0x00000007a0400000)
  from space 17920K, 96% used [0x00000007a0400000,0x00000007a14dabf0,0x00000007a1580000)
  to   space 20480K, 0% used [0x00000007a5800000,0x00000007a5800000,0x00000007a6c00000)
 ParOldGen       total 123904K, used 27328K [0x0000000740000000, 0x0000000747900000, 0x0000000795580000)
  object space 123904K, 22% used [0x0000000740000000,0x0000000741ab03a0,0x0000000747900000)
 Metaspace       used 39469K, capacity 40744K, committed 40920K, reserved 1083392K
  class space    used 5550K, capacity 6077K, committed 6144K, reserved 1048576K
GC Heap History (10 events):
Event: 4.947 GC heap before
{Heap before GC invocations=5 (full 1):
 PSYoungGen      total 138240K, used 5104K [0x0000000795580000, 0x000000079e180000, 0x00000007c0000000)
  eden space 133120K, 0% used [0x0000000795580000,0x0000000795580000,0x000000079d780000)
  from space 5120K, 99% used [0x000000079dc80000,0x000000079e17c020,0x000000079e180000)
  to   space 5120K, 0% used [0x000000079d780000,0x000000079d780000,0x000000079dc80000)
 ParOldGen       total 87552K, used 9616K [0x0000000740000000, 0x0000000745580000, 0x0000000795580000)
  object space 87552K, 10% used [0x0000000740000000,0x0000000740964030,0x0000000745580000)
 Metaspace       used 20792K, capacity 21118K, committed 21248K, reserved 1067008K
  class space    used 2825K, capacity 2978K, committed 3072K, reserved 1048576K
Event: 5.075 GC heap after
Heap after GC invocations=5 (full 1):
 PSYoungGen      total 138240K, used 0K [0x0000000795580000, 0x000000079e180000, 0x00000007c0000000)
  eden space 133120K, 0% used [0x0000000795580000,0x0000000795580000,0x000000079d780000)
  from space 5120K, 0% used [0x000000079dc80000,0x000000079dc80000,0x000000079e180000)
  to   space 5120K, 0% used [0x000000079d780000,0x000000079d780000,0x000000079dc80000)
 ParOldGen       total 68608K, used 8892K [0x0000000740000000, 0x0000000744300000, 0x0000000795580000)
  object space 68608K, 12% used [0x0000000740000000,0x00000007408af0a0,0x0000000744300000)
 Metaspace       used 20792K, capacity 21118K, committed 21248K, reserved 1067008K
  class space    used 2825K, capacity 2978K, committed 3072K, reserved 1048576K
}
Event: 9.990 GC heap before
{Heap before GC invocations=6 (full 1):
 PSYoungGen      total 138240K, used 133120K [0x0000000795580000, 0x000000079e180000, 0x00000007c0000000)
  eden space 133120K, 100% used [0x0000000795580000,0x000000079d780000,0x000000079d780000)
  from space 5120K, 0% used [0x000000079dc80000,0x000000079dc80000,0x000000079e180000)
  to   space 5120K, 0% used [0x000000079d780000,0x000000079d780000,0x000000079dc80000)
 ParOldGen       total 68608K, used 8892K [0x0000000740000000, 0x0000000744300000, 0x0000000795580000)
  object space 68608K, 12% used [0x0000000740000000,0x00000007408af0a0,0x0000000744300000)
 Metaspace       used 29568K, capacity 30412K, committed 30720K, reserved 1075200K
  class space    used 4047K, capacity 4315K, committed 4352K, reserved 1048576K
Event: 10.032 GC heap after
Heap after GC invocations=6 (full 1):
 PSYoungGen      total 138240K, used 5120K [0x0000000795580000, 0x00000007a2480000, 0x00000007c0000000)
  eden space 133120K, 0% used [0x0000000795580000,0x0000000795580000,0x000000079d780000)
  from space 5120K, 100% used [0x000000079d780000,0x000000079dc80000,0x000000079dc80000)
  to   space 15360K, 0% used [0x00000007a1580000,0x00000007a1580000,0x00000007a2480000)
 ParOldGen       total 68608K, used 18242K [0x0000000740000000, 0x0000000744300000, 0x0000000795580000)
  object space 68608K, 26% used [0x0000000740000000,0x00000007411d0888,0x0000000744300000)
 Metaspace       used 29568K, capacity 30412K, committed 30720K, reserved 1075200K
  class space    used 4047K, capacity 4315K, committed 4352K, reserved 1048576K
}
Event: 12.063 GC heap before
{Heap before GC invocations=7 (full 1):
 PSYoungGen      total 138240K, used 84174K [0x0000000795580000, 0x00000007a2480000, 0x00000007c0000000)
  eden space 133120K, 59% used [0x0000000795580000,0x000000079a2b39c8,0x000000079d780000)
  from space 5120K, 100% used [0x000000079d780000,0x000000079dc80000,0x000000079dc80000)
  to   space 15360K, 0% used [0x00000007a1580000,0x00000007a1580000,0x00000007a2480000)
 ParOldGen       total 68608K, used 18242K [0x0000000740000000, 0x0000000744300000, 0x0000000795580000)
  object space 68608K, 26% used [0x0000000740000000,0x00000007411d0888,0x0000000744300000)
 Metaspace       used 34314K, capacity 35304K, committed 35416K, reserved 1079296K
  class space    used 4773K, capacity 5198K, committed 5248K, reserved 1048576K
Event: 12.090 GC heap after
Heap after GC invocations=7 (full 1):
 PSYoungGen      total 194048K, used 15350K [0x0000000795580000, 0x00000007a2880000, 0x00000007c0000000)
  eden space 178688K, 0% used [0x0000000795580000,0x0000000795580000,0x00000007a0400000)
  from space 15360K, 99% used [0x00000007a1580000,0x00000007a247dbf8,0x00000007a2480000)
  to   space 17920K, 0% used [0x00000007a0400000,0x00000007a0400000,0x00000007a1580000)
 ParOldGen       total 68608K, used 18552K [0x0000000740000000, 0x0000000744300000, 0x0000000795580000)
  object space 68608K, 27% used [0x0000000740000000,0x000000074121e1c0,0x0000000744300000)
 Metaspace       used 34314K, capacity 35304K, committed 35416K, reserved 1079296K
  class space    used 4773K, capacity 5198K, committed 5248K, reserved 1048576K
}
Event: 12.090 GC heap before
{Heap before GC invocations=8 (full 2):
 PSYoungGen      total 194048K, used 15350K [0x0000000795580000, 0x00000007a2880000, 0x00000007c0000000)
  eden space 178688K, 0% used [0x0000000795580000,0x0000000795580000,0x00000007a0400000)
  from space 15360K, 99% used [0x00000007a1580000,0x00000007a247dbf8,0x00000007a2480000)
  to   space 17920K, 0% used [0x00000007a0400000,0x00000007a0400000,0x00000007a1580000)
 ParOldGen       total 68608K, used 18552K [0x0000000740000000, 0x0000000744300000, 0x0000000795580000)
  object space 68608K, 27% used [0x0000000740000000,0x000000074121e1c0,0x0000000744300000)
 Metaspace       used 34314K, capacity 35304K, committed 35416K, reserved 1079296K
  class space    used 4773K, capacity 5198K, committed 5248K, reserved 1048576K
Event: 12.207 GC heap after
Heap after GC invocations=8 (full 2):
 PSYoungGen      total 194048K, used 0K [0x0000000795580000, 0x00000007a2880000, 0x00000007c0000000)
  eden space 178688K, 0% used [0x0000000795580000,0x0000000795580000,0x00000007a0400000)
  from space 15360K, 0% used [0x00000007a1580000,0x00000007a1580000,0x00000007a2480000)
  to   space 17920K, 0% used [0x00000007a0400000,0x00000007a0400000,0x00000007a1580000)
 ParOldGen       total 123904K, used 27320K [0x0000000740000000, 0x0000000747900000, 0x0000000795580000)
  object space 123904K, 22% used [0x0000000740000000,0x0000000741aae3a0,0x0000000747900000)
 Metaspace       used 34314K, capacity 35304K, committed 35416K, reserved 1079296K
  class space    used 4773K, capacity 5198K, committed 5248K, reserved 1048576K
}
Event: 15.693 GC heap before
{Heap before GC invocations=9 (full 2):
 PSYoungGen      total 194048K, used 178688K [0x0000000795580000, 0x00000007a2880000, 0x00000007c0000000)
  eden space 178688K, 100% used [0x0000000795580000,0x00000007a0400000,0x00000007a0400000)
  from space 15360K, 0% used [0x00000007a1580000,0x00000007a1580000,0x00000007a2480000)
  to   space 17920K, 0% used [0x00000007a0400000,0x00000007a0400000,0x00000007a1580000)
 ParOldGen       total 123904K, used 27320K [0x0000000740000000, 0x0000000747900000, 0x0000000795580000)
  object space 123904K, 22% used [0x0000000740000000,0x0000000741aae3a0,0x0000000747900000)
 Metaspace       used 39004K, capacity 40182K, committed 40280K, reserved 1083392K
  class space    used 5486K, capacity 5978K, committed 6016K, reserved 1048576K
Event: 15.718 GC heap after
Heap after GC invocations=9 (full 2):
 PSYoungGen      total 196608K, used 17258K [0x0000000795580000, 0x00000007a6c00000, 0x00000007c0000000)
  eden space 178688K, 0% used [0x0000000795580000,0x0000000795580000,0x00000007a0400000)
  from space 17920K, 96% used [0x00000007a0400000,0x00000007a14dabf0,0x00000007a1580000)
  to   space 20480K, 0% used [0x00000007a5800000,0x00000007a5800000,0x00000007a6c00000)
 ParOldGen       total 123904K, used 27328K [0x0000000740000000, 0x0000000747900000, 0x0000000795580000)
  object space 123904K, 22% used [0x0000000740000000,0x0000000741ab03a0,0x0000000747900000)
 Metaspace       used 39004K, capacity 40182K, committed 40280K, reserved 1083392K
  class space    used 5486K, capacity 5978K, committed 6016K, reserved 1048576K
}

