# JRE version: Java(TM) SE Runtime Environment (8.0_101-b13) (build 1.8.0_101-b13)
# Java VM: Java HotSpot(TM) 64-Bit Server VM (25.101-b13 mixed mode bsd-amd64 compressed oops)
Heap:
 PSYoungGen      total 162304K, used 6040K [0x0000000795580000, 0x00000007a3a80000, 0x00000007c0000000)
  eden space 148480K, 4% used [0x0000000795580000,0x0000000795b661f8,0x000000079e680000)
  from space 13824K, 0% used [0x000000079f680000,0x000000079f680000,0x00000007a0400000)
  to   space 16384K, 0% used [0x000000079e680000,0x000000079e680000,0x000000079f680000)
 ParOldGen       total 110080K, used 24630K [0x0000000740000000, 0x0000000746b80000, 0x0000000795580000)
  object space 110080K, 22% used [0x0000000740000000,0x000000074180d9b8,0x0000000746b80000)
 Metaspace       used 34441K, capacity 35432K, committed 35672K, reserved 1079296K
  class space    used 4795K, capacity 5198K, committed 5248K, reserved 1048576K
GC Heap History (10 events):
Event: 2.096 GC heap before
{Heap before GC invocations=6 (full 1):
 PSYoungGen      total 71680K, used 5088K [0x0000000795580000, 0x000000079ea80000, 0x00000007c0000000)
  eden space 66560K, 0% used [0x0000000795580000,0x0000000795580000,0x0000000799680000)
  from space 5120K, 99% used [0x0000000799680000,0x0000000799b78080,0x0000000799b80000)
  to   space 9728K, 0% used [0x000000079e100000,0x000000079e100000,0x000000079ea80000)
 ParOldGen       total 87552K, used 9339K [0x0000000740000000, 0x0000000745580000, 0x0000000795580000)
  object space 87552K, 10% used [0x0000000740000000,0x000000074091ef48,0x0000000745580000)
 Metaspace       used 20791K, capacity 21118K, committed 21248K, reserved 1067008K
  class space    used 2828K, capacity 2978K, committed 3072K, reserved 1048576K
Event: 2.142 GC heap after
Heap after GC invocations=6 (full 1):
 PSYoungGen      total 71680K, used 0K [0x0000000795580000, 0x000000079ea80000, 0x00000007c0000000)
  eden space 66560K, 0% used [0x0000000795580000,0x0000000795580000,0x0000000799680000)
  from space 5120K, 0% used [0x0000000799680000,0x0000000799680000,0x0000000799b80000)
  to   space 9728K, 0% used [0x000000079e100000,0x000000079e100000,0x000000079ea80000)
 ParOldGen       total 64512K, used 10649K [0x0000000740000000, 0x0000000743f00000, 0x0000000795580000)
  object space 64512K, 16% used [0x0000000740000000,0x0000000740a66540,0x0000000743f00000)
 Metaspace       used 20791K, capacity 21118K, committed 21248K, reserved 1067008K
  class space    used 2828K, capacity 2978K, committed 3072K, reserved 1048576K
}
Event: 2.918 GC heap before
{Heap before GC invocations=7 (full 1):
 PSYoungGen      total 71680K, used 66560K [0x0000000795580000, 0x000000079ea80000, 0x00000007c0000000)
  eden space 66560K, 100% used [0x0000000795580000,0x0000000799680000,0x0000000799680000)
  from space 5120K, 0% used [0x0000000799680000,0x0000000799680000,0x0000000799b80000)
  to   space 9728K, 0% used [0x000000079e100000,0x000000079e100000,0x000000079ea80000)
 ParOldGen       total 64512K, used 10649K [0x0000000740000000, 0x0000000743f00000, 0x0000000795580000)
  object space 64512K, 16% used [0x0000000740000000,0x0000000740a66540,0x0000000743f00000)
 Metaspace       used 25336K, capacity 25984K, committed 26240K, reserved 1071104K
  class space    used 3436K, capacity 3673K, committed 3712K, reserved 1048576K
Event: 2.927 GC heap after
Heap after GC invocations=7 (full 1):
 PSYoungGen      total 105984K, used 5990K [0x0000000795580000, 0x000000079e700000, 0x00000007c0000000)
  eden space 99840K, 0% used [0x0000000795580000,0x0000000795580000,0x000000079b700000)
  from space 6144K, 97% used [0x000000079e100000,0x000000079e6d9a80,0x000000079e700000)
  to   space 9728K, 0% used [0x000000079d400000,0x000000079d400000,0x000000079dd80000)
 ParOldGen       total 64512K, used 10657K [0x0000000740000000, 0x0000000743f00000, 0x0000000795580000)
  object space 64512K, 16% used [0x0000000740000000,0x0000000740a68540,0x0000000743f00000)
 Metaspace       used 25336K, capacity 25984K, committed 26240K, reserved 1071104K
  class space    used 3436K, capacity 3673K, committed 3712K, reserved 1048576K
}
Event: 3.975 GC heap before
{Heap before GC invocations=8 (full 1):
 PSYoungGen      total 105984K, used 105830K [0x0000000795580000, 0x000000079e700000, 0x00000007c0000000)
  eden space 99840K, 100% used [0x0000000795580000,0x000000079b700000,0x000000079b700000)
  from space 6144K, 97% used [0x000000079e100000,0x000000079e6d9a80,0x000000079e700000)
  to   space 9728K, 0% used [0x000000079d400000,0x000000079d400000,0x000000079dd80000)
 ParOldGen       total 64512K, used 10657K [0x0000000740000000, 0x0000000743f00000, 0x0000000795580000)
  object space 64512K, 16% used [0x0000000740000000,0x0000000740a68540,0x0000000743f00000)
 Metaspace       used 32024K, capacity 33006K, committed 33280K, reserved 1077248K
  class space    used 4454K, capacity 4835K, committed 4864K, reserved 1048576K
Event: 4.002 GC heap after
Heap after GC invocations=8 (full 1):
 PSYoungGen      total 139264K, used 9712K [0x0000000795580000, 0x00000007a0400000, 0x00000007c0000000)
  eden space 129536K, 0% used [0x0000000795580000,0x0000000795580000,0x000000079d400000)
  from space 9728K, 99% used [0x000000079d400000,0x000000079dd7c020,0x000000079dd80000)
  to   space 13824K, 0% used [0x000000079f680000,0x000000079f680000,0x00000007a0400000)
 ParOldGen       total 64512K, used 17516K [0x0000000740000000, 0x0000000743f00000, 0x0000000795580000)
  object space 64512K, 27% used [0x0000000740000000,0x000000074111b048,0x0000000743f00000)
 Metaspace       used 32024K, capacity 33006K, committed 33280K, reserved 1077248K
  class space    used 4454K, capacity 4835K, committed 4864K, reserved 1048576K
}
Event: 4.451 GC heap before
{Heap before GC invocations=9 (full 1):
 PSYoungGen      total 139264K, used 55937K [0x0000000795580000, 0x00000007a0400000, 0x00000007c0000000)
  eden space 129536K, 35% used [0x0000000795580000,0x00000007982a4588,0x000000079d400000)
  from space 9728K, 99% used [0x000000079d400000,0x000000079dd7c020,0x000000079dd80000)
  to   space 13824K, 0% used [0x000000079f680000,0x000000079f680000,0x00000007a0400000)
 ParOldGen       total 64512K, used 17516K [0x0000000740000000, 0x0000000743f00000, 0x0000000795580000)
  object space 64512K, 27% used [0x0000000740000000,0x000000074111b048,0x0000000743f00000)
 Metaspace       used 34329K, capacity 35304K, committed 35416K, reserved 1079296K
  class space    used 4785K, capacity 5198K, committed 5248K, reserved 1048576K
Event: 4.471 GC heap after
Heap after GC invocations=9 (full 1):
 PSYoungGen      total 162304K, used 13808K [0x0000000795580000, 0x00000007a3a80000, 0x00000007c0000000)
  eden space 148480K, 0% used [0x0000000795580000,0x0000000795580000,0x000000079e680000)
  from space 13824K, 99% used [0x000000079f680000,0x00000007a03fc010,0x00000007a0400000)
  to   space 16384K, 0% used [0x000000079e680000,0x000000079e680000,0x000000079f680000)
 ParOldGen       total 64512K, used 18769K [0x0000000740000000, 0x0000000743f00000, 0x0000000795580000)
  object space 64512K, 29% used [0x0000000740000000,0x0000000741254708,0x0000000743f00000)
 Metaspace       used 34329K, capacity 35304K, committed 35416K, reserved 1079296K
  class space    used 4785K, capacity 5198K, committed 5248K, reserved 1048576K
}
Event: 4.471 GC heap before
{Heap before GC invocations=10 (full 2):
 PSYoungGen      total 162304K, used 13808K [0x0000000795580000, 0x00000007a3a80000, 0x00000007c0000000)
  eden space 148480K, 0% used [0x0000000795580000,0x0000000795580000,0x000000079e680000)
  from space 13824K, 99% used [0x000000079f680000,0x00000007a03fc010,0x00000007a0400000)
  to   space 16384K, 0% used [0x000000079e680000,0x000000079e680000,0x000000079f680000)
 ParOldGen       total 64512K, used 18769K [0x0000000740000000, 0x0000000743f00000, 0x0000000795580000)
  object space 64512K, 29% used [0x0000000740000000,0x0000000741254708,0x0000000743f00000)
 Metaspace       used 34329K, capacity 35304K, committed 35416K, reserved 1079296K
  class space    used 4785K, capacity 5198K, committed 5248K, reserved 1048576K
Event: 4.618 GC heap after
Heap after GC invocations=10 (full 2):
 PSYoungGen      total 162304K, used 0K [0x0000000795580000, 0x00000007a3a80000, 0x00000007c0000000)
  eden space 148480K, 0% used [0x0000000795580000,0x0000000795580000,0x000000079e680000)
  from space 13824K, 0% used [0x000000079f680000,0x000000079f680000,0x00000007a0400000)
  to   space 16384K, 0% used [0x000000079e680000,0x000000079e680000,0x000000079f680000)
 ParOldGen       total 110080K, used 24630K [0x0000000740000000, 0x0000000746b80000, 0x0000000795580000)
  object space 110080K, 22% used [0x0000000740000000,0x000000074180d9b8,0x0000000746b80000)
 Metaspace       used 34329K, capacity 35304K, committed 35416K, reserved 1079296K
  class space    used 4785K, capacity 5198K, committed 5248K, reserved 1048576K
}

