# JRE version: Java(TM) SE Runtime Environment (8.0_101-b13) (build 1.8.0_101-b13)
# Java VM: Java HotSpot(TM) 64-Bit Server VM (25.101-b13 mixed mode bsd-amd64 compressed oops)
Heap:
 PSYoungGen      total 157696K, used 111041K [0x0000000795580000, 0x00000007a3c80000, 0x00000007c0000000)
  eden space 143360K, 77% used [0x0000000795580000,0x000000079c1f0598,0x000000079e180000)
  from space 14336K, 0% used [0x000000079f100000,0x000000079f100000,0x000000079ff00000)
  to   space 15872K, 0% used [0x000000079e180000,0x000000079e180000,0x000000079f100000)
 ParOldGen       total 115200K, used 24585K [0x0000000740000000, 0x0000000747080000, 0x0000000795580000)
  object space 115200K, 21% used [0x0000000740000000,0x0000000741802628,0x0000000747080000)
 Metaspace       used 36368K, capacity 37396K, committed 37464K, reserved 1081344K
  class space    used 5063K, capacity 5457K, committed 5504K, reserved 1048576K
GC Heap History (10 events):
Event: 4.742 GC heap before
{Heap before GC invocations=6 (full 1):
 PSYoungGen      total 71680K, used 5088K [0x0000000795580000, 0x000000079ea80000, 0x00000007c0000000)
  eden space 66560K, 0% used [0x0000000795580000,0x0000000795580000,0x0000000799680000)
  from space 5120K, 99% used [0x0000000799680000,0x0000000799b78060,0x0000000799b80000)
  to   space 9728K, 0% used [0x000000079e100000,0x000000079e100000,0x000000079ea80000)
 ParOldGen       total 87552K, used 9386K [0x0000000740000000, 0x0000000745580000, 0x0000000795580000)
  object space 87552K, 10% used [0x0000000740000000,0x000000074092a8c8,0x0000000745580000)
 Metaspace       used 20806K, capacity 21118K, committed 21248K, reserved 1067008K
  class space    used 2828K, capacity 2978K, committed 3072K, reserved 1048576K
Event: 4.818 GC heap after
Heap after GC invocations=6 (full 1):
 PSYoungGen      total 71680K, used 0K [0x0000000795580000, 0x000000079ea80000, 0x00000007c0000000)
  eden space 66560K, 0% used [0x0000000795580000,0x0000000795580000,0x0000000799680000)
  from space 5120K, 0% used [0x0000000799680000,0x0000000799680000,0x0000000799b80000)
  to   space 9728K, 0% used [0x000000079e100000,0x000000079e100000,0x000000079ea80000)
 ParOldGen       total 63488K, used 8924K [0x0000000740000000, 0x0000000743e00000, 0x0000000795580000)
  object space 63488K, 14% used [0x0000000740000000,0x00000007408b7208,0x0000000743e00000)
 Metaspace       used 20806K, capacity 21118K, committed 21248K, reserved 1067008K
  class space    used 2828K, capacity 2978K, committed 3072K, reserved 1048576K
}
Event: 6.837 GC heap before
{Heap before GC invocations=7 (full 1):
 PSYoungGen      total 71680K, used 66560K [0x0000000795580000, 0x000000079ea80000, 0x00000007c0000000)
  eden space 66560K, 100% used [0x0000000795580000,0x0000000799680000,0x0000000799680000)
  from space 5120K, 0% used [0x0000000799680000,0x0000000799680000,0x0000000799b80000)
  to   space 9728K, 0% used [0x000000079e100000,0x000000079e100000,0x000000079ea80000)
 ParOldGen       total 63488K, used 8924K [0x0000000740000000, 0x0000000743e00000, 0x0000000795580000)
  object space 63488K, 14% used [0x0000000740000000,0x00000007408b7208,0x0000000743e00000)
 Metaspace       used 25361K, capacity 25984K, committed 26240K, reserved 1071104K
  class space    used 3436K, capacity 3673K, committed 3712K, reserved 1048576K
Event: 6.862 GC heap after
Heap after GC invocations=7 (full 1):
 PSYoungGen      total 105472K, used 6221K [0x0000000795580000, 0x000000079e780000, 0x00000007c0000000)
  eden space 98816K, 0% used [0x0000000795580000,0x0000000795580000,0x000000079b600000)
  from space 6656K, 93% used [0x000000079e100000,0x000000079e7135e8,0x000000079e780000)
  to   space 9216K, 0% used [0x000000079d580000,0x000000079d580000,0x000000079de80000)
 ParOldGen       total 63488K, used 8932K [0x0000000740000000, 0x0000000743e00000, 0x0000000795580000)
  object space 63488K, 14% used [0x0000000740000000,0x00000007408b9208,0x0000000743e00000)
 Metaspace       used 25361K, capacity 25984K, committed 26240K, reserved 1071104K
  class space    used 3436K, capacity 3673K, committed 3712K, reserved 1048576K
}
Event: 9.539 GC heap before
{Heap before GC invocations=8 (full 1):
 PSYoungGen      total 105472K, used 105037K [0x0000000795580000, 0x000000079e780000, 0x00000007c0000000)
  eden space 98816K, 100% used [0x0000000795580000,0x000000079b600000,0x000000079b600000)
  from space 6656K, 93% used [0x000000079e100000,0x000000079e7135e8,0x000000079e780000)
  to   space 9216K, 0% used [0x000000079d580000,0x000000079d580000,0x000000079de80000)
 ParOldGen       total 63488K, used 8932K [0x0000000740000000, 0x0000000743e00000, 0x0000000795580000)
  object space 63488K, 14% used [0x0000000740000000,0x00000007408b9208,0x0000000743e00000)
 Metaspace       used 32061K, capacity 33006K, committed 33280K, reserved 1077248K
  class space    used 4456K, capacity 4835K, committed 4864K, reserved 1048576K
Event: 9.567 GC heap after
Heap after GC invocations=8 (full 1):
 PSYoungGen      total 140288K, used 9200K [0x0000000795580000, 0x000000079ff00000, 0x00000007c0000000)
  eden space 131072K, 0% used [0x0000000795580000,0x0000000795580000,0x000000079d580000)
  from space 9216K, 99% used [0x000000079d580000,0x000000079de7c010,0x000000079de80000)
  to   space 14336K, 0% used [0x000000079f100000,0x000000079f100000,0x000000079ff00000)
 ParOldGen       total 63488K, used 16453K [0x0000000740000000, 0x0000000743e00000, 0x0000000795580000)
  object space 63488K, 25% used [0x0000000740000000,0x00000007410114f8,0x0000000743e00000)
 Metaspace       used 32061K, capacity 33006K, committed 33280K, reserved 1077248K
  class space    used 4456K, capacity 4835K, committed 4864K, reserved 1048576K
}
Event: 10.426 GC heap before
{Heap before GC invocations=9 (full 1):
 PSYoungGen      total 140288K, used 56139K [0x0000000795580000, 0x000000079ff00000, 0x00000007c0000000)
  eden space 131072K, 35% used [0x0000000795580000,0x0000000798356ce0,0x000000079d580000)
  from space 9216K, 99% used [0x000000079d580000,0x000000079de7c010,0x000000079de80000)
  to   space 14336K, 0% used [0x000000079f100000,0x000000079f100000,0x000000079ff00000)
 ParOldGen       total 63488K, used 16453K [0x0000000740000000, 0x0000000743e00000, 0x0000000795580000)
  object space 63488K, 25% used [0x0000000740000000,0x00000007410114f8,0x0000000743e00000)
 Metaspace       used 34354K, capacity 35304K, committed 35416K, reserved 1079296K
  class space    used 4786K, capacity 5198K, committed 5248K, reserved 1048576K
Event: 10.462 GC heap after
Heap after GC invocations=9 (full 1):
 PSYoungGen      total 157696K, used 14326K [0x0000000795580000, 0x00000007a3c80000, 0x00000007c0000000)
  eden space 143360K, 0% used [0x0000000795580000,0x0000000795580000,0x000000079e180000)
  from space 14336K, 99% used [0x000000079f100000,0x000000079fefda90,0x000000079ff00000)
  to   space 15872K, 0% used [0x000000079e180000,0x000000079e180000,0x000000079f100000)
 ParOldGen       total 63488K, used 16571K [0x0000000740000000, 0x0000000743e00000, 0x0000000795580000)
  object space 63488K, 26% used [0x0000000740000000,0x000000074102ece8,0x0000000743e00000)
 Metaspace       used 34354K, capacity 35304K, committed 35416K, reserved 1079296K
  class space    used 4786K, capacity 5198K, committed 5248K, reserved 1048576K
}
Event: 10.462 GC heap before
{Heap before GC invocations=10 (full 2):
 PSYoungGen      total 157696K, used 14326K [0x0000000795580000, 0x00000007a3c80000, 0x00000007c0000000)
  eden space 143360K, 0% used [0x0000000795580000,0x0000000795580000,0x000000079e180000)
  from space 14336K, 99% used [0x000000079f100000,0x000000079fefda90,0x000000079ff00000)
  to   space 15872K, 0% used [0x000000079e180000,0x000000079e180000,0x000000079f100000)
 ParOldGen       total 63488K, used 16571K [0x0000000740000000, 0x0000000743e00000, 0x0000000795580000)
  object space 63488K, 26% used [0x0000000740000000,0x000000074102ece8,0x0000000743e00000)
 Metaspace       used 34354K, capacity 35304K, committed 35416K, reserved 1079296K
  class space    used 4786K, capacity 5198K, committed 5248K, reserved 1048576K
Event: 10.824 GC heap after
Heap after GC invocations=10 (full 2):
 PSYoungGen      total 157696K, used 0K [0x0000000795580000, 0x00000007a3c80000, 0x00000007c0000000)
  eden space 143360K, 0% used [0x0000000795580000,0x0000000795580000,0x000000079e180000)
  from space 14336K, 0% used [0x000000079f100000,0x000000079f100000,0x000000079ff00000)
  to   space 15872K, 0% used [0x000000079e180000,0x000000079e180000,0x000000079f100000)
 ParOldGen       total 115200K, used 24585K [0x0000000740000000, 0x0000000747080000, 0x0000000795580000)
  object space 115200K, 21% used [0x0000000740000000,0x0000000741802628,0x0000000747080000)
 Metaspace       used 34354K, capacity 35304K, committed 35416K, reserved 1079296K
  class space    used 4786K, capacity 5198K, committed 5248K, reserved 1048576K
}

