# JRE version: Java(TM) SE Runtime Environment (8.0_101-b13) (build 1.8.0_101-b13)
# Java VM: Java HotSpot(TM) 64-Bit Server VM (25.101-b13 mixed mode bsd-amd64 compressed oops)
Heap:
 PSYoungGen      total 210432K, used 68417K [0x0000000795580000, 0x00000007a7d00000, 0x00000007c0000000)
  eden space 192512K, 26% used [0x0000000795580000,0x0000000798729110,0x00000007a1180000)
  from space 17920K, 98% used [0x00000007a1180000,0x00000007a22a7570,0x00000007a2300000)
  to   space 20992K, 0% used [0x00000007a6880000,0x00000007a6880000,0x00000007a7d00000)
 ParOldGen       total 120320K, used 28889K [0x0000000740000000, 0x0000000747580000, 0x0000000795580000)
  object space 120320K, 24% used [0x0000000740000000,0x0000000741c36490,0x0000000747580000)
 Metaspace       used 39980K, capacity 41314K, committed 41560K, reserved 1085440K
  class space    used 5638K, capacity 6210K, committed 6272K, reserved 1048576K
GC Heap History (10 events):
Event: 2.165 GC heap before
{Heap before GC invocations=5 (full 1):
 PSYoungGen      total 138240K, used 5104K [0x0000000795580000, 0x000000079e180000, 0x00000007c0000000)
  eden space 133120K, 0% used [0x0000000795580000,0x0000000795580000,0x000000079d780000)
  from space 5120K, 99% used [0x000000079dc80000,0x000000079e17c050,0x000000079e180000)
  to   space 5120K, 0% used [0x000000079d780000,0x000000079d780000,0x000000079dc80000)
 ParOldGen       total 87552K, used 9341K [0x0000000740000000, 0x0000000745580000, 0x0000000795580000)
  object space 87552K, 10% used [0x0000000740000000,0x000000074091f750,0x0000000745580000)
 Metaspace       used 20790K, capacity 21118K, committed 21248K, reserved 1067008K
  class space    used 2827K, capacity 2978K, committed 3072K, reserved 1048576K
Event: 2.220 GC heap after
Heap after GC invocations=5 (full 1):
 PSYoungGen      total 138240K, used 0K [0x0000000795580000, 0x000000079e180000, 0x00000007c0000000)
  eden space 133120K, 0% used [0x0000000795580000,0x0000000795580000,0x000000079d780000)
  from space 5120K, 0% used [0x000000079dc80000,0x000000079dc80000,0x000000079e180000)
  to   space 5120K, 0% used [0x000000079d780000,0x000000079d780000,0x000000079dc80000)
 ParOldGen       total 64512K, used 8911K [0x0000000740000000, 0x0000000743f00000, 0x0000000795580000)
  object space 64512K, 13% used [0x0000000740000000,0x00000007408b3d68,0x0000000743f00000)
 Metaspace       used 20790K, capacity 21118K, committed 21248K, reserved 1067008K
  class space    used 2827K, capacity 2978K, committed 3072K, reserved 1048576K
}
Event: 3.954 GC heap before
{Heap before GC invocations=6 (full 1):
 PSYoungGen      total 138240K, used 133120K [0x0000000795580000, 0x000000079e180000, 0x00000007c0000000)
  eden space 133120K, 100% used [0x0000000795580000,0x000000079d780000,0x000000079d780000)
  from space 5120K, 0% used [0x000000079dc80000,0x000000079dc80000,0x000000079e180000)
  to   space 5120K, 0% used [0x000000079d780000,0x000000079d780000,0x000000079dc80000)
 ParOldGen       total 64512K, used 8911K [0x0000000740000000, 0x0000000743f00000, 0x0000000795580000)
  object space 64512K, 13% used [0x0000000740000000,0x00000007408b3d68,0x0000000743f00000)
 Metaspace       used 29553K, capacity 30386K, committed 30464K, reserved 1075200K
  class space    used 4057K, capacity 4349K, committed 4352K, reserved 1048576K
Event: 3.969 GC heap after
Heap after GC invocations=6 (full 1):
 PSYoungGen      total 138240K, used 5120K [0x0000000795580000, 0x00000007a3200000, 0x00000007c0000000)
  eden space 133120K, 0% used [0x0000000795580000,0x0000000795580000,0x000000079d780000)
  from space 5120K, 100% used [0x000000079d780000,0x000000079dc80000,0x000000079dc80000)
  to   space 15360K, 0% used [0x00000007a2300000,0x00000007a2300000,0x00000007a3200000)
 ParOldGen       total 64512K, used 18358K [0x0000000740000000, 0x0000000743f00000, 0x0000000795580000)
  object space 64512K, 28% used [0x0000000740000000,0x00000007411edb68,0x0000000743f00000)
 Metaspace       used 29553K, capacity 30386K, committed 30464K, reserved 1075200K
  class space    used 4057K, capacity 4349K, committed 4352K, reserved 1048576K
}
Event: 4.849 GC heap before
{Heap before GC invocations=7 (full 1):
 PSYoungGen      total 138240K, used 84763K [0x0000000795580000, 0x00000007a3200000, 0x00000007c0000000)
  eden space 133120K, 59% used [0x0000000795580000,0x000000079a346c00,0x000000079d780000)
  from space 5120K, 100% used [0x000000079d780000,0x000000079dc80000,0x000000079dc80000)
  to   space 15360K, 0% used [0x00000007a2300000,0x00000007a2300000,0x00000007a3200000)
 ParOldGen       total 64512K, used 18358K [0x0000000740000000, 0x0000000743f00000, 0x0000000795580000)
  object space 64512K, 28% used [0x0000000740000000,0x00000007411edb68,0x0000000743f00000)
 Metaspace       used 34335K, capacity 35304K, committed 35416K, reserved 1079296K
  class space    used 4787K, capacity 5198K, committed 5248K, reserved 1048576K
Event: 4.867 GC heap after
Heap after GC invocations=7 (full 1):
 PSYoungGen      total 207872K, used 15358K [0x0000000795580000, 0x00000007a3680000, 0x00000007c0000000)
  eden space 192512K, 0% used [0x0000000795580000,0x0000000795580000,0x00000007a1180000)
  from space 15360K, 99% used [0x00000007a2300000,0x00000007a31ff928,0x00000007a3200000)
  to   space 17920K, 0% used [0x00000007a1180000,0x00000007a1180000,0x00000007a2300000)
 ParOldGen       total 64512K, used 18627K [0x0000000740000000, 0x0000000743f00000, 0x0000000795580000)
  object space 64512K, 28% used [0x0000000740000000,0x0000000741230f68,0x0000000743f00000)
 Metaspace       used 34335K, capacity 35304K, committed 35416K, reserved 1079296K
  class space    used 4787K, capacity 5198K, committed 5248K, reserved 1048576K
}
Event: 4.867 GC heap before
{Heap before GC invocations=8 (full 2):
 PSYoungGen      total 207872K, used 15358K [0x0000000795580000, 0x00000007a3680000, 0x00000007c0000000)
  eden space 192512K, 0% used [0x0000000795580000,0x0000000795580000,0x00000007a1180000)
  from space 15360K, 99% used [0x00000007a2300000,0x00000007a31ff928,0x00000007a3200000)
  to   space 17920K, 0% used [0x00000007a1180000,0x00000007a1180000,0x00000007a2300000)
 ParOldGen       total 64512K, used 18627K [0x0000000740000000, 0x0000000743f00000, 0x0000000795580000)
  object space 64512K, 28% used [0x0000000740000000,0x0000000741230f68,0x0000000743f00000)
 Metaspace       used 34335K, capacity 35304K, committed 35416K, reserved 1079296K
  class space    used 4787K, capacity 5198K, committed 5248K, reserved 1048576K
Event: 4.997 GC heap after
Heap after GC invocations=8 (full 2):
 PSYoungGen      total 207872K, used 0K [0x0000000795580000, 0x00000007a3680000, 0x00000007c0000000)
  eden space 192512K, 0% used [0x0000000795580000,0x0000000795580000,0x00000007a1180000)
  from space 15360K, 0% used [0x00000007a2300000,0x00000007a2300000,0x00000007a3200000)
  to   space 17920K, 0% used [0x00000007a1180000,0x00000007a1180000,0x00000007a2300000)
 ParOldGen       total 120320K, used 28881K [0x0000000740000000, 0x0000000747580000, 0x0000000795580000)
  object space 120320K, 24% used [0x0000000740000000,0x0000000741c34490,0x0000000747580000)
 Metaspace       used 34335K, capacity 35304K, committed 35416K, reserved 1079296K
  class space    used 4787K, capacity 5198K, committed 5248K, reserved 1048576K
}
Event: 6.962 GC heap before
{Heap before GC invocations=9 (full 2):
 PSYoungGen      total 207872K, used 192512K [0x0000000795580000, 0x00000007a3680000, 0x00000007c0000000)
  eden space 192512K, 100% used [0x0000000795580000,0x00000007a1180000,0x00000007a1180000)
  from space 15360K, 0% used [0x00000007a2300000,0x00000007a2300000,0x00000007a3200000)
  to   space 17920K, 0% used [0x00000007a1180000,0x00000007a1180000,0x00000007a2300000)
 ParOldGen       total 120320K, used 28881K [0x0000000740000000, 0x0000000747580000, 0x0000000795580000)
  object space 120320K, 24% used [0x0000000740000000,0x0000000741c34490,0x0000000747580000)
 Metaspace       used 39031K, capacity 40188K, committed 40280K, reserved 1083392K
  class space    used 5487K, capacity 5980K, committed 6016K, reserved 1048576K
Event: 6.995 GC heap after
Heap after GC invocations=9 (full 2):
 PSYoungGen      total 210432K, used 17565K [0x0000000795580000, 0x00000007a7d00000, 0x00000007c0000000)
  eden space 192512K, 0% used [0x0000000795580000,0x0000000795580000,0x00000007a1180000)
  from space 17920K, 98% used [0x00000007a1180000,0x00000007a22a7570,0x00000007a2300000)
  to   space 20992K, 0% used [0x00000007a6880000,0x00000007a6880000,0x00000007a7d00000)
 ParOldGen       total 120320K, used 28889K [0x0000000740000000, 0x0000000747580000, 0x0000000795580000)
  object space 120320K, 24% used [0x0000000740000000,0x0000000741c36490,0x0000000747580000)
 Metaspace       used 39031K, capacity 40188K, committed 40280K, reserved 1083392K
  class space    used 5487K, capacity 5980K, committed 6016K, reserved 1048576K
}

