# JRE version: Java(TM) SE Runtime Environment (8.0_101-b13) (build 1.8.0_101-b13)
# Java VM: Java HotSpot(TM) 64-Bit Server VM (25.101-b13 mixed mode bsd-amd64 compressed oops)
Heap:
 PSYoungGen      total 74752K, used 52162K [0x0000000795580000, 0x000000079bd80000, 0x00000007c0000000)
  eden space 65024K, 65% used [0x0000000795580000,0x0000000797ef8b40,0x0000000799500000)
  from space 9728K, 99% used [0x000000079a080000,0x000000079a9f8068,0x000000079aa00000)
  to   space 11776K, 0% used [0x0000000799500000,0x0000000799500000,0x000000079a080000)
 ParOldGen       total 67584K, used 12563K [0x0000000740000000, 0x0000000744200000, 0x0000000795580000)
  object space 67584K, 18% used [0x0000000740000000,0x0000000740c44ec0,0x0000000744200000)
 Metaspace       used 32387K, capacity 33374K, committed 33664K, reserved 1077248K
  class space    used 4515K, capacity 4893K, committed 4992K, reserved 1048576K
GC Heap History (10 events):
Event: 4.391 GC heap before
{Heap before GC invocations=5 (full 0):
 PSYoungGen      total 38400K, used 24361K [0x0000000795580000, 0x0000000798000000, 0x00000007c0000000)
  eden space 33280K, 57% used [0x0000000795580000,0x000000079684e498,0x0000000797600000)
  from space 5120K, 99% used [0x0000000797b00000,0x0000000797ffc030,0x0000000798000000)
  to   space 5120K, 0% used [0x0000000797600000,0x0000000797600000,0x0000000797b00000)
 ParOldGen       total 87552K, used 7170K [0x0000000740000000, 0x0000000745580000, 0x0000000795580000)
  object space 87552K, 8% used [0x0000000740000000,0x0000000740700a40,0x0000000745580000)
 Metaspace       used 20776K, capacity 21118K, committed 21248K, reserved 1067008K
  class space    used 2822K, capacity 2978K, committed 3072K, reserved 1048576K
Event: 4.411 GC heap after
Heap after GC invocations=5 (full 0):
 PSYoungGen      total 38400K, used 5088K [0x0000000795580000, 0x000000079a980000, 0x00000007c0000000)
  eden space 33280K, 0% used [0x0000000795580000,0x0000000795580000,0x0000000797600000)
  from space 5120K, 99% used [0x0000000797600000,0x0000000797af8040,0x0000000797b00000)
  to   space 9728K, 0% used [0x000000079a000000,0x000000079a000000,0x000000079a980000)
 ParOldGen       total 87552K, used 9366K [0x0000000740000000, 0x0000000745580000, 0x0000000795580000)
  object space 87552K, 10% used [0x0000000740000000,0x00000007409258e8,0x0000000745580000)
 Metaspace       used 20776K, capacity 21118K, committed 21248K, reserved 1067008K
  class space    used 2822K, capacity 2978K, committed 3072K, reserved 1048576K
}
Event: 4.411 GC heap before
{Heap before GC invocations=6 (full 1):
 PSYoungGen      total 38400K, used 5088K [0x0000000795580000, 0x000000079a980000, 0x00000007c0000000)
  eden space 33280K, 0% used [0x0000000795580000,0x0000000795580000,0x0000000797600000)
  from space 5120K, 99% used [0x0000000797600000,0x0000000797af8040,0x0000000797b00000)
  to   space 9728K, 0% used [0x000000079a000000,0x000000079a000000,0x000000079a980000)
 ParOldGen       total 87552K, used 9366K [0x0000000740000000, 0x0000000745580000, 0x0000000795580000)
  object space 87552K, 10% used [0x0000000740000000,0x00000007409258e8,0x0000000745580000)
 Metaspace       used 20776K, capacity 21118K, committed 21248K, reserved 1067008K
  class space    used 2822K, capacity 2978K, committed 3072K, reserved 1048576K
Event: 4.498 GC heap after
Heap after GC invocations=6 (full 1):
 PSYoungGen      total 38400K, used 0K [0x0000000795580000, 0x000000079a980000, 0x00000007c0000000)
  eden space 33280K, 0% used [0x0000000795580000,0x0000000795580000,0x0000000797600000)
  from space 5120K, 0% used [0x0000000797600000,0x0000000797600000,0x0000000797b00000)
  to   space 9728K, 0% used [0x000000079a000000,0x000000079a000000,0x000000079a980000)
 ParOldGen       total 67584K, used 10616K [0x0000000740000000, 0x0000000744200000, 0x0000000795580000)
  object space 67584K, 15% used [0x0000000740000000,0x0000000740a5e168,0x0000000744200000)
 Metaspace       used 20776K, capacity 21118K, committed 21248K, reserved 1067008K
  class space    used 2822K, capacity 2978K, committed 3072K, reserved 1048576K
}
Event: 5.365 GC heap before
{Heap before GC invocations=7 (full 1):
 PSYoungGen      total 38400K, used 33280K [0x0000000795580000, 0x000000079a980000, 0x00000007c0000000)
  eden space 33280K, 100% used [0x0000000795580000,0x0000000797600000,0x0000000797600000)
  from space 5120K, 0% used [0x0000000797600000,0x0000000797600000,0x0000000797b00000)
  to   space 9728K, 0% used [0x000000079a000000,0x000000079a000000,0x000000079a980000)
 ParOldGen       total 67584K, used 10616K [0x0000000740000000, 0x0000000744200000, 0x0000000795580000)
  object space 67584K, 15% used [0x0000000740000000,0x0000000740a5e168,0x0000000744200000)
 Metaspace       used 22865K, capacity 23374K, committed 23680K, reserved 1069056K
  class space    used 3146K, capacity 3341K, committed 3456K, reserved 1048576K
Event: 5.380 GC heap after
Heap after GC invocations=7 (full 1):
 PSYoungGen      total 51712K, used 3421K [0x0000000795580000, 0x000000079a380000, 0x00000007c0000000)
  eden space 48128K, 0% used [0x0000000795580000,0x0000000795580000,0x0000000798480000)
  from space 3584K, 95% used [0x000000079a000000,0x000000079a357510,0x000000079a380000)
  to   space 10240K, 0% used [0x0000000798f80000,0x0000000798f80000,0x0000000799980000)
 ParOldGen       total 67584K, used 10624K [0x0000000740000000, 0x0000000744200000, 0x0000000795580000)
  object space 67584K, 15% used [0x0000000740000000,0x0000000740a60168,0x0000000744200000)
 Metaspace       used 22865K, capacity 23374K, committed 23680K, reserved 1069056K
  class space    used 3146K, capacity 3341K, committed 3456K, reserved 1048576K
}
Event: 7.392 GC heap before
{Heap before GC invocations=8 (full 1):
 PSYoungGen      total 51712K, used 51549K [0x0000000795580000, 0x000000079a380000, 0x00000007c0000000)
  eden space 48128K, 100% used [0x0000000795580000,0x0000000798480000,0x0000000798480000)
  from space 3584K, 95% used [0x000000079a000000,0x000000079a357510,0x000000079a380000)
  to   space 10240K, 0% used [0x0000000798f80000,0x0000000798f80000,0x0000000799980000)
 ParOldGen       total 67584K, used 10624K [0x0000000740000000, 0x0000000744200000, 0x0000000795580000)
  object space 67584K, 15% used [0x0000000740000000,0x0000000740a60168,0x0000000744200000)
 Metaspace       used 26559K, capacity 27438K, committed 27776K, reserved 1073152K
  class space    used 3567K, capacity 3879K, committed 3968K, reserved 1048576K
Event: 7.402 GC heap after
Heap after GC invocations=8 (full 1):
 PSYoungGen      total 69632K, used 6303K [0x0000000795580000, 0x000000079aa00000, 0x00000007c0000000)
  eden space 59392K, 0% used [0x0000000795580000,0x0000000795580000,0x0000000798f80000)
  from space 10240K, 61% used [0x0000000798f80000,0x00000007995a7ff0,0x0000000799980000)
  to   space 9728K, 0% used [0x000000079a080000,0x000000079a080000,0x000000079aa00000)
 ParOldGen       total 67584K, used 10696K [0x0000000740000000, 0x0000000744200000, 0x0000000795580000)
  object space 67584K, 15% used [0x0000000740000000,0x0000000740a72178,0x0000000744200000)
 Metaspace       used 26559K, capacity 27438K, committed 27776K, reserved 1073152K
  class space    used 3567K, capacity 3879K, committed 3968K, reserved 1048576K
}
Event: 8.613 GC heap before
{Heap before GC invocations=9 (full 1):
 PSYoungGen      total 69632K, used 65695K [0x0000000795580000, 0x000000079aa00000, 0x00000007c0000000)
  eden space 59392K, 100% used [0x0000000795580000,0x0000000798f80000,0x0000000798f80000)
  from space 10240K, 61% used [0x0000000798f80000,0x00000007995a7ff0,0x0000000799980000)
  to   space 9728K, 0% used [0x000000079a080000,0x000000079a080000,0x000000079aa00000)
 ParOldGen       total 67584K, used 10696K [0x0000000740000000, 0x0000000744200000, 0x0000000795580000)
  object space 67584K, 15% used [0x0000000740000000,0x0000000740a72178,0x0000000744200000)
 Metaspace       used 29775K, capacity 30586K, committed 30848K, reserved 1075200K
  class space    used 4087K, capacity 4353K, committed 4480K, reserved 1048576K
Event: 8.629 GC heap after
Heap after GC invocations=9 (full 1):
 PSYoungGen      total 74752K, used 9696K [0x0000000795580000, 0x000000079bd80000, 0x00000007c0000000)
  eden space 65024K, 0% used [0x0000000795580000,0x0000000795580000,0x0000000799500000)
  from space 9728K, 99% used [0x000000079a080000,0x000000079a9f8068,0x000000079aa00000)
  to   space 11776K, 0% used [0x0000000799500000,0x0000000799500000,0x000000079a080000)
 ParOldGen       total 67584K, used 12563K [0x0000000740000000, 0x0000000744200000, 0x0000000795580000)
  object space 67584K, 18% used [0x0000000740000000,0x0000000740c44ec0,0x0000000744200000)
 Metaspace       used 29775K, capacity 30586K, committed 30848K, reserved 1075200K
  class space    used 4087K, capacity 4353K, committed 4480K, reserved 1048576K
}

