# JRE version: Java(TM) SE Runtime Environment (8.0_101-b13) (build 1.8.0_101-b13)
# Java VM: Java HotSpot(TM) 64-Bit Server VM (25.101-b13 mixed mode bsd-amd64 compressed oops)
Heap:
 PSYoungGen      total 210432K, used 62660K [0x0000000795580000, 0x00000007a8800000, 0x00000007c0000000)
  eden space 192512K, 23% used [0x0000000795580000,0x0000000798192cd8,0x00000007a1180000)
  from space 17920K, 97% used [0x00000007a1180000,0x00000007a229e400,0x00000007a2300000)
  to   space 20480K, 0% used [0x00000007a7400000,0x00000007a7400000,0x00000007a8800000)
 ParOldGen       total 117760K, used 27328K [0x0000000740000000, 0x0000000747300000, 0x0000000795580000)
  object space 117760K, 23% used [0x0000000740000000,0x0000000741ab03c0,0x0000000747300000)
 Metaspace       used 39801K, capacity 41098K, committed 41176K, reserved 1085440K
  class space    used 5590K, capacity 6110K, committed 6144K, reserved 1048576K
GC Heap History (10 events):
Event: 2.118 GC heap before
{Heap before GC invocations=5 (full 1):
 PSYoungGen      total 138240K, used 5104K [0x0000000795580000, 0x000000079e180000, 0x00000007c0000000)
  eden space 133120K, 0% used [0x0000000795580000,0x0000000795580000,0x000000079d780000)
  from space 5120K, 99% used [0x000000079dc80000,0x000000079e17c030,0x000000079e180000)
  to   space 5120K, 0% used [0x000000079d780000,0x000000079d780000,0x000000079dc80000)
 ParOldGen       total 87552K, used 9430K [0x0000000740000000, 0x0000000745580000, 0x0000000795580000)
  object space 87552K, 10% used [0x0000000740000000,0x0000000740935910,0x0000000745580000)
 Metaspace       used 20807K, capacity 21118K, committed 21248K, reserved 1067008K
  class space    used 2825K, capacity 2978K, committed 3072K, reserved 1048576K
Event: 2.171 GC heap after
Heap after GC invocations=5 (full 1):
 PSYoungGen      total 138240K, used 0K [0x0000000795580000, 0x000000079e180000, 0x00000007c0000000)
  eden space 133120K, 0% used [0x0000000795580000,0x0000000795580000,0x000000079d780000)
  from space 5120K, 0% used [0x000000079dc80000,0x000000079dc80000,0x000000079e180000)
  to   space 5120K, 0% used [0x000000079d780000,0x000000079d780000,0x000000079dc80000)
 ParOldGen       total 65536K, used 8910K [0x0000000740000000, 0x0000000744000000, 0x0000000795580000)
  object space 65536K, 13% used [0x0000000740000000,0x00000007408b3a70,0x0000000744000000)
 Metaspace       used 20807K, capacity 21118K, committed 21248K, reserved 1067008K
  class space    used 2825K, capacity 2978K, committed 3072K, reserved 1048576K
}
Event: 3.725 GC heap before
{Heap before GC invocations=6 (full 1):
 PSYoungGen      total 138240K, used 133120K [0x0000000795580000, 0x000000079e180000, 0x00000007c0000000)
  eden space 133120K, 100% used [0x0000000795580000,0x000000079d780000,0x000000079d780000)
  from space 5120K, 0% used [0x000000079dc80000,0x000000079dc80000,0x000000079e180000)
  to   space 5120K, 0% used [0x000000079d780000,0x000000079d780000,0x000000079dc80000)
 ParOldGen       total 65536K, used 8910K [0x0000000740000000, 0x0000000744000000, 0x0000000795580000)
  object space 65536K, 13% used [0x0000000740000000,0x00000007408b3a70,0x0000000744000000)
 Metaspace       used 29586K, capacity 30386K, committed 30464K, reserved 1075200K
  class space    used 4055K, capacity 4349K, committed 4352K, reserved 1048576K
Event: 3.749 GC heap after
Heap after GC invocations=6 (full 1):
 PSYoungGen      total 138240K, used 5120K [0x0000000795580000, 0x00000007a3200000, 0x00000007c0000000)
  eden space 133120K, 0% used [0x0000000795580000,0x0000000795580000,0x000000079d780000)
  from space 5120K, 100% used [0x000000079d780000,0x000000079dc80000,0x000000079dc80000)
  to   space 15360K, 0% used [0x00000007a2300000,0x00000007a2300000,0x00000007a3200000)
 ParOldGen       total 65536K, used 18354K [0x0000000740000000, 0x0000000744000000, 0x0000000795580000)
  object space 65536K, 28% used [0x0000000740000000,0x00000007411eca30,0x0000000744000000)
 Metaspace       used 29586K, capacity 30386K, committed 30464K, reserved 1075200K
  class space    used 4055K, capacity 4349K, committed 4352K, reserved 1048576K
}
Event: 4.558 GC heap before
{Heap before GC invocations=7 (full 1):
 PSYoungGen      total 138240K, used 84821K [0x0000000795580000, 0x00000007a3200000, 0x00000007c0000000)
  eden space 133120K, 59% used [0x0000000795580000,0x000000079a355470,0x000000079d780000)
  from space 5120K, 100% used [0x000000079d780000,0x000000079dc80000,0x000000079dc80000)
  to   space 15360K, 0% used [0x00000007a2300000,0x00000007a2300000,0x00000007a3200000)
 ParOldGen       total 65536K, used 18354K [0x0000000740000000, 0x0000000744000000, 0x0000000795580000)
  object space 65536K, 28% used [0x0000000740000000,0x00000007411eca30,0x0000000744000000)
 Metaspace       used 34365K, capacity 35272K, committed 35416K, reserved 1079296K
  class space    used 4782K, capacity 5166K, committed 5248K, reserved 1048576K
Event: 4.577 GC heap after
Heap after GC invocations=7 (full 1):
 PSYoungGen      total 207872K, used 15334K [0x0000000795580000, 0x00000007a3800000, 0x00000007c0000000)
  eden space 192512K, 0% used [0x0000000795580000,0x0000000795580000,0x00000007a1180000)
  from space 15360K, 99% used [0x00000007a2300000,0x00000007a31f99e0,0x00000007a3200000)
  to   space 17920K, 0% used [0x00000007a1180000,0x00000007a1180000,0x00000007a2300000)
 ParOldGen       total 65536K, used 18562K [0x0000000740000000, 0x0000000744000000, 0x0000000795580000)
  object space 65536K, 28% used [0x0000000740000000,0x0000000741220b10,0x0000000744000000)
 Metaspace       used 34365K, capacity 35272K, committed 35416K, reserved 1079296K
  class space    used 4782K, capacity 5166K, committed 5248K, reserved 1048576K
}
Event: 4.577 GC heap before
{Heap before GC invocations=8 (full 2):
 PSYoungGen      total 207872K, used 15334K [0x0000000795580000, 0x00000007a3800000, 0x00000007c0000000)
  eden space 192512K, 0% used [0x0000000795580000,0x0000000795580000,0x00000007a1180000)
  from space 15360K, 99% used [0x00000007a2300000,0x00000007a31f99e0,0x00000007a3200000)
  to   space 17920K, 0% used [0x00000007a1180000,0x00000007a1180000,0x00000007a2300000)
 ParOldGen       total 65536K, used 18562K [0x0000000740000000, 0x0000000744000000, 0x0000000795580000)
  object space 65536K, 28% used [0x0000000740000000,0x0000000741220b10,0x0000000744000000)
 Metaspace       used 34365K, capacity 35272K, committed 35416K, reserved 1079296K
  class space    used 4782K, capacity 5166K, committed 5248K, reserved 1048576K
Event: 4.665 GC heap after
Heap after GC invocations=8 (full 2):
 PSYoungGen      total 207872K, used 0K [0x0000000795580000, 0x00000007a3800000, 0x00000007c0000000)
  eden space 192512K, 0% used [0x0000000795580000,0x0000000795580000,0x00000007a1180000)
  from space 15360K, 0% used [0x00000007a2300000,0x00000007a2300000,0x00000007a3200000)
  to   space 17920K, 0% used [0x00000007a1180000,0x00000007a1180000,0x00000007a2300000)
 ParOldGen       total 117760K, used 27320K [0x0000000740000000, 0x0000000747300000, 0x0000000795580000)
  object space 117760K, 23% used [0x0000000740000000,0x0000000741aae3c0,0x0000000747300000)
 Metaspace       used 34365K, capacity 35272K, committed 35416K, reserved 1079296K
  class space    used 4782K, capacity 5166K, committed 5248K, reserved 1048576K
}
Event: 6.581 GC heap before
{Heap before GC invocations=9 (full 2):
 PSYoungGen      total 207872K, used 192512K [0x0000000795580000, 0x00000007a3800000, 0x00000007c0000000)
  eden space 192512K, 100% used [0x0000000795580000,0x00000007a1180000,0x00000007a1180000)
  from space 15360K, 0% used [0x00000007a2300000,0x00000007a2300000,0x00000007a3200000)
  to   space 17920K, 0% used [0x00000007a1180000,0x00000007a1180000,0x00000007a2300000)
 ParOldGen       total 117760K, used 27320K [0x0000000740000000, 0x0000000747300000, 0x0000000795580000)
  object space 117760K, 23% used [0x0000000740000000,0x0000000741aae3c0,0x0000000747300000)
 Metaspace       used 39011K, capacity 40188K, committed 40280K, reserved 1083392K
  class space    used 5481K, capacity 5980K, committed 6016K, reserved 1048576K
Event: 6.621 GC heap after
Heap after GC invocations=9 (full 2):
 PSYoungGen      total 210432K, used 17529K [0x0000000795580000, 0x00000007a8800000, 0x00000007c0000000)
  eden space 192512K, 0% used [0x0000000795580000,0x0000000795580000,0x00000007a1180000)
  from space 17920K, 97% used [0x00000007a1180000,0x00000007a229e400,0x00000007a2300000)
  to   space 20480K, 0% used [0x00000007a7400000,0x00000007a7400000,0x00000007a8800000)
 ParOldGen       total 117760K, used 27328K [0x0000000740000000, 0x0000000747300000, 0x0000000795580000)
  object space 117760K, 23% used [0x0000000740000000,0x0000000741ab03c0,0x0000000747300000)
 Metaspace       used 39011K, capacity 40188K, committed 40280K, reserved 1083392K
  class space    used 5481K, capacity 5980K, committed 6016K, reserved 1048576K
}

