# JRE version: Java(TM) SE Runtime Environment (8.0_101-b13) (build 1.8.0_101-b13)
# Java VM: Java HotSpot(TM) 64-Bit Server VM (25.101-b13 mixed mode bsd-amd64 compressed oops)
Heap:
 PSYoungGen      total 159744K, used 20520K [0x0000000795580000, 0x00000007a2480000, 0x00000007c0000000)
  eden space 143360K, 4% used [0x0000000795580000,0x0000000795b2bcb0,0x000000079e180000)
  from space 16384K, 89% used [0x000000079e180000,0x000000079efde400,0x000000079f180000)
  to   space 17920K, 0% used [0x00000007a1300000,0x00000007a1300000,0x00000007a2480000)
 ParOldGen       total 109056K, used 24606K [0x0000000740000000, 0x0000000746a80000, 0x0000000795580000)
  object space 109056K, 22% used [0x0000000740000000,0x0000000741807bd8,0x0000000746a80000)
 Metaspace       used 37055K, capacity 38040K, committed 38104K, reserved 1081344K
  class space    used 5181K, capacity 5593K, committed 5632K, reserved 1048576K
GC Heap History (10 events):
Event: 4.390 GC heap before
{Heap before GC invocations=7 (full 1):
 PSYoungGen      total 71680K, used 66560K [0x0000000795580000, 0x000000079ea80000, 0x00000007c0000000)
  eden space 66560K, 100% used [0x0000000795580000,0x0000000799680000,0x0000000799680000)
  from space 5120K, 0% used [0x0000000799680000,0x0000000799680000,0x0000000799b80000)
  to   space 9728K, 0% used [0x000000079e100000,0x000000079e100000,0x000000079ea80000)
 ParOldGen       total 62464K, used 8847K [0x0000000740000000, 0x0000000743d00000, 0x0000000795580000)
  object space 62464K, 14% used [0x0000000740000000,0x00000007408a3dd0,0x0000000743d00000)
 Metaspace       used 25337K, capacity 25952K, committed 26240K, reserved 1071104K
  class space    used 3433K, capacity 3641K, committed 3712K, reserved 1048576K
Event: 4.404 GC heap after
Heap after GC invocations=7 (full 1):
 PSYoungGen      total 105472K, used 5960K [0x0000000795580000, 0x000000079e700000, 0x00000007c0000000)
  eden space 99328K, 0% used [0x0000000795580000,0x0000000795580000,0x000000079b680000)
  from space 6144K, 97% used [0x000000079e100000,0x000000079e6d2030,0x000000079e700000)
  to   space 9728K, 0% used [0x000000079d400000,0x000000079d400000,0x000000079dd80000)
 ParOldGen       total 62464K, used 8855K [0x0000000740000000, 0x0000000743d00000, 0x0000000795580000)
  object space 62464K, 14% used [0x0000000740000000,0x00000007408a5dd0,0x0000000743d00000)
 Metaspace       used 25337K, capacity 25952K, committed 26240K, reserved 1071104K
  class space    used 3433K, capacity 3641K, committed 3712K, reserved 1048576K
}
Event: 5.934 GC heap before
{Heap before GC invocations=8 (full 1):
 PSYoungGen      total 105472K, used 105288K [0x0000000795580000, 0x000000079e700000, 0x00000007c0000000)
  eden space 99328K, 100% used [0x0000000795580000,0x000000079b680000,0x000000079b680000)
  from space 6144K, 97% used [0x000000079e100000,0x000000079e6d2030,0x000000079e700000)
  to   space 9728K, 0% used [0x000000079d400000,0x000000079d400000,0x000000079dd80000)
 ParOldGen       total 62464K, used 8855K [0x0000000740000000, 0x0000000743d00000, 0x0000000795580000)
  object space 62464K, 14% used [0x0000000740000000,0x00000007408a5dd0,0x0000000743d00000)
 Metaspace       used 32053K, capacity 33006K, committed 33280K, reserved 1077248K
  class space    used 4457K, capacity 4835K, committed 4864K, reserved 1048576K
Event: 5.956 GC heap after
Heap after GC invocations=8 (full 1):
 PSYoungGen      total 139264K, used 9696K [0x0000000795580000, 0x000000079ff00000, 0x00000007c0000000)
  eden space 129536K, 0% used [0x0000000795580000,0x0000000795580000,0x000000079d400000)
  from space 9728K, 99% used [0x000000079d400000,0x000000079dd78010,0x000000079dd80000)
  to   space 13824K, 0% used [0x000000079f180000,0x000000079f180000,0x000000079ff00000)
 ParOldGen       total 62464K, used 15708K [0x0000000740000000, 0x0000000743d00000, 0x0000000795580000)
  object space 62464K, 25% used [0x0000000740000000,0x0000000740f57270,0x0000000743d00000)
 Metaspace       used 32053K, capacity 33006K, committed 33280K, reserved 1077248K
  class space    used 4457K, capacity 4835K, committed 4864K, reserved 1048576K
}
Event: 6.791 GC heap before
{Heap before GC invocations=9 (full 1):
 PSYoungGen      total 139264K, used 56063K [0x0000000795580000, 0x000000079ff00000, 0x00000007c0000000)
  eden space 129536K, 35% used [0x0000000795580000,0x00000007982c7c48,0x000000079d400000)
  from space 9728K, 99% used [0x000000079d400000,0x000000079dd78010,0x000000079dd80000)
  to   space 13824K, 0% used [0x000000079f180000,0x000000079f180000,0x000000079ff00000)
 ParOldGen       total 62464K, used 15708K [0x0000000740000000, 0x0000000743d00000, 0x0000000795580000)
  object space 62464K, 25% used [0x0000000740000000,0x0000000740f57270,0x0000000743d00000)
 Metaspace       used 34361K, capacity 35304K, committed 35416K, reserved 1079296K
  class space    used 4787K, capacity 5198K, committed 5248K, reserved 1048576K
Event: 6.824 GC heap after
Heap after GC invocations=9 (full 1):
 PSYoungGen      total 157184K, used 13792K [0x0000000795580000, 0x00000007a3600000, 0x00000007c0000000)
  eden space 143360K, 0% used [0x0000000795580000,0x0000000795580000,0x000000079e180000)
  from space 13824K, 99% used [0x000000079f180000,0x000000079fef8010,0x000000079ff00000)
  to   space 16384K, 0% used [0x000000079e180000,0x000000079e180000,0x000000079f180000)
 ParOldGen       total 62464K, used 16996K [0x0000000740000000, 0x0000000743d00000, 0x0000000795580000)
  object space 62464K, 27% used [0x0000000740000000,0x0000000741099258,0x0000000743d00000)
 Metaspace       used 34361K, capacity 35304K, committed 35416K, reserved 1079296K
  class space    used 4787K, capacity 5198K, committed 5248K, reserved 1048576K
}
Event: 6.824 GC heap before
{Heap before GC invocations=10 (full 2):
 PSYoungGen      total 157184K, used 13792K [0x0000000795580000, 0x00000007a3600000, 0x00000007c0000000)
  eden space 143360K, 0% used [0x0000000795580000,0x0000000795580000,0x000000079e180000)
  from space 13824K, 99% used [0x000000079f180000,0x000000079fef8010,0x000000079ff00000)
  to   space 16384K, 0% used [0x000000079e180000,0x000000079e180000,0x000000079f180000)
 ParOldGen       total 62464K, used 16996K [0x0000000740000000, 0x0000000743d00000, 0x0000000795580000)
  object space 62464K, 27% used [0x0000000740000000,0x0000000741099258,0x0000000743d00000)
 Metaspace       used 34361K, capacity 35304K, committed 35416K, reserved 1079296K
  class space    used 4787K, capacity 5198K, committed 5248K, reserved 1048576K
Event: 6.990 GC heap after
Heap after GC invocations=10 (full 2):
 PSYoungGen      total 157184K, used 0K [0x0000000795580000, 0x00000007a3600000, 0x00000007c0000000)
  eden space 143360K, 0% used [0x0000000795580000,0x0000000795580000,0x000000079e180000)
  from space 13824K, 0% used [0x000000079f180000,0x000000079f180000,0x000000079ff00000)
  to   space 16384K, 0% used [0x000000079e180000,0x000000079e180000,0x000000079f180000)
 ParOldGen       total 109056K, used 24598K [0x0000000740000000, 0x0000000746a80000, 0x0000000795580000)
  object space 109056K, 22% used [0x0000000740000000,0x0000000741805bd8,0x0000000746a80000)
 Metaspace       used 34361K, capacity 35304K, committed 35416K, reserved 1079296K
  class space    used 4787K, capacity 5198K, committed 5248K, reserved 1048576K
}
Event: 9.371 GC heap before
{Heap before GC invocations=11 (full 2):
 PSYoungGen      total 157184K, used 143360K [0x0000000795580000, 0x00000007a3600000, 0x00000007c0000000)
  eden space 143360K, 100% used [0x0000000795580000,0x000000079e180000,0x000000079e180000)
  from space 13824K, 0% used [0x000000079f180000,0x000000079f180000,0x000000079ff00000)
  to   space 16384K, 0% used [0x000000079e180000,0x000000079e180000,0x000000079f180000)
 ParOldGen       total 109056K, used 24598K [0x0000000740000000, 0x0000000746a80000, 0x0000000795580000)
  object space 109056K, 22% used [0x0000000740000000,0x0000000741805bd8,0x0000000746a80000)
 Metaspace       used 36930K, capacity 37848K, committed 38104K, reserved 1081344K
  class space    used 5154K, capacity 5546K, committed 5632K, reserved 1048576K
Event: 9.391 GC heap after
Heap after GC invocations=11 (full 2):
 PSYoungGen      total 159744K, used 14713K [0x0000000795580000, 0x00000007a2480000, 0x00000007c0000000)
  eden space 143360K, 0% used [0x0000000795580000,0x0000000795580000,0x000000079e180000)
  from space 16384K, 89% used [0x000000079e180000,0x000000079efde400,0x000000079f180000)
  to   space 17920K, 0% used [0x00000007a1300000,0x00000007a1300000,0x00000007a2480000)
 ParOldGen       total 109056K, used 24606K [0x0000000740000000, 0x0000000746a80000, 0x0000000795580000)
  object space 109056K, 22% used [0x0000000740000000,0x0000000741807bd8,0x0000000746a80000)
 Metaspace       used 36930K, capacity 37848K, committed 38104K, reserved 1081344K
  class space    used 5154K, capacity 5546K, committed 5632K, reserved 1048576K
}

