# JRE version: Java(TM) SE Runtime Environment (8.0_101-b13) (build 1.8.0_101-b13)
# Java VM: Java HotSpot(TM) 64-Bit Server VM (25.101-b13 mixed mode bsd-amd64 compressed oops)
Heap:
 PSYoungGen      total 176640K, used 57895K [0x0000000795580000, 0x00000007a2e80000, 0x00000007c0000000)
  eden space 160256K, 25% used [0x0000000795580000,0x0000000797e0d320,0x000000079f200000)
  from space 16384K, 99% used [0x000000079f200000,0x00000007a01fc990,0x00000007a0200000)
  to   space 18944K, 0% used [0x00000007a1c00000,0x00000007a1c00000,0x00000007a2e80000)
 ParOldGen       total 113152K, used 25091K [0x0000000740000000, 0x0000000746e80000, 0x0000000795580000)
  object space 113152K, 22% used [0x0000000740000000,0x0000000741880c78,0x0000000746e80000)
 Metaspace       used 39133K, capacity 40318K, committed 40664K, reserved 1083392K
  class space    used 5501K, capacity 6025K, committed 6144K, reserved 1048576K
GC Heap History (10 events):
Event: 8.092 GC heap before
{Heap before GC invocations=7 (full 1):
 PSYoungGen      total 71680K, used 66560K [0x0000000795580000, 0x000000079ea80000, 0x00000007c0000000)
  eden space 66560K, 100% used [0x0000000795580000,0x0000000799680000,0x0000000799680000)
  from space 5120K, 0% used [0x0000000799680000,0x0000000799680000,0x0000000799b80000)
  to   space 9728K, 0% used [0x000000079e100000,0x000000079e100000,0x000000079ea80000)
 ParOldGen       total 60416K, used 8861K [0x0000000740000000, 0x0000000743b00000, 0x0000000795580000)
  object space 60416K, 14% used [0x0000000740000000,0x00000007408a7410,0x0000000743b00000)
 Metaspace       used 25365K, capacity 25984K, committed 26240K, reserved 1071104K
  class space    used 3432K, capacity 3673K, committed 3712K, reserved 1048576K
Event: 8.113 GC heap after
Heap after GC invocations=7 (full 1):
 PSYoungGen      total 110080K, used 5926K [0x0000000795580000, 0x000000079e700000, 0x00000007c0000000)
  eden space 103936K, 0% used [0x0000000795580000,0x0000000795580000,0x000000079bb00000)
  from space 6144K, 96% used [0x000000079e100000,0x000000079e6c9a70,0x000000079e700000)
  to   space 9728K, 0% used [0x000000079d400000,0x000000079d400000,0x000000079dd80000)
 ParOldGen       total 60416K, used 8933K [0x0000000740000000, 0x0000000743b00000, 0x0000000795580000)
  object space 60416K, 14% used [0x0000000740000000,0x00000007408b9420,0x0000000743b00000)
 Metaspace       used 25365K, capacity 25984K, committed 26240K, reserved 1071104K
  class space    used 3432K, capacity 3673K, committed 3712K, reserved 1048576K
}
Event: 12.078 GC heap before
{Heap before GC invocations=8 (full 1):
 PSYoungGen      total 110080K, used 109862K [0x0000000795580000, 0x000000079e700000, 0x00000007c0000000)
  eden space 103936K, 100% used [0x0000000795580000,0x000000079bb00000,0x000000079bb00000)
  from space 6144K, 96% used [0x000000079e100000,0x000000079e6c9a70,0x000000079e700000)
  to   space 9728K, 0% used [0x000000079d400000,0x000000079d400000,0x000000079dd80000)
 ParOldGen       total 60416K, used 8933K [0x0000000740000000, 0x0000000743b00000, 0x0000000795580000)
  object space 60416K, 14% used [0x0000000740000000,0x00000007408b9420,0x0000000743b00000)
 Metaspace       used 32184K, capacity 33158K, committed 33280K, reserved 1077248K
  class space    used 4470K, capacity 4842K, committed 4864K, reserved 1048576K
Event: 12.148 GC heap after
Heap after GC invocations=8 (full 1):
 PSYoungGen      total 139264K, used 9712K [0x0000000795580000, 0x00000007a1000000, 0x00000007c0000000)
  eden space 129536K, 0% used [0x0000000795580000,0x0000000795580000,0x000000079d400000)
  from space 9728K, 99% used [0x000000079d400000,0x000000079dd7c010,0x000000079dd80000)
  to   space 14336K, 0% used [0x00000007a0200000,0x00000007a0200000,0x00000007a1000000)
 ParOldGen       total 60416K, used 16440K [0x0000000740000000, 0x0000000743b00000, 0x0000000795580000)
  object space 60416K, 27% used [0x0000000740000000,0x000000074100e028,0x0000000743b00000)
 Metaspace       used 32184K, capacity 33158K, committed 33280K, reserved 1077248K
  class space    used 4470K, capacity 4842K, committed 4864K, reserved 1048576K
}
Event: 13.267 GC heap before
{Heap before GC invocations=9 (full 1):
 PSYoungGen      total 139264K, used 53420K [0x0000000795580000, 0x00000007a1000000, 0x00000007c0000000)
  eden space 129536K, 33% used [0x0000000795580000,0x000000079802f078,0x000000079d400000)
  from space 9728K, 99% used [0x000000079d400000,0x000000079dd7c010,0x000000079dd80000)
  to   space 14336K, 0% used [0x00000007a0200000,0x00000007a0200000,0x00000007a1000000)
 ParOldGen       total 60416K, used 16440K [0x0000000740000000, 0x0000000743b00000, 0x0000000795580000)
  object space 60416K, 27% used [0x0000000740000000,0x000000074100e028,0x0000000743b00000)
 Metaspace       used 34343K, capacity 35272K, committed 35416K, reserved 1079296K
  class space    used 4774K, capacity 5166K, committed 5248K, reserved 1048576K
Event: 13.298 GC heap after
Heap after GC invocations=9 (full 1):
 PSYoungGen      total 174592K, used 14328K [0x0000000795580000, 0x00000007a3f80000, 0x00000007c0000000)
  eden space 160256K, 0% used [0x0000000795580000,0x0000000795580000,0x000000079f200000)
  from space 14336K, 99% used [0x00000007a0200000,0x00000007a0ffe218,0x00000007a1000000)
  to   space 16384K, 0% used [0x000000079f200000,0x000000079f200000,0x00000007a0200000)
 ParOldGen       total 60416K, used 16448K [0x0000000740000000, 0x0000000743b00000, 0x0000000795580000)
  object space 60416K, 27% used [0x0000000740000000,0x0000000741010028,0x0000000743b00000)
 Metaspace       used 34343K, capacity 35272K, committed 35416K, reserved 1079296K
  class space    used 4774K, capacity 5166K, committed 5248K, reserved 1048576K
}
Event: 13.298 GC heap before
{Heap before GC invocations=10 (full 2):
 PSYoungGen      total 174592K, used 14328K [0x0000000795580000, 0x00000007a3f80000, 0x00000007c0000000)
  eden space 160256K, 0% used [0x0000000795580000,0x0000000795580000,0x000000079f200000)
  from space 14336K, 99% used [0x00000007a0200000,0x00000007a0ffe218,0x00000007a1000000)
  to   space 16384K, 0% used [0x000000079f200000,0x000000079f200000,0x00000007a0200000)
 ParOldGen       total 60416K, used 16448K [0x0000000740000000, 0x0000000743b00000, 0x0000000795580000)
  object space 60416K, 27% used [0x0000000740000000,0x0000000741010028,0x0000000743b00000)
 Metaspace       used 34343K, capacity 35272K, committed 35416K, reserved 1079296K
  class space    used 4774K, capacity 5166K, committed 5248K, reserved 1048576K
Event: 14.057 GC heap after
Heap after GC invocations=10 (full 2):
 PSYoungGen      total 174592K, used 0K [0x0000000795580000, 0x00000007a3f80000, 0x00000007c0000000)
  eden space 160256K, 0% used [0x0000000795580000,0x0000000795580000,0x000000079f200000)
  from space 14336K, 0% used [0x00000007a0200000,0x00000007a0200000,0x00000007a1000000)
  to   space 16384K, 0% used [0x000000079f200000,0x000000079f200000,0x00000007a0200000)
 ParOldGen       total 113152K, used 24545K [0x0000000740000000, 0x0000000746e80000, 0x0000000795580000)
  object space 113152K, 21% used [0x0000000740000000,0x00000007417f8568,0x0000000746e80000)
 Metaspace       used 34343K, capacity 35272K, committed 35416K, reserved 1079296K
  class space    used 4774K, capacity 5166K, committed 5248K, reserved 1048576K
}
Event: 18.830 GC heap before
{Heap before GC invocations=11 (full 2):
 PSYoungGen      total 174592K, used 160256K [0x0000000795580000, 0x00000007a3f80000, 0x00000007c0000000)
  eden space 160256K, 100% used [0x0000000795580000,0x000000079f200000,0x000000079f200000)
  from space 14336K, 0% used [0x00000007a0200000,0x00000007a0200000,0x00000007a1000000)
  to   space 16384K, 0% used [0x000000079f200000,0x000000079f200000,0x00000007a0200000)
 ParOldGen       total 113152K, used 24545K [0x0000000740000000, 0x0000000746e80000, 0x0000000795580000)
  object space 113152K, 21% used [0x0000000740000000,0x00000007417f8568,0x0000000746e80000)
 Metaspace       used 37831K, capacity 38954K, committed 39128K, reserved 1083392K
  class space    used 5315K, capacity 5795K, committed 5888K, reserved 1048576K
Event: 18.876 GC heap after
Heap after GC invocations=11 (full 2):
 PSYoungGen      total 176640K, used 16370K [0x0000000795580000, 0x00000007a2e80000, 0x00000007c0000000)
  eden space 160256K, 0% used [0x0000000795580000,0x0000000795580000,0x000000079f200000)
  from space 16384K, 99% used [0x000000079f200000,0x00000007a01fc990,0x00000007a0200000)
  to   space 18944K, 0% used [0x00000007a1c00000,0x00000007a1c00000,0x00000007a2e80000)
 ParOldGen       total 113152K, used 25091K [0x0000000740000000, 0x0000000746e80000, 0x0000000795580000)
  object space 113152K, 22% used [0x0000000740000000,0x0000000741880c78,0x0000000746e80000)
 Metaspace       used 37831K, capacity 38954K, committed 39128K, reserved 1083392K
  class space    used 5315K, capacity 5795K, committed 5888K, reserved 1048576K
}

