# JRE version: Java(TM) SE Runtime Environment (8.0_101-b13) (build 1.8.0_101-b13)
# Java VM: Java HotSpot(TM) 64-Bit Server VM (25.101-b13 mixed mode bsd-amd64 compressed oops)
Heap:
 PSYoungGen      total 168960K, used 101899K [0x0000000795580000, 0x00000007a3680000, 0x00000007c0000000)
  eden space 152576K, 56% used [0x0000000795580000,0x000000079a96b5f8,0x000000079ea80000)
  from space 16384K, 97% used [0x000000079ea80000,0x000000079fa17688,0x000000079fa80000)
  to   space 18432K, 0% used [0x00000007a2480000,0x00000007a2480000,0x00000007a3680000)
 ParOldGen       total 105984K, used 24560K [0x0000000740000000, 0x0000000746780000, 0x0000000795580000)
  object space 105984K, 23% used [0x0000000740000000,0x00000007417fc308,0x0000000746780000)
 Metaspace       used 39986K, capacity 41282K, committed 41560K, reserved 1085440K
  class space    used 5629K, capacity 6178K, committed 6272K, reserved 1048576K
GC Heap History (10 events):
Event: 4.427 GC heap before
{Heap before GC invocations=7 (full 1):
 PSYoungGen      total 71680K, used 66560K [0x0000000795580000, 0x000000079ea80000, 0x00000007c0000000)
  eden space 66560K, 100% used [0x0000000795580000,0x0000000799680000,0x0000000799680000)
  from space 5120K, 0% used [0x0000000799680000,0x0000000799680000,0x0000000799b80000)
  to   space 9728K, 0% used [0x000000079e100000,0x000000079e100000,0x000000079ea80000)
 ParOldGen       total 61952K, used 8891K [0x0000000740000000, 0x0000000743c80000, 0x0000000795580000)
  object space 61952K, 14% used [0x0000000740000000,0x00000007408aef78,0x0000000743c80000)
 Metaspace       used 25348K, capacity 26016K, committed 26240K, reserved 1071104K
  class space    used 3427K, capacity 3641K, committed 3712K, reserved 1048576K
Event: 4.438 GC heap after
Heap after GC invocations=7 (full 1):
 PSYoungGen      total 107520K, used 6054K [0x0000000795580000, 0x000000079e700000, 0x00000007c0000000)
  eden space 101376K, 0% used [0x0000000795580000,0x0000000795580000,0x000000079b880000)
  from space 6144K, 98% used [0x000000079e100000,0x000000079e6e9a80,0x000000079e700000)
  to   space 9728K, 0% used [0x000000079d400000,0x000000079d400000,0x000000079dd80000)
 ParOldGen       total 61952K, used 8899K [0x0000000740000000, 0x0000000743c80000, 0x0000000795580000)
  object space 61952K, 14% used [0x0000000740000000,0x00000007408b0f78,0x0000000743c80000)
 Metaspace       used 25348K, capacity 26016K, committed 26240K, reserved 1071104K
  class space    used 3427K, capacity 3641K, committed 3712K, reserved 1048576K
}
Event: 6.333 GC heap before
{Heap before GC invocations=8 (full 1):
 PSYoungGen      total 107520K, used 107430K [0x0000000795580000, 0x000000079e700000, 0x00000007c0000000)
  eden space 101376K, 100% used [0x0000000795580000,0x000000079b880000,0x000000079b880000)
  from space 6144K, 98% used [0x000000079e100000,0x000000079e6e9a80,0x000000079e700000)
  to   space 9728K, 0% used [0x000000079d400000,0x000000079d400000,0x000000079dd80000)
 ParOldGen       total 61952K, used 8899K [0x0000000740000000, 0x0000000743c80000, 0x0000000795580000)
  object space 61952K, 14% used [0x0000000740000000,0x00000007408b0f78,0x0000000743c80000)
 Metaspace       used 32156K, capacity 33076K, committed 33280K, reserved 1077248K
  class space    used 4465K, capacity 4837K, committed 4864K, reserved 1048576K
Event: 6.367 GC heap after
Heap after GC invocations=8 (full 1):
 PSYoungGen      total 139264K, used 9716K [0x0000000795580000, 0x00000007a0880000, 0x00000007c0000000)
  eden space 129536K, 0% used [0x0000000795580000,0x0000000795580000,0x000000079d400000)
  from space 9728K, 99% used [0x000000079d400000,0x000000079dd7d020,0x000000079dd80000)
  to   space 14336K, 0% used [0x000000079fa80000,0x000000079fa80000,0x00000007a0880000)
 ParOldGen       total 61952K, used 16142K [0x0000000740000000, 0x0000000743c80000, 0x0000000795580000)
  object space 61952K, 26% used [0x0000000740000000,0x0000000740fc3998,0x0000000743c80000)
 Metaspace       used 32156K, capacity 33076K, committed 33280K, reserved 1077248K
  class space    used 4465K, capacity 4837K, committed 4864K, reserved 1048576K
}
Event: 7.016 GC heap before
{Heap before GC invocations=9 (full 1):
 PSYoungGen      total 139264K, used 53536K [0x0000000795580000, 0x00000007a0880000, 0x00000007c0000000)
  eden space 129536K, 33% used [0x0000000795580000,0x000000079804b138,0x000000079d400000)
  from space 9728K, 99% used [0x000000079d400000,0x000000079dd7d020,0x000000079dd80000)
  to   space 14336K, 0% used [0x000000079fa80000,0x000000079fa80000,0x00000007a0880000)
 ParOldGen       total 61952K, used 16142K [0x0000000740000000, 0x0000000743c80000, 0x0000000795580000)
  object space 61952K, 26% used [0x0000000740000000,0x0000000740fc3998,0x0000000743c80000)
 Metaspace       used 34346K, capacity 35272K, committed 35416K, reserved 1079296K
  class space    used 4779K, capacity 5166K, committed 5248K, reserved 1048576K
Event: 7.054 GC heap after
Heap after GC invocations=9 (full 1):
 PSYoungGen      total 166912K, used 14331K [0x0000000795580000, 0x00000007a4480000, 0x00000007c0000000)
  eden space 152576K, 0% used [0x0000000795580000,0x0000000795580000,0x000000079ea80000)
  from space 14336K, 99% used [0x000000079fa80000,0x00000007a087ec60,0x00000007a0880000)
  to   space 16384K, 0% used [0x000000079ea80000,0x000000079ea80000,0x000000079fa80000)
 ParOldGen       total 61952K, used 16495K [0x0000000740000000, 0x0000000743c80000, 0x0000000795580000)
  object space 61952K, 26% used [0x0000000740000000,0x000000074101bfb0,0x0000000743c80000)
 Metaspace       used 34346K, capacity 35272K, committed 35416K, reserved 1079296K
  class space    used 4779K, capacity 5166K, committed 5248K, reserved 1048576K
}
Event: 7.054 GC heap before
{Heap before GC invocations=10 (full 2):
 PSYoungGen      total 166912K, used 14331K [0x0000000795580000, 0x00000007a4480000, 0x00000007c0000000)
  eden space 152576K, 0% used [0x0000000795580000,0x0000000795580000,0x000000079ea80000)
  from space 14336K, 99% used [0x000000079fa80000,0x00000007a087ec60,0x00000007a0880000)
  to   space 16384K, 0% used [0x000000079ea80000,0x000000079ea80000,0x000000079fa80000)
 ParOldGen       total 61952K, used 16495K [0x0000000740000000, 0x0000000743c80000, 0x0000000795580000)
  object space 61952K, 26% used [0x0000000740000000,0x000000074101bfb0,0x0000000743c80000)
 Metaspace       used 34346K, capacity 35272K, committed 35416K, reserved 1079296K
  class space    used 4779K, capacity 5166K, committed 5248K, reserved 1048576K
Event: 7.222 GC heap after
Heap after GC invocations=10 (full 2):
 PSYoungGen      total 166912K, used 0K [0x0000000795580000, 0x00000007a4480000, 0x00000007c0000000)
  eden space 152576K, 0% used [0x0000000795580000,0x0000000795580000,0x000000079ea80000)
  from space 14336K, 0% used [0x000000079fa80000,0x000000079fa80000,0x00000007a0880000)
  to   space 16384K, 0% used [0x000000079ea80000,0x000000079ea80000,0x000000079fa80000)
 ParOldGen       total 105984K, used 24552K [0x0000000740000000, 0x0000000746780000, 0x0000000795580000)
  object space 105984K, 23% used [0x0000000740000000,0x00000007417fa308,0x0000000746780000)
 Metaspace       used 34346K, capacity 35272K, committed 35416K, reserved 1079296K
  class space    used 4779K, capacity 5166K, committed 5248K, reserved 1048576K
}
Event: 9.559 GC heap before
{Heap before GC invocations=11 (full 2):
 PSYoungGen      total 166912K, used 152576K [0x0000000795580000, 0x00000007a4480000, 0x00000007c0000000)
  eden space 152576K, 100% used [0x0000000795580000,0x000000079ea80000,0x000000079ea80000)
  from space 14336K, 0% used [0x000000079fa80000,0x000000079fa80000,0x00000007a0880000)
  to   space 16384K, 0% used [0x000000079ea80000,0x000000079ea80000,0x000000079fa80000)
 ParOldGen       total 105984K, used 24552K [0x0000000740000000, 0x0000000746780000, 0x0000000795580000)
  object space 105984K, 23% used [0x0000000740000000,0x00000007417fa308,0x0000000746780000)
 Metaspace       used 37438K, capacity 38540K, committed 38744K, reserved 1083392K
  class space    used 5232K, capacity 5696K, committed 5760K, reserved 1048576K
Event: 9.590 GC heap after
Heap after GC invocations=11 (full 2):
 PSYoungGen      total 168960K, used 15965K [0x0000000795580000, 0x00000007a3680000, 0x00000007c0000000)
  eden space 152576K, 0% used [0x0000000795580000,0x0000000795580000,0x000000079ea80000)
  from space 16384K, 97% used [0x000000079ea80000,0x000000079fa17688,0x000000079fa80000)
  to   space 18432K, 0% used [0x00000007a2480000,0x00000007a2480000,0x00000007a3680000)
 ParOldGen       total 105984K, used 24560K [0x0000000740000000, 0x0000000746780000, 0x0000000795580000)
  object space 105984K, 23% used [0x0000000740000000,0x00000007417fc308,0x0000000746780000)
 Metaspace       used 37438K, capacity 38540K, committed 38744K, reserved 1083392K
  class space    used 5232K, capacity 5696K, committed 5760K, reserved 1048576K
}

