# JRE version: Java(TM) SE Runtime Environment (8.0_101-b13) (build 1.8.0_101-b13)
# Java VM: Java HotSpot(TM) 64-Bit Server VM (25.101-b13 mixed mode bsd-amd64 compressed oops)
Heap:
 PSYoungGen      total 173056K, used 102993K [0x0000000795580000, 0x00000007a3700000, 0x00000007c0000000)
  eden space 156672K, 55% used [0x0000000795580000,0x000000079aa19968,0x000000079ee80000)
  from space 16384K, 99% used [0x000000079ee80000,0x000000079fe7ad80,0x000000079fe80000)
  to   space 18432K, 0% used [0x00000007a2500000,0x00000007a2500000,0x00000007a3700000)
 ParOldGen       total 107008K, used 24498K [0x0000000740000000, 0x0000000746880000, 0x0000000795580000)
  object space 107008K, 22% used [0x0000000740000000,0x00000007417ec930,0x0000000746880000)
 Metaspace       used 39934K, capacity 41218K, committed 41560K, reserved 1085440K
  class space    used 5638K, capacity 6178K, committed 6272K, reserved 1048576K
GC Heap History (10 events):
Event: 4.277 GC heap before
{Heap before GC invocations=7 (full 1):
 PSYoungGen      total 71680K, used 66560K [0x0000000795580000, 0x000000079ea80000, 0x00000007c0000000)
  eden space 66560K, 100% used [0x0000000795580000,0x0000000799680000,0x0000000799680000)
  from space 5120K, 0% used [0x0000000799680000,0x0000000799680000,0x0000000799b80000)
  to   space 9728K, 0% used [0x000000079e100000,0x000000079e100000,0x000000079ea80000)
 ParOldGen       total 60928K, used 8894K [0x0000000740000000, 0x0000000743b80000, 0x0000000795580000)
  object space 60928K, 14% used [0x0000000740000000,0x00000007408afb40,0x0000000743b80000)
 Metaspace       used 25355K, capacity 25952K, committed 26240K, reserved 1071104K
  class space    used 3431K, capacity 3641K, committed 3712K, reserved 1048576K
Event: 4.291 GC heap after
Heap after GC invocations=7 (full 1):
 PSYoungGen      total 109568K, used 5974K [0x0000000795580000, 0x000000079e700000, 0x00000007c0000000)
  eden space 103424K, 0% used [0x0000000795580000,0x0000000795580000,0x000000079ba80000)
  from space 6144K, 97% used [0x000000079e100000,0x000000079e6d5a80,0x000000079e700000)
  to   space 9728K, 0% used [0x000000079d400000,0x000000079d400000,0x000000079dd80000)
 ParOldGen       total 60928K, used 8966K [0x0000000740000000, 0x0000000743b80000, 0x0000000795580000)
  object space 60928K, 14% used [0x0000000740000000,0x00000007408c1b50,0x0000000743b80000)
 Metaspace       used 25355K, capacity 25952K, committed 26240K, reserved 1071104K
  class space    used 3431K, capacity 3641K, committed 3712K, reserved 1048576K
}
Event: 5.929 GC heap before
{Heap before GC invocations=8 (full 1):
 PSYoungGen      total 109568K, used 109398K [0x0000000795580000, 0x000000079e700000, 0x00000007c0000000)
  eden space 103424K, 100% used [0x0000000795580000,0x000000079ba80000,0x000000079ba80000)
  from space 6144K, 97% used [0x000000079e100000,0x000000079e6d5a80,0x000000079e700000)
  to   space 9728K, 0% used [0x000000079d400000,0x000000079d400000,0x000000079dd80000)
 ParOldGen       total 60928K, used 8966K [0x0000000740000000, 0x0000000743b80000, 0x0000000795580000)
  object space 60928K, 14% used [0x0000000740000000,0x00000007408c1b50,0x0000000743b80000)
 Metaspace       used 32175K, capacity 33190K, committed 33408K, reserved 1077248K
  class space    used 4479K, capacity 4874K, committed 4992K, reserved 1048576K
Event: 5.951 GC heap after
Heap after GC invocations=8 (full 1):
 PSYoungGen      total 139264K, used 9716K [0x0000000795580000, 0x00000007a0c80000, 0x00000007c0000000)
  eden space 129536K, 0% used [0x0000000795580000,0x0000000795580000,0x000000079d400000)
  from space 9728K, 99% used [0x000000079d400000,0x000000079dd7d010,0x000000079dd80000)
  to   space 14336K, 0% used [0x000000079fe80000,0x000000079fe80000,0x00000007a0c80000)
 ParOldGen       total 60928K, used 16501K [0x0000000740000000, 0x0000000743b80000, 0x0000000795580000)
  object space 60928K, 27% used [0x0000000740000000,0x000000074101d4d0,0x0000000743b80000)
 Metaspace       used 32175K, capacity 33190K, committed 33408K, reserved 1077248K
  class space    used 4479K, capacity 4874K, committed 4992K, reserved 1048576K
}
Event: 6.491 GC heap before
{Heap before GC invocations=9 (full 1):
 PSYoungGen      total 139264K, used 50937K [0x0000000795580000, 0x00000007a0c80000, 0x00000007c0000000)
  eden space 129536K, 31% used [0x0000000795580000,0x0000000797dc16e8,0x000000079d400000)
  from space 9728K, 99% used [0x000000079d400000,0x000000079dd7d010,0x000000079dd80000)
  to   space 14336K, 0% used [0x000000079fe80000,0x000000079fe80000,0x00000007a0c80000)
 ParOldGen       total 60928K, used 16501K [0x0000000740000000, 0x0000000743b80000, 0x0000000795580000)
  object space 60928K, 27% used [0x0000000740000000,0x000000074101d4d0,0x0000000743b80000)
 Metaspace       used 34284K, capacity 35272K, committed 35416K, reserved 1079296K
  class space    used 4772K, capacity 5166K, committed 5248K, reserved 1048576K
Event: 6.515 GC heap after
Heap after GC invocations=9 (full 1):
 PSYoungGen      total 171008K, used 14283K [0x0000000795580000, 0x00000007a4180000, 0x00000007c0000000)
  eden space 156672K, 0% used [0x0000000795580000,0x0000000795580000,0x000000079ee80000)
  from space 14336K, 99% used [0x000000079fe80000,0x00000007a0c72e18,0x00000007a0c80000)
  to   space 16384K, 0% used [0x000000079ee80000,0x000000079ee80000,0x000000079fe80000)
 ParOldGen       total 60928K, used 16509K [0x0000000740000000, 0x0000000743b80000, 0x0000000795580000)
  object space 60928K, 27% used [0x0000000740000000,0x000000074101f4d0,0x0000000743b80000)
 Metaspace       used 34284K, capacity 35272K, committed 35416K, reserved 1079296K
  class space    used 4772K, capacity 5166K, committed 5248K, reserved 1048576K
}
Event: 6.515 GC heap before
{Heap before GC invocations=10 (full 2):
 PSYoungGen      total 171008K, used 14283K [0x0000000795580000, 0x00000007a4180000, 0x00000007c0000000)
  eden space 156672K, 0% used [0x0000000795580000,0x0000000795580000,0x000000079ee80000)
  from space 14336K, 99% used [0x000000079fe80000,0x00000007a0c72e18,0x00000007a0c80000)
  to   space 16384K, 0% used [0x000000079ee80000,0x000000079ee80000,0x000000079fe80000)
 ParOldGen       total 60928K, used 16509K [0x0000000740000000, 0x0000000743b80000, 0x0000000795580000)
  object space 60928K, 27% used [0x0000000740000000,0x000000074101f4d0,0x0000000743b80000)
 Metaspace       used 34284K, capacity 35272K, committed 35416K, reserved 1079296K
  class space    used 4772K, capacity 5166K, committed 5248K, reserved 1048576K
Event: 6.694 GC heap after
Heap after GC invocations=10 (full 2):
 PSYoungGen      total 171008K, used 0K [0x0000000795580000, 0x00000007a4180000, 0x00000007c0000000)
  eden space 156672K, 0% used [0x0000000795580000,0x0000000795580000,0x000000079ee80000)
  from space 14336K, 0% used [0x000000079fe80000,0x000000079fe80000,0x00000007a0c80000)
  to   space 16384K, 0% used [0x000000079ee80000,0x000000079ee80000,0x000000079fe80000)
 ParOldGen       total 107008K, used 24482K [0x0000000740000000, 0x0000000746880000, 0x0000000795580000)
  object space 107008K, 22% used [0x0000000740000000,0x00000007417e8930,0x0000000746880000)
 Metaspace       used 34284K, capacity 35272K, committed 35416K, reserved 1079296K
  class space    used 4772K, capacity 5166K, committed 5248K, reserved 1048576K
}
Event: 8.412 GC heap before
{Heap before GC invocations=11 (full 2):
 PSYoungGen      total 171008K, used 156672K [0x0000000795580000, 0x00000007a4180000, 0x00000007c0000000)
  eden space 156672K, 100% used [0x0000000795580000,0x000000079ee80000,0x000000079ee80000)
  from space 14336K, 0% used [0x000000079fe80000,0x000000079fe80000,0x00000007a0c80000)
  to   space 16384K, 0% used [0x000000079ee80000,0x000000079ee80000,0x000000079fe80000)
 ParOldGen       total 107008K, used 24482K [0x0000000740000000, 0x0000000746880000, 0x0000000795580000)
  object space 107008K, 22% used [0x0000000740000000,0x00000007417e8930,0x0000000746880000)
 Metaspace       used 37629K, capacity 38710K, committed 38872K, reserved 1083392K
  class space    used 5288K, capacity 5778K, committed 5888K, reserved 1048576K
Event: 8.438 GC heap after
Heap after GC invocations=11 (full 2):
 PSYoungGen      total 173056K, used 16363K [0x0000000795580000, 0x00000007a3700000, 0x00000007c0000000)
  eden space 156672K, 0% used [0x0000000795580000,0x0000000795580000,0x000000079ee80000)
  from space 16384K, 99% used [0x000000079ee80000,0x000000079fe7ad80,0x000000079fe80000)
  to   space 18432K, 0% used [0x00000007a2500000,0x00000007a2500000,0x00000007a3700000)
 ParOldGen       total 107008K, used 24498K [0x0000000740000000, 0x0000000746880000, 0x0000000795580000)
  object space 107008K, 22% used [0x0000000740000000,0x00000007417ec930,0x0000000746880000)
 Metaspace       used 37629K, capacity 38710K, committed 38872K, reserved 1083392K
  class space    used 5288K, capacity 5778K, committed 5888K, reserved 1048576K
}

