# JRE version: Java(TM) SE Runtime Environment (8.0_101-b13) (build 1.8.0_101-b13)
# Java VM: Java HotSpot(TM) 64-Bit Server VM (25.101-b13 mixed mode bsd-amd64 compressed oops)
Heap:
 PSYoungGen      total 169472K, used 101150K [0x0000000795580000, 0x00000007a3900000, 0x00000007c0000000)
  eden space 153088K, 55% used [0x0000000795580000,0x000000079a8a82e8,0x000000079eb00000)
  from space 16384K, 97% used [0x000000079eb00000,0x000000079fa9f688,0x000000079fb00000)
  to   space 18432K, 0% used [0x00000007a2700000,0x00000007a2700000,0x00000007a3900000)
 ParOldGen       total 103424K, used 24620K [0x0000000740000000, 0x0000000746500000, 0x0000000795580000)
  object space 103424K, 23% used [0x0000000740000000,0x000000074180b1f0,0x0000000746500000)
 Metaspace       used 39995K, capacity 41346K, committed 41560K, reserved 1085440K
  class space    used 5631K, capacity 6178K, committed 6272K, reserved 1048576K
GC Heap History (10 events):
Event: 6.729 GC heap before
{Heap before GC invocations=7 (full 1):
 PSYoungGen      total 71680K, used 66560K [0x0000000795580000, 0x000000079e980000, 0x00000007c0000000)
  eden space 66560K, 100% used [0x0000000795580000,0x0000000799680000,0x0000000799680000)
  from space 5120K, 0% used [0x0000000799680000,0x0000000799680000,0x0000000799b80000)
  to   space 9216K, 0% used [0x000000079e080000,0x000000079e080000,0x000000079e980000)
 ParOldGen       total 60416K, used 8528K [0x0000000740000000, 0x0000000743b00000, 0x0000000795580000)
  object space 60416K, 14% used [0x0000000740000000,0x00000007408541d0,0x0000000743b00000)
 Metaspace       used 25366K, capacity 26048K, committed 26240K, reserved 1071104K
  class space    used 3432K, capacity 3673K, committed 3712K, reserved 1048576K
Event: 6.752 GC heap after
Heap after GC invocations=7 (full 1):
 PSYoungGen      total 109568K, used 6198K [0x0000000795580000, 0x000000079e700000, 0x00000007c0000000)
  eden space 102912K, 0% used [0x0000000795580000,0x0000000795580000,0x000000079ba00000)
  from space 6656K, 93% used [0x000000079e080000,0x000000079e68da90,0x000000079e700000)
  to   space 9216K, 0% used [0x000000079d500000,0x000000079d500000,0x000000079de00000)
 ParOldGen       total 60416K, used 8536K [0x0000000740000000, 0x0000000743b00000, 0x0000000795580000)
  object space 60416K, 14% used [0x0000000740000000,0x00000007408561d0,0x0000000743b00000)
 Metaspace       used 25366K, capacity 26048K, committed 26240K, reserved 1071104K
  class space    used 3432K, capacity 3673K, committed 3712K, reserved 1048576K
}
Event: 9.561 GC heap before
{Heap before GC invocations=8 (full 1):
 PSYoungGen      total 109568K, used 109110K [0x0000000795580000, 0x000000079e700000, 0x00000007c0000000)
  eden space 102912K, 100% used [0x0000000795580000,0x000000079ba00000,0x000000079ba00000)
  from space 6656K, 93% used [0x000000079e080000,0x000000079e68da90,0x000000079e700000)
  to   space 9216K, 0% used [0x000000079d500000,0x000000079d500000,0x000000079de00000)
 ParOldGen       total 60416K, used 8536K [0x0000000740000000, 0x0000000743b00000, 0x0000000795580000)
  object space 60416K, 14% used [0x0000000740000000,0x00000007408561d0,0x0000000743b00000)
 Metaspace       used 32051K, capacity 32974K, committed 33280K, reserved 1077248K
  class space    used 4450K, capacity 4803K, committed 4864K, reserved 1048576K
Event: 9.588 GC heap after
Heap after GC invocations=8 (full 1):
 PSYoungGen      total 139776K, used 9204K [0x0000000795580000, 0x00000007a0880000, 0x00000007c0000000)
  eden space 130560K, 0% used [0x0000000795580000,0x0000000795580000,0x000000079d500000)
  from space 9216K, 99% used [0x000000079d500000,0x000000079ddfd020,0x000000079de00000)
  to   space 13824K, 0% used [0x000000079fb00000,0x000000079fb00000,0x00000007a0880000)
 ParOldGen       total 60416K, used 16099K [0x0000000740000000, 0x0000000743b00000, 0x0000000795580000)
  object space 60416K, 26% used [0x0000000740000000,0x0000000740fb8c78,0x0000000743b00000)
 Metaspace       used 32051K, capacity 32974K, committed 33280K, reserved 1077248K
  class space    used 4450K, capacity 4803K, committed 4864K, reserved 1048576K
}
Event: 10.565 GC heap before
{Heap before GC invocations=9 (full 1):
 PSYoungGen      total 139776K, used 58266K [0x0000000795580000, 0x00000007a0880000, 0x00000007c0000000)
  eden space 130560K, 37% used [0x0000000795580000,0x0000000798569a80,0x000000079d500000)
  from space 9216K, 99% used [0x000000079d500000,0x000000079ddfd020,0x000000079de00000)
  to   space 13824K, 0% used [0x000000079fb00000,0x000000079fb00000,0x00000007a0880000)
 ParOldGen       total 60416K, used 16099K [0x0000000740000000, 0x0000000743b00000, 0x0000000795580000)
  object space 60416K, 26% used [0x0000000740000000,0x0000000740fb8c78,0x0000000743b00000)
 Metaspace       used 34366K, capacity 35272K, committed 35416K, reserved 1079296K
  class space    used 4781K, capacity 5166K, committed 5248K, reserved 1048576K
Event: 10.595 GC heap after
Heap after GC invocations=9 (full 1):
 PSYoungGen      total 166912K, used 13793K [0x0000000795580000, 0x00000007a3c00000, 0x00000007c0000000)
  eden space 153088K, 0% used [0x0000000795580000,0x0000000795580000,0x000000079eb00000)
  from space 13824K, 99% used [0x000000079fb00000,0x00000007a08784b8,0x00000007a0880000)
  to   space 16384K, 0% used [0x000000079eb00000,0x000000079eb00000,0x000000079fb00000)
 ParOldGen       total 60416K, used 17044K [0x0000000740000000, 0x0000000743b00000, 0x0000000795580000)
  object space 60416K, 28% used [0x0000000740000000,0x00000007410a50b0,0x0000000743b00000)
 Metaspace       used 34366K, capacity 35272K, committed 35416K, reserved 1079296K
  class space    used 4781K, capacity 5166K, committed 5248K, reserved 1048576K
}
Event: 10.595 GC heap before
{Heap before GC invocations=10 (full 2):
 PSYoungGen      total 166912K, used 13793K [0x0000000795580000, 0x00000007a3c00000, 0x00000007c0000000)
  eden space 153088K, 0% used [0x0000000795580000,0x0000000795580000,0x000000079eb00000)
  from space 13824K, 99% used [0x000000079fb00000,0x00000007a08784b8,0x00000007a0880000)
  to   space 16384K, 0% used [0x000000079eb00000,0x000000079eb00000,0x000000079fb00000)
 ParOldGen       total 60416K, used 17044K [0x0000000740000000, 0x0000000743b00000, 0x0000000795580000)
  object space 60416K, 28% used [0x0000000740000000,0x00000007410a50b0,0x0000000743b00000)
 Metaspace       used 34366K, capacity 35272K, committed 35416K, reserved 1079296K
  class space    used 4781K, capacity 5166K, committed 5248K, reserved 1048576K
Event: 10.749 GC heap after
Heap after GC invocations=10 (full 2):
 PSYoungGen      total 166912K, used 0K [0x0000000795580000, 0x00000007a3c00000, 0x00000007c0000000)
  eden space 153088K, 0% used [0x0000000795580000,0x0000000795580000,0x000000079eb00000)
  from space 13824K, 0% used [0x000000079fb00000,0x000000079fb00000,0x00000007a0880000)
  to   space 16384K, 0% used [0x000000079eb00000,0x000000079eb00000,0x000000079fb00000)
 ParOldGen       total 103424K, used 24612K [0x0000000740000000, 0x0000000746500000, 0x0000000795580000)
  object space 103424K, 23% used [0x0000000740000000,0x00000007418091f0,0x0000000746500000)
 Metaspace       used 34366K, capacity 35272K, committed 35416K, reserved 1079296K
  class space    used 4781K, capacity 5166K, committed 5248K, reserved 1048576K
}
Event: 13.818 GC heap before
{Heap before GC invocations=11 (full 2):
 PSYoungGen      total 166912K, used 153088K [0x0000000795580000, 0x00000007a3c00000, 0x00000007c0000000)
  eden space 153088K, 100% used [0x0000000795580000,0x000000079eb00000,0x000000079eb00000)
  from space 13824K, 0% used [0x000000079fb00000,0x000000079fb00000,0x00000007a0880000)
  to   space 16384K, 0% used [0x000000079eb00000,0x000000079eb00000,0x000000079fb00000)
 ParOldGen       total 103424K, used 24612K [0x0000000740000000, 0x0000000746500000, 0x0000000795580000)
  object space 103424K, 23% used [0x0000000740000000,0x00000007418091f0,0x0000000746500000)
 Metaspace       used 37478K, capacity 38618K, committed 38744K, reserved 1083392K
  class space    used 5241K, capacity 5702K, committed 5760K, reserved 1048576K
Event: 13.859 GC heap after
Heap after GC invocations=11 (full 2):
 PSYoungGen      total 169472K, used 15997K [0x0000000795580000, 0x00000007a3900000, 0x00000007c0000000)
  eden space 153088K, 0% used [0x0000000795580000,0x0000000795580000,0x000000079eb00000)
  from space 16384K, 97% used [0x000000079eb00000,0x000000079fa9f688,0x000000079fb00000)
  to   space 18432K, 0% used [0x00000007a2700000,0x00000007a2700000,0x00000007a3900000)
 ParOldGen       total 103424K, used 24620K [0x0000000740000000, 0x0000000746500000, 0x0000000795580000)
  object space 103424K, 23% used [0x0000000740000000,0x000000074180b1f0,0x0000000746500000)
 Metaspace       used 37478K, capacity 38618K, committed 38744K, reserved 1083392K
  class space    used 5241K, capacity 5702K, committed 5760K, reserved 1048576K
}

