# JRE version: Java(TM) SE Runtime Environment (8.0_101-b13) (build 1.8.0_101-b13)
# Java VM: Java HotSpot(TM) 64-Bit Server VM (25.101-b13 mixed mode bsd-amd64 compressed oops)
Heap:
 PSYoungGen      total 161792K, used 99383K [0x0000000795580000, 0x00000007a2a00000, 0x00000007c0000000)
  eden space 145920K, 57% used [0x0000000795580000,0x000000079a72b080,0x000000079e400000)
  from space 15872K, 99% used [0x000000079e400000,0x000000079f362d80,0x000000079f380000)
  to   space 17920K, 0% used [0x00000007a1880000,0x00000007a1880000,0x00000007a2a00000)
 ParOldGen       total 106496K, used 24599K [0x0000000740000000, 0x0000000746800000, 0x0000000795580000)
  object space 106496K, 23% used [0x0000000740000000,0x0000000741805fa0,0x0000000746800000)
 Metaspace       used 39833K, capacity 41098K, committed 41176K, reserved 1085440K
  class space    used 5598K, capacity 6110K, committed 6144K, reserved 1048576K
GC Heap History (10 events):
Event: 5.373 GC heap before
{Heap before GC invocations=7 (full 1):
 PSYoungGen      total 71680K, used 66560K [0x0000000795580000, 0x000000079e980000, 0x00000007c0000000)
  eden space 66560K, 100% used [0x0000000795580000,0x0000000799680000,0x0000000799680000)
  from space 5120K, 0% used [0x0000000799680000,0x0000000799680000,0x0000000799b80000)
  to   space 9216K, 0% used [0x000000079e080000,0x000000079e080000,0x000000079e980000)
 ParOldGen       total 62976K, used 10234K [0x0000000740000000, 0x0000000743d80000, 0x0000000795580000)
  object space 62976K, 16% used [0x0000000740000000,0x00000007409fea30,0x0000000743d80000)
 Metaspace       used 25359K, capacity 25984K, committed 26240K, reserved 1071104K
  class space    used 3432K, capacity 3673K, committed 3712K, reserved 1048576K
Event: 5.383 GC heap after
Heap after GC invocations=7 (full 1):
 PSYoungGen      total 106496K, used 6310K [0x0000000795580000, 0x000000079e700000, 0x00000007c0000000)
  eden space 99840K, 0% used [0x0000000795580000,0x0000000795580000,0x000000079b700000)
  from space 6656K, 94% used [0x000000079e080000,0x000000079e6a9a90,0x000000079e700000)
  to   space 9216K, 0% used [0x000000079d500000,0x000000079d500000,0x000000079de00000)
 ParOldGen       total 62976K, used 10306K [0x0000000740000000, 0x0000000743d80000, 0x0000000795580000)
  object space 62976K, 16% used [0x0000000740000000,0x0000000740a10a40,0x0000000743d80000)
 Metaspace       used 25359K, capacity 25984K, committed 26240K, reserved 1071104K
  class space    used 3432K, capacity 3673K, committed 3712K, reserved 1048576K
}
Event: 7.363 GC heap before
{Heap before GC invocations=8 (full 1):
 PSYoungGen      total 106496K, used 106150K [0x0000000795580000, 0x000000079e700000, 0x00000007c0000000)
  eden space 99840K, 100% used [0x0000000795580000,0x000000079b700000,0x000000079b700000)
  from space 6656K, 94% used [0x000000079e080000,0x000000079e6a9a90,0x000000079e700000)
  to   space 9216K, 0% used [0x000000079d500000,0x000000079d500000,0x000000079de00000)
 ParOldGen       total 62976K, used 10306K [0x0000000740000000, 0x0000000743d80000, 0x0000000795580000)
  object space 62976K, 16% used [0x0000000740000000,0x0000000740a10a40,0x0000000743d80000)
 Metaspace       used 32036K, capacity 32974K, committed 33280K, reserved 1077248K
  class space    used 4454K, capacity 4803K, committed 4864K, reserved 1048576K
Event: 7.388 GC heap after
Heap after GC invocations=8 (full 1):
 PSYoungGen      total 139776K, used 9184K [0x0000000795580000, 0x00000007a0100000, 0x00000007c0000000)
  eden space 130560K, 0% used [0x0000000795580000,0x0000000795580000,0x000000079d500000)
  from space 9216K, 99% used [0x000000079d500000,0x000000079ddf8010,0x000000079de00000)
  to   space 13824K, 0% used [0x000000079f380000,0x000000079f380000,0x00000007a0100000)
 ParOldGen       total 62976K, used 17767K [0x0000000740000000, 0x0000000743d80000, 0x0000000795580000)
  object space 62976K, 28% used [0x0000000740000000,0x0000000741159e98,0x0000000743d80000)
 Metaspace       used 32036K, capacity 32974K, committed 33280K, reserved 1077248K
  class space    used 4454K, capacity 4803K, committed 4864K, reserved 1048576K
}
Event: 8.137 GC heap before
{Heap before GC invocations=9 (full 1):
 PSYoungGen      total 139776K, used 58551K [0x0000000795580000, 0x00000007a0100000, 0x00000007c0000000)
  eden space 130560K, 37% used [0x0000000795580000,0x00000007985b5cc8,0x000000079d500000)
  from space 9216K, 99% used [0x000000079d500000,0x000000079ddf8010,0x000000079de00000)
  to   space 13824K, 0% used [0x000000079f380000,0x000000079f380000,0x00000007a0100000)
 ParOldGen       total 62976K, used 17767K [0x0000000740000000, 0x0000000743d80000, 0x0000000795580000)
  object space 62976K, 28% used [0x0000000740000000,0x0000000741159e98,0x0000000743d80000)
 Metaspace       used 34339K, capacity 35272K, committed 35416K, reserved 1079296K
  class space    used 4785K, capacity 5166K, committed 5248K, reserved 1048576K
Event: 8.177 GC heap after
Heap after GC invocations=9 (full 1):
 PSYoungGen      total 159744K, used 13796K [0x0000000795580000, 0x00000007a3f00000, 0x00000007c0000000)
  eden space 145920K, 0% used [0x0000000795580000,0x0000000795580000,0x000000079e400000)
  from space 13824K, 99% used [0x000000079f380000,0x00000007a00f9318,0x00000007a0100000)
  to   space 15872K, 0% used [0x000000079e400000,0x000000079e400000,0x000000079f380000)
 ParOldGen       total 62976K, used 18845K [0x0000000740000000, 0x0000000743d80000, 0x0000000795580000)
  object space 62976K, 29% used [0x0000000740000000,0x0000000741267458,0x0000000743d80000)
 Metaspace       used 34339K, capacity 35272K, committed 35416K, reserved 1079296K
  class space    used 4785K, capacity 5166K, committed 5248K, reserved 1048576K
}
Event: 8.177 GC heap before
{Heap before GC invocations=10 (full 2):
 PSYoungGen      total 159744K, used 13796K [0x0000000795580000, 0x00000007a3f00000, 0x00000007c0000000)
  eden space 145920K, 0% used [0x0000000795580000,0x0000000795580000,0x000000079e400000)
  from space 13824K, 99% used [0x000000079f380000,0x00000007a00f9318,0x00000007a0100000)
  to   space 15872K, 0% used [0x000000079e400000,0x000000079e400000,0x000000079f380000)
 ParOldGen       total 62976K, used 18845K [0x0000000740000000, 0x0000000743d80000, 0x0000000795580000)
  object space 62976K, 29% used [0x0000000740000000,0x0000000741267458,0x0000000743d80000)
 Metaspace       used 34339K, capacity 35272K, committed 35416K, reserved 1079296K
  class space    used 4785K, capacity 5166K, committed 5248K, reserved 1048576K
Event: 8.365 GC heap after
Heap after GC invocations=10 (full 2):
 PSYoungGen      total 159744K, used 0K [0x0000000795580000, 0x00000007a3f00000, 0x00000007c0000000)
  eden space 145920K, 0% used [0x0000000795580000,0x0000000795580000,0x000000079e400000)
  from space 13824K, 0% used [0x000000079f380000,0x000000079f380000,0x00000007a0100000)
  to   space 15872K, 0% used [0x000000079e400000,0x000000079e400000,0x000000079f380000)
 ParOldGen       total 106496K, used 24591K [0x0000000740000000, 0x0000000746800000, 0x0000000795580000)
  object space 106496K, 23% used [0x0000000740000000,0x0000000741803fa0,0x0000000746800000)
 Metaspace       used 34339K, capacity 35272K, committed 35416K, reserved 1079296K
  class space    used 4785K, capacity 5166K, committed 5248K, reserved 1048576K
}
Event: 10.580 GC heap before
{Heap before GC invocations=11 (full 2):
 PSYoungGen      total 159744K, used 145920K [0x0000000795580000, 0x00000007a3f00000, 0x00000007c0000000)
  eden space 145920K, 100% used [0x0000000795580000,0x000000079e400000,0x000000079e400000)
  from space 13824K, 0% used [0x000000079f380000,0x000000079f380000,0x00000007a0100000)
  to   space 15872K, 0% used [0x000000079e400000,0x000000079e400000,0x000000079f380000)
 ParOldGen       total 106496K, used 24591K [0x0000000740000000, 0x0000000746800000, 0x0000000795580000)
  object space 106496K, 23% used [0x0000000740000000,0x0000000741803fa0,0x0000000746800000)
 Metaspace       used 37157K, capacity 38284K, committed 38488K, reserved 1081344K
  class space    used 5202K, capacity 5696K, committed 5760K, reserved 1048576K
Event: 10.598 GC heap after
Heap after GC invocations=11 (full 2):
 PSYoungGen      total 161792K, used 15755K [0x0000000795580000, 0x00000007a2a00000, 0x00000007c0000000)
  eden space 145920K, 0% used [0x0000000795580000,0x0000000795580000,0x000000079e400000)
  from space 15872K, 99% used [0x000000079e400000,0x000000079f362d80,0x000000079f380000)
  to   space 17920K, 0% used [0x00000007a1880000,0x00000007a1880000,0x00000007a2a00000)
 ParOldGen       total 106496K, used 24599K [0x0000000740000000, 0x0000000746800000, 0x0000000795580000)
  object space 106496K, 23% used [0x0000000740000000,0x0000000741805fa0,0x0000000746800000)
 Metaspace       used 37157K, capacity 38284K, committed 38488K, reserved 1081344K
  class space    used 5202K, capacity 5696K, committed 5760K, reserved 1048576K
}

