# JRE version: Java(TM) SE Runtime Environment (8.0_101-b13) (build 1.8.0_101-b13)
# Java VM: Java HotSpot(TM) 64-Bit Server VM (25.101-b13 mixed mode bsd-amd64 compressed oops)
Heap:
 PSYoungGen      total 225280K, used 56098K [0x0000000795580000, 0x00000007aa180000, 0x00000007c0000000)
  eden space 207360K, 18% used [0x0000000795580000,0x0000000797af0dc0,0x00000007a2000000)
  from space 17920K, 99% used [0x00000007a2000000,0x00000007a3157c08,0x00000007a3180000)
  to   space 20992K, 0% used [0x00000007a8d00000,0x00000007a8d00000,0x00000007aa180000)
 ParOldGen       total 106496K, used 26315K [0x0000000740000000, 0x0000000746800000, 0x0000000795580000)
  object space 106496K, 24% used [0x0000000740000000,0x00000007419b2f48,0x0000000746800000)
 Metaspace       used 39966K, capacity 41282K, committed 41560K, reserved 1085440K
  class space    used 5631K, capacity 6178K, committed 6272K, reserved 1048576K
GC Heap History (10 events):
Event: 2.393 GC heap before
{Heap before GC invocations=5 (full 1):
 PSYoungGen      total 138240K, used 5088K [0x0000000795580000, 0x000000079e180000, 0x00000007c0000000)
  eden space 133120K, 0% used [0x0000000795580000,0x0000000795580000,0x000000079d780000)
  from space 5120K, 99% used [0x000000079dc80000,0x000000079e178030,0x000000079e180000)
  to   space 5120K, 0% used [0x000000079d780000,0x000000079d780000,0x000000079dc80000)
 ParOldGen       total 87552K, used 9478K [0x0000000740000000, 0x0000000745580000, 0x0000000795580000)
  object space 87552K, 10% used [0x0000000740000000,0x00000007409419c0,0x0000000745580000)
 Metaspace       used 20792K, capacity 21118K, committed 21248K, reserved 1067008K
  class space    used 2824K, capacity 2978K, committed 3072K, reserved 1048576K
Event: 2.450 GC heap after
Heap after GC invocations=5 (full 1):
 PSYoungGen      total 138240K, used 0K [0x0000000795580000, 0x000000079e180000, 0x00000007c0000000)
  eden space 133120K, 0% used [0x0000000795580000,0x0000000795580000,0x000000079d780000)
  from space 5120K, 0% used [0x000000079dc80000,0x000000079dc80000,0x000000079e180000)
  to   space 5120K, 0% used [0x000000079d780000,0x000000079d780000,0x000000079dc80000)
 ParOldGen       total 65536K, used 13374K [0x0000000740000000, 0x0000000744000000, 0x0000000795580000)
  object space 65536K, 20% used [0x0000000740000000,0x0000000740d0f828,0x0000000744000000)
 Metaspace       used 20792K, capacity 21118K, committed 21248K, reserved 1067008K
  class space    used 2824K, capacity 2978K, committed 3072K, reserved 1048576K
}
Event: 4.354 GC heap before
{Heap before GC invocations=6 (full 1):
 PSYoungGen      total 138240K, used 133120K [0x0000000795580000, 0x000000079e180000, 0x00000007c0000000)
  eden space 133120K, 100% used [0x0000000795580000,0x000000079d780000,0x000000079d780000)
  from space 5120K, 0% used [0x000000079dc80000,0x000000079dc80000,0x000000079e180000)
  to   space 5120K, 0% used [0x000000079d780000,0x000000079d780000,0x000000079dc80000)
 ParOldGen       total 65536K, used 13374K [0x0000000740000000, 0x0000000744000000, 0x0000000795580000)
  object space 65536K, 20% used [0x0000000740000000,0x0000000740d0f828,0x0000000744000000)
 Metaspace       used 29494K, capacity 30284K, committed 30464K, reserved 1075200K
  class space    used 4036K, capacity 4315K, committed 4352K, reserved 1048576K
Event: 4.380 GC heap after
Heap after GC invocations=6 (full 1):
 PSYoungGen      total 138240K, used 5120K [0x0000000795580000, 0x00000007a4000000, 0x00000007c0000000)
  eden space 133120K, 0% used [0x0000000795580000,0x0000000795580000,0x000000079d780000)
  from space 5120K, 100% used [0x000000079d780000,0x000000079dc80000,0x000000079dc80000)
  to   space 14848K, 0% used [0x00000007a3180000,0x00000007a3180000,0x00000007a4000000)
 ParOldGen       total 65536K, used 22545K [0x0000000740000000, 0x0000000744000000, 0x0000000795580000)
  object space 65536K, 34% used [0x0000000740000000,0x0000000741604530,0x0000000744000000)
 Metaspace       used 29494K, capacity 30284K, committed 30464K, reserved 1075200K
  class space    used 4036K, capacity 4315K, committed 4352K, reserved 1048576K
}
Event: 5.400 GC heap before
{Heap before GC invocations=7 (full 1):
 PSYoungGen      total 138240K, used 86996K [0x0000000795580000, 0x00000007a4000000, 0x00000007c0000000)
  eden space 133120K, 61% used [0x0000000795580000,0x000000079a575260,0x000000079d780000)
  from space 5120K, 100% used [0x000000079d780000,0x000000079dc80000,0x000000079dc80000)
  to   space 14848K, 0% used [0x00000007a3180000,0x00000007a3180000,0x00000007a4000000)
 ParOldGen       total 65536K, used 22545K [0x0000000740000000, 0x0000000744000000, 0x0000000795580000)
  object space 65536K, 34% used [0x0000000740000000,0x0000000741604530,0x0000000744000000)
 Metaspace       used 34336K, capacity 35272K, committed 35416K, reserved 1079296K
  class space    used 4777K, capacity 5166K, committed 5248K, reserved 1048576K
Event: 5.424 GC heap after
Heap after GC invocations=7 (full 1):
 PSYoungGen      total 222208K, used 14833K [0x0000000795580000, 0x00000007a4400000, 0x00000007c0000000)
  eden space 207360K, 0% used [0x0000000795580000,0x0000000795580000,0x00000007a2000000)
  from space 14848K, 99% used [0x00000007a3180000,0x00000007a3ffc5e0,0x00000007a4000000)
  to   space 17920K, 0% used [0x00000007a2000000,0x00000007a2000000,0x00000007a3180000)
 ParOldGen       total 65536K, used 23614K [0x0000000740000000, 0x0000000744000000, 0x0000000795580000)
  object space 65536K, 36% used [0x0000000740000000,0x000000074170fa00,0x0000000744000000)
 Metaspace       used 34336K, capacity 35272K, committed 35416K, reserved 1079296K
  class space    used 4777K, capacity 5166K, committed 5248K, reserved 1048576K
}
Event: 5.424 GC heap before
{Heap before GC invocations=8 (full 2):
 PSYoungGen      total 222208K, used 14833K [0x0000000795580000, 0x00000007a4400000, 0x00000007c0000000)
  eden space 207360K, 0% used [0x0000000795580000,0x0000000795580000,0x00000007a2000000)
  from space 14848K, 99% used [0x00000007a3180000,0x00000007a3ffc5e0,0x00000007a4000000)
  to   space 17920K, 0% used [0x00000007a2000000,0x00000007a2000000,0x00000007a3180000)
 ParOldGen       total 65536K, used 23614K [0x0000000740000000, 0x0000000744000000, 0x0000000795580000)
  object space 65536K, 36% used [0x0000000740000000,0x000000074170fa00,0x0000000744000000)
 Metaspace       used 34336K, capacity 35272K, committed 35416K, reserved 1079296K
  class space    used 4777K, capacity 5166K, committed 5248K, reserved 1048576K
Event: 5.556 GC heap after
Heap after GC invocations=8 (full 2):
 PSYoungGen      total 222208K, used 0K [0x0000000795580000, 0x00000007a4400000, 0x00000007c0000000)
  eden space 207360K, 0% used [0x0000000795580000,0x0000000795580000,0x00000007a2000000)
  from space 14848K, 0% used [0x00000007a3180000,0x00000007a3180000,0x00000007a4000000)
  to   space 17920K, 0% used [0x00000007a2000000,0x00000007a2000000,0x00000007a3180000)
 ParOldGen       total 106496K, used 26307K [0x0000000740000000, 0x0000000746800000, 0x0000000795580000)
  object space 106496K, 24% used [0x0000000740000000,0x00000007419b0f48,0x0000000746800000)
 Metaspace       used 34336K, capacity 35272K, committed 35416K, reserved 1079296K
  class space    used 4777K, capacity 5166K, committed 5248K, reserved 1048576K
}
Event: 7.654 GC heap before
{Heap before GC invocations=9 (full 2):
 PSYoungGen      total 222208K, used 207360K [0x0000000795580000, 0x00000007a4400000, 0x00000007c0000000)
  eden space 207360K, 100% used [0x0000000795580000,0x00000007a2000000,0x00000007a2000000)
  from space 14848K, 0% used [0x00000007a3180000,0x00000007a3180000,0x00000007a4000000)
  to   space 17920K, 0% used [0x00000007a2000000,0x00000007a2000000,0x00000007a3180000)
 ParOldGen       total 106496K, used 26307K [0x0000000740000000, 0x0000000746800000, 0x0000000795580000)
  object space 106496K, 24% used [0x0000000740000000,0x00000007419b0f48,0x0000000746800000)
 Metaspace       used 39114K, capacity 40330K, committed 40664K, reserved 1083392K
  class space    used 5501K, capacity 6028K, committed 6144K, reserved 1048576K
Event: 7.681 GC heap after
Heap after GC invocations=9 (full 2):
 PSYoungGen      total 225280K, used 17759K [0x0000000795580000, 0x00000007aa180000, 0x00000007c0000000)
  eden space 207360K, 0% used [0x0000000795580000,0x0000000795580000,0x00000007a2000000)
  from space 17920K, 99% used [0x00000007a2000000,0x00000007a3157c08,0x00000007a3180000)
  to   space 20992K, 0% used [0x00000007a8d00000,0x00000007a8d00000,0x00000007aa180000)
 ParOldGen       total 106496K, used 26315K [0x0000000740000000, 0x0000000746800000, 0x0000000795580000)
  object space 106496K, 24% used [0x0000000740000000,0x00000007419b2f48,0x0000000746800000)
 Metaspace       used 39114K, capacity 40330K, committed 40664K, reserved 1083392K
  class space    used 5501K, capacity 6028K, committed 6144K, reserved 1048576K
}

