# JRE version: Java(TM) SE Runtime Environment (8.0_101-b13) (build 1.8.0_101-b13)
# Java VM: Java HotSpot(TM) 64-Bit Server VM (25.101-b13 mixed mode bsd-amd64 compressed oops)
Heap:
 PSYoungGen      total 168448K, used 104367K [0x0000000795580000, 0x00000007a3100000, 0x00000007c0000000)
  eden space 152064K, 58% used [0x0000000795580000,0x000000079abf1270,0x000000079ea00000)
  from space 16384K, 96% used [0x000000079ea00000,0x000000079f97ad80,0x000000079fa00000)
  to   space 18432K, 0% used [0x00000007a1f00000,0x00000007a1f00000,0x00000007a3100000)
 ParOldGen       total 107008K, used 24571K [0x0000000740000000, 0x0000000746880000, 0x0000000795580000)
  object space 107008K, 22% used [0x0000000740000000,0x00000007417fefc0,0x0000000746880000)
 Metaspace       used 39960K, capacity 41346K, committed 41560K, reserved 1085440K
  class space    used 5636K, capacity 6178K, committed 6272K, reserved 1048576K
GC Heap History (10 events):
Event: 5.444 GC heap before
{Heap before GC invocations=7 (full 1):
 PSYoungGen      total 71680K, used 66560K [0x0000000795580000, 0x000000079ea80000, 0x00000007c0000000)
  eden space 66560K, 100% used [0x0000000795580000,0x0000000799680000,0x0000000799680000)
  from space 5120K, 0% used [0x0000000799680000,0x0000000799680000,0x0000000799b80000)
  to   space 9728K, 0% used [0x000000079e100000,0x000000079e100000,0x000000079ea80000)
 ParOldGen       total 60928K, used 8887K [0x0000000740000000, 0x0000000743b80000, 0x0000000795580000)
  object space 60928K, 14% used [0x0000000740000000,0x00000007408adc70,0x0000000743b80000)
 Metaspace       used 25309K, capacity 25984K, committed 26240K, reserved 1071104K
  class space    used 3432K, capacity 3673K, committed 3712K, reserved 1048576K
Event: 5.451 GC heap after
Heap after GC invocations=7 (full 1):
 PSYoungGen      total 107520K, used 5862K [0x0000000795580000, 0x000000079e700000, 0x00000007c0000000)
  eden space 101376K, 0% used [0x0000000795580000,0x0000000795580000,0x000000079b880000)
  from space 6144K, 95% used [0x000000079e100000,0x000000079e6b9a70,0x000000079e700000)
  to   space 9728K, 0% used [0x000000079d400000,0x000000079d400000,0x000000079dd80000)
 ParOldGen       total 60928K, used 8959K [0x0000000740000000, 0x0000000743b80000, 0x0000000795580000)
  object space 60928K, 14% used [0x0000000740000000,0x00000007408bfc80,0x0000000743b80000)
 Metaspace       used 25309K, capacity 25984K, committed 26240K, reserved 1071104K
  class space    used 3432K, capacity 3673K, committed 3712K, reserved 1048576K
}
Event: 7.376 GC heap before
{Heap before GC invocations=8 (full 1):
 PSYoungGen      total 107520K, used 107238K [0x0000000795580000, 0x000000079e700000, 0x00000007c0000000)
  eden space 101376K, 100% used [0x0000000795580000,0x000000079b880000,0x000000079b880000)
  from space 6144K, 95% used [0x000000079e100000,0x000000079e6b9a70,0x000000079e700000)
  to   space 9728K, 0% used [0x000000079d400000,0x000000079d400000,0x000000079dd80000)
 ParOldGen       total 60928K, used 8959K [0x0000000740000000, 0x0000000743b80000, 0x0000000795580000)
  object space 60928K, 14% used [0x0000000740000000,0x00000007408bfc80,0x0000000743b80000)
 Metaspace       used 32090K, capacity 32974K, committed 33280K, reserved 1077248K
  class space    used 4465K, capacity 4803K, committed 4864K, reserved 1048576K
Event: 7.407 GC heap after
Heap after GC invocations=8 (full 1):
 PSYoungGen      total 139264K, used 9728K [0x0000000795580000, 0x00000007a0800000, 0x00000007c0000000)
  eden space 129536K, 0% used [0x0000000795580000,0x0000000795580000,0x000000079d400000)
  from space 9728K, 100% used [0x000000079d400000,0x000000079dd80000,0x000000079dd80000)
  to   space 14336K, 0% used [0x000000079fa00000,0x000000079fa00000,0x00000007a0800000)
 ParOldGen       total 60928K, used 16070K [0x0000000740000000, 0x0000000743b80000, 0x0000000795580000)
  object space 60928K, 26% used [0x0000000740000000,0x0000000740fb1b50,0x0000000743b80000)
 Metaspace       used 32090K, capacity 32974K, committed 33280K, reserved 1077248K
  class space    used 4465K, capacity 4803K, committed 4864K, reserved 1048576K
}
Event: 8.286 GC heap before
{Heap before GC invocations=9 (full 1):
 PSYoungGen      total 139264K, used 55965K [0x0000000795580000, 0x00000007a0800000, 0x00000007c0000000)
  eden space 129536K, 35% used [0x0000000795580000,0x00000007982a7478,0x000000079d400000)
  from space 9728K, 100% used [0x000000079d400000,0x000000079dd80000,0x000000079dd80000)
  to   space 14336K, 0% used [0x000000079fa00000,0x000000079fa00000,0x00000007a0800000)
 ParOldGen       total 60928K, used 16070K [0x0000000740000000, 0x0000000743b80000, 0x0000000795580000)
  object space 60928K, 26% used [0x0000000740000000,0x0000000740fb1b50,0x0000000743b80000)
 Metaspace       used 34329K, capacity 35272K, committed 35416K, reserved 1079296K
  class space    used 4784K, capacity 5166K, committed 5248K, reserved 1048576K
Event: 8.319 GC heap after
Heap after GC invocations=9 (full 1):
 PSYoungGen      total 166400K, used 14310K [0x0000000795580000, 0x00000007a3d00000, 0x00000007c0000000)
  eden space 152064K, 0% used [0x0000000795580000,0x0000000795580000,0x000000079ea00000)
  from space 14336K, 99% used [0x000000079fa00000,0x00000007a07f9958,0x00000007a0800000)
  to   space 16384K, 0% used [0x000000079ea00000,0x000000079ea00000,0x000000079fa00000)
 ParOldGen       total 60928K, used 16527K [0x0000000740000000, 0x0000000743b80000, 0x0000000795580000)
  object space 60928K, 27% used [0x0000000740000000,0x0000000741023e48,0x0000000743b80000)
 Metaspace       used 34329K, capacity 35272K, committed 35416K, reserved 1079296K
  class space    used 4784K, capacity 5166K, committed 5248K, reserved 1048576K
}
Event: 8.319 GC heap before
{Heap before GC invocations=10 (full 2):
 PSYoungGen      total 166400K, used 14310K [0x0000000795580000, 0x00000007a3d00000, 0x00000007c0000000)
  eden space 152064K, 0% used [0x0000000795580000,0x0000000795580000,0x000000079ea00000)
  from space 14336K, 99% used [0x000000079fa00000,0x00000007a07f9958,0x00000007a0800000)
  to   space 16384K, 0% used [0x000000079ea00000,0x000000079ea00000,0x000000079fa00000)
 ParOldGen       total 60928K, used 16527K [0x0000000740000000, 0x0000000743b80000, 0x0000000795580000)
  object space 60928K, 27% used [0x0000000740000000,0x0000000741023e48,0x0000000743b80000)
 Metaspace       used 34329K, capacity 35272K, committed 35416K, reserved 1079296K
  class space    used 4784K, capacity 5166K, committed 5248K, reserved 1048576K
Event: 8.530 GC heap after
Heap after GC invocations=10 (full 2):
 PSYoungGen      total 166400K, used 0K [0x0000000795580000, 0x00000007a3d00000, 0x00000007c0000000)
  eden space 152064K, 0% used [0x0000000795580000,0x0000000795580000,0x000000079ea00000)
  from space 14336K, 0% used [0x000000079fa00000,0x000000079fa00000,0x00000007a0800000)
  to   space 16384K, 0% used [0x000000079ea00000,0x000000079ea00000,0x000000079fa00000)
 ParOldGen       total 107008K, used 24563K [0x0000000740000000, 0x0000000746880000, 0x0000000795580000)
  object space 107008K, 22% used [0x0000000740000000,0x00000007417fcfc0,0x0000000746880000)
 Metaspace       used 34329K, capacity 35272K, committed 35416K, reserved 1079296K
  class space    used 4784K, capacity 5166K, committed 5248K, reserved 1048576K
}
Event: 11.778 GC heap before
{Heap before GC invocations=11 (full 2):
 PSYoungGen      total 166400K, used 152064K [0x0000000795580000, 0x00000007a3d00000, 0x00000007c0000000)
  eden space 152064K, 100% used [0x0000000795580000,0x000000079ea00000,0x000000079ea00000)
  from space 14336K, 0% used [0x000000079fa00000,0x000000079fa00000,0x00000007a0800000)
  to   space 16384K, 0% used [0x000000079ea00000,0x000000079ea00000,0x000000079fa00000)
 ParOldGen       total 107008K, used 24563K [0x0000000740000000, 0x0000000746880000, 0x0000000795580000)
  object space 107008K, 22% used [0x0000000740000000,0x00000007417fcfc0,0x0000000746880000)
 Metaspace       used 37372K, capacity 38476K, committed 38744K, reserved 1083392K
  class space    used 5227K, capacity 5696K, committed 5760K, reserved 1048576K
Event: 11.824 GC heap after
Heap after GC invocations=11 (full 2):
 PSYoungGen      total 168448K, used 15851K [0x0000000795580000, 0x00000007a3100000, 0x00000007c0000000)
  eden space 152064K, 0% used [0x0000000795580000,0x0000000795580000,0x000000079ea00000)
  from space 16384K, 96% used [0x000000079ea00000,0x000000079f97ad80,0x000000079fa00000)
  to   space 18432K, 0% used [0x00000007a1f00000,0x00000007a1f00000,0x00000007a3100000)
 ParOldGen       total 107008K, used 24571K [0x0000000740000000, 0x0000000746880000, 0x0000000795580000)
  object space 107008K, 22% used [0x0000000740000000,0x00000007417fefc0,0x0000000746880000)
 Metaspace       used 37372K, capacity 38476K, committed 38744K, reserved 1083392K
  class space    used 5227K, capacity 5696K, committed 5760K, reserved 1048576K
}

