# JRE version: Java(TM) SE Runtime Environment (8.0_101-b13) (build 1.8.0_101-b13)
# Java VM: Java HotSpot(TM) 64-Bit Server VM (25.101-b13 mixed mode bsd-amd64 compressed oops)
Heap:
 PSYoungGen      total 154112K, used 111293K [0x0000000795580000, 0x00000007a1e00000, 0x00000007c0000000)
  eden space 137728K, 70% used [0x0000000795580000,0x000000079b3f9018,0x000000079dc00000)
  from space 16384K, 88% used [0x000000079dc00000,0x000000079ea36400,0x000000079ec00000)
  to   space 17920K, 0% used [0x00000007a0c80000,0x00000007a0c80000,0x00000007a1e00000)
 ParOldGen       total 110080K, used 24613K [0x0000000740000000, 0x0000000746b80000, 0x0000000795580000)
  object space 110080K, 22% used [0x0000000740000000,0x00000007418097c0,0x0000000746b80000)
 Metaspace       used 39990K, capacity 41282K, committed 41560K, reserved 1085440K
  class space    used 5633K, capacity 6178K, committed 6272K, reserved 1048576K
GC Heap History (10 events):
Event: 6.564 GC heap before
{Heap before GC invocations=7 (full 1):
 PSYoungGen      total 71680K, used 66560K [0x0000000795580000, 0x000000079ea80000, 0x00000007c0000000)
  eden space 66560K, 100% used [0x0000000795580000,0x0000000799680000,0x0000000799680000)
  from space 5120K, 0% used [0x0000000799680000,0x0000000799680000,0x0000000799b80000)
  to   space 9728K, 0% used [0x000000079e100000,0x000000079e100000,0x000000079ea80000)
 ParOldGen       total 64000K, used 8896K [0x0000000740000000, 0x0000000743e80000, 0x0000000795580000)
  object space 64000K, 13% used [0x0000000740000000,0x00000007408b0330,0x0000000743e80000)
 Metaspace       used 25353K, capacity 25984K, committed 26240K, reserved 1071104K
  class space    used 3432K, capacity 3673K, committed 3712K, reserved 1048576K
Event: 6.584 GC heap after
Heap after GC invocations=7 (full 1):
 PSYoungGen      total 102912K, used 6022K [0x0000000795580000, 0x000000079e700000, 0x00000007c0000000)
  eden space 96768K, 0% used [0x0000000795580000,0x0000000795580000,0x000000079b400000)
  from space 6144K, 98% used [0x000000079e100000,0x000000079e6e1a70,0x000000079e700000)
  to   space 9728K, 0% used [0x000000079d400000,0x000000079d400000,0x000000079dd80000)
 ParOldGen       total 64000K, used 8968K [0x0000000740000000, 0x0000000743e80000, 0x0000000795580000)
  object space 64000K, 14% used [0x0000000740000000,0x00000007408c2340,0x0000000743e80000)
 Metaspace       used 25353K, capacity 25984K, committed 26240K, reserved 1071104K
  class space    used 3432K, capacity 3673K, committed 3712K, reserved 1048576K
}
Event: 9.749 GC heap before
{Heap before GC invocations=8 (full 1):
 PSYoungGen      total 102912K, used 102790K [0x0000000795580000, 0x000000079e700000, 0x00000007c0000000)
  eden space 96768K, 100% used [0x0000000795580000,0x000000079b400000,0x000000079b400000)
  from space 6144K, 98% used [0x000000079e100000,0x000000079e6e1a70,0x000000079e700000)
  to   space 9728K, 0% used [0x000000079d400000,0x000000079d400000,0x000000079dd80000)
 ParOldGen       total 64000K, used 8968K [0x0000000740000000, 0x0000000743e80000, 0x0000000795580000)
  object space 64000K, 14% used [0x0000000740000000,0x00000007408c2340,0x0000000743e80000)
 Metaspace       used 32035K, capacity 32974K, committed 33280K, reserved 1077248K
  class space    used 4447K, capacity 4803K, committed 4864K, reserved 1048576K
Event: 9.796 GC heap after
Heap after GC invocations=8 (full 1):
 PSYoungGen      total 139264K, used 9728K [0x0000000795580000, 0x000000079f980000, 0x00000007c0000000)
  eden space 129536K, 0% used [0x0000000795580000,0x0000000795580000,0x000000079d400000)
  from space 9728K, 100% used [0x000000079d400000,0x000000079dd80000,0x000000079dd80000)
  to   space 13824K, 0% used [0x000000079ec00000,0x000000079ec00000,0x000000079f980000)
 ParOldGen       total 64000K, used 15470K [0x0000000740000000, 0x0000000743e80000, 0x0000000795580000)
  object space 64000K, 24% used [0x0000000740000000,0x0000000740f1ba78,0x0000000743e80000)
 Metaspace       used 32035K, capacity 32974K, committed 33280K, reserved 1077248K
  class space    used 4447K, capacity 4803K, committed 4864K, reserved 1048576K
}
Event: 10.922 GC heap before
{Heap before GC invocations=9 (full 1):
 PSYoungGen      total 139264K, used 58676K [0x0000000795580000, 0x000000079f980000, 0x00000007c0000000)
  eden space 129536K, 37% used [0x0000000795580000,0x000000079854d380,0x000000079d400000)
  from space 9728K, 100% used [0x000000079d400000,0x000000079dd80000,0x000000079dd80000)
  to   space 13824K, 0% used [0x000000079ec00000,0x000000079ec00000,0x000000079f980000)
 ParOldGen       total 64000K, used 15470K [0x0000000740000000, 0x0000000743e80000, 0x0000000795580000)
  object space 64000K, 24% used [0x0000000740000000,0x0000000740f1ba78,0x0000000743e80000)
 Metaspace       used 34336K, capacity 35272K, committed 35416K, reserved 1079296K
  class space    used 4777K, capacity 5166K, committed 5248K, reserved 1048576K
Event: 11.008 GC heap after
Heap after GC invocations=9 (full 1):
 PSYoungGen      total 151552K, used 13792K [0x0000000795580000, 0x00000007a4180000, 0x00000007c0000000)
  eden space 137728K, 0% used [0x0000000795580000,0x0000000795580000,0x000000079dc00000)
  from space 13824K, 99% used [0x000000079ec00000,0x000000079f978020,0x000000079f980000)
  to   space 16384K, 0% used [0x000000079dc00000,0x000000079dc00000,0x000000079ec00000)
 ParOldGen       total 64000K, used 16968K [0x0000000740000000, 0x0000000743e80000, 0x0000000795580000)
  object space 64000K, 26% used [0x0000000740000000,0x0000000741092238,0x0000000743e80000)
 Metaspace       used 34336K, capacity 35272K, committed 35416K, reserved 1079296K
  class space    used 4777K, capacity 5166K, committed 5248K, reserved 1048576K
}
Event: 11.008 GC heap before
{Heap before GC invocations=10 (full 2):
 PSYoungGen      total 151552K, used 13792K [0x0000000795580000, 0x00000007a4180000, 0x00000007c0000000)
  eden space 137728K, 0% used [0x0000000795580000,0x0000000795580000,0x000000079dc00000)
  from space 13824K, 99% used [0x000000079ec00000,0x000000079f978020,0x000000079f980000)
  to   space 16384K, 0% used [0x000000079dc00000,0x000000079dc00000,0x000000079ec00000)
 ParOldGen       total 64000K, used 16968K [0x0000000740000000, 0x0000000743e80000, 0x0000000795580000)
  object space 64000K, 26% used [0x0000000740000000,0x0000000741092238,0x0000000743e80000)
 Metaspace       used 34336K, capacity 35272K, committed 35416K, reserved 1079296K
  class space    used 4777K, capacity 5166K, committed 5248K, reserved 1048576K
Event: 11.383 GC heap after
Heap after GC invocations=10 (full 2):
 PSYoungGen      total 151552K, used 0K [0x0000000795580000, 0x00000007a4180000, 0x00000007c0000000)
  eden space 137728K, 0% used [0x0000000795580000,0x0000000795580000,0x000000079dc00000)
  from space 13824K, 0% used [0x000000079ec00000,0x000000079ec00000,0x000000079f980000)
  to   space 16384K, 0% used [0x000000079dc00000,0x000000079dc00000,0x000000079ec00000)
 ParOldGen       total 110080K, used 24605K [0x0000000740000000, 0x0000000746b80000, 0x0000000795580000)
  object space 110080K, 22% used [0x0000000740000000,0x00000007418077c0,0x0000000746b80000)
 Metaspace       used 34336K, capacity 35272K, committed 35416K, reserved 1079296K
  class space    used 4777K, capacity 5166K, committed 5248K, reserved 1048576K
}
Event: 14.529 GC heap before
{Heap before GC invocations=11 (full 2):
 PSYoungGen      total 151552K, used 137728K [0x0000000795580000, 0x00000007a4180000, 0x00000007c0000000)
  eden space 137728K, 100% used [0x0000000795580000,0x000000079dc00000,0x000000079dc00000)
  from space 13824K, 0% used [0x000000079ec00000,0x000000079ec00000,0x000000079f980000)
  to   space 16384K, 0% used [0x000000079dc00000,0x000000079dc00000,0x000000079ec00000)
 ParOldGen       total 110080K, used 24605K [0x0000000740000000, 0x0000000746b80000, 0x0000000795580000)
  object space 110080K, 22% used [0x0000000740000000,0x00000007418077c0,0x0000000746b80000)
 Metaspace       used 36930K, capacity 37848K, committed 38104K, reserved 1081344K
  class space    used 5147K, capacity 5546K, committed 5632K, reserved 1048576K
Event: 14.549 GC heap after
Heap after GC invocations=11 (full 2):
 PSYoungGen      total 154112K, used 14553K [0x0000000795580000, 0x00000007a1e00000, 0x00000007c0000000)
  eden space 137728K, 0% used [0x0000000795580000,0x0000000795580000,0x000000079dc00000)
  from space 16384K, 88% used [0x000000079dc00000,0x000000079ea36400,0x000000079ec00000)
  to   space 17920K, 0% used [0x00000007a0c80000,0x00000007a0c80000,0x00000007a1e00000)
 ParOldGen       total 110080K, used 24613K [0x0000000740000000, 0x0000000746b80000, 0x0000000795580000)
  object space 110080K, 22% used [0x0000000740000000,0x00000007418097c0,0x0000000746b80000)
 Metaspace       used 36930K, capacity 37848K, committed 38104K, reserved 1081344K
  class space    used 5147K, capacity 5546K, committed 5632K, reserved 1048576K
}

