# JRE version: Java(TM) SE Runtime Environment (8.0_101-b13) (build 1.8.0_101-b13)
# Java VM: Java HotSpot(TM) 64-Bit Server VM (25.101-b13 mixed mode bsd-amd64 compressed oops)
Heap:
 PSYoungGen      total 223232K, used 24825K [0x0000000795580000, 0x00000007a4480000, 0x00000007c0000000)
  eden space 208384K, 11% used [0x0000000795580000,0x0000000796dbe650,0x00000007a2100000)
  from space 14848K, 0% used [0x00000007a3280000,0x00000007a3280000,0x00000007a4100000)
  to   space 17920K, 0% used [0x00000007a2100000,0x00000007a2100000,0x00000007a3280000)
 ParOldGen       total 107008K, used 26255K [0x0000000740000000, 0x0000000746880000, 0x0000000795580000)
  object space 107008K, 24% used [0x0000000740000000,0x00000007419a3fb8,0x0000000746880000)
 Metaspace       used 35036K, capacity 35974K, committed 36312K, reserved 1081344K
  class space    used 4847K, capacity 5267K, committed 5376K, reserved 1048576K
GC Heap History (10 events):
Event: 5.397 GC heap before
{Heap before GC invocations=4 (full 0):
 PSYoungGen      total 71680K, used 25121K [0x0000000795580000, 0x000000079e180000, 0x00000007c0000000)
  eden space 66560K, 30% used [0x0000000795580000,0x000000079690c5b8,0x0000000799680000)
  from space 5120K, 99% used [0x0000000799680000,0x0000000799b7c030,0x0000000799b80000)
  to   space 5120K, 0% used [0x000000079dc80000,0x000000079dc80000,0x000000079e180000)
 ParOldGen       total 87552K, used 7270K [0x0000000740000000, 0x0000000745580000, 0x0000000795580000)
  object space 87552K, 8% used [0x0000000740000000,0x00000007407198a8,0x0000000745580000)
 Metaspace       used 20812K, capacity 21118K, committed 21248K, reserved 1067008K
  class space    used 2828K, capacity 2978K, committed 3072K, reserved 1048576K
Event: 5.414 GC heap after
Heap after GC invocations=4 (full 0):
 PSYoungGen      total 138240K, used 5104K [0x0000000795580000, 0x000000079e180000, 0x00000007c0000000)
  eden space 133120K, 0% used [0x0000000795580000,0x0000000795580000,0x000000079d780000)
  from space 5120K, 99% used [0x000000079dc80000,0x000000079e17c050,0x000000079e180000)
  to   space 5120K, 0% used [0x000000079d780000,0x000000079d780000,0x000000079dc80000)
 ParOldGen       total 87552K, used 9424K [0x0000000740000000, 0x0000000745580000, 0x0000000795580000)
  object space 87552K, 10% used [0x0000000740000000,0x0000000740934308,0x0000000745580000)
 Metaspace       used 20812K, capacity 21118K, committed 21248K, reserved 1067008K
  class space    used 2828K, capacity 2978K, committed 3072K, reserved 1048576K
}
Event: 5.414 GC heap before
{Heap before GC invocations=5 (full 1):
 PSYoungGen      total 138240K, used 5104K [0x0000000795580000, 0x000000079e180000, 0x00000007c0000000)
  eden space 133120K, 0% used [0x0000000795580000,0x0000000795580000,0x000000079d780000)
  from space 5120K, 99% used [0x000000079dc80000,0x000000079e17c050,0x000000079e180000)
  to   space 5120K, 0% used [0x000000079d780000,0x000000079d780000,0x000000079dc80000)
 ParOldGen       total 87552K, used 9424K [0x0000000740000000, 0x0000000745580000, 0x0000000795580000)
  object space 87552K, 10% used [0x0000000740000000,0x0000000740934308,0x0000000745580000)
 Metaspace       used 20812K, capacity 21118K, committed 21248K, reserved 1067008K
  class space    used 2828K, capacity 2978K, committed 3072K, reserved 1048576K
Event: 5.476 GC heap after
Heap after GC invocations=5 (full 1):
 PSYoungGen      total 138240K, used 0K [0x0000000795580000, 0x000000079e180000, 0x00000007c0000000)
  eden space 133120K, 0% used [0x0000000795580000,0x0000000795580000,0x000000079d780000)
  from space 5120K, 0% used [0x000000079dc80000,0x000000079dc80000,0x000000079e180000)
  to   space 5120K, 0% used [0x000000079d780000,0x000000079d780000,0x000000079dc80000)
 ParOldGen       total 60928K, used 8910K [0x0000000740000000, 0x0000000743b80000, 0x0000000795580000)
  object space 60928K, 14% used [0x0000000740000000,0x00000007408b3828,0x0000000743b80000)
 Metaspace       used 20812K, capacity 21118K, committed 21248K, reserved 1067008K
  class space    used 2828K, capacity 2978K, committed 3072K, reserved 1048576K
}
Event: 9.756 GC heap before
{Heap before GC invocations=6 (full 1):
 PSYoungGen      total 138240K, used 133120K [0x0000000795580000, 0x000000079e180000, 0x00000007c0000000)
  eden space 133120K, 100% used [0x0000000795580000,0x000000079d780000,0x000000079d780000)
  from space 5120K, 0% used [0x000000079dc80000,0x000000079dc80000,0x000000079e180000)
  to   space 5120K, 0% used [0x000000079d780000,0x000000079d780000,0x000000079dc80000)
 ParOldGen       total 60928K, used 8910K [0x0000000740000000, 0x0000000743b80000, 0x0000000795580000)
  object space 60928K, 14% used [0x0000000740000000,0x00000007408b3828,0x0000000743b80000)
 Metaspace       used 29532K, capacity 30348K, committed 30464K, reserved 1075200K
  class space    used 4040K, capacity 4315K, committed 4352K, reserved 1048576K
Event: 9.799 GC heap after
Heap after GC invocations=6 (full 1):
 PSYoungGen      total 138240K, used 5108K [0x0000000795580000, 0x00000007a4100000, 0x00000007c0000000)
  eden space 133120K, 0% used [0x0000000795580000,0x0000000795580000,0x000000079d780000)
  from space 5120K, 99% used [0x000000079d780000,0x000000079dc7d010,0x000000079dc80000)
  to   space 14848K, 0% used [0x00000007a3280000,0x00000007a3280000,0x00000007a4100000)
 ParOldGen       total 60928K, used 18127K [0x0000000740000000, 0x0000000743b80000, 0x0000000795580000)
  object space 60928K, 29% used [0x0000000740000000,0x00000007411b3f58,0x0000000743b80000)
 Metaspace       used 29532K, capacity 30348K, committed 30464K, reserved 1075200K
  class space    used 4040K, capacity 4315K, committed 4352K, reserved 1048576K
}
Event: 12.363 GC heap before
{Heap before GC invocations=7 (full 1):
 PSYoungGen      total 138240K, used 86837K [0x0000000795580000, 0x00000007a4100000, 0x00000007c0000000)
  eden space 133120K, 61% used [0x0000000795580000,0x000000079a5506d0,0x000000079d780000)
  from space 5120K, 99% used [0x000000079d780000,0x000000079dc7d010,0x000000079dc80000)
  to   space 14848K, 0% used [0x00000007a3280000,0x00000007a3280000,0x00000007a4100000)
 ParOldGen       total 60928K, used 18127K [0x0000000740000000, 0x0000000743b80000, 0x0000000795580000)
  object space 60928K, 29% used [0x0000000740000000,0x00000007411b3f58,0x0000000743b80000)
 Metaspace       used 34297K, capacity 35304K, committed 35416K, reserved 1079296K
  class space    used 4773K, capacity 5198K, committed 5248K, reserved 1048576K
Event: 12.393 GC heap after
Heap after GC invocations=7 (full 1):
 PSYoungGen      total 223232K, used 14836K [0x0000000795580000, 0x00000007a4480000, 0x00000007c0000000)
  eden space 208384K, 0% used [0x0000000795580000,0x0000000795580000,0x00000007a2100000)
  from space 14848K, 99% used [0x00000007a3280000,0x00000007a40fd0c0,0x00000007a4100000)
  to   space 17920K, 0% used [0x00000007a2100000,0x00000007a2100000,0x00000007a3280000)
 ParOldGen       total 60928K, used 19144K [0x0000000740000000, 0x0000000743b80000, 0x0000000795580000)
  object space 60928K, 31% used [0x0000000740000000,0x00000007412b2260,0x0000000743b80000)
 Metaspace       used 34297K, capacity 35304K, committed 35416K, reserved 1079296K
  class space    used 4773K, capacity 5198K, committed 5248K, reserved 1048576K
}
Event: 12.393 GC heap before
{Heap before GC invocations=8 (full 2):
 PSYoungGen      total 223232K, used 14836K [0x0000000795580000, 0x00000007a4480000, 0x00000007c0000000)
  eden space 208384K, 0% used [0x0000000795580000,0x0000000795580000,0x00000007a2100000)
  from space 14848K, 99% used [0x00000007a3280000,0x00000007a40fd0c0,0x00000007a4100000)
  to   space 17920K, 0% used [0x00000007a2100000,0x00000007a2100000,0x00000007a3280000)
 ParOldGen       total 60928K, used 19144K [0x0000000740000000, 0x0000000743b80000, 0x0000000795580000)
  object space 60928K, 31% used [0x0000000740000000,0x00000007412b2260,0x0000000743b80000)
 Metaspace       used 34297K, capacity 35304K, committed 35416K, reserved 1079296K
  class space    used 4773K, capacity 5198K, committed 5248K, reserved 1048576K
Event: 12.558 GC heap after
Heap after GC invocations=8 (full 2):
 PSYoungGen      total 223232K, used 0K [0x0000000795580000, 0x00000007a4480000, 0x00000007c0000000)
  eden space 208384K, 0% used [0x0000000795580000,0x0000000795580000,0x00000007a2100000)
  from space 14848K, 0% used [0x00000007a3280000,0x00000007a3280000,0x00000007a4100000)
  to   space 17920K, 0% used [0x00000007a2100000,0x00000007a2100000,0x00000007a3280000)
 ParOldGen       total 107008K, used 26255K [0x0000000740000000, 0x0000000746880000, 0x0000000795580000)
  object space 107008K, 24% used [0x0000000740000000,0x00000007419a3fb8,0x0000000746880000)
 Metaspace       used 34297K, capacity 35304K, committed 35416K, reserved 1079296K
  class space    used 4773K, capacity 5198K, committed 5248K, reserved 1048576K
}

