# JRE version: Java(TM) SE Runtime Environment (8.0_101-b13) (build 1.8.0_101-b13)
# Java VM: Java HotSpot(TM) 64-Bit Server VM (25.101-b13 mixed mode bsd-amd64 compressed oops)
Heap:
 PSYoungGen      total 173568K, used 101702K [0x0000000795580000, 0x00000007a3980000, 0x00000007c0000000)
  eden space 157184K, 54% used [0x0000000795580000,0x000000079a8d24f8,0x000000079ef00000)
  from space 16384K, 99% used [0x000000079ef00000,0x000000079feff688,0x000000079ff00000)
  to   space 18432K, 0% used [0x00000007a2780000,0x00000007a2780000,0x00000007a3980000)
 ParOldGen       total 104960K, used 24685K [0x0000000740000000, 0x0000000746680000, 0x0000000795580000)
  object space 104960K, 23% used [0x0000000740000000,0x000000074181b6c8,0x0000000746680000)
 Metaspace       used 39982K, capacity 41314K, committed 41560K, reserved 1085440K
  class space    used 5638K, capacity 6210K, committed 6272K, reserved 1048576K
GC Heap History (10 events):
Event: 3.511 GC heap before
{Heap before GC invocations=7 (full 1):
 PSYoungGen      total 71680K, used 66560K [0x0000000795580000, 0x000000079ea80000, 0x00000007c0000000)
  eden space 66560K, 100% used [0x0000000795580000,0x0000000799680000,0x0000000799680000)
  from space 5120K, 0% used [0x0000000799680000,0x0000000799680000,0x0000000799b80000)
  to   space 9728K, 0% used [0x000000079e100000,0x000000079e100000,0x000000079ea80000)
 ParOldGen       total 60416K, used 8896K [0x0000000740000000, 0x0000000743b00000, 0x0000000795580000)
  object space 60416K, 14% used [0x0000000740000000,0x00000007408b0028,0x0000000743b00000)
 Metaspace       used 25328K, capacity 25984K, committed 26240K, reserved 1071104K
  class space    used 3435K, capacity 3673K, committed 3712K, reserved 1048576K
Event: 3.518 GC heap after
Heap after GC invocations=7 (full 1):
 PSYoungGen      total 109056K, used 5894K [0x0000000795580000, 0x000000079e700000, 0x00000007c0000000)
  eden space 102912K, 0% used [0x0000000795580000,0x0000000795580000,0x000000079ba00000)
  from space 6144K, 95% used [0x000000079e100000,0x000000079e6c1a70,0x000000079e700000)
  to   space 9728K, 0% used [0x000000079d400000,0x000000079d400000,0x000000079dd80000)
 ParOldGen       total 60416K, used 8968K [0x0000000740000000, 0x0000000743b00000, 0x0000000795580000)
  object space 60416K, 14% used [0x0000000740000000,0x00000007408c2038,0x0000000743b00000)
 Metaspace       used 25328K, capacity 25984K, committed 26240K, reserved 1071104K
  class space    used 3435K, capacity 3673K, committed 3712K, reserved 1048576K
}
Event: 4.620 GC heap before
{Heap before GC invocations=8 (full 1):
 PSYoungGen      total 109056K, used 108806K [0x0000000795580000, 0x000000079e700000, 0x00000007c0000000)
  eden space 102912K, 100% used [0x0000000795580000,0x000000079ba00000,0x000000079ba00000)
  from space 6144K, 95% used [0x000000079e100000,0x000000079e6c1a70,0x000000079e700000)
  to   space 9728K, 0% used [0x000000079d400000,0x000000079d400000,0x000000079dd80000)
 ParOldGen       total 60416K, used 8968K [0x0000000740000000, 0x0000000743b00000, 0x0000000795580000)
  object space 60416K, 14% used [0x0000000740000000,0x00000007408c2038,0x0000000743b00000)
 Metaspace       used 32144K, capacity 33178K, committed 33408K, reserved 1077248K
  class space    used 4472K, capacity 4870K, committed 4992K, reserved 1048576K
Event: 4.648 GC heap after
Heap after GC invocations=8 (full 1):
 PSYoungGen      total 139264K, used 9712K [0x0000000795580000, 0x00000007a0d00000, 0x00000007c0000000)
  eden space 129536K, 0% used [0x0000000795580000,0x0000000795580000,0x000000079d400000)
  from space 9728K, 99% used [0x000000079d400000,0x000000079dd7c010,0x000000079dd80000)
  to   space 14336K, 0% used [0x000000079ff00000,0x000000079ff00000,0x00000007a0d00000)
 ParOldGen       total 60416K, used 16396K [0x0000000740000000, 0x0000000743b00000, 0x0000000795580000)
  object space 60416K, 27% used [0x0000000740000000,0x00000007410033d8,0x0000000743b00000)
 Metaspace       used 32144K, capacity 33178K, committed 33408K, reserved 1077248K
  class space    used 4472K, capacity 4870K, committed 4992K, reserved 1048576K
}
Event: 5.136 GC heap before
{Heap before GC invocations=9 (full 1):
 PSYoungGen      total 139264K, used 53424K [0x0000000795580000, 0x00000007a0d00000, 0x00000007c0000000)
  eden space 129536K, 33% used [0x0000000795580000,0x0000000798030190,0x000000079d400000)
  from space 9728K, 99% used [0x000000079d400000,0x000000079dd7c010,0x000000079dd80000)
  to   space 14336K, 0% used [0x000000079ff00000,0x000000079ff00000,0x00000007a0d00000)
 ParOldGen       total 60416K, used 16396K [0x0000000740000000, 0x0000000743b00000, 0x0000000795580000)
  object space 60416K, 27% used [0x0000000740000000,0x00000007410033d8,0x0000000743b00000)
 Metaspace       used 34355K, capacity 35304K, committed 35416K, reserved 1079296K
  class space    used 4787K, capacity 5198K, committed 5248K, reserved 1048576K
Event: 5.162 GC heap after
Heap after GC invocations=9 (full 1):
 PSYoungGen      total 171520K, used 14327K [0x0000000795580000, 0x00000007a4100000, 0x00000007c0000000)
  eden space 157184K, 0% used [0x0000000795580000,0x0000000795580000,0x000000079ef00000)
  from space 14336K, 99% used [0x000000079ff00000,0x00000007a0cfde80,0x00000007a0d00000)
  to   space 16384K, 0% used [0x000000079ef00000,0x000000079ef00000,0x000000079ff00000)
 ParOldGen       total 60416K, used 16549K [0x0000000740000000, 0x0000000743b00000, 0x0000000795580000)
  object space 60416K, 27% used [0x0000000740000000,0x0000000741029618,0x0000000743b00000)
 Metaspace       used 34355K, capacity 35304K, committed 35416K, reserved 1079296K
  class space    used 4787K, capacity 5198K, committed 5248K, reserved 1048576K
}
Event: 5.162 GC heap before
{Heap before GC invocations=10 (full 2):
 PSYoungGen      total 171520K, used 14327K [0x0000000795580000, 0x00000007a4100000, 0x00000007c0000000)
  eden space 157184K, 0% used [0x0000000795580000,0x0000000795580000,0x000000079ef00000)
  from space 14336K, 99% used [0x000000079ff00000,0x00000007a0cfde80,0x00000007a0d00000)
  to   space 16384K, 0% used [0x000000079ef00000,0x000000079ef00000,0x000000079ff00000)
 ParOldGen       total 60416K, used 16549K [0x0000000740000000, 0x0000000743b00000, 0x0000000795580000)
  object space 60416K, 27% used [0x0000000740000000,0x0000000741029618,0x0000000743b00000)
 Metaspace       used 34355K, capacity 35304K, committed 35416K, reserved 1079296K
  class space    used 4787K, capacity 5198K, committed 5248K, reserved 1048576K
Event: 5.300 GC heap after
Heap after GC invocations=10 (full 2):
 PSYoungGen      total 171520K, used 0K [0x0000000795580000, 0x00000007a4100000, 0x00000007c0000000)
  eden space 157184K, 0% used [0x0000000795580000,0x0000000795580000,0x000000079ef00000)
  from space 14336K, 0% used [0x000000079ff00000,0x000000079ff00000,0x00000007a0d00000)
  to   space 16384K, 0% used [0x000000079ef00000,0x000000079ef00000,0x000000079ff00000)
 ParOldGen       total 104960K, used 24552K [0x0000000740000000, 0x0000000746680000, 0x0000000795580000)
  object space 104960K, 23% used [0x0000000740000000,0x00000007417fa3c0,0x0000000746680000)
 Metaspace       used 34355K, capacity 35304K, committed 35416K, reserved 1079296K
  class space    used 4787K, capacity 5198K, committed 5248K, reserved 1048576K
}
Event: 6.783 GC heap before
{Heap before GC invocations=11 (full 2):
 PSYoungGen      total 171520K, used 157184K [0x0000000795580000, 0x00000007a4100000, 0x00000007c0000000)
  eden space 157184K, 100% used [0x0000000795580000,0x000000079ef00000,0x000000079ef00000)
  from space 14336K, 0% used [0x000000079ff00000,0x000000079ff00000,0x00000007a0d00000)
  to   space 16384K, 0% used [0x000000079ef00000,0x000000079ef00000,0x000000079ff00000)
 ParOldGen       total 104960K, used 24552K [0x0000000740000000, 0x0000000746680000, 0x0000000795580000)
  object space 104960K, 23% used [0x0000000740000000,0x00000007417fa3c0,0x0000000746680000)
 Metaspace       used 37752K, capacity 38890K, committed 39128K, reserved 1083392K
  class space    used 5313K, capacity 5795K, committed 5888K, reserved 1048576K
Event: 6.806 GC heap after
Heap after GC invocations=11 (full 2):
 PSYoungGen      total 173568K, used 16381K [0x0000000795580000, 0x00000007a3980000, 0x00000007c0000000)
  eden space 157184K, 0% used [0x0000000795580000,0x0000000795580000,0x000000079ef00000)
  from space 16384K, 99% used [0x000000079ef00000,0x000000079feff688,0x000000079ff00000)
  to   space 18432K, 0% used [0x00000007a2780000,0x00000007a2780000,0x00000007a3980000)
 ParOldGen       total 104960K, used 24685K [0x0000000740000000, 0x0000000746680000, 0x0000000795580000)
  object space 104960K, 23% used [0x0000000740000000,0x000000074181b6c8,0x0000000746680000)
 Metaspace       used 37752K, capacity 38890K, committed 39128K, reserved 1083392K
  class space    used 5313K, capacity 5795K, committed 5888K, reserved 1048576K
}

