# JRE version: Java(TM) SE Runtime Environment (8.0_101-b13) (build 1.8.0_101-b13)
# Java VM: Java HotSpot(TM) 64-Bit Server VM (25.101-b13 mixed mode bsd-amd64 compressed oops)
Heap:
 PSYoungGen      total 154624K, used 109643K [0x0000000795580000, 0x00000007a2180000, 0x00000007c0000000)
  eden space 138240K, 69% used [0x0000000795580000,0x000000079b2c2c80,0x000000079dc80000)
  from space 16384K, 86% used [0x000000079dc80000,0x000000079ea50010,0x000000079ec80000)
  to   space 17920K, 0% used [0x00000007a1000000,0x00000007a1000000,0x00000007a2180000)
 ParOldGen       total 110080K, used 24616K [0x0000000740000000, 0x0000000746b80000, 0x0000000795580000)
  object space 110080K, 22% used [0x0000000740000000,0x000000074180a168,0x0000000746b80000)
 Metaspace       used 39862K, capacity 41098K, committed 41176K, reserved 1085440K
  class space    used 5595K, capacity 6110K, committed 6144K, reserved 1048576K
GC Heap History (10 events):
Event: 6.117 GC heap before
{Heap before GC invocations=7 (full 1):
 PSYoungGen      total 71680K, used 66560K [0x0000000795580000, 0x000000079ea80000, 0x00000007c0000000)
  eden space 66560K, 100% used [0x0000000795580000,0x0000000799680000,0x0000000799680000)
  from space 5120K, 0% used [0x0000000799680000,0x0000000799680000,0x0000000799b80000)
  to   space 9728K, 0% used [0x000000079e100000,0x000000079e100000,0x000000079ea80000)
 ParOldGen       total 64000K, used 8897K [0x0000000740000000, 0x0000000743e80000, 0x0000000795580000)
  object space 64000K, 13% used [0x0000000740000000,0x00000007408b0430,0x0000000743e80000)
 Metaspace       used 25357K, capacity 26048K, committed 26240K, reserved 1071104K
  class space    used 3432K, capacity 3673K, committed 3712K, reserved 1048576K
Event: 6.130 GC heap after
Heap after GC invocations=7 (full 1):
 PSYoungGen      total 102912K, used 6054K [0x0000000795580000, 0x000000079e700000, 0x00000007c0000000)
  eden space 96768K, 0% used [0x0000000795580000,0x0000000795580000,0x000000079b400000)
  from space 6144K, 98% used [0x000000079e100000,0x000000079e6e9a80,0x000000079e700000)
  to   space 9728K, 0% used [0x000000079d400000,0x000000079d400000,0x000000079dd80000)
 ParOldGen       total 64000K, used 8905K [0x0000000740000000, 0x0000000743e80000, 0x0000000795580000)
  object space 64000K, 13% used [0x0000000740000000,0x00000007408b2430,0x0000000743e80000)
 Metaspace       used 25357K, capacity 26048K, committed 26240K, reserved 1071104K
  class space    used 3432K, capacity 3673K, committed 3712K, reserved 1048576K
}
Event: 8.127 GC heap before
{Heap before GC invocations=8 (full 1):
 PSYoungGen      total 102912K, used 102822K [0x0000000795580000, 0x000000079e700000, 0x00000007c0000000)
  eden space 96768K, 100% used [0x0000000795580000,0x000000079b400000,0x000000079b400000)
  from space 6144K, 98% used [0x000000079e100000,0x000000079e6e9a80,0x000000079e700000)
  to   space 9728K, 0% used [0x000000079d400000,0x000000079d400000,0x000000079dd80000)
 ParOldGen       total 64000K, used 8905K [0x0000000740000000, 0x0000000743e80000, 0x0000000795580000)
  object space 64000K, 13% used [0x0000000740000000,0x00000007408b2430,0x0000000743e80000)
 Metaspace       used 32056K, capacity 32974K, committed 33280K, reserved 1077248K
  class space    used 4454K, capacity 4803K, committed 4864K, reserved 1048576K
Event: 8.158 GC heap after
Heap after GC invocations=8 (full 1):
 PSYoungGen      total 139264K, used 9716K [0x0000000795580000, 0x000000079fa00000, 0x00000007c0000000)
  eden space 129536K, 0% used [0x0000000795580000,0x0000000795580000,0x000000079d400000)
  from space 9728K, 99% used [0x000000079d400000,0x000000079dd7d010,0x000000079dd80000)
  to   space 13824K, 0% used [0x000000079ec80000,0x000000079ec80000,0x000000079fa00000)
 ParOldGen       total 64000K, used 15524K [0x0000000740000000, 0x0000000743e80000, 0x0000000795580000)
  object space 64000K, 24% used [0x0000000740000000,0x0000000740f292d0,0x0000000743e80000)
 Metaspace       used 32056K, capacity 32974K, committed 33280K, reserved 1077248K
  class space    used 4454K, capacity 4803K, committed 4864K, reserved 1048576K
}
Event: 9.009 GC heap before
{Heap before GC invocations=9 (full 1):
 PSYoungGen      total 139264K, used 58503K [0x0000000795580000, 0x000000079fa00000, 0x00000007c0000000)
  eden space 129536K, 37% used [0x0000000795580000,0x0000000798524e88,0x000000079d400000)
  from space 9728K, 99% used [0x000000079d400000,0x000000079dd7d010,0x000000079dd80000)
  to   space 13824K, 0% used [0x000000079ec80000,0x000000079ec80000,0x000000079fa00000)
 ParOldGen       total 64000K, used 15524K [0x0000000740000000, 0x0000000743e80000, 0x0000000795580000)
  object space 64000K, 24% used [0x0000000740000000,0x0000000740f292d0,0x0000000743e80000)
 Metaspace       used 34370K, capacity 35272K, committed 35416K, reserved 1079296K
  class space    used 4786K, capacity 5166K, committed 5248K, reserved 1048576K
Event: 9.046 GC heap after
Heap after GC invocations=9 (full 1):
 PSYoungGen      total 152064K, used 13792K [0x0000000795580000, 0x00000007a3900000, 0x00000007c0000000)
  eden space 138240K, 0% used [0x0000000795580000,0x0000000795580000,0x000000079dc80000)
  from space 13824K, 99% used [0x000000079ec80000,0x000000079f9f8020,0x000000079fa00000)
  to   space 16384K, 0% used [0x000000079dc80000,0x000000079dc80000,0x000000079ec80000)
 ParOldGen       total 64000K, used 17017K [0x0000000740000000, 0x0000000743e80000, 0x0000000795580000)
  object space 64000K, 26% used [0x0000000740000000,0x000000074109e4b0,0x0000000743e80000)
 Metaspace       used 34370K, capacity 35272K, committed 35416K, reserved 1079296K
  class space    used 4786K, capacity 5166K, committed 5248K, reserved 1048576K
}
Event: 9.046 GC heap before
{Heap before GC invocations=10 (full 2):
 PSYoungGen      total 152064K, used 13792K [0x0000000795580000, 0x00000007a3900000, 0x00000007c0000000)
  eden space 138240K, 0% used [0x0000000795580000,0x0000000795580000,0x000000079dc80000)
  from space 13824K, 99% used [0x000000079ec80000,0x000000079f9f8020,0x000000079fa00000)
  to   space 16384K, 0% used [0x000000079dc80000,0x000000079dc80000,0x000000079ec80000)
 ParOldGen       total 64000K, used 17017K [0x0000000740000000, 0x0000000743e80000, 0x0000000795580000)
  object space 64000K, 26% used [0x0000000740000000,0x000000074109e4b0,0x0000000743e80000)
 Metaspace       used 34370K, capacity 35272K, committed 35416K, reserved 1079296K
  class space    used 4786K, capacity 5166K, committed 5248K, reserved 1048576K
Event: 9.216 GC heap after
Heap after GC invocations=10 (full 2):
 PSYoungGen      total 152064K, used 0K [0x0000000795580000, 0x00000007a3900000, 0x00000007c0000000)
  eden space 138240K, 0% used [0x0000000795580000,0x0000000795580000,0x000000079dc80000)
  from space 13824K, 0% used [0x000000079ec80000,0x000000079ec80000,0x000000079fa00000)
  to   space 16384K, 0% used [0x000000079dc80000,0x000000079dc80000,0x000000079ec80000)
 ParOldGen       total 110080K, used 24608K [0x0000000740000000, 0x0000000746b80000, 0x0000000795580000)
  object space 110080K, 22% used [0x0000000740000000,0x0000000741808168,0x0000000746b80000)
 Metaspace       used 34370K, capacity 35272K, committed 35416K, reserved 1079296K
  class space    used 4786K, capacity 5166K, committed 5248K, reserved 1048576K
}
Event: 12.360 GC heap before
{Heap before GC invocations=11 (full 2):
 PSYoungGen      total 152064K, used 138240K [0x0000000795580000, 0x00000007a3900000, 0x00000007c0000000)
  eden space 138240K, 100% used [0x0000000795580000,0x000000079dc80000,0x000000079dc80000)
  from space 13824K, 0% used [0x000000079ec80000,0x000000079ec80000,0x000000079fa00000)
  to   space 16384K, 0% used [0x000000079dc80000,0x000000079dc80000,0x000000079ec80000)
 ParOldGen       total 110080K, used 24608K [0x0000000740000000, 0x0000000746b80000, 0x0000000795580000)
  object space 110080K, 22% used [0x0000000740000000,0x0000000741808168,0x0000000746b80000)
 Metaspace       used 36798K, capacity 37840K, committed 38104K, reserved 1081344K
  class space    used 5118K, capacity 5542K, committed 5632K, reserved 1048576K
Event: 12.390 GC heap after
Heap after GC invocations=11 (full 2):
 PSYoungGen      total 154624K, used 14144K [0x0000000795580000, 0x00000007a2180000, 0x00000007c0000000)
  eden space 138240K, 0% used [0x0000000795580000,0x0000000795580000,0x000000079dc80000)
  from space 16384K, 86% used [0x000000079dc80000,0x000000079ea50010,0x000000079ec80000)
  to   space 17920K, 0% used [0x00000007a1000000,0x00000007a1000000,0x00000007a2180000)
 ParOldGen       total 110080K, used 24616K [0x0000000740000000, 0x0000000746b80000, 0x0000000795580000)
  object space 110080K, 22% used [0x0000000740000000,0x000000074180a168,0x0000000746b80000)
 Metaspace       used 36798K, capacity 37840K, committed 38104K, reserved 1081344K
  class space    used 5118K, capacity 5542K, committed 5632K, reserved 1048576K
}

