# JRE version: Java(TM) SE Runtime Environment (8.0_101-b13) (build 1.8.0_101-b13)
# Java VM: Java HotSpot(TM) 64-Bit Server VM (25.101-b13 mixed mode bsd-amd64 compressed oops)
Heap:
 PSYoungGen      total 165888K, used 105619K [0x0000000795580000, 0x00000007a2d80000, 0x00000007c0000000)
  eden space 149504K, 60% used [0x0000000795580000,0x000000079ad56878,0x000000079e780000)
  from space 16384K, 95% used [0x000000079e780000,0x000000079f6ce400,0x000000079f780000)
  to   space 18432K, 0% used [0x00000007a1b80000,0x00000007a1b80000,0x00000007a2d80000)
 ParOldGen       total 108544K, used 24574K [0x0000000740000000, 0x0000000746a00000, 0x0000000795580000)
  object space 108544K, 22% used [0x0000000740000000,0x00000007417ff810,0x0000000746a00000)
 Metaspace       used 39953K, capacity 41282K, committed 41560K, reserved 1085440K
  class space    used 5635K, capacity 6178K, committed 6272K, reserved 1048576K
GC Heap History (10 events):
Event: 3.052 GC heap before
{Heap before GC invocations=7 (full 1):
 PSYoungGen      total 71680K, used 66560K [0x0000000795580000, 0x000000079ea80000, 0x00000007c0000000)
  eden space 66560K, 100% used [0x0000000795580000,0x0000000799680000,0x0000000799680000)
  from space 5120K, 0% used [0x0000000799680000,0x0000000799680000,0x0000000799b80000)
  to   space 9728K, 0% used [0x000000079e100000,0x000000079e100000,0x000000079ea80000)
 ParOldGen       total 61952K, used 8893K [0x0000000740000000, 0x0000000743c80000, 0x0000000795580000)
  object space 61952K, 14% used [0x0000000740000000,0x00000007408af400,0x0000000743c80000)
 Metaspace       used 25331K, capacity 25984K, committed 26240K, reserved 1071104K
  class space    used 3433K, capacity 3673K, committed 3712K, reserved 1048576K
Event: 3.061 GC heap after
Heap after GC invocations=7 (full 1):
 PSYoungGen      total 107008K, used 5878K [0x0000000795580000, 0x000000079e700000, 0x00000007c0000000)
  eden space 100864K, 0% used [0x0000000795580000,0x0000000795580000,0x000000079b800000)
  from space 6144K, 95% used [0x000000079e100000,0x000000079e6bda80,0x000000079e700000)
  to   space 9728K, 0% used [0x000000079d400000,0x000000079d400000,0x000000079dd80000)
 ParOldGen       total 61952K, used 8965K [0x0000000740000000, 0x0000000743c80000, 0x0000000795580000)
  object space 61952K, 14% used [0x0000000740000000,0x00000007408c1410,0x0000000743c80000)
 Metaspace       used 25331K, capacity 25984K, committed 26240K, reserved 1071104K
  class space    used 3433K, capacity 3673K, committed 3712K, reserved 1048576K
}
Event: 4.195 GC heap before
{Heap before GC invocations=8 (full 1):
 PSYoungGen      total 107008K, used 106742K [0x0000000795580000, 0x000000079e700000, 0x00000007c0000000)
  eden space 100864K, 100% used [0x0000000795580000,0x000000079b800000,0x000000079b800000)
  from space 6144K, 95% used [0x000000079e100000,0x000000079e6bda80,0x000000079e700000)
  to   space 9728K, 0% used [0x000000079d400000,0x000000079d400000,0x000000079dd80000)
 ParOldGen       total 61952K, used 8965K [0x0000000740000000, 0x0000000743c80000, 0x0000000795580000)
  object space 61952K, 14% used [0x0000000740000000,0x00000007408c1410,0x0000000743c80000)
 Metaspace       used 32101K, capacity 32974K, committed 33280K, reserved 1077248K
  class space    used 4460K, capacity 4803K, committed 4864K, reserved 1048576K
Event: 4.217 GC heap after
Heap after GC invocations=8 (full 1):
 PSYoungGen      total 139264K, used 9716K [0x0000000795580000, 0x00000007a0580000, 0x00000007c0000000)
  eden space 129536K, 0% used [0x0000000795580000,0x0000000795580000,0x000000079d400000)
  from space 9728K, 99% used [0x000000079d400000,0x000000079dd7d010,0x000000079dd80000)
  to   space 14336K, 0% used [0x000000079f780000,0x000000079f780000,0x00000007a0580000)
 ParOldGen       total 61952K, used 15970K [0x0000000740000000, 0x0000000743c80000, 0x0000000795580000)
  object space 61952K, 25% used [0x0000000740000000,0x0000000740f989a0,0x0000000743c80000)
 Metaspace       used 32101K, capacity 32974K, committed 33280K, reserved 1077248K
  class space    used 4460K, capacity 4803K, committed 4864K, reserved 1048576K
}
Event: 4.692 GC heap before
{Heap before GC invocations=9 (full 1):
 PSYoungGen      total 139264K, used 55942K [0x0000000795580000, 0x00000007a0580000, 0x00000007c0000000)
  eden space 129536K, 35% used [0x0000000795580000,0x00000007982a4a68,0x000000079d400000)
  from space 9728K, 99% used [0x000000079d400000,0x000000079dd7d010,0x000000079dd80000)
  to   space 14336K, 0% used [0x000000079f780000,0x000000079f780000,0x00000007a0580000)
 ParOldGen       total 61952K, used 15970K [0x0000000740000000, 0x0000000743c80000, 0x0000000795580000)
  object space 61952K, 25% used [0x0000000740000000,0x0000000740f989a0,0x0000000743c80000)
 Metaspace       used 34346K, capacity 35272K, committed 35416K, reserved 1079296K
  class space    used 4781K, capacity 5166K, committed 5248K, reserved 1048576K
Event: 4.716 GC heap after
Heap after GC invocations=9 (full 1):
 PSYoungGen      total 163840K, used 14325K [0x0000000795580000, 0x00000007a3c00000, 0x00000007c0000000)
  eden space 149504K, 0% used [0x0000000795580000,0x0000000795580000,0x000000079e780000)
  from space 14336K, 99% used [0x000000079f780000,0x00000007a057d4c8,0x00000007a0580000)
  to   space 16384K, 0% used [0x000000079e780000,0x000000079e780000,0x000000079f780000)
 ParOldGen       total 61952K, used 16577K [0x0000000740000000, 0x0000000743c80000, 0x0000000795580000)
  object space 61952K, 26% used [0x0000000740000000,0x00000007410307d0,0x0000000743c80000)
 Metaspace       used 34346K, capacity 35272K, committed 35416K, reserved 1079296K
  class space    used 4781K, capacity 5166K, committed 5248K, reserved 1048576K
}
Event: 4.716 GC heap before
{Heap before GC invocations=10 (full 2):
 PSYoungGen      total 163840K, used 14325K [0x0000000795580000, 0x00000007a3c00000, 0x00000007c0000000)
  eden space 149504K, 0% used [0x0000000795580000,0x0000000795580000,0x000000079e780000)
  from space 14336K, 99% used [0x000000079f780000,0x00000007a057d4c8,0x00000007a0580000)
  to   space 16384K, 0% used [0x000000079e780000,0x000000079e780000,0x000000079f780000)
 ParOldGen       total 61952K, used 16577K [0x0000000740000000, 0x0000000743c80000, 0x0000000795580000)
  object space 61952K, 26% used [0x0000000740000000,0x00000007410307d0,0x0000000743c80000)
 Metaspace       used 34346K, capacity 35272K, committed 35416K, reserved 1079296K
  class space    used 4781K, capacity 5166K, committed 5248K, reserved 1048576K
Event: 4.860 GC heap after
Heap after GC invocations=10 (full 2):
 PSYoungGen      total 163840K, used 0K [0x0000000795580000, 0x00000007a3c00000, 0x00000007c0000000)
  eden space 149504K, 0% used [0x0000000795580000,0x0000000795580000,0x000000079e780000)
  from space 14336K, 0% used [0x000000079f780000,0x000000079f780000,0x00000007a0580000)
  to   space 16384K, 0% used [0x000000079e780000,0x000000079e780000,0x000000079f780000)
 ParOldGen       total 108544K, used 24566K [0x0000000740000000, 0x0000000746a00000, 0x0000000795580000)
  object space 108544K, 22% used [0x0000000740000000,0x00000007417fd810,0x0000000746a00000)
 Metaspace       used 34346K, capacity 35272K, committed 35416K, reserved 1079296K
  class space    used 4781K, capacity 5166K, committed 5248K, reserved 1048576K
}
Event: 6.270 GC heap before
{Heap before GC invocations=11 (full 2):
 PSYoungGen      total 163840K, used 149504K [0x0000000795580000, 0x00000007a3c00000, 0x00000007c0000000)
  eden space 149504K, 100% used [0x0000000795580000,0x000000079e780000,0x000000079e780000)
  from space 14336K, 0% used [0x000000079f780000,0x000000079f780000,0x00000007a0580000)
  to   space 16384K, 0% used [0x000000079e780000,0x000000079e780000,0x000000079f780000)
 ParOldGen       total 108544K, used 24566K [0x0000000740000000, 0x0000000746a00000, 0x0000000795580000)
  object space 108544K, 22% used [0x0000000740000000,0x00000007417fd810,0x0000000746a00000)
 Metaspace       used 37119K, capacity 38240K, committed 38488K, reserved 1081344K
  class space    used 5197K, capacity 5661K, committed 5760K, reserved 1048576K
Event: 6.292 GC heap after
Heap after GC invocations=11 (full 2):
 PSYoungGen      total 165888K, used 15673K [0x0000000795580000, 0x00000007a2d80000, 0x00000007c0000000)
  eden space 149504K, 0% used [0x0000000795580000,0x0000000795580000,0x000000079e780000)
  from space 16384K, 95% used [0x000000079e780000,0x000000079f6ce400,0x000000079f780000)
  to   space 18432K, 0% used [0x00000007a1b80000,0x00000007a1b80000,0x00000007a2d80000)
 ParOldGen       total 108544K, used 24574K [0x0000000740000000, 0x0000000746a00000, 0x0000000795580000)
  object space 108544K, 22% used [0x0000000740000000,0x00000007417ff810,0x0000000746a00000)
 Metaspace       used 37119K, capacity 38240K, committed 38488K, reserved 1081344K
  class space    used 5197K, capacity 5661K, committed 5760K, reserved 1048576K
}

