# JRE version: Java(TM) SE Runtime Environment (8.0_101-b13) (build 1.8.0_101-b13)
# Java VM: Java HotSpot(TM) 64-Bit Server VM (25.101-b13 mixed mode bsd-amd64 compressed oops)
Heap:
 PSYoungGen      total 172544K, used 92652K [0x0000000795580000, 0x00000007a3480000, 0x00000007c0000000)
  eden space 156672K, 49% used [0x0000000795580000,0x000000079a07e728,0x000000079ee80000)
  from space 15872K, 99% used [0x000000079ee80000,0x000000079fdfc990,0x000000079fe00000)
  to   space 18432K, 0% used [0x00000007a2280000,0x00000007a2280000,0x00000007a3480000)
 ParOldGen       total 107520K, used 24958K [0x0000000740000000, 0x0000000746900000, 0x0000000795580000)
  object space 107520K, 23% used [0x0000000740000000,0x000000074185f838,0x0000000746900000)
 Metaspace       used 39527K, capacity 40744K, committed 40920K, reserved 1083392K
  class space    used 5545K, capacity 6077K, committed 6144K, reserved 1048576K
GC Heap History (10 events):
Event: 4.573 GC heap before
{Heap before GC invocations=7 (full 1):
 PSYoungGen      total 71680K, used 66560K [0x0000000795580000, 0x000000079ea80000, 0x00000007c0000000)
  eden space 66560K, 100% used [0x0000000795580000,0x0000000799680000,0x0000000799680000)
  from space 5120K, 0% used [0x0000000799680000,0x0000000799680000,0x0000000799b80000)
  to   space 9728K, 0% used [0x000000079e100000,0x000000079e100000,0x000000079ea80000)
 ParOldGen       total 60416K, used 8855K [0x0000000740000000, 0x0000000743b00000, 0x0000000795580000)
  object space 60416K, 14% used [0x0000000740000000,0x00000007408a5d80,0x0000000743b00000)
 Metaspace       used 25358K, capacity 25952K, committed 26240K, reserved 1071104K
  class space    used 3430K, capacity 3641K, committed 3712K, reserved 1048576K
Event: 4.582 GC heap after
Heap after GC invocations=7 (full 1):
 PSYoungGen      total 109568K, used 5926K [0x0000000795580000, 0x000000079e700000, 0x00000007c0000000)
  eden space 103424K, 0% used [0x0000000795580000,0x0000000795580000,0x000000079ba80000)
  from space 6144K, 96% used [0x000000079e100000,0x000000079e6c9a70,0x000000079e700000)
  to   space 9216K, 0% used [0x000000079d500000,0x000000079d500000,0x000000079de00000)
 ParOldGen       total 60416K, used 8927K [0x0000000740000000, 0x0000000743b00000, 0x0000000795580000)
  object space 60416K, 14% used [0x0000000740000000,0x00000007408b7d90,0x0000000743b00000)
 Metaspace       used 25358K, capacity 25952K, committed 26240K, reserved 1071104K
  class space    used 3430K, capacity 3641K, committed 3712K, reserved 1048576K
}
Event: 7.101 GC heap before
{Heap before GC invocations=8 (full 1):
 PSYoungGen      total 109568K, used 109350K [0x0000000795580000, 0x000000079e700000, 0x00000007c0000000)
  eden space 103424K, 100% used [0x0000000795580000,0x000000079ba80000,0x000000079ba80000)
  from space 6144K, 96% used [0x000000079e100000,0x000000079e6c9a70,0x000000079e700000)
  to   space 9216K, 0% used [0x000000079d500000,0x000000079d500000,0x000000079de00000)
 ParOldGen       total 60416K, used 8927K [0x0000000740000000, 0x0000000743b00000, 0x0000000795580000)
  object space 60416K, 14% used [0x0000000740000000,0x00000007408b7d90,0x0000000743b00000)
 Metaspace       used 32151K, capacity 33082K, committed 33280K, reserved 1077248K
  class space    used 4468K, capacity 4838K, committed 4864K, reserved 1048576K
Event: 7.135 GC heap after
Heap after GC invocations=8 (full 1):
 PSYoungGen      total 139776K, used 9204K [0x0000000795580000, 0x00000007a0c00000, 0x00000007c0000000)
  eden space 130560K, 0% used [0x0000000795580000,0x0000000795580000,0x000000079d500000)
  from space 9216K, 99% used [0x000000079d500000,0x000000079ddfd010,0x000000079de00000)
  to   space 14336K, 0% used [0x000000079fe00000,0x000000079fe00000,0x00000007a0c00000)
 ParOldGen       total 60416K, used 16836K [0x0000000740000000, 0x0000000743b00000, 0x0000000795580000)
  object space 60416K, 27% used [0x0000000740000000,0x0000000741071130,0x0000000743b00000)
 Metaspace       used 32151K, capacity 33082K, committed 33280K, reserved 1077248K
  class space    used 4468K, capacity 4838K, committed 4864K, reserved 1048576K
}
Event: 8.070 GC heap before
{Heap before GC invocations=9 (full 1):
 PSYoungGen      total 139776K, used 50549K [0x0000000795580000, 0x00000007a0c00000, 0x00000007c0000000)
  eden space 130560K, 31% used [0x0000000795580000,0x0000000797de06f8,0x000000079d500000)
  from space 9216K, 99% used [0x000000079d500000,0x000000079ddfd010,0x000000079de00000)
  to   space 14336K, 0% used [0x000000079fe00000,0x000000079fe00000,0x00000007a0c00000)
 ParOldGen       total 60416K, used 16836K [0x0000000740000000, 0x0000000743b00000, 0x0000000795580000)
  object space 60416K, 27% used [0x0000000740000000,0x0000000741071130,0x0000000743b00000)
 Metaspace       used 34271K, capacity 35272K, committed 35416K, reserved 1079296K
  class space    used 4768K, capacity 5166K, committed 5248K, reserved 1048576K
Event: 8.092 GC heap after
Heap after GC invocations=9 (full 1):
 PSYoungGen      total 171008K, used 13931K [0x0000000795580000, 0x00000007a3980000, 0x00000007c0000000)
  eden space 156672K, 0% used [0x0000000795580000,0x0000000795580000,0x000000079ee80000)
  from space 14336K, 97% used [0x000000079fe00000,0x00000007a0b9ae38,0x00000007a0c00000)
  to   space 15872K, 0% used [0x000000079ee80000,0x000000079ee80000,0x000000079fe00000)
 ParOldGen       total 60416K, used 16844K [0x0000000740000000, 0x0000000743b00000, 0x0000000795580000)
  object space 60416K, 27% used [0x0000000740000000,0x0000000741073130,0x0000000743b00000)
 Metaspace       used 34271K, capacity 35272K, committed 35416K, reserved 1079296K
  class space    used 4768K, capacity 5166K, committed 5248K, reserved 1048576K
}
Event: 8.092 GC heap before
{Heap before GC invocations=10 (full 2):
 PSYoungGen      total 171008K, used 13931K [0x0000000795580000, 0x00000007a3980000, 0x00000007c0000000)
  eden space 156672K, 0% used [0x0000000795580000,0x0000000795580000,0x000000079ee80000)
  from space 14336K, 97% used [0x000000079fe00000,0x00000007a0b9ae38,0x00000007a0c00000)
  to   space 15872K, 0% used [0x000000079ee80000,0x000000079ee80000,0x000000079fe00000)
 ParOldGen       total 60416K, used 16844K [0x0000000740000000, 0x0000000743b00000, 0x0000000795580000)
  object space 60416K, 27% used [0x0000000740000000,0x0000000741073130,0x0000000743b00000)
 Metaspace       used 34271K, capacity 35272K, committed 35416K, reserved 1079296K
  class space    used 4768K, capacity 5166K, committed 5248K, reserved 1048576K
Event: 8.298 GC heap after
Heap after GC invocations=10 (full 2):
 PSYoungGen      total 171008K, used 0K [0x0000000795580000, 0x00000007a3980000, 0x00000007c0000000)
  eden space 156672K, 0% used [0x0000000795580000,0x0000000795580000,0x000000079ee80000)
  from space 14336K, 0% used [0x000000079fe00000,0x000000079fe00000,0x00000007a0c00000)
  to   space 15872K, 0% used [0x000000079ee80000,0x000000079ee80000,0x000000079fe00000)
 ParOldGen       total 107520K, used 24487K [0x0000000740000000, 0x0000000746900000, 0x0000000795580000)
  object space 107520K, 22% used [0x0000000740000000,0x00000007417e9cc8,0x0000000746900000)
 Metaspace       used 34271K, capacity 35272K, committed 35416K, reserved 1079296K
  class space    used 4768K, capacity 5166K, committed 5248K, reserved 1048576K
}
Event: 10.827 GC heap before
{Heap before GC invocations=11 (full 2):
 PSYoungGen      total 171008K, used 156672K [0x0000000795580000, 0x00000007a3980000, 0x00000007c0000000)
  eden space 156672K, 100% used [0x0000000795580000,0x000000079ee80000,0x000000079ee80000)
  from space 14336K, 0% used [0x000000079fe00000,0x000000079fe00000,0x00000007a0c00000)
  to   space 15872K, 0% used [0x000000079ee80000,0x000000079ee80000,0x000000079fe00000)
 ParOldGen       total 107520K, used 24487K [0x0000000740000000, 0x0000000746900000, 0x0000000795580000)
  object space 107520K, 22% used [0x0000000740000000,0x00000007417e9cc8,0x0000000746900000)
 Metaspace       used 37677K, capacity 38742K, committed 39000K, reserved 1083392K
  class space    used 5281K, capacity 5746K, committed 5760K, reserved 1048576K
Event: 10.853 GC heap after
Heap after GC invocations=11 (full 2):
 PSYoungGen      total 172544K, used 15858K [0x0000000795580000, 0x00000007a3480000, 0x00000007c0000000)
  eden space 156672K, 0% used [0x0000000795580000,0x0000000795580000,0x000000079ee80000)
  from space 15872K, 99% used [0x000000079ee80000,0x000000079fdfc990,0x000000079fe00000)
  to   space 18432K, 0% used [0x00000007a2280000,0x00000007a2280000,0x00000007a3480000)
 ParOldGen       total 107520K, used 24958K [0x0000000740000000, 0x0000000746900000, 0x0000000795580000)
  object space 107520K, 23% used [0x0000000740000000,0x000000074185f838,0x0000000746900000)
 Metaspace       used 37677K, capacity 38742K, committed 39000K, reserved 1083392K
  class space    used 5281K, capacity 5746K, committed 5760K, reserved 1048576K
}

