# JRE version: Java(TM) SE Runtime Environment (8.0_101-b13) (build 1.8.0_101-b13)
# Java VM: Java HotSpot(TM) 64-Bit Server VM (25.101-b13 mixed mode bsd-amd64 compressed oops)
Heap:
 PSYoungGen      total 163840K, used 106856K [0x0000000795580000, 0x00000007a3900000, 0x00000007c0000000)
  eden space 149504K, 71% used [0x0000000795580000,0x000000079bdda128,0x000000079e780000)
  from space 14336K, 0% used [0x000000079f780000,0x000000079f780000,0x00000007a0580000)
  to   space 16384K, 0% used [0x000000079e780000,0x000000079e780000,0x000000079f780000)
 ParOldGen       total 105984K, used 24557K [0x0000000740000000, 0x0000000746780000, 0x0000000795580000)
  object space 105984K, 23% used [0x0000000740000000,0x00000007417fb608,0x0000000746780000)
 Metaspace       used 36079K, capacity 37166K, committed 37464K, reserved 1081344K
  class space    used 5002K, capacity 5424K, committed 5504K, reserved 1048576K
GC Heap History (10 events):
Event: 4.791 GC heap before
{Heap before GC invocations=6 (full 1):
 PSYoungGen      total 71680K, used 5104K [0x0000000795580000, 0x000000079ea80000, 0x00000007c0000000)
  eden space 66560K, 0% used [0x0000000795580000,0x0000000795580000,0x0000000799680000)
  from space 5120K, 99% used [0x0000000799680000,0x0000000799b7c050,0x0000000799b80000)
  to   space 9728K, 0% used [0x000000079e100000,0x000000079e100000,0x000000079ea80000)
 ParOldGen       total 87552K, used 9379K [0x0000000740000000, 0x0000000745580000, 0x0000000795580000)
  object space 87552K, 10% used [0x0000000740000000,0x0000000740928c90,0x0000000745580000)
 Metaspace       used 20802K, capacity 21118K, committed 21248K, reserved 1067008K
  class space    used 2821K, capacity 2978K, committed 3072K, reserved 1048576K
Event: 4.890 GC heap after
Heap after GC invocations=6 (full 1):
 PSYoungGen      total 71680K, used 0K [0x0000000795580000, 0x000000079ea80000, 0x00000007c0000000)
  eden space 66560K, 0% used [0x0000000795580000,0x0000000795580000,0x0000000799680000)
  from space 5120K, 0% used [0x0000000799680000,0x0000000799680000,0x0000000799b80000)
  to   space 9728K, 0% used [0x000000079e100000,0x000000079e100000,0x000000079ea80000)
 ParOldGen       total 61952K, used 8849K [0x0000000740000000, 0x0000000743c80000, 0x0000000795580000)
  object space 61952K, 14% used [0x0000000740000000,0x00000007408a46c0,0x0000000743c80000)
 Metaspace       used 20802K, capacity 21118K, committed 21248K, reserved 1067008K
  class space    used 2821K, capacity 2978K, committed 3072K, reserved 1048576K
}
Event: 6.749 GC heap before
{Heap before GC invocations=7 (full 1):
 PSYoungGen      total 71680K, used 66560K [0x0000000795580000, 0x000000079ea80000, 0x00000007c0000000)
  eden space 66560K, 100% used [0x0000000795580000,0x0000000799680000,0x0000000799680000)
  from space 5120K, 0% used [0x0000000799680000,0x0000000799680000,0x0000000799b80000)
  to   space 9728K, 0% used [0x000000079e100000,0x000000079e100000,0x000000079ea80000)
 ParOldGen       total 61952K, used 8849K [0x0000000740000000, 0x0000000743c80000, 0x0000000795580000)
  object space 61952K, 14% used [0x0000000740000000,0x00000007408a46c0,0x0000000743c80000)
 Metaspace       used 25364K, capacity 25984K, committed 26240K, reserved 1071104K
  class space    used 3432K, capacity 3673K, committed 3712K, reserved 1048576K
Event: 6.783 GC heap after
Heap after GC invocations=7 (full 1):
 PSYoungGen      total 108032K, used 5942K [0x0000000795580000, 0x000000079e700000, 0x00000007c0000000)
  eden space 101888K, 0% used [0x0000000795580000,0x0000000795580000,0x000000079b900000)
  from space 6144K, 96% used [0x000000079e100000,0x000000079e6cda90,0x000000079e700000)
  to   space 9728K, 0% used [0x000000079d400000,0x000000079d400000,0x000000079dd80000)
 ParOldGen       total 61952K, used 8849K [0x0000000740000000, 0x0000000743c80000, 0x0000000795580000)
  object space 61952K, 14% used [0x0000000740000000,0x00000007408a46c0,0x0000000743c80000)
 Metaspace       used 25364K, capacity 25984K, committed 26240K, reserved 1071104K
  class space    used 3432K, capacity 3673K, committed 3712K, reserved 1048576K
}
Event: 9.827 GC heap before
{Heap before GC invocations=8 (full 1):
 PSYoungGen      total 108032K, used 107830K [0x0000000795580000, 0x000000079e700000, 0x00000007c0000000)
  eden space 101888K, 100% used [0x0000000795580000,0x000000079b900000,0x000000079b900000)
  from space 6144K, 96% used [0x000000079e100000,0x000000079e6cda90,0x000000079e700000)
  to   space 9728K, 0% used [0x000000079d400000,0x000000079d400000,0x000000079dd80000)
 ParOldGen       total 61952K, used 8849K [0x0000000740000000, 0x0000000743c80000, 0x0000000795580000)
  object space 61952K, 14% used [0x0000000740000000,0x00000007408a46c0,0x0000000743c80000)
 Metaspace       used 32097K, capacity 32974K, committed 33280K, reserved 1077248K
  class space    used 4463K, capacity 4803K, committed 4864K, reserved 1048576K
Event: 9.851 GC heap after
Heap after GC invocations=8 (full 1):
 PSYoungGen      total 139264K, used 9712K [0x0000000795580000, 0x00000007a0580000, 0x00000007c0000000)
  eden space 129536K, 0% used [0x0000000795580000,0x0000000795580000,0x000000079d400000)
  from space 9728K, 99% used [0x000000079d400000,0x000000079dd7c010,0x000000079dd80000)
  to   space 14336K, 0% used [0x000000079f780000,0x000000079f780000,0x00000007a0580000)
 ParOldGen       total 61952K, used 16068K [0x0000000740000000, 0x0000000743c80000, 0x0000000795580000)
  object space 61952K, 25% used [0x0000000740000000,0x0000000740fb13b8,0x0000000743c80000)
 Metaspace       used 32097K, capacity 32974K, committed 33280K, reserved 1077248K
  class space    used 4463K, capacity 4803K, committed 4864K, reserved 1048576K
}
Event: 10.706 GC heap before
{Heap before GC invocations=9 (full 1):
 PSYoungGen      total 139264K, used 53522K [0x0000000795580000, 0x00000007a0580000, 0x00000007c0000000)
  eden space 129536K, 33% used [0x0000000795580000,0x0000000798048bc8,0x000000079d400000)
  from space 9728K, 99% used [0x000000079d400000,0x000000079dd7c010,0x000000079dd80000)
  to   space 14336K, 0% used [0x000000079f780000,0x000000079f780000,0x00000007a0580000)
 ParOldGen       total 61952K, used 16068K [0x0000000740000000, 0x0000000743c80000, 0x0000000795580000)
  object space 61952K, 25% used [0x0000000740000000,0x0000000740fb13b8,0x0000000743c80000)
 Metaspace       used 34332K, capacity 35272K, committed 35416K, reserved 1079296K
  class space    used 4782K, capacity 5166K, committed 5248K, reserved 1048576K
Event: 10.741 GC heap after
Heap after GC invocations=9 (full 1):
 PSYoungGen      total 163840K, used 14315K [0x0000000795580000, 0x00000007a3900000, 0x00000007c0000000)
  eden space 149504K, 0% used [0x0000000795580000,0x0000000795580000,0x000000079e780000)
  from space 14336K, 99% used [0x000000079f780000,0x00000007a057ac60,0x00000007a0580000)
  to   space 16384K, 0% used [0x000000079e780000,0x000000079e780000,0x000000079f780000)
 ParOldGen       total 61952K, used 16525K [0x0000000740000000, 0x0000000743c80000, 0x0000000795580000)
  object space 61952K, 26% used [0x0000000740000000,0x00000007410236e8,0x0000000743c80000)
 Metaspace       used 34332K, capacity 35272K, committed 35416K, reserved 1079296K
  class space    used 4782K, capacity 5166K, committed 5248K, reserved 1048576K
}
Event: 10.741 GC heap before
{Heap before GC invocations=10 (full 2):
 PSYoungGen      total 163840K, used 14315K [0x0000000795580000, 0x00000007a3900000, 0x00000007c0000000)
  eden space 149504K, 0% used [0x0000000795580000,0x0000000795580000,0x000000079e780000)
  from space 14336K, 99% used [0x000000079f780000,0x00000007a057ac60,0x00000007a0580000)
  to   space 16384K, 0% used [0x000000079e780000,0x000000079e780000,0x000000079f780000)
 ParOldGen       total 61952K, used 16525K [0x0000000740000000, 0x0000000743c80000, 0x0000000795580000)
  object space 61952K, 26% used [0x0000000740000000,0x00000007410236e8,0x0000000743c80000)
 Metaspace       used 34332K, capacity 35272K, committed 35416K, reserved 1079296K
  class space    used 4782K, capacity 5166K, committed 5248K, reserved 1048576K
Event: 10.947 GC heap after
Heap after GC invocations=10 (full 2):
 PSYoungGen      total 163840K, used 0K [0x0000000795580000, 0x00000007a3900000, 0x00000007c0000000)
  eden space 149504K, 0% used [0x0000000795580000,0x0000000795580000,0x000000079e780000)
  from space 14336K, 0% used [0x000000079f780000,0x000000079f780000,0x00000007a0580000)
  to   space 16384K, 0% used [0x000000079e780000,0x000000079e780000,0x000000079f780000)
 ParOldGen       total 105984K, used 24557K [0x0000000740000000, 0x0000000746780000, 0x0000000795580000)
  object space 105984K, 23% used [0x0000000740000000,0x00000007417fb608,0x0000000746780000)
 Metaspace       used 34332K, capacity 35272K, committed 35416K, reserved 1079296K
  class space    used 4782K, capacity 5166K, committed 5248K, reserved 1048576K
}

