# JRE version: Java(TM) SE Runtime Environment (8.0_101-b13) (build 1.8.0_101-b13)
# Java VM: Java HotSpot(TM) 64-Bit Server VM (25.101-b13 mixed mode bsd-amd64 compressed oops)
Heap:
 PSYoungGen      total 165888K, used 125901K [0x0000000795580000, 0x00000007a3b80000, 0x00000007c0000000)
  eden space 151552K, 83% used [0x0000000795580000,0x000000079d073690,0x000000079e980000)
  from space 14336K, 0% used [0x000000079f980000,0x000000079f980000,0x00000007a0780000)
  to   space 16384K, 0% used [0x000000079e980000,0x000000079e980000,0x000000079f980000)
 ParOldGen       total 106496K, used 24585K [0x0000000740000000, 0x0000000746800000, 0x0000000795580000)
  object space 106496K, 23% used [0x0000000740000000,0x0000000741802510,0x0000000746800000)
 Metaspace       used 36503K, capacity 37552K, committed 37848K, reserved 1081344K
  class space    used 5097K, capacity 5510K, committed 5632K, reserved 1048576K
GC Heap History (10 events):
Event: 2.048 GC heap before
{Heap before GC invocations=6 (full 1):
 PSYoungGen      total 71680K, used 5104K [0x0000000795580000, 0x000000079ea80000, 0x00000007c0000000)
  eden space 66560K, 0% used [0x0000000795580000,0x0000000795580000,0x0000000799680000)
  from space 5120K, 99% used [0x0000000799680000,0x0000000799b7c070,0x0000000799b80000)
  to   space 9728K, 0% used [0x000000079e100000,0x000000079e100000,0x000000079ea80000)
 ParOldGen       total 87552K, used 9363K [0x0000000740000000, 0x0000000745580000, 0x0000000795580000)
  object space 87552K, 10% used [0x0000000740000000,0x0000000740924e58,0x0000000745580000)
 Metaspace       used 20773K, capacity 21118K, committed 21248K, reserved 1067008K
  class space    used 2822K, capacity 2978K, committed 3072K, reserved 1048576K
Event: 2.095 GC heap after
Heap after GC invocations=6 (full 1):
 PSYoungGen      total 71680K, used 0K [0x0000000795580000, 0x000000079ea80000, 0x00000007c0000000)
  eden space 66560K, 0% used [0x0000000795580000,0x0000000795580000,0x0000000799680000)
  from space 5120K, 0% used [0x0000000799680000,0x0000000799680000,0x0000000799b80000)
  to   space 9728K, 0% used [0x000000079e100000,0x000000079e100000,0x000000079ea80000)
 ParOldGen       total 61952K, used 8900K [0x0000000740000000, 0x0000000743c80000, 0x0000000795580000)
  object space 61952K, 14% used [0x0000000740000000,0x00000007408b12f0,0x0000000743c80000)
 Metaspace       used 20773K, capacity 21118K, committed 21248K, reserved 1067008K
  class space    used 2822K, capacity 2978K, committed 3072K, reserved 1048576K
}
Event: 2.924 GC heap before
{Heap before GC invocations=7 (full 1):
 PSYoungGen      total 71680K, used 66560K [0x0000000795580000, 0x000000079ea80000, 0x00000007c0000000)
  eden space 66560K, 100% used [0x0000000795580000,0x0000000799680000,0x0000000799680000)
  from space 5120K, 0% used [0x0000000799680000,0x0000000799680000,0x0000000799b80000)
  to   space 9728K, 0% used [0x000000079e100000,0x000000079e100000,0x000000079ea80000)
 ParOldGen       total 61952K, used 8900K [0x0000000740000000, 0x0000000743c80000, 0x0000000795580000)
  object space 61952K, 14% used [0x0000000740000000,0x00000007408b12f0,0x0000000743c80000)
 Metaspace       used 25313K, capacity 25952K, committed 26240K, reserved 1071104K
  class space    used 3428K, capacity 3641K, committed 3712K, reserved 1048576K
Event: 2.938 GC heap after
Heap after GC invocations=7 (full 1):
 PSYoungGen      total 107008K, used 5974K [0x0000000795580000, 0x000000079e700000, 0x00000007c0000000)
  eden space 100864K, 0% used [0x0000000795580000,0x0000000795580000,0x000000079b800000)
  from space 6144K, 97% used [0x000000079e100000,0x000000079e6d5a90,0x000000079e700000)
  to   space 9728K, 0% used [0x000000079d400000,0x000000079d400000,0x000000079dd80000)
 ParOldGen       total 61952K, used 8972K [0x0000000740000000, 0x0000000743c80000, 0x0000000795580000)
  object space 61952K, 14% used [0x0000000740000000,0x00000007408c3300,0x0000000743c80000)
 Metaspace       used 25313K, capacity 25952K, committed 26240K, reserved 1071104K
  class space    used 3428K, capacity 3641K, committed 3712K, reserved 1048576K
}
Event: 4.015 GC heap before
{Heap before GC invocations=8 (full 1):
 PSYoungGen      total 107008K, used 106838K [0x0000000795580000, 0x000000079e700000, 0x00000007c0000000)
  eden space 100864K, 100% used [0x0000000795580000,0x000000079b800000,0x000000079b800000)
  from space 6144K, 97% used [0x000000079e100000,0x000000079e6d5a90,0x000000079e700000)
  to   space 9728K, 0% used [0x000000079d400000,0x000000079d400000,0x000000079dd80000)
 ParOldGen       total 61952K, used 8972K [0x0000000740000000, 0x0000000743c80000, 0x0000000795580000)
  object space 61952K, 14% used [0x0000000740000000,0x00000007408c3300,0x0000000743c80000)
 Metaspace       used 32075K, capacity 32974K, committed 33280K, reserved 1077248K
  class space    used 4462K, capacity 4803K, committed 4864K, reserved 1048576K
Event: 4.045 GC heap after
Heap after GC invocations=8 (full 1):
 PSYoungGen      total 139264K, used 9700K [0x0000000795580000, 0x00000007a0780000, 0x00000007c0000000)
  eden space 129536K, 0% used [0x0000000795580000,0x0000000795580000,0x000000079d400000)
  from space 9728K, 99% used [0x000000079d400000,0x000000079dd79020,0x000000079dd80000)
  to   space 14336K, 0% used [0x000000079f980000,0x000000079f980000,0x00000007a0780000)
 ParOldGen       total 61952K, used 16084K [0x0000000740000000, 0x0000000743c80000, 0x0000000795580000)
  object space 61952K, 25% used [0x0000000740000000,0x0000000740fb5060,0x0000000743c80000)
 Metaspace       used 32075K, capacity 32974K, committed 33280K, reserved 1077248K
  class space    used 4462K, capacity 4803K, committed 4864K, reserved 1048576K
}
Event: 4.507 GC heap before
{Heap before GC invocations=9 (full 1):
 PSYoungGen      total 139264K, used 55902K [0x0000000795580000, 0x00000007a0780000, 0x00000007c0000000)
  eden space 129536K, 35% used [0x0000000795580000,0x000000079829e990,0x000000079d400000)
  from space 9728K, 99% used [0x000000079d400000,0x000000079dd79020,0x000000079dd80000)
  to   space 14336K, 0% used [0x000000079f980000,0x000000079f980000,0x00000007a0780000)
 ParOldGen       total 61952K, used 16084K [0x0000000740000000, 0x0000000743c80000, 0x0000000795580000)
  object space 61952K, 25% used [0x0000000740000000,0x0000000740fb5060,0x0000000743c80000)
 Metaspace       used 34334K, capacity 35272K, committed 35416K, reserved 1079296K
  class space    used 4784K, capacity 5166K, committed 5248K, reserved 1048576K
Event: 4.528 GC heap after
Heap after GC invocations=9 (full 1):
 PSYoungGen      total 165888K, used 14315K [0x0000000795580000, 0x00000007a3b80000, 0x00000007c0000000)
  eden space 151552K, 0% used [0x0000000795580000,0x0000000795580000,0x000000079e980000)
  from space 14336K, 99% used [0x000000079f980000,0x00000007a077ac40,0x00000007a0780000)
  to   space 16384K, 0% used [0x000000079e980000,0x000000079e980000,0x000000079f980000)
 ParOldGen       total 61952K, used 16635K [0x0000000740000000, 0x0000000743c80000, 0x0000000795580000)
  object space 61952K, 26% used [0x0000000740000000,0x000000074103ef20,0x0000000743c80000)
 Metaspace       used 34334K, capacity 35272K, committed 35416K, reserved 1079296K
  class space    used 4784K, capacity 5166K, committed 5248K, reserved 1048576K
}
Event: 4.528 GC heap before
{Heap before GC invocations=10 (full 2):
 PSYoungGen      total 165888K, used 14315K [0x0000000795580000, 0x00000007a3b80000, 0x00000007c0000000)
  eden space 151552K, 0% used [0x0000000795580000,0x0000000795580000,0x000000079e980000)
  from space 14336K, 99% used [0x000000079f980000,0x00000007a077ac40,0x00000007a0780000)
  to   space 16384K, 0% used [0x000000079e980000,0x000000079e980000,0x000000079f980000)
 ParOldGen       total 61952K, used 16635K [0x0000000740000000, 0x0000000743c80000, 0x0000000795580000)
  object space 61952K, 26% used [0x0000000740000000,0x000000074103ef20,0x0000000743c80000)
 Metaspace       used 34334K, capacity 35272K, committed 35416K, reserved 1079296K
  class space    used 4784K, capacity 5166K, committed 5248K, reserved 1048576K
Event: 4.645 GC heap after
Heap after GC invocations=10 (full 2):
 PSYoungGen      total 165888K, used 0K [0x0000000795580000, 0x00000007a3b80000, 0x00000007c0000000)
  eden space 151552K, 0% used [0x0000000795580000,0x0000000795580000,0x000000079e980000)
  from space 14336K, 0% used [0x000000079f980000,0x000000079f980000,0x00000007a0780000)
  to   space 16384K, 0% used [0x000000079e980000,0x000000079e980000,0x000000079f980000)
 ParOldGen       total 106496K, used 24585K [0x0000000740000000, 0x0000000746800000, 0x0000000795580000)
  object space 106496K, 23% used [0x0000000740000000,0x0000000741802510,0x0000000746800000)
 Metaspace       used 34334K, capacity 35272K, committed 35416K, reserved 1079296K
  class space    used 4784K, capacity 5166K, committed 5248K, reserved 1048576K
}

