# JRE version: Java(TM) SE Runtime Environment (8.0_101-b13) (build 1.8.0_101-b13)
# Java VM: Java HotSpot(TM) 64-Bit Server VM (25.101-b13 mixed mode bsd-amd64 compressed oops)
Heap:
 PSYoungGen      total 162816K, used 33452K [0x0000000795580000, 0x00000007a2500000, 0x00000007c0000000)
  eden space 146432K, 12% used [0x0000000795580000,0x00000007966ab978,0x000000079e480000)
  from space 16384K, 96% used [0x000000079e480000,0x000000079f3ff688,0x000000079f480000)
  to   space 18432K, 0% used [0x00000007a1300000,0x00000007a1300000,0x00000007a2500000)
 ParOldGen       total 111616K, used 24572K [0x0000000740000000, 0x0000000746d00000, 0x0000000795580000)
  object space 111616K, 22% used [0x0000000740000000,0x00000007417ff3a8,0x0000000746d00000)
 Metaspace       used 37906K, capacity 39018K, committed 39128K, reserved 1083392K
  class space    used 5326K, capacity 5795K, committed 5888K, reserved 1048576K
GC Heap History (10 events):
Event: 7.065 GC heap before
{Heap before GC invocations=7 (full 1):
 PSYoungGen      total 71680K, used 66560K [0x0000000795580000, 0x000000079ea80000, 0x00000007c0000000)
  eden space 66560K, 100% used [0x0000000795580000,0x0000000799680000,0x0000000799680000)
  from space 5120K, 0% used [0x0000000799680000,0x0000000799680000,0x0000000799b80000)
  to   space 9728K, 0% used [0x000000079e100000,0x000000079e100000,0x000000079ea80000)
 ParOldGen       total 62464K, used 8856K [0x0000000740000000, 0x0000000743d00000, 0x0000000795580000)
  object space 62464K, 14% used [0x0000000740000000,0x00000007408a62b8,0x0000000743d00000)
 Metaspace       used 25341K, capacity 25984K, committed 26240K, reserved 1071104K
  class space    used 3432K, capacity 3673K, committed 3712K, reserved 1048576K
Event: 7.094 GC heap after
Heap after GC invocations=7 (full 1):
 PSYoungGen      total 106496K, used 5946K [0x0000000795580000, 0x000000079e700000, 0x00000007c0000000)
  eden space 100352K, 0% used [0x0000000795580000,0x0000000795580000,0x000000079b780000)
  from space 6144K, 96% used [0x000000079e100000,0x000000079e6ce8a8,0x000000079e700000)
  to   space 9728K, 0% used [0x000000079d400000,0x000000079d400000,0x000000079dd80000)
 ParOldGen       total 62464K, used 8928K [0x0000000740000000, 0x0000000743d00000, 0x0000000795580000)
  object space 62464K, 14% used [0x0000000740000000,0x00000007408b82c8,0x0000000743d00000)
 Metaspace       used 25341K, capacity 25984K, committed 26240K, reserved 1071104K
  class space    used 3432K, capacity 3673K, committed 3712K, reserved 1048576K
}
Event: 9.403 GC heap before
{Heap before GC invocations=8 (full 1):
 PSYoungGen      total 106496K, used 106298K [0x0000000795580000, 0x000000079e700000, 0x00000007c0000000)
  eden space 100352K, 100% used [0x0000000795580000,0x000000079b780000,0x000000079b780000)
  from space 6144K, 96% used [0x000000079e100000,0x000000079e6ce8a8,0x000000079e700000)
  to   space 9728K, 0% used [0x000000079d400000,0x000000079d400000,0x000000079dd80000)
 ParOldGen       total 62464K, used 8928K [0x0000000740000000, 0x0000000743d00000, 0x0000000795580000)
  object space 62464K, 14% used [0x0000000740000000,0x00000007408b82c8,0x0000000743d00000)
 Metaspace       used 32115K, capacity 32974K, committed 33280K, reserved 1077248K
  class space    used 4461K, capacity 4803K, committed 4864K, reserved 1048576K
Event: 9.426 GC heap after
Heap after GC invocations=8 (full 1):
 PSYoungGen      total 139264K, used 9716K [0x0000000795580000, 0x00000007a0280000, 0x00000007c0000000)
  eden space 129536K, 0% used [0x0000000795580000,0x0000000795580000,0x000000079d400000)
  from space 9728K, 99% used [0x000000079d400000,0x000000079dd7d010,0x000000079dd80000)
  to   space 14336K, 0% used [0x000000079f480000,0x000000079f480000,0x00000007a0280000)
 ParOldGen       total 62464K, used 16080K [0x0000000740000000, 0x0000000743d00000, 0x0000000795580000)
  object space 62464K, 25% used [0x0000000740000000,0x0000000740fb4250,0x0000000743d00000)
 Metaspace       used 32115K, capacity 32974K, committed 33280K, reserved 1077248K
  class space    used 4461K, capacity 4803K, committed 4864K, reserved 1048576K
}
Event: 10.652 GC heap before
{Heap before GC invocations=9 (full 1):
 PSYoungGen      total 139264K, used 53506K [0x0000000795580000, 0x00000007a0280000, 0x00000007c0000000)
  eden space 129536K, 33% used [0x0000000795580000,0x0000000798043a90,0x000000079d400000)
  from space 9728K, 99% used [0x000000079d400000,0x000000079dd7d010,0x000000079dd80000)
  to   space 14336K, 0% used [0x000000079f480000,0x000000079f480000,0x00000007a0280000)
 ParOldGen       total 62464K, used 16080K [0x0000000740000000, 0x0000000743d00000, 0x0000000795580000)
  object space 62464K, 25% used [0x0000000740000000,0x0000000740fb4250,0x0000000743d00000)
 Metaspace       used 34346K, capacity 35272K, committed 35416K, reserved 1079296K
  class space    used 4780K, capacity 5166K, committed 5248K, reserved 1048576K
Event: 10.686 GC heap after
Heap after GC invocations=9 (full 1):
 PSYoungGen      total 160768K, used 14331K [0x0000000795580000, 0x00000007a3600000, 0x00000007c0000000)
  eden space 146432K, 0% used [0x0000000795580000,0x0000000795580000,0x000000079e480000)
  from space 14336K, 99% used [0x000000079f480000,0x00000007a027ec50,0x00000007a0280000)
  to   space 16384K, 0% used [0x000000079e480000,0x000000079e480000,0x000000079f480000)
 ParOldGen       total 62464K, used 16501K [0x0000000740000000, 0x0000000743d00000, 0x0000000795580000)
  object space 62464K, 26% used [0x0000000740000000,0x000000074101d798,0x0000000743d00000)
 Metaspace       used 34346K, capacity 35272K, committed 35416K, reserved 1079296K
  class space    used 4780K, capacity 5166K, committed 5248K, reserved 1048576K
}
Event: 10.686 GC heap before
{Heap before GC invocations=10 (full 2):
 PSYoungGen      total 160768K, used 14331K [0x0000000795580000, 0x00000007a3600000, 0x00000007c0000000)
  eden space 146432K, 0% used [0x0000000795580000,0x0000000795580000,0x000000079e480000)
  from space 14336K, 99% used [0x000000079f480000,0x00000007a027ec50,0x00000007a0280000)
  to   space 16384K, 0% used [0x000000079e480000,0x000000079e480000,0x000000079f480000)
 ParOldGen       total 62464K, used 16501K [0x0000000740000000, 0x0000000743d00000, 0x0000000795580000)
  object space 62464K, 26% used [0x0000000740000000,0x000000074101d798,0x0000000743d00000)
 Metaspace       used 34346K, capacity 35272K, committed 35416K, reserved 1079296K
  class space    used 4780K, capacity 5166K, committed 5248K, reserved 1048576K
Event: 10.976 GC heap after
Heap after GC invocations=10 (full 2):
 PSYoungGen      total 160768K, used 0K [0x0000000795580000, 0x00000007a3600000, 0x00000007c0000000)
  eden space 146432K, 0% used [0x0000000795580000,0x0000000795580000,0x000000079e480000)
  from space 14336K, 0% used [0x000000079f480000,0x000000079f480000,0x00000007a0280000)
  to   space 16384K, 0% used [0x000000079e480000,0x000000079e480000,0x000000079f480000)
 ParOldGen       total 111616K, used 24564K [0x0000000740000000, 0x0000000746d00000, 0x0000000795580000)
  object space 111616K, 22% used [0x0000000740000000,0x00000007417fd3a8,0x0000000746d00000)
 Metaspace       used 34346K, capacity 35272K, committed 35416K, reserved 1079296K
  class space    used 4780K, capacity 5166K, committed 5248K, reserved 1048576K
}
Event: 14.890 GC heap before
{Heap before GC invocations=11 (full 2):
 PSYoungGen      total 160768K, used 146432K [0x0000000795580000, 0x00000007a3600000, 0x00000007c0000000)
  eden space 146432K, 100% used [0x0000000795580000,0x000000079e480000,0x000000079e480000)
  from space 14336K, 0% used [0x000000079f480000,0x000000079f480000,0x00000007a0280000)
  to   space 16384K, 0% used [0x000000079e480000,0x000000079e480000,0x000000079f480000)
 ParOldGen       total 111616K, used 24564K [0x0000000740000000, 0x0000000746d00000, 0x0000000795580000)
  object space 111616K, 22% used [0x0000000740000000,0x00000007417fd3a8,0x0000000746d00000)
 Metaspace       used 37382K, capacity 38476K, committed 38744K, reserved 1083392K
  class space    used 5223K, capacity 5696K, committed 5760K, reserved 1048576K
Event: 14.919 GC heap after
Heap after GC invocations=11 (full 2):
 PSYoungGen      total 162816K, used 15869K [0x0000000795580000, 0x00000007a2500000, 0x00000007c0000000)
  eden space 146432K, 0% used [0x0000000795580000,0x0000000795580000,0x000000079e480000)
  from space 16384K, 96% used [0x000000079e480000,0x000000079f3ff688,0x000000079f480000)
  to   space 18432K, 0% used [0x00000007a1300000,0x00000007a1300000,0x00000007a2500000)
 ParOldGen       total 111616K, used 24572K [0x0000000740000000, 0x0000000746d00000, 0x0000000795580000)
  object space 111616K, 22% used [0x0000000740000000,0x00000007417ff3a8,0x0000000746d00000)
 Metaspace       used 37382K, capacity 38476K, committed 38744K, reserved 1083392K
  class space    used 5223K, capacity 5696K, committed 5760K, reserved 1048576K
}

